asdf7023random joined.
Dextrous joined.
Format:
OU
Rated battle
Swagger Clause: Swagger is banned
Baton Pass Clause: Limit one Pokémon knowing Baton Pass
Sleep Clause Mod: Limit one foe put to sleep
Species Clause: Limit one of each Pokémon
OHKO Clause: OHKO moves are banned
Moody Clause: Moody is banned
Evasion Moves Clause: Evasion moves are banned
Endless Battle Clause: Forcing endless battles is banned
HP Percentage Mod: HP is shown in percentages
asdf7023random's team:
Lopunny / Rotom-Wash / Landorus-Therian / Scizor / Heatran / Latios
Dextrous's team:
Bisharp / Landorus-Therian / Galvantula / Darmanitan / Clefable / Swampert
Battle timer is now ON: inactive players will automatically lose when time's up. (requested by asdf7023random)
Battle between asdf7023random and Dextrous started!
Go! Lola (Lopunny)!
Dextrous sent out Terry (Galvantula)!
Turn 1
You have 150 seconds to make your decision.
Lola's Lopunnite is reacting to asdf7023random's Mega Bracelet!
Lola has Mega Evolved into Mega Lopunny!
The opposing Terry used Thunder!
A critical hit! Lola lost 100% of its health!
The opposing Terry lost some of its HP!
Lola fainted!
You have 150 seconds to make your decision.
Go! Kenmore (Rotom-Wash)!
Turn 2
You have 150 seconds to make your decision.
The opposing Terry used Giga Drain!
It's super effective! Kenmore lost 58.9% of its health!
Kenmore had its energy drained!
The opposing Terry lost some of its HP!
Kenmore used Pain Split!
The battlers shared their pain!
Kenmore restored a little HP using its Leftovers!
Turn 3
You have 150 seconds to make your decision.
Dextrous has 120 seconds left.
The opposing Terry used Thunder!
A critical hit! Kenmore lost 68.4% of its health!
The opposing Terry lost some of its HP!
Kenmore fainted!
You have 150 seconds to make your decision.
Go! Skywalker (Landorus-Therian)!
Skywalker intimidates the opposing Terry!
The opposing Terry's Attack fell!
Turn 4
You have 150 seconds to make your decision.
Dextrous withdrew Terry (Galvantula)!
Dextrous sent out Jafa (Landorus-Therian)!
The opposing Jafa intimidates Skywalker!
Skywalker's Attack fell!
Skywalker used U-turn!
It's not very effective... The opposing Jafa lost 7.0% of its health!
You have 150 seconds to make your decision.
Skywalker went back to asdf7023random!
Go! Red Eye (Latios)!
The opposing Jafa restored a little HP using its Leftovers!
Turn 5
You have 150 seconds to make your decision.
Red Eye used Draco Meteor!
The opposing Jafa lost 95% of its health!
Red Eye's Special Attack harshly fell!
Red Eye lost some of its HP!
The opposing Jafa used Stealth Rock!
Pointed stones float in the air around your team!
The opposing Jafa restored a little HP using its Leftovers!
Turn 6
You have 150 seconds to make your decision.
Red Eye used Draco Meteor!
The opposing Jafa lost 11% of its health!
Red Eye's Special Attack harshly fell!
Red Eye lost some of its HP!
The opposing Jafa fainted!
Dextrous sent out Terry (Galvantula)!
Turn 7
You have 150 seconds to make your decision.
Red Eye used Defog!
The opposing Terry's evasiveness fell!
The pointed stones disappeared from around your team!
The opposing Terry used Bug Buzz!
It's super effective! Red Eye lost 80.1% of its health!
The opposing Terry lost some of its HP!
Red Eye fainted!
You have 150 seconds to make your decision.
Go! Skywalker (Landorus-Therian)!
Skywalker intimidates the opposing Terry!
The opposing Terry's Attack fell!
Turn 8
You have 150 seconds to make your decision.
Skywalker used U-turn!
A critical hit! The opposing Terry lost 48% of its health!
The opposing Terry fainted!
You have 150 seconds to make your decision.
Skywalker went back to asdf7023random!
Go! Magma Gazer (Heatran)!
Dextrous sent out Puppa-Slap (Swampert)!
Turn 9
You have 150 seconds to make your decision.
Magma Gazer, come back!
Go! Red Bullet (Scizor)!
The opposing Puppa-Slap's Swampertite is reacting to Dextrous's Mega Bracelet!
The opposing Puppa-Slap has Mega Evolved into Mega Swampert!
The opposing Puppa-Slap used Rain Dance!
It started to rain!
Turn 10
You have 150 seconds to make your decision.
The opposing Puppa-Slap used Waterfall!
Red Bullet lost 71.1% of its health!
Red Bullet used Superpower!
The opposing Puppa-Slap lost 42% of its health!
Red Bullet's Attack fell!
Red Bullet's Defense fell!
Turn 11
You have 150 seconds to make your decision.
The opposing Puppa-Slap used Waterfall!
Red Bullet lost 28.9% of its health!
Red Bullet fainted!
You have 150 seconds to make your decision.
Go! Magma Gazer (Heatran)!
Turn 12
You have 150 seconds to make your decision.
The opposing Puppa-Slap used Earthquake!
It's super effective! Magma Gazer lost 100% of its health!
Magma Gazer fainted!
You have 150 seconds to make your decision.
Go! Skywalker (Landorus-Therian)!
Skywalker intimidates the opposing Puppa-Slap!
The opposing Puppa-Slap's Attack fell!
Turn 13
You have 150 seconds to make your decision.
★Dextrous: gg
Skywalker used Earthquake!
The opposing Puppa-Slap lost 36% of its health!
The opposing Puppa-Slap used Waterfall!
It's super effective! Skywalker lost 100% of its health!
Skywalker fainted!
Dextrous won the battle!
Ladder updating...
asdf7023random's rating: 1174 → 1152
(-22 for losing)
Dextrous's rating: 1222 → 1244
(+22 for winning)
★asdf7023random: gg
Dextrous left.