asdf7023pokefreq joined.
dasquirrel joined.
Format:
OU
Rated battle
Swagger Clause: Swagger is banned
Baton Pass Clause: Limit one Pokémon knowing Baton Pass
Sleep Clause Mod: Limit one foe put to sleep
Species Clause: Limit one of each Pokémon
OHKO Clause: OHKO moves are banned
Moody Clause: Moody is banned
Evasion Moves Clause: Evasion moves are banned
Endless Battle Clause: Forcing endless battles is banned
HP Percentage Mod: HP is shown in percentages
asdf7023pokefreq's team:
Lopunny / Rotom-Wash / Landorus-Therian / Scizor / Heatran / Latios
dasquirrel's team:
Ferrothorn / Conkeldurr / Garchomp / Alakazam / Magnezone / Vaporeon
Battle timer is now ON: inactive players will automatically lose when time's up. (requested by asdf7023pokefreq)
You have 150 seconds to make your decision.
Battle between asdf7023pokefreq and dasquirrel started!
Go! Lola (Lopunny)!
dasquirrel sent out Alakazam!
Turn 1
You have 150 seconds to make your decision.
Lola, come back!
Go! Skywalker (Landorus-Therian)!
Skywalker intimidates the opposing Alakazam!
The opposing Alakazam's Attack fell!
The opposing Alakazam used Psyshock!
Skywalker lost 50.8% of its health!
Turn 2
You have 150 seconds to make your decision.
Skywalker used Earthquake!
The opposing Alakazam lost 100% of its health!
The opposing Alakazam fainted!
dasquirrel sent out Dave (Garchomp)!
Turn 3
You have 150 seconds to make your decision.
Skywalker used Earthquake!
The opposing Dave lost 54% of its health!
The opposing Dave used Dragon Claw!
Skywalker lost 49.2% of its health!
Skywalker fainted!
You have 150 seconds to make your decision.
Go! Lola (Lopunny)!
Turn 4
You have 150 seconds to make your decision.
dasquirrel withdrew Dave (Garchomp)!
dasquirrel sent out Ferrothorn!
Lola's Lopunnite is reacting to asdf7023pokefreq's Mega Bracelet!
Lola has Mega Evolved into Mega Lopunny!
Lola used High Jump Kick!
It's super effective! The opposing Ferrothorn lost 75% of its health!
Lola is hurt by the opposing Ferrothorn's Iron Barbs!
Lola is hurt by the opposing Ferrothorn's Rocky Helmet!
Turn 5
You have 150 seconds to make your decision.
The opposing Ferrothorn used Protect!
The opposing Ferrothorn protected itself!
Lola used Power-Up Punch!
The opposing Ferrothorn protected itself!
Turn 6
You have 150 seconds to make your decision.
dasquirrel withdrew Ferrothorn!
dasquirrel sent out Dave (Garchomp)!
Lola used Power-Up Punch!
The opposing Dave lost 20% of its health!
Lola is hurt by the opposing Dave's Rough Skin!
Lola's Attack rose!
Turn 7
You have 150 seconds to make your decision.
The opposing Dave used Dragon Claw!
Lola lost 59.0% of its health!
Lola fainted!
You have 150 seconds to make your decision.
Go! Kenmore (Rotom-Wash)!
Turn 8
You have 150 seconds to make your decision.
The opposing Dave used Dragon Claw!
Kenmore lost 35.5% of its health!
Kenmore used Hydro Pump!
The opposing Dave avoided the attack!
Kenmore restored a little HP using its Leftovers!
Turn 9
You have 150 seconds to make your decision.
The opposing Dave used Dragon Claw!
Kenmore lost 37.8% of its health!
Kenmore used Hydro Pump!
A critical hit! The opposing Dave lost 26% of its health!
The opposing Dave fainted!
Kenmore restored a little HP using its Leftovers!
dasquirrel sent out Magnezone!
Turn 10
You have 150 seconds to make your decision.
Kenmore used Hydro Pump!
The opposing Magnezone lost 41% of its health!
The opposing Magnezone used Volt Switch!
Kenmore lost 39.1% of its health!
Kenmore fainted!
dasquirrel has 120 seconds left.
The opposing Magnezone went back to dasquirrel!
dasquirrel sent out Ferrothorn!
You have 150 seconds to make your decision.
Go! Magma Gazer (Heatran)!
Turn 11
You have 150 seconds to make your decision.
Magma Gazer used Lava Plume!
It's super effective! The opposing Ferrothorn lost 25% of its health!
The opposing Ferrothorn fainted!
dasquirrel sent out Conkeldurr!
Turn 12
You have 150 seconds to make your decision.
Magma Gazer used Stealth Rock!
Pointed stones float in the air around the opposing team!
The opposing Conkeldurr used Knock Off!
Magma Gazer lost 35.3% of its health!
The opposing Conkeldurr knocked off Magma Gazer's Leftovers!
Turn 13
You have 150 seconds to make your decision.
Magma Gazer used Lava Plume!
The opposing Conkeldurr lost 26% of its health!
The opposing Conkeldurr used Drain Punch!
It's super effective! Magma Gazer lost 64.7% of its health!
Magma Gazer had its energy drained!
Magma Gazer fainted!
You have 150 seconds to make your decision.
Go! Red Bullet (Scizor)!
Turn 14
You have 150 seconds to make your decision.
Red Bullet used Superpower!
The opposing Conkeldurr lost 56.0% of its health!
Red Bullet's Attack fell!
Red Bullet's Defense fell!
The opposing Conkeldurr used Drain Punch!
Red Bullet lost 75.2% of its health!
Red Bullet had its energy drained!
Turn 15
You have 150 seconds to make your decision.
The opposing Conkeldurr used Mach Punch!
Red Bullet lost 24.8% of its health!
Red Bullet fainted!
You have 150 seconds to make your decision.
Go! Red Eye (Latios)!
Turn 16
You have 150 seconds to make your decision.
Red Eye used Psyshock!
It's super effective! The opposing Conkeldurr lost 75% of its health!
Red Eye lost some of its HP!
The opposing Conkeldurr fainted!
dasquirrel sent out Cathy (Vaporeon)!
Pointed stones dug into the opposing Cathy!
Turn 17
You have 150 seconds to make your decision.
Red Eye used Psyshock!
The opposing Cathy lost 61% of its health!
Red Eye lost some of its HP!
The opposing Cathy used Wish!
The opposing Cathy restored a little HP using its Leftovers!
Turn 18
You have 150 seconds to make your decision.
The opposing Cathy used Protect!
The opposing Cathy protected itself!
Red Eye used Psyshock!
The opposing Cathy protected itself!
Cathy's wish came true!
The opposing Cathy restored a little HP using its Leftovers!
Turn 19
You have 150 seconds to make your decision.
dasquirrel has 120 seconds left.
★dasquirrel: i could stall this cuz of ur life orb unless u want to wait fpr a crit
Red Eye used Psyshock!
The opposing Cathy lost 57.0% of its health!
Red Eye lost some of its HP!
The opposing Cathy used Wish!
The opposing Cathy restored a little HP using its Leftovers!
Turn 20
You have 150 seconds to make your decision.
The opposing Cathy used Protect!
The opposing Cathy protected itself!
Red Eye used Psyshock!
The opposing Cathy protected itself!
Cathy's wish came true!
The opposing Cathy restored a little HP using its Leftovers!
Turn 21
You have 150 seconds to make your decision.
Red Eye used Psyshock!
The opposing Cathy lost 64% of its health!
Red Eye lost some of its HP!
The opposing Cathy used Wish!
The opposing Cathy restored a little HP using its Leftovers!
Turn 22
You have 150 seconds to make your decision.
The opposing Cathy used Protect!
The opposing Cathy protected itself!
Red Eye used Draco Meteor!
The opposing Cathy protected itself!
Cathy's wish came true!
The opposing Cathy restored a little HP using its Leftovers!
Turn 23
You have 150 seconds to make your decision.
Red Eye used Draco Meteor!
The opposing Cathy avoided the attack!
The opposing Cathy used Wish!
The opposing Cathy restored a little HP using its Leftovers!
Turn 24
You have 150 seconds to make your decision.
Red Eye used Draco Meteor!
The opposing Cathy lost 49% of its health!
Red Eye's Special Attack harshly fell!
Red Eye lost some of its HP!
The opposing Cathy used Scald!
It's not very effective... Red Eye lost 15.9% of its health!
Red Eye was burned!
Cathy's wish came true!
The opposing Cathy restored a little HP using its Leftovers!
Red Eye was hurt by its burn!
Turn 25
You have 150 seconds to make your decision.
★dasquirrel: gg
Red Eye used Roost!
Red Eye regained health!
The opposing Cathy used Scald!
It's not very effective... Red Eye lost 16.9% of its health!
Red Eye was hurt by its burn!
Turn 26
You have 150 seconds to make your decision.
★dasquirrel: rly
Red Eye used Roost!
Red Eye regained health!
The opposing Cathy used Wish!
Red Eye was hurt by its burn!
Turn 27
You have 150 seconds to make your decision.
dasquirrel withdrew Cathy (Vaporeon)!
dasquirrel sent out Magnezone!
Pointed stones dug into the opposing Magnezone!
Red Eye used Roost!
Red Eye regained health!
Cathy's wish came true!
Red Eye was hurt by its burn!
Turn 28
You have 150 seconds to make your decision.
Red Eye used Draco Meteor!
It's not very effective... The opposing Magnezone lost 24% of its health!
Red Eye's Special Attack harshly fell!
Red Eye lost some of its HP!
The opposing Magnezone used Flash Cannon!
Red Eye lost 77.8% of its health!
Red Eye fainted!
dasquirrel won the battle!
Ladder updating...
asdf7023pokefreq's rating: 1208 → 1182
(-26 for losing)
dasquirrel's rating: 1193 → 1219
(+26 for winning)
★asdf7023pokefreq: gg
dasquirrel left.