asdf7023pokefreq joined.
forex66 joined.
Format:
OU
Rated battle
Swagger Clause: Swagger is banned
Baton Pass Clause: Limit one Pokémon knowing Baton Pass
Sleep Clause Mod: Limit one foe put to sleep
Species Clause: Limit one of each Pokémon
OHKO Clause: OHKO moves are banned
Moody Clause: Moody is banned
Evasion Moves Clause: Evasion moves are banned
Endless Battle Clause: Forcing endless battles is banned
HP Percentage Mod: HP is shown in percentages
asdf7023pokefreq's team:
Lopunny / Rotom-Wash / Landorus-Therian / Scizor / Heatran / Latios
forex66's team:
Conkeldurr / Landorus-Therian / Tyranitar / Magnezone / Charizard / Kecleon
Battle timer is now ON: inactive players will automatically lose when time's up. (requested by asdf7023pokefreq)
You have 150 seconds to make your decision.
forex66 has 120 seconds left.
Battle between asdf7023pokefreq and forex66 started!
Go! Lola (Lopunny)!
forex66 sent out Charizard!
Turn 1
You have 150 seconds to make your decision.
Lola's Lopunnite is reacting to asdf7023pokefreq's Mega Bracelet!
Lola has Mega Evolved into Mega Lopunny!
The opposing Charizard's Charizardite Y is reacting to forex66's Mega Bracelet!
The opposing Charizard has Mega Evolved into Mega Charizard!
The sunlight turned harsh!
Lola used High Jump Kick!
It's not very effective... The opposing Charizard lost 48% of its health!
The opposing Charizard used Focus Blast!
It's super effective! Lola lost 100% of its health!
Lola fainted!
You have 150 seconds to make your decision.
Go! Kenmore (Rotom-Wash)!
Turn 2
You have 150 seconds to make your decision.
forex66 withdrew Charizard (Charizard-Mega-Y)!
forex66 sent out Landorus-Therian!
The opposing Landorus-Therian intimidates Kenmore!
Kenmore's Attack fell!
Kenmore used Volt Switch!
It doesn't affect the opposing Landorus-Therian...
Turn 3
You have 150 seconds to make your decision.
The opposing Landorus-Therian used U-turn!
Kenmore lost 21.4% of its health!
The opposing Landorus-Therian went back to forex66!
forex66 sent out Magnezone!
Kenmore used Hydro Pump!
The opposing Magnezone avoided the attack!
Kenmore restored a little HP using its Leftovers!
Turn 4
You have 150 seconds to make your decision.
The opposing Magnezone used Thunderbolt!
Kenmore lost 50.3% of its health!
Kenmore used Volt Switch!
It's not very effective... The opposing Magnezone lost 17% of its health!
You have 150 seconds to make your decision.
Kenmore went back to asdf7023pokefreq!
Go! Red Eye (Latios)!
Turn 5
You have 150 seconds to make your decision.
forex66 withdrew Magnezone!
forex66 sent out Tyranitar!
A sandstorm kicked up!
Red Eye used Draco Meteor!
The opposing Tyranitar lost 56.0% of its health!
Red Eye's Special Attack harshly fell!
Red Eye lost some of its HP!
The sandstorm is raging.
Red Eye is buffeted by the sandstorm!
Turn 6
You have 150 seconds to make your decision.
Red Eye used Draco Meteor!
The opposing Tyranitar lost 30% of its health!
Red Eye's Special Attack harshly fell!
Red Eye lost some of its HP!
The opposing Tyranitar used Pursuit!
It's super effective! Red Eye lost 74.2% of its health!
Red Eye fainted!
The sandstorm is raging.
You have 150 seconds to make your decision.
Go! Skywalker (Landorus-Therian)!
Skywalker intimidates the opposing Tyranitar!
The opposing Tyranitar's Attack fell!
Turn 7
You have 150 seconds to make your decision.
forex66 withdrew Tyranitar!
forex66 sent out Charizard (Charizard-Mega-Y)!
The sunlight turned harsh!
Skywalker used U-turn!
It's not very effective... The opposing Charizard lost 9% of its health!
You have 150 seconds to make your decision.
Skywalker went back to asdf7023pokefreq!
Go! Kenmore (Rotom-Wash)!
Kenmore restored a little HP using its Leftovers!
Turn 8
You have 150 seconds to make your decision.
The opposing Charizard used SolarBeam!
The opposing Charizard absorbed light!
It's super effective! Kenmore lost 40.8% of its health!
Kenmore fainted!
You have 150 seconds to make your decision.
wioafj joined.
Go! Skywalker (Landorus-Therian)!
Skywalker intimidates the opposing Charizard!
The opposing Charizard's Attack fell!
Turn 9
You have 150 seconds to make your decision.
Skywalker used Stone Edge!
It's super effective! The opposing Charizard lost 43% of its health!
The opposing Charizard fainted!
wioafj left.
forex66 sent out Landorus-Therian!
The opposing Landorus-Therian intimidates Skywalker!
Skywalker's Attack fell!
Turn 10
You have 150 seconds to make your decision.
The opposing Landorus-Therian used Earthquake!
It doesn't affect Skywalker...
Skywalker used Stone Edge!
The opposing Landorus-Therian lost 27% of its health!
Turn 11
You have 150 seconds to make your decision.
forex66 withdrew Landorus-Therian!
forex66 sent out Tyranitar!
A sandstorm kicked up!
Skywalker used Stone Edge!
The opposing Tyranitar lost 14.0% of its health!
The opposing Tyranitar fainted!
The sandstorm is raging.
forex66 sent out Conkeldurr!
Turn 12
You have 150 seconds to make your decision.
Skywalker used Stone Edge!
It's not very effective... The opposing Conkeldurr lost 11% of its health!
The opposing Conkeldurr used Ice Punch!
It's super effective! Skywalker lost 100% of its health!
Skywalker fainted!
The sandstorm is raging.
The opposing Conkeldurr is buffeted by the sandstorm!
You have 150 seconds to make your decision.
Go! Red Bullet (Scizor)!
Turn 13
You have 150 seconds to make your decision.
forex66 withdrew Conkeldurr!
forex66 sent out Magnezone!
Red Bullet used Superpower!
It's super effective! The opposing Magnezone lost 83% of its health!
Red Bullet's Attack fell!
Red Bullet's Defense fell!
The opposing Magnezone fainted!
The sandstorm is raging.
forex66 sent out Landorus-Therian!
The opposing Landorus-Therian intimidates Red Bullet!
Red Bullet's Attack fell!
Turn 14
You have 150 seconds to make your decision.
Red Bullet, come back!
Go! Magma Gazer (Heatran)!
The opposing Landorus-Therian used Earthquake!
It's super effective! Magma Gazer lost 100% of its health!
Magma Gazer fainted!
The sandstorm is raging.
You have 150 seconds to make your decision.
Go! Red Bullet (Scizor)!
Turn 15
You have 150 seconds to make your decision.
Red Bullet used Bullet Punch!
The opposing Landorus-Therian lost 63% of its health!
The opposing Landorus-Therian used Earthquake!
Red Bullet lost 52.5% of its health!
The sandstorm subsided.
Turn 16
You have 150 seconds to make your decision.
Red Bullet used Bullet Punch!
The opposing Landorus-Therian lost 10% of its health!
The opposing Landorus-Therian fainted!
forex66 sent out KecleonOP (Kecleon)!
Turn 17
You have 150 seconds to make your decision.
The opposing KecleonOP used Fake Out!
It's not very effective... Red Bullet lost 10.5% of its health!
The opposing KecleonOP lost some of its HP!
Red Bullet flinched and couldn't move!
Turn 18
You have 150 seconds to make your decision.
Red Bullet used Bullet Punch!
The opposing KecleonOP lost 76% of its health!
The opposing KecleonOP used Sucker Punch!
The opposing KecleonOP's Protean made it the Dark type!
But it failed!
Turn 19
You have 150 seconds to make your decision.
Red Bullet used Bullet Punch!
The opposing KecleonOP lost 15% of its health!
The opposing KecleonOP fainted!
forex66 sent out Conkeldurr!
Turn 20
You have 150 seconds to make your decision.
Red Bullet used Bullet Punch!
The opposing Conkeldurr lost 43% of its health!
The opposing Conkeldurr ate its Sitrus Berry!
The opposing Conkeldurr restored HP using its Sitrus Berry!
The opposing Conkeldurr used Drain Punch!
Red Bullet lost 37.0% of its health!
Red Bullet had its energy drained!
Red Bullet fainted!
forex66 won the battle!
Ladder updating...
asdf7023pokefreq's rating: 1245 → 1218
(-27 for losing)
forex66's rating: 1206 → 1234
(+28 for winning)
★asdf7023pokefreq: gg