asdf7023pokefreq joined.
I'M A FAILURE joined.
Format:
OU
Rated battle
Swagger Clause: Swagger is banned
Baton Pass Clause: Limit one Pokémon knowing Baton Pass
Sleep Clause Mod: Limit one foe put to sleep
Species Clause: Limit one of each Pokémon
OHKO Clause: OHKO moves are banned
Moody Clause: Moody is banned
Evasion Moves Clause: Evasion moves are banned
Endless Battle Clause: Forcing endless battles is banned
HP Percentage Mod: HP is shown in percentages
asdf7023pokefreq's team:
Lopunny / Rotom-Wash / Landorus-Therian / Scizor / Heatran / Latios
I'M A FAILURE's team:
Chesnaught / Zapdos / Landorus-Therian / Gothitelle / Milotic / Doublade
Battle timer is now ON: inactive players will automatically lose when time's up. (requested by asdf7023pokefreq)
Battle between asdf7023pokefreq and I'M A FAILURE started!
Go! Lola (Lopunny)!
I'M A FAILURE sent out Landorus-Therian!
The opposing Landorus-Therian intimidates Lola!
Lola's Attack fell!
Turn 1
You have 150 seconds to make your decision.
I'M A FAILURE withdrew Landorus-Therian!
I'M A FAILURE sent out Gothitelle!
Lola's Lopunnite is reacting to asdf7023pokefreq's Mega Bracelet!
Lola has Mega Evolved into Mega Lopunny!
Lola used Ice Punch!
The opposing Gothitelle lost 20% of its health!
Turn 2
You have 150 seconds to make your decision.
Lola used Return!
The opposing Gothitelle lost 38% of its health!
The opposing Gothitelle used Psyshock!
It's super effective! Lola lost 100% of its health!
Lola fainted!
You have 150 seconds to make your decision.
Go! Magma Gazer (Heatran)!
Turn 3
You have 150 seconds to make your decision.
I'M A FAILURE withdrew Gothitelle!
I'M A FAILURE sent out Milotic!
Magma Gazer used Stealth Rock!
Pointed stones float in the air around the opposing team!
Turn 4
You have 150 seconds to make your decision.
Magma Gazer, come back!
Go! Kenmore (Rotom-Wash)!
The opposing Milotic used Toxic!
Kenmore was badly poisoned!
Kenmore was hurt by poison!
Turn 5
You have 150 seconds to make your decision.
I'M A FAILURE withdrew Milotic!
I'M A FAILURE sent out Gothitelle!
Pointed stones dug into the opposing Gothitelle!
Kenmore used Volt Switch!
The opposing Gothitelle lost 24% of its health!
You have 150 seconds to make your decision.
Kenmore went back to asdf7023pokefreq!
Go! Red Eye (Latios)!
Turn 6
You have 150 seconds to make your decision.
I'M A FAILURE withdrew Gothitelle!
I'M A FAILURE sent out Doublade!
Pointed stones dug into the opposing Doublade!
Red Eye used Psyshock!
It's not very effective... The opposing Doublade lost 14.0% of its health!
Red Eye lost some of its HP!
Turn 7
You have 150 seconds to make your decision.
Red Eye, come back!
Go! Kenmore (Rotom-Wash)!
The opposing Doublade used Swords Dance!
The opposing Doublade's Attack sharply rose!
Kenmore restored a little HP using its Leftovers!
Kenmore was hurt by poison!
Turn 8
You have 150 seconds to make your decision.
I'M A FAILURE withdrew Doublade!
I'M A FAILURE sent out Milotic!
Pointed stones dug into the opposing Milotic!
Kenmore used Hydro Pump!
It's not very effective... The opposing Milotic lost 11% of its health!
Kenmore restored a little HP using its Leftovers!
The opposing Milotic restored a little HP using its Leftovers!
Kenmore was hurt by poison!
Turn 9
You have 150 seconds to make your decision.
kandie joined.
Kenmore used Volt Switch!
It's super effective! The opposing Milotic lost 30% of its health!
You have 150 seconds to make your decision.
Kenmore went back to asdf7023pokefreq!
Go! Red Eye (Latios)!
The opposing Milotic used Mirror Coat!
Red Eye lost 76.8% of its health!
The opposing Milotic restored a little HP using its Leftovers!
Turn 10
You have 150 seconds to make your decision.
kandie left.
Red Eye used Roost!
Red Eye regained health!
The opposing Milotic used Toxic!
Red Eye was badly poisoned!
The opposing Milotic restored a little HP using its Leftovers!
Red Eye was hurt by poison!
Turn 11
You have 150 seconds to make your decision.
Red Eye used Roost!
Red Eye regained health!
The opposing Milotic used Recover!
The opposing Milotic regained health!
Red Eye was hurt by poison!
Turn 12
You have 150 seconds to make your decision.
Red Eye used Psyshock!
The opposing Milotic lost 48% of its health!
Red Eye lost some of its HP!
The opposing Milotic used Mirror Coat!
Red Eye lost 78.1% of its health!
Red Eye fainted!
The opposing Milotic restored a little HP using its Leftovers!
You have 150 seconds to make your decision.
Go! Kenmore (Rotom-Wash)!
Turn 13
You have 150 seconds to make your decision.
Kenmore used Volt Switch!
It's super effective! The opposing Milotic lost 30% of its health!
You have 150 seconds to make your decision.
Kenmore went back to asdf7023pokefreq!
Go! Red Bullet (Scizor)!
The opposing Milotic used Mirror Coat!
Red Bullet lost 71.1% of its health!
The opposing Milotic restored a little HP using its Leftovers!
Turn 14
You have 150 seconds to make your decision.
Red Bullet, come back!
Go! Kenmore (Rotom-Wash)!
The opposing Milotic used Recover!
The opposing Milotic regained health!
Kenmore restored a little HP using its Leftovers!
The opposing Milotic restored a little HP using its Leftovers!
Kenmore was hurt by poison!
Turn 15
You have 150 seconds to make your decision.
Kenmore used Hydro Pump!
It's not very effective... The opposing Milotic lost 11% of its health!
The opposing Milotic used Mirror Coat!
Kenmore lost 29.6% of its health!
Kenmore restored a little HP using its Leftovers!
The opposing Milotic restored a little HP using its Leftovers!
Kenmore was hurt by poison!
Turn 16
You have 150 seconds to make your decision.
Kenmore used Hydro Pump!
It's not very effective... The opposing Milotic lost 12% of its health!
The opposing Milotic used Recover!
The opposing Milotic regained health!
Kenmore restored a little HP using its Leftovers!
Kenmore was hurt by poison!
Turn 17
You have 150 seconds to make your decision.
Kenmore used Hydro Pump!
It's not very effective... The opposing Milotic lost 12% of its health!
The opposing Milotic used Scald!
It's not very effective... Kenmore lost 13.5% of its health!
Kenmore restored a little HP using its Leftovers!
The opposing Milotic restored a little HP using its Leftovers!
Kenmore was hurt by poison!
Turn 18
You have 150 seconds to make your decision.
Kenmore used Volt Switch!
It's super effective! The opposing Milotic lost 27% of its health!
You have 150 seconds to make your decision.
Kenmore went back to asdf7023pokefreq!
Go! Magma Gazer (Heatran)!
The opposing Milotic used Mirror Coat!
Magma Gazer lost 56.1% of its health!
Magma Gazer restored a little HP using its Leftovers!
The opposing Milotic restored a little HP using its Leftovers!
Turn 19
You have 150 seconds to make your decision.
Magma Gazer used Lava Plume!
It's not very effective... The opposing Milotic lost 11% of its health!
The opposing Milotic used Scald!
It's super effective! Magma Gazer lost 34.5% of its health!
Magma Gazer restored a little HP using its Leftovers!
The opposing Milotic restored a little HP using its Leftovers!
Turn 20
You have 150 seconds to make your decision.
Magma Gazer used Earth Power!
The opposing Milotic lost 16% of its health!
The opposing Milotic's Special Defense fell!
The opposing Milotic used Scald!
A critical hit! It's super effective! Magma Gazer lost 21.6% of its health!
Magma Gazer fainted!
The opposing Milotic restored a little HP using its Leftovers!
You have 150 seconds to make your decision.
Go! Kenmore (Rotom-Wash)!
Turn 21
You have 150 seconds to make your decision.
Kenmore used Hydro Pump!
It's not very effective... The opposing Milotic lost 15% of its health!
The opposing Milotic used Recover!
The opposing Milotic regained health!
Kenmore restored a little HP using its Leftovers!
The opposing Milotic restored a little HP using its Leftovers!
Kenmore was hurt by poison!
Turn 22
You have 150 seconds to make your decision.
Kenmore used Volt Switch!
A critical hit! It's super effective! The opposing Milotic lost 68% of its health!
You have 150 seconds to make your decision.
Kenmore went back to asdf7023pokefreq!
Go! Skywalker (Landorus-Therian)!
Skywalker intimidates the opposing Milotic!
The opposing Milotic's Attack fell!
The opposing Milotic used Mirror Coat!
Skywalker lost 100% of its health!
Skywalker fainted!
The opposing Milotic restored a little HP using its Leftovers!
You have 150 seconds to make your decision.
Go! Red Bullet (Scizor)!
Turn 23
You have 150 seconds to make your decision.
I'M A FAILURE withdrew Milotic!
I'M A FAILURE sent out Chesnaught!
Pointed stones dug into the opposing Chesnaught!
Red Bullet used Superpower!
The opposing Chesnaught lost 38% of its health!
Red Bullet's Attack fell!
Red Bullet's Defense fell!
The opposing Chesnaught restored a little HP using its Leftovers!
Turn 24
You have 150 seconds to make your decision.
Red Bullet used Superpower!
The opposing Chesnaught lost 26% of its health!
Red Bullet's Attack fell!
Red Bullet's Defense fell!
The opposing Chesnaught used Leech Seed!
Red Bullet was seeded!
The opposing Chesnaught restored a little HP using its Leftovers!
Red Bullet's health is sapped by Leech Seed!
Turn 25
You have 150 seconds to make your decision.
The opposing Chesnaught used Spiky Shield!
The opposing Chesnaught protected itself!
Red Bullet used Superpower!
The opposing Chesnaught protected itself!
Red Bullet is hurt by the opposing Chesnaught's Spiky Shield!
The opposing Chesnaught restored a little HP using its Leftovers!
Red Bullet's health is sapped by Leech Seed!
Red Bullet fainted!
You have 150 seconds to make your decision.
Go! Kenmore (Rotom-Wash)!
Turn 26
You have 150 seconds to make your decision.
The opposing Chesnaught used Spiky Shield!
The opposing Chesnaught protected itself!
Kenmore used Volt Switch!
The opposing Chesnaught protected itself!
Kenmore restored a little HP using its Leftovers!
The opposing Chesnaught restored a little HP using its Leftovers!
Kenmore was hurt by poison!
Turn 27
You have 150 seconds to make your decision.
Kenmore used Hydro Pump!
A critical hit! It's not very effective... The opposing Chesnaught lost 34% of its health!
The opposing Chesnaught used Leech Seed!
Kenmore was seeded!
Kenmore restored a little HP using its Leftovers!
The opposing Chesnaught restored a little HP using its Leftovers!
Kenmore's health is sapped by Leech Seed!
Kenmore was hurt by poison!
Kenmore fainted!
I'M A FAILURE won the battle!
Ladder updating...
asdf7023pokefreq's rating: 1094 → 1072
(-22 for losing)
I'M A FAILURE's rating: 1132 → 1155
(+23 for winning)
★asdf7023pokefreq: gg
★I'M A FAILURE: gg
I'M A FAILURE left.