asdf7023pokefreq joined.
thedarkgymleader joined.
Format:
OU
Rated battle
Swagger Clause: Swagger is banned
Baton Pass Clause: Limit one Pokémon knowing Baton Pass
Sleep Clause Mod: Limit one foe put to sleep
Species Clause: Limit one of each Pokémon
OHKO Clause: OHKO moves are banned
Moody Clause: Moody is banned
Evasion Moves Clause: Evasion moves are banned
Endless Battle Clause: Forcing endless battles is banned
HP Percentage Mod: HP is shown in percentages
asdf7023pokefreq's team:
Lopunny / Rotom-Wash / Landorus-Therian / Scizor / Heatran / Latios
thedarkgymleader's team:
Metagross / Heracross / Rhyperior / Slaking / Walrein / Chandelure
Battle timer is now ON: inactive players will automatically lose when time's up. (requested by asdf7023pokefreq)
You have 150 seconds to make your decision.
Battle between asdf7023pokefreq and thedarkgymleader started!
Go! Lola (Lopunny)!
thedarkgymleader sent out blubber nugget (Walrein)!
Turn 1
You have 150 seconds to make your decision.
Lola's Lopunnite is reacting to asdf7023pokefreq's Mega Bracelet!
Lola has Mega Evolved into Mega Lopunny!
Lola used High Jump Kick!
It's super effective! The opposing blubber nugget lost 100% of its health!
The opposing blubber nugget fainted!
thedarkgymleader sent out Pain Train (Rhyperior)!
Turn 2
You have 150 seconds to make your decision.
Lola used High Jump Kick!
A critical hit! It's super effective! The opposing Pain Train lost 84% of its health!
The opposing Pain Train's Weakness Policy activated!
The Weakness Policy sharply raised the opposing Pain Train's Attack!
The Weakness Policy sharply raised the opposing Pain Train's Special Attack!
The opposing Pain Train used Earthquake!
Lola lost 100% of its health!
Lola fainted!
You have 150 seconds to make your decision.
Go! Kenmore (Rotom-Wash)!
Turn 3
You have 150 seconds to make your decision.
Kenmore used Will-O-Wisp!
The opposing Pain Train avoided the attack!
The opposing Pain Train used Rock Wrecker!
Kenmore lost 100% of its health!
Kenmore fainted!
You have 150 seconds to make your decision.
Go! Skywalker (Landorus-Therian)!
Skywalker intimidates the opposing Pain Train!
The opposing Pain Train's Attack fell!
Turn 4
You have 150 seconds to make your decision.
Skywalker used Knock Off!
The opposing Pain Train lost 15% of its health!
The opposing Pain Train must recharge!
Turn 5
You have 150 seconds to make your decision.
Skywalker used Knock Off!
The opposing Pain Train lost 1% of its health!
The opposing Pain Train fainted!
thedarkgymleader sent out French Girl (Slaking)!
Turn 6
You have 150 seconds to make your decision.
Skywalker used Knock Off!
The opposing French Girl lost 30% of its health!
Skywalker knocked off the opposing French Girl's Choice Band!
The opposing French Girl used Ice Punch!
It's super effective! Skywalker lost 100% of its health!
Skywalker fainted!
You have 150 seconds to make your decision.
Go! Red Eye (Latios)!
Turn 7
You have 150 seconds to make your decision.
Red Eye used Draco Meteor!
The opposing French Girl lost 70% of its health!
Red Eye's Special Attack harshly fell!
Red Eye lost some of its HP!
The opposing French Girl fainted!
thedarkgymleader sent out Gary Busey (Chandelure)!
The opposing Gary Busey floats in the air with its Air Balloon!
Turn 8
You have 150 seconds to make your decision.
Red Eye used Draco Meteor!
The opposing Gary Busey lost 66% of its health!
The opposing Gary Busey's Air Balloon popped!
Red Eye's Special Attack harshly fell!
Red Eye lost some of its HP!
The opposing Gary Busey used Calm Mind!
The opposing Gary Busey's Special Attack rose!
The opposing Gary Busey's Special Defense rose!
Turn 9
You have 150 seconds to make your decision.
Red Eye, come back!
Go! Magma Gazer (Heatran)!
The opposing Gary Busey used Shadow Ball!
Magma Gazer lost 42.3% of its health!
Magma Gazer restored a little HP using its Leftovers!
Turn 10
You have 150 seconds to make your decision.
The opposing Gary Busey used Shadow Ball!
Magma Gazer lost 42.9% of its health!
Magma Gazer used Stealth Rock!
Pointed stones float in the air around the opposing team!
Magma Gazer restored a little HP using its Leftovers!
Turn 11
You have 150 seconds to make your decision.
The opposing Gary Busey used Shadow Ball!
Magma Gazer lost 27.0% of its health!
Magma Gazer fainted!
You have 150 seconds to make your decision.
Go! Red Eye (Latios)!
Turn 12
You have 150 seconds to make your decision.
Red Eye used Draco Meteor!
The opposing Gary Busey lost 34% of its health!
Red Eye's Special Attack harshly fell!
Red Eye lost some of its HP!
The opposing Gary Busey fainted!
thedarkgymleader sent out Punch Buggy (Heracross)!
Pointed stones dug into the opposing Punch Buggy!
Turn 13
You have 150 seconds to make your decision.
Red Eye used Psyshock!
It's super effective! The opposing Punch Buggy lost 77% of its health!
Red Eye lost some of its HP!
The opposing Punch Buggy used Knock Off!
It's super effective! Red Eye lost 60.3% of its health!
The opposing Punch Buggy knocked off Red Eye's Life Orb!
The opposing Punch Buggy lost some of its HP!
Red Eye fainted!
The opposing Punch Buggy's Moxie raised its Attack!
You have 150 seconds to make your decision.
Go! Red Bullet (Scizor)!
Turn 14
You have 150 seconds to make your decision.
Red Bullet used Bullet Punch!
The opposing Punch Buggy lost 1% of its health!
The opposing Punch Buggy fainted!
thedarkgymleader sent out hal 9000 (Metagross)!
Pointed stones dug into the opposing hal 9000!
Turn 15
You have 150 seconds to make your decision.
The opposing hal 9000's Metagrossite is reacting to thedarkgymleader's Mega Bracelet!
The opposing hal 9000 has Mega Evolved into Mega Metagross!
Red Bullet used Bullet Punch!
It's not very effective... The opposing hal 9000 lost 21% of its health!
The opposing hal 9000 used Earthquake!
Red Bullet lost 40.5% of its health!
Turn 16
You have 150 seconds to make your decision.
Red Bullet used Bullet Punch!
A critical hit! It's not very effective... The opposing hal 9000 lost 30% of its health!
The opposing hal 9000 used Earthquake!
Red Bullet lost 38.5% of its health!
Turn 17
You have 150 seconds to make your decision.
Red Bullet used Bullet Punch!
It's not very effective... The opposing hal 9000 lost 22% of its health!
The opposing hal 9000 used Earthquake!
Red Bullet lost 21.0% of its health!
Red Bullet fainted!
thedarkgymleader won the battle!
Ladder updating...
asdf7023pokefreq's rating: 1200 → 1170
(-30 for losing)
thedarkgymleader's rating: 1130 → 1160
(+30 for winning)
★asdf7023pokefreq: gg