Zascandic joined.
asdf7021pokefreq joined.
Format:
OU
Rated battle
Swagger Clause: Swagger is banned
Baton Pass Clause: Limit one Pokémon knowing Baton Pass
Sleep Clause Mod: Limit one foe put to sleep
Species Clause: Limit one of each Pokémon
OHKO Clause: OHKO moves are banned
Moody Clause: Moody is banned
Evasion Moves Clause: Evasion moves are banned
Endless Battle Clause: Forcing endless battles is banned
HP Percentage Mod: HP is shown in percentages
asdf7021pokefreq's team:
Lopunny / Rotom-Wash / Landorus-Therian / Scizor / Heatran / Latios
Zascandic's team:
Sylveon / Garchomp / Bisharp / Charizard / Mamoswine / Slowbro
Battle timer is now ON: inactive players will automatically lose when time's up. (requested by asdf7021pokefreq)
Battle between Zascandic and asdf7021pokefreq started!
Zascandic sent out Mamoswine!
Go! Lola (Lopunny)!
Turn 1
You have 150 seconds to make your decision.
Lola's Lopunnite is reacting to asdf7021pokefreq's Mega Bracelet!
Lola has Mega Evolved into Mega Lopunny!
Lola used High Jump Kick!
It's super effective! The opposing Mamoswine lost 100% of its health!
The opposing Mamoswine fainted!
Zascandic sent out Slowbro!
Turn 2
You have 150 seconds to make your decision.
Lola, come back!
Go! Kenmore (Rotom-Wash)!
The opposing Slowbro used Psychic!
Kenmore lost 32.9% of its health!
Kenmore restored a little HP using its Leftovers!
Turn 3
You have 150 seconds to make your decision.
Kenmore used Pain Split!
The battlers shared their pain!
The opposing Slowbro used Psychic!
Kenmore lost 34.9% of its health!
Kenmore restored a little HP using its Leftovers!
Turn 4
You have 150 seconds to make your decision.
Kenmore used Pain Split!
The battlers shared their pain!
The opposing Slowbro used Psychic!
Kenmore lost 31.6% of its health!
Kenmore restored a little HP using its Leftovers!
Turn 5
You have 150 seconds to make your decision.
Kenmore used Pain Split!
The battlers shared their pain!
The opposing Slowbro used Psychic!
Kenmore lost 35.5% of its health!
Kenmore restored a little HP using its Leftovers!
Turn 6
You have 150 seconds to make your decision.
Kenmore used Pain Split!
The battlers shared their pain!
The opposing Slowbro used Psychic!
Kenmore lost 34.9% of its health!
Kenmore restored a little HP using its Leftovers!
Turn 7
You have 150 seconds to make your decision.
Kenmore used Pain Split!
The battlers shared their pain!
The opposing Slowbro used Psychic!
Kenmore lost 35.5% of its health!
Kenmore's Special Defense fell!
Kenmore restored a little HP using its Leftovers!
Turn 8
You have 150 seconds to make your decision.
Kenmore used Pain Split!
The battlers shared their pain!
The opposing Slowbro used Psychic!
Kenmore lost 29.3% of its health!
Kenmore fainted!
You have 150 seconds to make your decision.
Go! Lola (Lopunny-Mega)!
Turn 9
You have 150 seconds to make your decision.
Lola used High Jump Kick!
It's not very effective... The opposing Slowbro lost 22% of its health!
The opposing Slowbro used Psychic!
It's super effective! Lola lost 82.7% of its health!
Turn 10
You have 150 seconds to make your decision.
Lola used High Jump Kick!
It's not very effective... The opposing Slowbro lost 1% of its health!
The opposing Slowbro fainted!
Zascandic sent out Bisharp!
Turn 11
You have 150 seconds to make your decision.
The opposing Bisharp used Sucker Punch!
It's not very effective... Lola lost 17.3% of its health!
Lola fainted!
You have 150 seconds to make your decision.
Go! Red Bullet (Scizor)!
Turn 12
You have 150 seconds to make your decision.
The opposing Bisharp used Swords Dance!
The opposing Bisharp's Attack sharply rose!
Red Bullet used Superpower!
It's super effective! The opposing Bisharp lost 100% of its health!
Red Bullet's Attack fell!
Red Bullet's Defense fell!
The opposing Bisharp fainted!
★Zascandic: lol
Zascandic sent out Charizard!
Turn 13
You have 150 seconds to make your decision.
Red Bullet, come back!
Go! Skywalker (Landorus-Therian)!
Skywalker intimidates the opposing Charizard!
The opposing Charizard's Attack fell!
The opposing Charizard's Charizardite Y is reacting to Zascandic's Mega Bracelet!
The opposing Charizard has Mega Evolved into Mega Charizard!
The sunlight turned harsh!
The opposing Charizard used Air Slash!
Skywalker lost 57.5% of its health!
Turn 14
You have 150 seconds to make your decision.
Skywalker used U-turn!
It's not very effective... The opposing Charizard lost 9% of its health!
You have 150 seconds to make your decision.
Skywalker went back to asdf7021pokefreq!
Go! Red Eye (Latios)!
The opposing Charizard used Air Slash!
Red Eye lost 50.7% of its health!
Turn 15
You have 150 seconds to make your decision.
Red Eye used Psyshock!
The opposing Charizard lost 73% of its health!
Red Eye lost some of its HP!
The opposing Charizard used Dragon Pulse!
It's super effective! Red Eye lost 39.4% of its health!
Red Eye fainted!
You have 150 seconds to make your decision.
Go! Skywalker (Landorus-Therian)!
Skywalker intimidates the opposing Charizard!
The opposing Charizard's Attack fell!
Turn 16
You have 150 seconds to make your decision.
Zascandic withdrew Charizard (Charizard-Mega-Y)!
Zascandic sent out Garchomp!
Skywalker used Knock Off!
The opposing Garchomp lost 38% of its health!
Skywalker is hurt by the opposing Garchomp's Rough Skin!
Skywalker is hurt by the opposing Garchomp's Rocky Helmet!
Skywalker knocked off the opposing Garchomp's Rocky Helmet!
Turn 17
You have 150 seconds to make your decision.
Skywalker, come back!
Go! Red Bullet (Scizor)!
The opposing Garchomp used Dragon Claw!
It's not very effective... Red Bullet lost 21.6% of its health!
The sunlight faded.
Turn 18
You have 150 seconds to make your decision.
Red Bullet used Bullet Punch!
The opposing Garchomp lost 52% of its health!
Red Bullet is hurt by the opposing Garchomp's Rough Skin!
The opposing Garchomp used Earthquake!
Red Bullet lost 54.2% of its health!
Turn 19
You have 150 seconds to make your decision.
Red Bullet used Bullet Punch!
The opposing Garchomp lost 10% of its health!
Red Bullet is hurt by the opposing Garchomp's Rough Skin!
Red Bullet fainted!
The opposing Garchomp fainted!
You have 150 seconds to make your decision.
fe)cesartheprah joined.
Go! Skywalker (Landorus-Therian)!
Zascandic sent out Sylveon!
Skywalker intimidates the opposing Sylveon!
The opposing Sylveon's Attack fell!
Turn 20
You have 150 seconds to make your decision.
Skywalker used U-turn!
It's not very effective... The opposing Sylveon lost 16% of its health!
You have 150 seconds to make your decision.
Skywalker went back to asdf7021pokefreq!
Go! Magma Gazer (Heatran)!
The opposing Sylveon used Hyper Voice!
It's not very effective... Magma Gazer lost 13.8% of its health!
Magma Gazer restored a little HP using its Leftovers!
Turn 21
You have 150 seconds to make your decision.
★Zascandic: fk
Magma Gazer used Stealth Rock!
Pointed stones float in the air around the opposing team!
The opposing Sylveon used Hyper Voice!
It's not very effective... Magma Gazer lost 14.8% of its health!
Magma Gazer restored a little HP using its Leftovers!
Turn 22
You have 150 seconds to make your decision.
Zascandic forfeited.
asdf7021pokefreq won the battle!
Ladder updating...
Zascandic left.
Zascandic's rating: 1151 → 1123
(-28 for losing)
asdf7021pokefreq's rating: 1111 → 1139
(+28 for winning)
★asdf7021pokefreq: gg