asdf7021pokefreq joined.
furyflame99 joined.
Format:
OU
Rated battle
Swagger Clause: Swagger is banned
Baton Pass Clause: Limit one Pokémon knowing Baton Pass
Sleep Clause Mod: Limit one foe put to sleep
Species Clause: Limit one of each Pokémon
OHKO Clause: OHKO moves are banned
Moody Clause: Moody is banned
Evasion Moves Clause: Evasion moves are banned
Endless Battle Clause: Forcing endless battles is banned
HP Percentage Mod: HP is shown in percentages
asdf7021pokefreq's team:
Lopunny / Rotom-Wash / Landorus-Therian / Scizor / Heatran / Latios
furyflame99's team:
Porygon-Z / Ferrothorn / Talonflame / Excadrill / Sableye / Noivern
Battle timer is now ON: inactive players will automatically lose when time's up. (requested by asdf7021pokefreq)
You have 150 seconds to make your decision.
Battle between asdf7021pokefreq and furyflame99 started!
Go! Lola (Lopunny)!
furyflame99 sent out Excadrill!
The opposing Excadrill breaks the mold!
The opposing Excadrill floats in the air with its Air Balloon!
Turn 1
You have 150 seconds to make your decision.
furyflame99 withdrew Excadrill!
furyflame99 sent out Talonflame!
Lola's Lopunnite is reacting to asdf7021pokefreq's Mega Bracelet!
Lola has Mega Evolved into Mega Lopunny!
Lola used Return!
A critical hit! The opposing Talonflame lost 100% of its health!
The opposing Talonflame fainted!
furyflame99 sent out Porygon-Z!
Turn 2
You have 150 seconds to make your decision.
The opposing Porygon-Z used Psychic!
A critical hit! It's super effective! Lola lost 100% of its health!
Lola fainted!
You have 150 seconds to make your decision.
Go! Kenmore (Rotom-Wash)!
Turn 3
You have 150 seconds to make your decision.
furyflame99 withdrew Porygon-Z!
furyflame99 sent out Ferrothorn!
Kenmore used Volt Switch!
It's not very effective... The opposing Ferrothorn lost 10% of its health!
You have 150 seconds to make your decision.
Kenmore went back to asdf7021pokefreq!
Go! Magma Gazer (Heatran)!
The opposing Ferrothorn restored a little HP using its Leftovers!
Turn 4
You have 150 seconds to make your decision.
furyflame99 withdrew Ferrothorn!
furyflame99 sent out Excadrill!
The opposing Excadrill breaks the mold!
The opposing Excadrill floats in the air with its Air Balloon!
Magma Gazer used Lava Plume!
It's super effective! The opposing Excadrill lost 98% of its health!
The opposing Excadrill's Air Balloon popped!
The opposing Excadrill was burned!
The opposing Excadrill was hurt by its burn!
The opposing Excadrill fainted!
furyflame99 forfeited.
furyflame99 left.
Player 2 disconnected and has a minute to reconnect!
asdf7021pokefreq won the battle!
Ladder updating...
★asdf7021pokefreq: gg
asdf7021pokefreq's rating: 1231 → 1254
(+23 for winning)
furyflame99's rating: 1197 → 1175
(-22 for losing)