Unova Elite joined.
asdf7021pokefreq joined.
Format:
OU
Rated battle
Swagger Clause: Swagger is banned
Baton Pass Clause: Limit one Pokémon knowing Baton Pass
Sleep Clause Mod: Limit one foe put to sleep
Species Clause: Limit one of each Pokémon
OHKO Clause: OHKO moves are banned
Moody Clause: Moody is banned
Evasion Moves Clause: Evasion moves are banned
Endless Battle Clause: Forcing endless battles is banned
HP Percentage Mod: HP is shown in percentages
asdf7021pokefreq's team:
Lopunny / Rotom-Wash / Landorus-Therian / Scizor / Heatran / Latios
Unova Elite's team:
Slowbro / Slowking / Ferrothorn / Amoonguss / Chansey / Cofagrigus
Battle timer is now ON: inactive players will automatically lose when time's up. (requested by asdf7021pokefreq)
You have 150 seconds to make your decision.
Battle between Unova Elite and asdf7021pokefreq started!
Unova Elite sent out Ferrothorn!
Go! Lola (Lopunny)!
Turn 1
You have 150 seconds to make your decision.
Unova Elite withdrew Ferrothorn!
Unova Elite sent out Cofagrigus!
Lola's Lopunnite is reacting to asdf7021pokefreq's Mega Bracelet!
Lola has Mega Evolved into Mega Lopunny!
Lola used High Jump Kick!
The opposing Cofagrigus lost 41% of its health!
[Lola's Scrappy] Lola's Ability became Mummy!
The opposing Cofagrigus restored a little HP using its Leftovers!
Turn 2
You have 150 seconds to make your decision.
Lola used High Jump Kick!
It doesn't affect the opposing Cofagrigus...
Lola kept going and crashed!
The opposing Cofagrigus used Knock Off!
It's not very effective... Lola lost 5.5% of its health!
The opposing Cofagrigus restored a little HP using its Leftovers!
Turn 3
You have 150 seconds to make your decision.
Lola, come back!
Go! Magma Gazer (Heatran)!
The opposing Cofagrigus used Will-O-Wisp!
The power of Magma Gazer's Fire-type moves rose!
The opposing Cofagrigus restored a little HP using its Leftovers!
Turn 4
You have 150 seconds to make your decision.
Unova Elite withdrew Cofagrigus!
Unova Elite sent out Slowking!
Magma Gazer used Stealth Rock!
Pointed stones float in the air around the opposing team!
Turn 5
You have 150 seconds to make your decision.
Magma Gazer, come back!
Go! Red Bullet (Scizor)!
The opposing Slowking used Scald!
Red Bullet lost 34.4% of its health!
Turn 6
You have 150 seconds to make your decision.
Unova Elite forfeited.
Unova Elite left.
Player 1 disconnected and has a minute to reconnect!
Unova Elite withdrew Slowking!
Unova Elite sent out Ferrothorn!
Pointed stones dug into the opposing Ferrothorn!
Red Bullet used U-turn!
The opposing Ferrothorn lost 37% of its health!
Red Bullet is hurt by the opposing Ferrothorn's Iron Barbs!
asdf7021pokefreq won the battle!
Ladder updating...
★asdf7021pokefreq: gg
Unova Elite's rating: 1108 → 1084
(-24 for losing)
asdf7021pokefreq's rating: 1122 → 1146
(+24 for winning)