asdf7021pokefreq joined.
IceDraconis joined.
Format:
OU
Rated battle
Swagger Clause: Swagger is banned
Baton Pass Clause: Limit one Pokémon knowing Baton Pass
Sleep Clause Mod: Limit one foe put to sleep
Species Clause: Limit one of each Pokémon
OHKO Clause: OHKO moves are banned
Moody Clause: Moody is banned
Evasion Moves Clause: Evasion moves are banned
Endless Battle Clause: Forcing endless battles is banned
HP Percentage Mod: HP is shown in percentages
asdf7021pokefreq's team:
Lopunny / Rotom-Wash / Landorus-Therian / Scizor / Heatran / Latios
IceDraconis's team:
Blissey / Espeon / Gliscor / Snorlax / Charizard / Cloyster
Battle timer is now ON: inactive players will automatically lose when time's up. (requested by asdf7021pokefreq)
Battle between asdf7021pokefreq and IceDraconis started!
Go! Lola (Lopunny)!
IceDraconis sent out Charizard!
Turn 1
You have 150 seconds to make your decision.
Lola's Lopunnite is reacting to asdf7021pokefreq's Mega Bracelet!
Lola has Mega Evolved into Mega Lopunny!
The opposing Charizard's Charizardite Y is reacting to IceDraconis's Mega Bracelet!
The opposing Charizard has Mega Evolved into Mega Charizard!
The sunlight turned harsh!
Lola used High Jump Kick!
It's not very effective... The opposing Charizard lost 38% of its health!
The opposing Charizard used Flamethrower!
Lola lost 86.7% of its health!
Turn 2
You have 150 seconds to make your decision.
Lola used Return!
A critical hit! The opposing Charizard lost 62% of its health!
The opposing Charizard fainted!
IceDraconis sent out Espeon!
Turn 3
You have 150 seconds to make your decision.
Lola used Return!
The opposing Espeon lost 91% of its health!
The opposing Espeon used Stored Power!
It's super effective! Lola lost 13.3% of its health!
Lola fainted!
You have 150 seconds to make your decision.
Go! Kenmore (Rotom-Wash)!
Turn 4
You have 150 seconds to make your decision.
IceDraconis forfeited.
asdf7021pokefreq won the battle!
Ladder updating...
asdf7021pokefreq's rating: 1070 → 1099
(+29 for winning)
IceDraconis's rating: 1071 → 1050
(-21 for losing)
IceDraconis left.
★asdf7021pokefreq: gg