asdf7021pokefreq joined.
VanDahlSH joined.
Format:
OU
Rated battle
Swagger Clause: Swagger is banned
Baton Pass Clause: Limit one Pokémon knowing Baton Pass
Sleep Clause Mod: Limit one foe put to sleep
Species Clause: Limit one of each Pokémon
OHKO Clause: OHKO moves are banned
Moody Clause: Moody is banned
Evasion Moves Clause: Evasion moves are banned
Endless Battle Clause: Forcing endless battles is banned
HP Percentage Mod: HP is shown in percentages
asdf7021pokefreq's team:
Lopunny / Rotom-Wash / Landorus-Therian / Scizor / Heatran / Latios
VanDahlSH's team:
Ferrothorn / Gliscor / Garchomp / Tyranitar / Landorus / Scizor
Battle timer is now ON: inactive players will automatically lose when time's up. (requested by asdf7021pokefreq)
Battle between asdf7021pokefreq and VanDahlSH started!
Go! Lola (Lopunny)!
VanDahlSH sent out Tyranitar!
A sandstorm kicked up!
Turn 1
You have 150 seconds to make your decision.
VanDahlSH withdrew Tyranitar!
VanDahlSH sent out Scizor!
Lola's Lopunnite is reacting to asdf7021pokefreq's Mega Bracelet!
Lola has Mega Evolved into Mega Lopunny!
Lola used High Jump Kick!
The opposing Scizor lost 75% of its health!
The sandstorm is raging.
Lola is buffeted by the sandstorm!
Turn 2
You have 150 seconds to make your decision.
The opposing Scizor's Scizorite is reacting to VanDahlSH's Mega Bracelet!
The opposing Scizor has Mega Evolved into Mega Scizor!
The opposing Scizor used Bullet Punch!
Lola lost 53.1% of its health!
Lola used High Jump Kick!
The opposing Scizor lost 25% of its health!
The opposing Scizor fainted!
The sandstorm is raging.
Lola is buffeted by the sandstorm!
VanDahlSH sent out Gliscor!
Turn 3
You have 150 seconds to make your decision.
The opposing Gliscor used Protect!
The opposing Gliscor protected itself!
Lola used Ice Punch!
The opposing Gliscor protected itself!
The sandstorm is raging.
Lola is buffeted by the sandstorm!
The opposing Gliscor was badly poisoned by the Toxic Orb!
Turn 4
You have 150 seconds to make your decision.
VanDahlSH withdrew Gliscor!
VanDahlSH sent out Ferrothorn!
Lola used Ice Punch!
The opposing Ferrothorn lost 16% of its health!
Lola is hurt by the opposing Ferrothorn's Iron Barbs!
Lola is hurt by the opposing Ferrothorn's Rocky Helmet!
The sandstorm is raging.
Lola is buffeted by the sandstorm!
Lola fainted!
You have 150 seconds to make your decision.
Go! Red Eye (Latios)!
Turn 5
You have 150 seconds to make your decision.
Red Eye, come back!
Go! Red Bullet (Scizor)!
The opposing Ferrothorn used Protect!
But it failed!
The sandstorm subsided.
Turn 6
You have 150 seconds to make your decision.
Red Bullet used Superpower!
It's super effective! The opposing Ferrothorn lost 75% of its health!
Red Bullet is hurt by the opposing Ferrothorn's Iron Barbs!
Red Bullet is hurt by the opposing Ferrothorn's Rocky Helmet!
Red Bullet's Attack fell!
Red Bullet's Defense fell!
The opposing Ferrothorn used Stealth Rock!
Pointed stones float in the air around your team!
Turn 7
You have 150 seconds to make your decision.
Red Bullet, come back!
Go! Kenmore (Rotom-Wash)!
Pointed stones dug into Kenmore!
VanDahlSH withdrew Ferrothorn!
VanDahlSH sent out Gliscor!
Kenmore restored a little HP using its Leftovers!
Turn 8
You have 150 seconds to make your decision.
The opposing Gliscor used Protect!
The opposing Gliscor protected itself!
Kenmore used Hydro Pump!
The opposing Gliscor protected itself!
Kenmore restored a little HP using its Leftovers!
Turn 9
You have 150 seconds to make your decision.
VanDahlSH withdrew Gliscor!
VanDahlSH sent out Tyranitar!
A sandstorm kicked up!
Kenmore used Hydro Pump!
It's super effective! The opposing Tyranitar lost 30% of its health!
The sandstorm is raging.
Kenmore is buffeted by the sandstorm!
Kenmore restored a little HP using its Leftovers!
Turn 10
You have 150 seconds to make your decision.
Kenmore used Hydro Pump!
It's super effective! The opposing Tyranitar lost 30% of its health!
The opposing Tyranitar used Stone Edge!
Kenmore avoided the attack!
The sandstorm is raging.
Kenmore is buffeted by the sandstorm!
Kenmore restored a little HP using its Leftovers!
Turn 11
You have 150 seconds to make your decision.
Kenmore used Hydro Pump!
A critical hit! It's super effective! The opposing Tyranitar lost 40% of its health!
The opposing Tyranitar fainted!
The sandstorm is raging.
Kenmore is buffeted by the sandstorm!
Kenmore restored a little HP using its Leftovers!
★VanDahlSH: pffffffffffffffffffffffffffffffffffffffffffffffffffffff
VanDahlSH forfeited.
asdf7021pokefreq won the battle!
Ladder updating...
VanDahlSH left.
★asdf7021pokefreq: gg
asdf7021pokefreq's rating: 1181 → 1210
(+29 for winning)
VanDahlSH's rating: 1231 → 1202
(-29 for losing)