asdf7021pokefreq joined.
Kay DoTTT joined.
Format:
OU
Rated battle
Swagger Clause: Swagger is banned
Baton Pass Clause: Limit one Pokémon knowing Baton Pass
Sleep Clause Mod: Limit one foe put to sleep
Species Clause: Limit one of each Pokémon
OHKO Clause: OHKO moves are banned
Moody Clause: Moody is banned
Evasion Moves Clause: Evasion moves are banned
Endless Battle Clause: Forcing endless battles is banned
HP Percentage Mod: HP is shown in percentages
asdf7021pokefreq's team:
Lopunny / Rotom-Wash / Landorus-Therian / Scizor / Heatran / Latios
Kay DoTTT's team:
Landorus-Therian / Mew / Gardevoir / Rotom-Wash / Keldeo / Ferrothorn
Battle timer is now ON: inactive players will automatically lose when time's up. (requested by asdf7021pokefreq)
You have 150 seconds to make your decision.
Battle between asdf7021pokefreq and Kay DoTTT started!
Go! Lola (Lopunny)!
Kay DoTTT sent out Keldeo!
Turn 1
You have 150 seconds to make your decision.
Kay DoTTT withdrew Keldeo!
Kay DoTTT sent out Landorus-Therian!
The opposing Landorus-Therian intimidates Lola!
Lola's Attack fell!
Lola, come back!
Go! Red Eye (Latios)!
Turn 2
You have 150 seconds to make your decision.
The opposing Landorus-Therian used U-turn!
It's super effective! Red Eye lost 67.5% of its health!
The opposing Landorus-Therian went back to Kay DoTTT!
Kay DoTTT sent out Ferrothorn!
Red Eye used Draco Meteor!
It's not very effective... The opposing Ferrothorn lost 32% of its health!
Red Eye's Special Attack harshly fell!
Red Eye lost some of its HP!
The opposing Ferrothorn restored a little HP using its Leftovers!
Turn 3
You have 150 seconds to make your decision.
Red Eye used Roost!
Red Eye regained health!
The opposing Ferrothorn used Stealth Rock!
Pointed stones float in the air around your team!
The opposing Ferrothorn restored a little HP using its Leftovers!
Turn 4
You have 150 seconds to make your decision.
Red Eye, come back!
Go! Kenmore (Rotom-Wash)!
Pointed stones dug into Kenmore!
The opposing Ferrothorn used Protect!
But it failed!
Kenmore restored a little HP using its Leftovers!
The opposing Ferrothorn restored a little HP using its Leftovers!
Turn 5
You have 150 seconds to make your decision.
Kay DoTTT has 120 seconds left.
Kay DoTTT withdrew Ferrothorn!
Kay DoTTT sent out Mew!
Kenmore used Hydro Pump!
The opposing Mew lost 31% of its health!
The opposing Mew restored a little HP using its Leftovers!
Kenmore restored a little HP using its Leftovers!
Turn 6
You have 150 seconds to make your decision.
The opposing Mew used Taunt!
Kenmore fell for the taunt!
Kenmore used Hydro Pump!
The opposing Mew lost 35% of its health!
The opposing Mew restored a little HP using its Leftovers!
Turn 7
You have 150 seconds to make your decision.
The opposing Mew used Soft-Boiled!
The opposing Mew regained health!
Kenmore used Volt Switch!
The opposing Mew lost 21% of its health!
You have 150 seconds to make your decision.
Kenmore went back to asdf7021pokefreq!
Go! Magma Gazer (Heatran)!
Pointed stones dug into Magma Gazer!
The opposing Mew restored a little HP using its Leftovers!
Magma Gazer restored a little HP using its Leftovers!
Turn 8
You have 150 seconds to make your decision.
The opposing Mew used Taunt!
Magma Gazer fell for the taunt!
Magma Gazer can't use Stealth Rock after the taunt!
The opposing Mew restored a little HP using its Leftovers!
Magma Gazer restored a little HP using its Leftovers!
Turn 9
You have 150 seconds to make your decision.
Magma Gazer, come back!
Go! Kenmore (Rotom-Wash)!
Pointed stones dug into Kenmore!
The opposing Mew used Knock Off!
Kenmore lost 15.1% of its health!
The opposing Mew knocked off Kenmore's Leftovers!
The opposing Mew restored a little HP using its Leftovers!
Turn 10
You have 150 seconds to make your decision.
The opposing Mew used Taunt!
Kenmore fell for the taunt!
Kenmore used Volt Switch!
The opposing Mew lost 24% of its health!
You have 150 seconds to make your decision.
Kenmore went back to asdf7021pokefreq!
Go! Magma Gazer (Heatran)!
Pointed stones dug into Magma Gazer!
The opposing Mew restored a little HP using its Leftovers!
Magma Gazer restored a little HP using its Leftovers!
Turn 11
You have 150 seconds to make your decision.
The opposing Mew used Taunt!
Magma Gazer fell for the taunt!
Magma Gazer used Lava Plume!
The opposing Mew lost 32% of its health!
The opposing Mew restored a little HP using its Leftovers!
Magma Gazer restored a little HP using its Leftovers!
Turn 12
You have 150 seconds to make your decision.
The opposing Mew used Knock Off!
Magma Gazer lost 18.2% of its health!
The opposing Mew knocked off Magma Gazer's Leftovers!
Magma Gazer used Lava Plume!
A critical hit! The opposing Mew lost 41% of its health!
The opposing Mew restored a little HP using its Leftovers!
Turn 13
You have 150 seconds to make your decision.
The opposing Mew used Soft-Boiled!
The opposing Mew regained health!
Magma Gazer used Lava Plume!
The opposing Mew lost 31% of its health!
The opposing Mew was burned!
The opposing Mew restored a little HP using its Leftovers!
The opposing Mew was hurt by its burn!
Magma Gazer's taunt wore off!
Turn 14
You have 150 seconds to make your decision.
Magma Gazer, come back!
Go! Red Eye (Latios)!
Pointed stones dug into Red Eye!
The opposing Mew used Taunt!
Red Eye fell for the taunt!
The opposing Mew restored a little HP using its Leftovers!
The opposing Mew was hurt by its burn!
Turn 15
You have 150 seconds to make your decision.
Kay DoTTT withdrew Mew!
Kay DoTTT sent out Ferrothorn!
Red Eye used Psyshock!
It's not very effective... The opposing Ferrothorn lost 16% of its health!
Red Eye lost some of its HP!
The opposing Ferrothorn restored a little HP using its Leftovers!
Turn 16
You have 150 seconds to make your decision.
Red Eye used Psyshock!
It's not very effective... The opposing Ferrothorn lost 20% of its health!
Red Eye lost some of its HP!
The opposing Ferrothorn used Leech Seed!
Red Eye was seeded!
The opposing Ferrothorn restored a little HP using its Leftovers!
Red Eye's health is sapped by Leech Seed!
Turn 17
You have 150 seconds to make your decision.
Red Eye used Psyshock!
It's not very effective... The opposing Ferrothorn lost 16% of its health!
Red Eye lost some of its HP!
The opposing Ferrothorn used Gyro Ball!
Red Eye lost 17.9% of its health!
Red Eye fainted!
The opposing Ferrothorn restored a little HP using its Leftovers!
You have 150 seconds to make your decision.
Go! Magma Gazer (Heatran)!
Pointed stones dug into Magma Gazer!
Turn 18
You have 150 seconds to make your decision.
Kay DoTTT withdrew Ferrothorn!
Kay DoTTT sent out Rotom-Wash!
Magma Gazer used Lava Plume!
It's not very effective... The opposing Rotom-Wash lost 16% of its health!
The opposing Rotom-Wash restored a little HP using its Leftovers!
Turn 19
You have 150 seconds to make your decision.
The opposing Rotom-Wash used Will-O-Wisp!
The power of Magma Gazer's Fire-type moves rose!
Magma Gazer used Lava Plume!
It's not very effective... The opposing Rotom-Wash lost 23% of its health!
The opposing Rotom-Wash restored a little HP using its Leftovers!
Turn 20
You have 150 seconds to make your decision.
The opposing Rotom-Wash used Hydro Pump!
It's super effective! Magma Gazer lost 46.8% of its health!
Magma Gazer used Lava Plume!
It's not very effective... The opposing Rotom-Wash lost 24% of its health!
The opposing Rotom-Wash restored a little HP using its Leftovers!
Turn 21
You have 150 seconds to make your decision.
Kay DoTTT has 120 seconds left.
Kay DoTTT has 90 seconds left.
The opposing Rotom-Wash used Volt Switch!
Magma Gazer lost 17.4% of its health!
The opposing Rotom-Wash went back to Kay DoTTT!
Kay DoTTT sent out Mew!
Magma Gazer used Earth Power!
The opposing Mew lost 21% of its health!
The opposing Mew restored a little HP using its Leftovers!
The opposing Mew was hurt by its burn!
The opposing Mew fainted!
Kay DoTTT sent out Gardevoir!
The opposing Gardevoir traced Magma Gazer's Flash Fire!
Turn 22
You have 150 seconds to make your decision.
The opposing Gardevoir used Calm Mind!
The opposing Gardevoir's Special Attack rose!
The opposing Gardevoir's Special Defense rose!
Magma Gazer used Earth Power!
The opposing Gardevoir lost 20% of its health!
Turn 23
You have 150 seconds to make your decision.
The opposing Gardevoir's Gardevoirite is reacting to Kay DoTTT's Mega Bracelet!
The opposing Gardevoir has Mega Evolved into Mega Gardevoir!
The opposing Gardevoir used Hyper Voice!
It's not very effective... Magma Gazer lost 5.2% of its health!
Magma Gazer fainted!
You have 150 seconds to make your decision.
Go! Lola (Lopunny)!
Pointed stones dug into Lola!
Turn 24
You have 150 seconds to make your decision.
Lola's Lopunnite is reacting to asdf7021pokefreq's Mega Bracelet!
Lola has Mega Evolved into Mega Lopunny!
Lola used Return!
The opposing Gardevoir lost 80% of its health!
The opposing Gardevoir fainted!
Kay DoTTT sent out Landorus-Therian!
The opposing Landorus-Therian intimidates Lola!
Lola's Attack fell!
Turn 25
You have 150 seconds to make your decision.
Lola, come back!
Go! Kenmore (Rotom-Wash)!
Pointed stones dug into Kenmore!
The opposing Landorus-Therian used Earthquake!
It doesn't affect Kenmore...
Turn 26
You have 150 seconds to make your decision.
Kay DoTTT forfeited.
Kay DoTTT left.
Player 2 disconnected and has a minute to reconnect!
asdf7021pokefreq won the battle!
Ladder updating...
★asdf7021pokefreq: gg
asdf7021pokefreq's rating: 1070 → 1102
(+32 for winning)
Kay DoTTT's rating: 1098 → 1071
(-27 for losing)