asdf7021random joined.
thelordsoto14 joined.
Format:
OU
Rated battle
Swagger Clause: Swagger is banned
Baton Pass Clause: Limit one Pokémon knowing Baton Pass
Sleep Clause Mod: Limit one foe put to sleep
Species Clause: Limit one of each Pokémon
OHKO Clause: OHKO moves are banned
Moody Clause: Moody is banned
Evasion Moves Clause: Evasion moves are banned
Endless Battle Clause: Forcing endless battles is banned
HP Percentage Mod: HP is shown in percentages
asdf7021random's team:
Lopunny / Rotom-Wash / Landorus-Therian / Scizor / Heatran / Latios
thelordsoto14's team:
Venusaur / Swampert / Politoed / Wobbuffet / Thundurus-Therian / Talonflame
Battle timer is now ON: inactive players will automatically lose when time's up. (requested by asdf7021random)
Battle between asdf7021random and thelordsoto14 started!
Go! Lola (Lopunny)!
thelordsoto14 sent out Politoed!
It started to rain!
Turn 1
You have 150 seconds to make your decision.
thelordsoto14 withdrew Politoed!
thelordsoto14 sent out Talonflame!
Lola's Lopunnite is reacting to asdf7021random's Mega Bracelet!
Lola has Mega Evolved into Mega Lopunny!
Lola used High Jump Kick!
It's not very effective... The opposing Talonflame lost 50% of its health!
Turn 2
You have 150 seconds to make your decision.
The opposing Talonflame used Brave Bird!
It's super effective! Lola lost 100% of its health!
The opposing Talonflame is damaged by recoil!
Lola fainted!
You have 150 seconds to make your decision.
Go! Kenmore (Rotom-Wash)!
Turn 3
You have 150 seconds to make your decision.
thelordsoto14 withdrew Talonflame!
thelordsoto14 sent out Thundurus-Therian!
Kenmore, come back!
Go! Magma Gazer (Heatran)!
Turn 4
You have 150 seconds to make your decision.
The opposing Thundurus-Therian used Focus Blast!
It's super effective! Magma Gazer lost 75.6% of its health!
The opposing Thundurus-Therian lost some of its HP!
Magma Gazer used Stealth Rock!
Pointed stones float in the air around the opposing team!
Magma Gazer restored a little HP using its Leftovers!
Turn 5
You have 150 seconds to make your decision.
thelordsoto14 withdrew Thundurus-Therian!
thelordsoto14 sent out Talonflame!
Pointed stones dug into the opposing Talonflame!
The opposing Talonflame fainted!
Magma Gazer, come back!
Go! Red Eye (Latios)!
thelordsoto14 sent out Swampert!
Pointed stones dug into the opposing Swampert!
Turn 6
You have 150 seconds to make your decision.
The opposing Swampert's Swampertite is reacting to thelordsoto14's Mega Bracelet!
The opposing Swampert has Mega Evolved into Mega Swampert!
Red Eye used Psyshock!
The opposing Swampert lost 48% of its health!
Red Eye lost some of its HP!
The opposing Swampert used Ice Punch!
It's super effective! Red Eye lost 88.1% of its health!
Turn 7
You have 150 seconds to make your decision.
thelordsoto14 withdrew Swampert (Swampert-Mega)!
thelordsoto14 sent out Wobbuffet!
Pointed stones dug into the opposing Wobbuffet!
Red Eye used Draco Meteor!
The opposing Wobbuffet avoided the attack!
Turn 8
You have 150 seconds to make your decision.
Red Eye used Draco Meteor!
The opposing Wobbuffet lost 48% of its health!
Red Eye's Special Attack harshly fell!
Red Eye lost some of its HP!
Red Eye fainted!
The opposing Wobbuffet ate its Sitrus Berry!
The opposing Wobbuffet restored HP using its Sitrus Berry!
The opposing Wobbuffet used Mirror Coat!
But there was no target...
The rain stopped.
You have 150 seconds to make your decision.
Go! Kenmore (Rotom-Wash)!
Turn 9
You have 150 seconds to make your decision.
thelordsoto14 withdrew Wobbuffet!
thelordsoto14 sent out Venusaur!
Pointed stones dug into the opposing Venusaur!
Kenmore used Hydro Pump!
It's not very effective... The opposing Venusaur lost 12% of its health!
Turn 10
You have 150 seconds to make your decision.
Kenmore, come back!
Go! Red Bullet (Scizor)!
The opposing Venusaur used Leech Seed!
Red Bullet was seeded!
Red Bullet's health is sapped by Leech Seed!
Turn 11
You have 150 seconds to make your decision.
thelordsoto14 withdrew Venusaur!
thelordsoto14 sent out Politoed!
Pointed stones dug into the opposing Politoed!
It started to rain!
Red Bullet used U-turn!
The opposing Politoed lost 63% of its health!
You have 150 seconds to make your decision.
Red Bullet went back to asdf7021random!
Go! Skywalker (Landorus-Therian)!
Skywalker intimidates the opposing Politoed!
The opposing Politoed's Attack fell!
Turn 12
You have 150 seconds to make your decision.
Skywalker used U-turn!
The opposing Politoed lost 25% of its health!
The opposing Politoed fainted!
You have 150 seconds to make your decision.
Skywalker went back to asdf7021random!
Go! Red Bullet (Scizor)!
thelordsoto14 sent out Swampert (Swampert-Mega)!
Pointed stones dug into the opposing Swampert!
Turn 13
You have 150 seconds to make your decision.
The opposing Swampert used Waterfall!
Red Bullet lost 80.8% of its health!
Red Bullet flinched and couldn't move!
Turn 14
You have 150 seconds to make your decision.
The opposing Swampert used Waterfall!
Red Bullet lost 7.0% of its health!
Red Bullet fainted!
You have 150 seconds to make your decision.
Go! Kenmore (Rotom-Wash)!
Turn 15
You have 150 seconds to make your decision.
thelordsoto14 withdrew Swampert (Swampert-Mega)!
thelordsoto14 sent out Venusaur!
Pointed stones dug into the opposing Venusaur!
Kenmore used Hydro Pump!
It's not very effective... The opposing Venusaur lost 20% of its health!
Turn 16
You have 150 seconds to make your decision.
Kenmore used Volt Switch!
It's not very effective... The opposing Venusaur lost 7.0% of its health!
You have 150 seconds to make your decision.
Kenmore went back to asdf7021random!
Go! Magma Gazer (Heatran)!
The opposing Venusaur used Leech Seed!
Magma Gazer was seeded!
Magma Gazer restored a little HP using its Leftovers!
Magma Gazer's health is sapped by Leech Seed!
Turn 17
You have 150 seconds to make your decision.
The opposing Venusaur used Protect!
The opposing Venusaur protected itself!
Magma Gazer used Lava Plume!
The opposing Venusaur protected itself!
Magma Gazer restored a little HP using its Leftovers!
Magma Gazer's health is sapped by Leech Seed!
Turn 18
You have 150 seconds to make your decision.
Magma Gazer used Lava Plume!
A critical hit! It's super effective! The opposing Venusaur lost 37% of its health!
The opposing Venusaur was burned!
The opposing Venusaur used Giga Drain!
It's not very effective... Magma Gazer lost 3.9% of its health!
Magma Gazer had its energy drained!
The rain stopped.
Magma Gazer restored a little HP using its Leftovers!
Magma Gazer's health is sapped by Leech Seed!
The opposing Venusaur was hurt by its burn!
Turn 19
You have 150 seconds to make your decision.
The opposing Venusaur used Protect!
The opposing Venusaur protected itself!
Magma Gazer used Lava Plume!
The opposing Venusaur protected itself!
Magma Gazer restored a little HP using its Leftovers!
Magma Gazer's health is sapped by Leech Seed!
The opposing Venusaur was hurt by its burn!
Turn 20
You have 150 seconds to make your decision.
Magma Gazer used Stealth Rock!
But it failed!
The opposing Venusaur used Giga Drain!
It's not very effective... Magma Gazer lost 1.8% of its health!
Magma Gazer had its energy drained!
Magma Gazer fainted!
The opposing Venusaur was hurt by its burn!
You have 150 seconds to make your decision.
Go! Skywalker (Landorus-Therian)!
Skywalker intimidates the opposing Venusaur!
The opposing Venusaur's Attack fell!
Turn 21
You have 150 seconds to make your decision.
Skywalker used Stone Edge!
The opposing Venusaur lost 43% of its health!
The opposing Venusaur used Giga Drain!
Skywalker lost 50.8% of its health!
Skywalker had its energy drained!
The opposing Venusaur was hurt by its burn!
Turn 22
You have 150 seconds to make your decision.
Skywalker used Stone Edge!
The opposing Venusaur lost 23% of its health!
The opposing Venusaur fainted!
thelordsoto14 sent out Thundurus-Therian!
Pointed stones dug into the opposing Thundurus-Therian!
Turn 23
You have 150 seconds to make your decision.
Skywalker used Stone Edge!
It's super effective! The opposing Thundurus-Therian lost 66% of its health!
The opposing Thundurus-Therian fainted!
thelordsoto14 sent out Swampert (Swampert-Mega)!
Pointed stones dug into the opposing Swampert!
Turn 24
You have 150 seconds to make your decision.
Skywalker, come back!
Go! Kenmore (Rotom-Wash)!
The opposing Swampert used Waterfall!
It's not very effective... Kenmore lost 18.8% of its health!
Kenmore restored a little HP using its Leftovers!
Turn 25
You have 150 seconds to make your decision.
thelordsoto14 withdrew Swampert (Swampert-Mega)!
thelordsoto14 sent out Wobbuffet!
Pointed stones dug into the opposing Wobbuffet!
Kenmore used Hydro Pump!
The opposing Wobbuffet avoided the attack!
Kenmore restored a little HP using its Leftovers!
Turn 26
You have 150 seconds to make your decision.
Kenmore used Hydro Pump!
The opposing Wobbuffet avoided the attack!
The opposing Wobbuffet used Encore!
Kenmore received an encore!
Kenmore restored a little HP using its Leftovers!
Turn 27
You have 150 seconds to make your decision.
Kenmore used Hydro Pump!
The opposing Wobbuffet avoided the attack!
The opposing Wobbuffet used Mirror Coat!
But it failed!
Turn 28
You have 150 seconds to make your decision.
Kenmore used Hydro Pump!
A critical hit! The opposing Wobbuffet lost 34% of its health!
The opposing Wobbuffet used Mirror Coat!
Kenmore lost 100% of its health!
Kenmore fainted!
You have 150 seconds to make your decision.
Go! Skywalker (Landorus-Therian)!
Skywalker intimidates the opposing Wobbuffet!
The opposing Wobbuffet's Attack fell!
Turn 29
You have 150 seconds to make your decision.
Skywalker used Earthquake!
The opposing Wobbuffet lost 18% of its health!
The opposing Wobbuffet fainted!
thelordsoto14 sent out Swampert (Swampert-Mega)!
Pointed stones dug into the opposing Swampert!
Turn 30
You have 150 seconds to make your decision.
Skywalker used Earthquake!
The opposing Swampert lost 28.0% of its health!
The opposing Swampert fainted!
asdf7021random won the battle!
Ladder updating...
asdf7021random's rating: 1096 → 1121
(+25 for winning)
thelordsoto14's rating: 1093 → 1069
(-24 for losing)
★asdf7021random: gg
thelordsoto14 left.