|join|Lizardons
|join|srk1214
|player|p1|Lizardons|260
|player|p2|srk1214|2
|gametype|doubles
|gen|6
|tier|Smogon Doubles (current)
|rated
|rule|Species Clause: Limit one of each Pokémon
|rule|OHKO Clause: OHKO moves are banned
|rule|Moody Clause: Moody is banned
|rule|Evasion Abilities Clause: Evasion abilities are banned
|rule|Evasion Moves Clause: Evasion moves are banned
|rule|Endless Battle Clause: Forcing endless battles is banned
|rule|HP Percentage Mod: HP is shown in percentages
|clearpoke
|poke|p1|Charizard, M
|poke|p1|Cresselia, F, shiny
|poke|p1|Landorus-Therian, M
|poke|p1|Aegislash, M
|poke|p1|Rotom-Wash
|poke|p1|Machamp, F
|poke|p2|Raikou
|poke|p2|Salamence, M
|poke|p2|Jirachi
|poke|p2|Rotom-Wash
|poke|p2|Suicune
|poke|p2|Amoonguss, F
|teampreview
|c|★Lizardons|gl
|
|start
|switch|p1a: Lizardon|Charizard, M|297\/297
|switch|p1b: Ms.Roids|Machamp, F|384\/384
|switch|p2a: Salamence|Salamence, M|394\/394
|switch|p2b: Raikou|Raikou|330\/330
|-ability|p2b: Raikou|Pressure
|-ability|p2a: Salamence|Intimidate|[of] p1a: Lizardon
|-unboost|p1a: Lizardon|atk|1
|-ability|p2a: Salamence|Intimidate|[of] p1b: Ms.Roids
|-unboost|p1b: Ms.Roids|atk|1
|turn|1
|
|switch|p1a: Scruffy|Landorus-Therian, M|336\/336
|-ability|p1a: Scruffy|Intimidate|[of] p2a: Salamence
|-unboost|p2a: Salamence|atk|1
|-ability|p1a: Scruffy|Intimidate|[of] p2b: Raikou
|-unboost|p2b: Raikou|atk|1
|detailschange|p2a: Salamence|Salamence-Mega, M
|message|Salamence has Mega Evolved into Mega Salamence!
|move|p2b: Raikou|Thunderbolt|p1a: Scruffy
|-immune|p1a: Scruffy|[msg]
|move|p2a: Salamence|Return|p1b: Ms.Roids
|-supereffective|p1b: Ms.Roids
|-damage|p1b: Ms.Roids|42\/384
|move|p1b: Ms.Roids|Ice Punch|p2a: Salamence
|-supereffective|p2a: Salamence
|-damage|p2a: Salamence|182\/394
|
|turn|2
|join|TAPE
|
|switch|p1b: SmogonWash|Rotom-Wash|304\/304
|move|p2a: Salamence|Protect|p2a: Salamence
|-singleturn|p2a: Salamence|Protect
|move|p1a: Scruffy|Earthquake|p2a: Salamence
|-immune|p1b: SmogonWash|[msg]
|-immune|p2a: Salamence|[msg]
|-crit|p2b: Raikou
|-supereffective|p2b: Raikou
|-damage|p2b: Raikou|0 fnt
|faint|p2b: Raikou
|
|
|switch|p2b: Amoonguss|Amoonguss, F|432\/432
|turn|3
|
|switch|p1a: Ms.Roids|Machamp, F|42\/384
|move|p2b: Amoonguss|Rage Powder|p2b: Amoonguss
|-start|p2b: Amoonguss|move: Rage Powder
|move|p2a: Salamence|Dragon Dance|p2a: Salamence
|-boost|p2a: Salamence|atk|1
|-boost|p2a: Salamence|spe|1
|move|p1b: SmogonWash|Will-O-Wisp|p2a: Salamence
|-status|p2b: Amoonguss|brn
|
|-damage|p2b: Amoonguss|378\/432 brn|[from] brn
|turn|4
|
|move|p2a: Salamence|Return|p1a: Ms.Roids
|-supereffective|p1a: Ms.Roids
|-damage|p1a: Ms.Roids|0 fnt
|faint|p1a: Ms.Roids
|move|p1b: SmogonWash|Will-O-Wisp|p2a: Salamence
|-status|p2a: Salamence|brn
|move|p2b: Amoonguss|Spore|p1b: SmogonWash
|-status|p1b: SmogonWash|slp
|
|-damage|p2a: Salamence|133\/394 brn|[from] brn
|-damage|p2b: Amoonguss|324\/432 brn|[from] brn
|
|switch|p1a: Scruffy|Landorus-Therian, M|336\/336
|-ability|p1a: Scruffy|Intimidate|[of] p2a: Salamence
|-unboost|p2a: Salamence|atk|1
|-ability|p1a: Scruffy|Intimidate|[of] p2b: Amoonguss
|-unboost|p2b: Amoonguss|atk|1
|turn|5
|
|cant|p1b: SmogonWash|slp
|move|p2a: Salamence|Roost|p2a: Salamence
|-heal|p2a: Salamence|330\/394 brn
|move|p1a: Scruffy|Rock Slide|p2b: Amoonguss
|-damage|p2a: Salamence|269\/394 brn
|-miss|p1a: Scruffy|p2b: Amoonguss
|move|p2b: Amoonguss|Spore|p1a: Scruffy
|-status|p1a: Scruffy|slp
|
|-damage|p2a: Salamence|220\/394 brn|[from] brn
|-damage|p2b: Amoonguss|270\/432 brn|[from] brn
|turn|6
|
|move|p2a: Salamence|Dragon Dance|p2a: Salamence
|-boost|p2a: Salamence|atk|1
|-boost|p2a: Salamence|spe|1
|cant|p1a: Scruffy|slp
|cant|p1b: SmogonWash|slp
|move|p2b: Amoonguss|Giga Drain|p1b: SmogonWash
|-supereffective|p1b: SmogonWash
|-damage|p1b: SmogonWash|196\/304 slp
|-heal|p2b: Amoonguss|324\/432 brn|[from] drain|[of] p1b: SmogonWash
|
|-heal|p1b: SmogonWash|215\/304 slp|[from] item: Leftovers
|-damage|p2a: Salamence|171\/394 brn|[from] brn
|-damage|p2b: Amoonguss|270\/432 brn|[from] brn
|turn|7
|
|move|p2a: Salamence|Roost|p2a: Salamence
|-heal|p2a: Salamence|368\/394 brn
|-curestatus|p1a: Scruffy|slp
|move|p1a: Scruffy|Rock Slide|p2b: Amoonguss
|-damage|p2a: Salamence|308\/394 brn
|-damage|p2b: Amoonguss|187\/432 brn
|-enditem|p2b: Amoonguss|Sitrus Berry|[eat]
|-heal|p2b: Amoonguss|295\/432 brn|[from] item: Sitrus Berry
|cant|p1b: SmogonWash|slp
|move|p2b: Amoonguss|Giga Drain|p1b: SmogonWash
|-supereffective|p1b: SmogonWash
|-damage|p1b: SmogonWash|99\/304 slp
|-heal|p2b: Amoonguss|353\/432 brn|[from] drain|[of] p1b: SmogonWash
|
|-heal|p1b: SmogonWash|118\/304 slp|[from] item: Leftovers
|-damage|p2a: Salamence|259\/394 brn|[from] brn
|-damage|p2b: Amoonguss|299\/432 brn|[from] brn
|turn|8
|
|switch|p1b: Lizardon|Charizard, M|297\/297
|move|p2b: Amoonguss|Rage Powder|p2b: Amoonguss
|-start|p2b: Amoonguss|move: Rage Powder
|move|p2a: Salamence|Dragon Dance|p2a: Salamence
|-boost|p2a: Salamence|atk|1
|-boost|p2a: Salamence|spe|1
|move|p1a: Scruffy|Rock Slide|p2b: Amoonguss
|-supereffective|p2a: Salamence
|-damage|p2a: Salamence|129\/394 brn
|-crit|p2b: Amoonguss
|-damage|p2b: Amoonguss|171\/432 brn
|
|-damage|p2a: Salamence|80\/394 brn|[from] brn
|-damage|p2b: Amoonguss|117\/432 brn|[from] brn
|turn|9
|
|switch|p1a: SmogonWash|Rotom-Wash|118\/304 slp
|detailschange|p1b: Lizardon|Charizard-Mega-Y, M
|message|Charizard has Mega Evolved into Mega Charizard!
|-weather|SunnyDay
|move|p2b: Amoonguss|Rage Powder|p2b: Amoonguss
|-start|p2b: Amoonguss|move: Rage Powder
|move|p2a: Salamence|Roost|p2a: Salamence
|-heal|p2a: Salamence|277\/394 brn
|move|p1b: Lizardon|Heat Wave|p2a: Salamence
|-miss|p1b: Lizardon|p2a: Salamence
|-supereffective|p2b: Amoonguss
|-damage|p2b: Amoonguss|0 fnt
|faint|p2b: Amoonguss
|
|-weather|SunnyDay|[upkeep]
|-heal|p1a: SmogonWash|137\/304 slp|[from] item: Leftovers
|-damage|p2a: Salamence|228\/394 brn|[from] brn
|
|switch|p2b: Rotom-Wash|Rotom-Wash|304\/304
|turn|10
|
|switch|p1b: MoonDuck|Cresselia, F, shiny|444\/444
|switch|p1a: Scruffy|Landorus-Therian, M|336\/336
|-ability|p1a: Scruffy|Intimidate|[of] p2a: Salamence
|-unboost|p2a: Salamence|atk|1
|-ability|p1a: Scruffy|Intimidate|[of] p2b: Rotom-Wash
|-unboost|p2b: Rotom-Wash|atk|1
|move|p2a: Salamence|Dragon Dance|p2a: Salamence
|-boost|p2a: Salamence|atk|1
|-boost|p2a: Salamence|spe|1
|move|p2b: Rotom-Wash|Thunderbolt|p1b: MoonDuck
|-damage|p1b: MoonDuck|362\/444
|
|-weather|SunnyDay|[upkeep]
|-heal|p1b: MoonDuck|389\/444|[from] item: Leftovers
|-damage|p2a: Salamence|179\/394 brn|[from] brn
|turn|11
|
|switch|p1a: SmogonWash|Rotom-Wash|137\/304 slp
|move|p2a: Salamence|Roost|p2a: Salamence
|-heal|p2a: Salamence|376\/394 brn
|move|p2b: Rotom-Wash|Will-O-Wisp|p1a: SmogonWash
|-fail|p1a: SmogonWash
|move|p1b: MoonDuck|Icy Wind|p2b: Rotom-Wash
|-supereffective|p2a: Salamence
|-damage|p2a: Salamence|320\/394 brn
|-unboost|p2a: Salamence|spe|1
|-resisted|p2b: Rotom-Wash
|-damage|p2b: Rotom-Wash|293\/304
|-unboost|p2b: Rotom-Wash|spe|1
|
|-weather|SunnyDay|[upkeep]
|-heal|p1a: SmogonWash|156\/304 slp|[from] item: Leftovers
|-heal|p1b: MoonDuck|416\/444|[from] item: Leftovers
|-damage|p2a: Salamence|271\/394 brn|[from] brn
|turn|12
|
|switch|p1a: Breaker|Aegislash, M|324\/324
|move|p2a: Salamence|Roost|p2a: Salamence
|-heal|p2a: Salamence|394\/394 brn
|move|p1b: MoonDuck|Icy Wind|p2b: Rotom-Wash
|-supereffective|p2a: Salamence
|-damage|p2a: Salamence|344\/394 brn
|-unboost|p2a: Salamence|spe|1
|-resisted|p2b: Rotom-Wash
|-damage|p2b: Rotom-Wash|283\/304
|-unboost|p2b: Rotom-Wash|spe|1
|move|p2b: Rotom-Wash|Will-O-Wisp|p1b: MoonDuck
|-status|p1b: MoonDuck|brn
|
|-weather|SunnyDay|[upkeep]
|-heal|p1b: MoonDuck|443\/444 brn|[from] item: Leftovers
|-damage|p2a: Salamence|295\/394 brn|[from] brn
|-damage|p1b: MoonDuck|388\/444 brn|[from] brn
|turn|13
|
|move|p2a: Salamence|Roost|p2a: Salamence
|-heal|p2a: Salamence|394\/394 brn
|move|p1b: MoonDuck|Icy Wind|p2b: Rotom-Wash
|-supereffective|p2a: Salamence
|-damage|p2a: Salamence|340\/394 brn
|-unboost|p2a: Salamence|spe|1
|-resisted|p2b: Rotom-Wash
|-damage|p2b: Rotom-Wash|272\/304
|-unboost|p2b: Rotom-Wash|spe|1
|-formechange|p1a: Breaker|Aegislash-Blade
|move|p1a: Breaker|Shadow Ball|p2a: Salamence
|-damage|p2a: Salamence|174\/394 brn
|-unboost|p2a: Salamence|spd|1
|move|p2b: Rotom-Wash|Will-O-Wisp|p1a: Breaker
|-status|p1a: Breaker|brn
|
|-weather|none
|-heal|p1b: MoonDuck|415\/444 brn|[from] item: Leftovers
|-damage|p2a: Salamence|125\/394 brn|[from] brn
|-damage|p1b: MoonDuck|360\/444 brn|[from] brn
|-damage|p1a: Breaker|284\/324 brn|[from] brn
|turn|14
|
|move|p2a: Salamence|Return|p1a: Breaker
|-resisted|p1a: Breaker
|-damage|p1a: Breaker|150\/324 brn
|move|p1b: MoonDuck|Icy Wind|p2b: Rotom-Wash
|-supereffective|p2a: Salamence
|-damage|p2a: Salamence|0 fnt
|-resisted|p2b: Rotom-Wash
|-damage|p2b: Rotom-Wash|262\/304
|-unboost|p2b: Rotom-Wash|spe|1
|faint|p2a: Salamence
|move|p1a: Breaker|Shadow Ball|p2b: Rotom-Wash
|-damage|p2b: Rotom-Wash|111\/304
|-enditem|p2b: Rotom-Wash|Sitrus Berry|[eat]
|-heal|p2b: Rotom-Wash|187\/304|[from] item: Sitrus Berry
|move|p2b: Rotom-Wash|Thunderbolt|p1a: Breaker
|-damage|p1a: Breaker|0 fnt
|faint|p1a: Breaker
|
|-heal|p1b: MoonDuck|387\/444 brn|[from] item: Leftovers
|-damage|p1b: MoonDuck|332\/444 brn|[from] brn
|
|switch|p2a: Jirachi|Jirachi|404\/404
|switch|p1a: SmogonWash|Rotom-Wash|156\/304 slp
|turn|15
|
|move|p2a: Jirachi|Icy Wind|p1b: MoonDuck
|-resisted|p1a: SmogonWash
|-damage|p1a: SmogonWash|146\/304 slp
|-unboost|p1a: SmogonWash|spe|1
|-damage|p1b: MoonDuck|315\/444 brn
|-unboost|p1b: MoonDuck|spe|1
|-curestatus|p1a: SmogonWash|slp
|move|p1a: SmogonWash|Will-O-Wisp|p2b: Rotom-Wash
|-status|p2b: Rotom-Wash|brn
|move|p1b: MoonDuck|Icy Wind|p2b: Rotom-Wash
|-resisted|p2a: Jirachi
|-damage|p2a: Jirachi|394\/404
|-unboost|p2a: Jirachi|spe|1
|-resisted|p2b: Rotom-Wash
|-damage|p2b: Rotom-Wash|177\/304 brn
|-unboost|p2b: Rotom-Wash|spe|1
|move|p2b: Rotom-Wash|Thunderbolt|p1a: SmogonWash
|-damage|p1a: SmogonWash|40\/304
|
|-heal|p1a: SmogonWash|59\/304|[from] item: Leftovers
|-heal|p1b: MoonDuck|342\/444 brn|[from] item: Leftovers
|-damage|p1b: MoonDuck|287\/444 brn|[from] brn
|-damage|p2b: Rotom-Wash|139\/304 brn|[from] brn
|turn|16
|
|move|p2a: Jirachi|Protect|p2a: Jirachi
|-singleturn|p2a: Jirachi|Protect
|move|p1a: SmogonWash|Protect|p1a: SmogonWash
|-singleturn|p1a: SmogonWash|Protect
|move|p1b: MoonDuck|Icy Wind|p2b: Rotom-Wash
|-activate|p2a: Jirachi|Protect
|-resisted|p2b: Rotom-Wash
|-damage|p2b: Rotom-Wash|128\/304 brn
|-unboost|p2b: Rotom-Wash|spe|1
|move|p2b: Rotom-Wash|Thunderbolt|p1a: SmogonWash
|-activate|p1a: SmogonWash|Protect
|
|-heal|p1a: SmogonWash|78\/304|[from] item: Leftovers
|-heal|p1b: MoonDuck|314\/444 brn|[from] item: Leftovers
|-damage|p1b: MoonDuck|259\/444 brn|[from] brn
|-damage|p2b: Rotom-Wash|90\/304 brn|[from] brn
|turn|17
|
|switch|p1a: Scruffy|Landorus-Therian, M|336\/336
|-ability|p1a: Scruffy|Intimidate|[of] p2a: Jirachi
|-unboost|p2a: Jirachi|atk|1
|-ability|p1a: Scruffy|Intimidate|[of] p2b: Rotom-Wash
|-unboost|p2b: Rotom-Wash|atk|1
|move|p2a: Jirachi|Follow Me|p2a: Jirachi
|move|p1b: MoonDuck|Moonlight|p1b: MoonDuck
|-heal|p1b: MoonDuck|444\/444 brn
|move|p2b: Rotom-Wash|Thunderbolt|p1a: Scruffy
|-immune|p1a: Scruffy|[msg]
|
|-damage|p1b: MoonDuck|389\/444 brn|[from] brn
|-damage|p2b: Rotom-Wash|52\/304 brn|[from] brn
|turn|18
|
|move|p1a: Scruffy|Earthquake|p2b: Rotom-Wash
|-immune|p1b: MoonDuck|[msg]
|-supereffective|p2a: Jirachi
|-damage|p2a: Jirachi|82\/404
|-immune|p2b: Rotom-Wash|[msg]
|move|p2a: Jirachi|Icy Wind|p1a: Scruffy
|-supereffective|p1a: Scruffy
|-damage|p1a: Scruffy|208\/336
|-unboost|p1a: Scruffy|spe|1
|-damage|p1b: MoonDuck|372\/444 brn
|-unboost|p1b: MoonDuck|spe|1
|move|p1b: MoonDuck|Psychic|p2b: Rotom-Wash
|-damage|p2b: Rotom-Wash|0 fnt
|faint|p2b: Rotom-Wash
|
|-heal|p1b: MoonDuck|399\/444 brn|[from] item: Leftovers
|-damage|p1b: MoonDuck|344\/444 brn|[from] brn
|
|switch|p2b: Suicune|Suicune|404\/404
|-ability|p2b: Suicune|Pressure
|turn|19
|
|move|p2a: Jirachi|Follow Me|p2a: Jirachi
|move|p1a: Scruffy|Earthquake|p2b: Suicune
|-immune|p1b: MoonDuck|[msg]
|-supereffective|p2a: Jirachi
|-damage|p2a: Jirachi|0 fnt
|-damage|p2b: Suicune|272\/404
|faint|p2a: Jirachi
|move|p2b: Suicune|Scald|p1a: Scruffy
|-supereffective|p1a: Scruffy
|-damage|p1a: Scruffy|0 fnt
|faint|p1a: Scruffy
|move|p1b: MoonDuck|Icy Wind|p2b: Suicune
|-crit|p2b: Suicune
|-resisted|p2b: Suicune
|-damage|p2b: Suicune|250\/404
|-unboost|p2b: Suicune|spe|1
|
|-heal|p1b: MoonDuck|371\/444 brn|[from] item: Leftovers
|-damage|p1b: MoonDuck|316\/444 brn|[from] brn
|
|switch|p1a: SmogonWash|Rotom-Wash|78\/304
|turn|20
|
|move|p1a: SmogonWash|Will-O-Wisp|p2b: Suicune|[miss]
|-miss|p1a: SmogonWash|p2b: Suicune
|move|p2b: Suicune|Scald|p1a: SmogonWash
|-crit|p1a: SmogonWash
|-resisted|p1a: SmogonWash
|-damage|p1a: SmogonWash|22\/304
|move|p1b: MoonDuck|Psychic|p2b: Suicune
|-damage|p2b: Suicune|181\/404
|-enditem|p2b: Suicune|Sitrus Berry|[eat]
|-heal|p2b: Suicune|282\/404|[from] item: Sitrus Berry
|
|-heal|p1a: SmogonWash|41\/304|[from] item: Leftovers
|-heal|p1b: MoonDuck|343\/444 brn|[from] item: Leftovers
|-damage|p1b: MoonDuck|288\/444 brn|[from] brn
|turn|21
|
|move|p1a: SmogonWash|Will-O-Wisp|p2b: Suicune
|-status|p2b: Suicune|brn
|move|p2b: Suicune|Scald|p1a: SmogonWash
|-resisted|p1a: SmogonWash
|-damage|p1a: SmogonWash|8\/304
|move|p1b: MoonDuck|Psychic|p2b: Suicune
|-crit|p2b: Suicune
|-damage|p2b: Suicune|170\/404 brn
|
|-heal|p1a: SmogonWash|27\/304|[from] item: Leftovers
|-heal|p1b: MoonDuck|315\/444 brn|[from] item: Leftovers
|-damage|p2b: Suicune|120\/404 brn|[from] brn
|-damage|p1b: MoonDuck|260\/444 brn|[from] brn
|turn|22
|
|move|p1a: SmogonWash|Thunderbolt|p2b: Suicune
|-supereffective|p2b: Suicune
|-damage|p2b: Suicune|0 fnt
|faint|p2b: Suicune
|
|win|Lizardons
|raw|Ladder updating...
|raw|Lizardons's rating: 1510 &rarr; <strong>1520<\/strong><br \/>(+10 for winning)
|raw|srk1214's rating: 1314 &rarr; <strong>1304<\/strong><br \/>(-10 for losing)
|leave|srk1214
|player|p2
|leave|Lizardons
|player|p1