|join|punkstor
|join|DeathWave
|player|p1|punkstor|170
|player|p2|DeathWave|30
|gametype|singles
|gen|6
|tier|ORAS OU
|rule|Sleep Clause Mod: Limit one foe put to sleep
|rule|Species Clause: Limit one of each Pokémon
|rule|OHKO Clause: OHKO moves are banned
|rule|Moody Clause: Moody is banned
|rule|Evasion Moves Clause: Evasion moves are banned
|rule|Endless Battle Clause: Forcing endless battles is banned
|rule|HP Percentage Mod: HP is shown in percentages
|clearpoke
|poke|p1|Pidgeot, F
|poke|p1|Excadrill, F
|poke|p1|Slowbro, M
|poke|p1|Tyranitar, M
|poke|p1|Thundurus, M
|poke|p1|Goodra, F
|poke|p2|Pidgeot, M
|poke|p2|Conkeldurr, F
|poke|p2|Keldeo
|poke|p2|Mew
|poke|p2|Bisharp, M
|poke|p2|Skarmory, F
|rule|Swagger Clause: Swagger is banned
|rule|Baton Pass Clause: Limit one Pokémon knowing Baton Pass
|teampreview
|c|★punkstor|touko for thw win :v
|c|★DeathWave|haha
|c|★DeathWave|parar todo eso será demasiado dificil
|
|start
|switch|p1a: Thundurus|Thundurus, M|299\/299
|switch|p2a: Keldeo|Keldeo|322\/322
|turn|1
|
|switch|p2a: Conkeldurr|Conkeldurr, F|381\/381
|move|p1a: Thundurus|Thunderbolt|p2a: Conkeldurr
|-damage|p2a: Conkeldurr|269\/381
|-status|p2a: Conkeldurr|par
|
|turn|2
|
|move|p1a: Thundurus|U-turn|p2a: Conkeldurr
|-resisted|p2a: Conkeldurr
|-damage|p2a: Conkeldurr|239\/381 par
|c|★DeathWave|HUY
|c|★punkstor|mare para q te paralizas :'v
|
|switch|p1a: Pidgeot|Pidgeot, F|308\/308
|move|p2a: Conkeldurr|Knock Off|p1a: Pidgeot
|-damage|p1a: Pidgeot|127\/308
|
|turn|3
|c|★DeathWave|mmm
|
|detailschange|p1a: Pidgeot|Pidgeot-Mega, F
|message|Pidgeot has Mega Evolved into Mega Pidgeot!
|cant|p2a: Conkeldurr|par
|move|p1a: Pidgeot|U-turn|p2a: Conkeldurr
|-resisted|p2a: Conkeldurr
|-damage|p2a: Conkeldurr|217\/381 par
|c|★DeathWave|asuuuu
|c|★punkstor|nuuuu
|c|★DeathWave|esa era definitiva XD
|
|switch|p1a: Goodra|Goodra, F|381\/381
|
|turn|4
|
|switch|p2a: Mew|Mew|379\/379
|move|p1a: Goodra|Draco Meteor|p2a: Mew
|-damage|p2a: Mew|216\/379
|-unboost|p1a: Goodra|spa|2
|
|-heal|p2a: Mew|239\/379|[from] item: Leftovers
|turn|5
|
|switch|p1a: Tyranitar|Tyranitar, M|404\/404
|-weather|Sandstorm
|move|p2a: Mew|Will-O-Wisp|p1a: Tyranitar
|-status|p1a: Tyranitar|brn
|
|-weather|Sandstorm|[upkeep]
|-damage|p2a: Mew|216\/379|[from] sandstorm
|-heal|p2a: Mew|239\/379|[from] item: Leftovers
|-damage|p1a: Tyranitar|354\/404 brn|[from] brn
|turn|6
|
|switch|p1a: Pidgeot|Pidgeot-Mega, F|127\/308
|move|p2a: Mew|Knock Off|p1a: Pidgeot
|-damage|p1a: Pidgeot|63\/308
|
|-weather|Sandstorm|[upkeep]
|-damage|p1a: Pidgeot|44\/308|[from] sandstorm
|-damage|p2a: Mew|216\/379|[from] sandstorm
|-heal|p2a: Mew|239\/379|[from] item: Leftovers
|turn|7
|
|switch|p2a: Skarmory|Skarmory, F|302\/302
|move|p1a: Pidgeot|Hurricane|p2a: Skarmory
|-resisted|p2a: Skarmory
|-damage|p2a: Skarmory|184\/302
|-start|p2a: Skarmory|confusion
|
|-weather|Sandstorm|[upkeep]
|-damage|p1a: Pidgeot|25\/308|[from] sandstorm
|turn|8
|c|★DeathWave|le quita duro
|c|★punkstor|es op
|
|move|p1a: Pidgeot|Heat Wave|p2a: Skarmory
|-supereffective|p2a: Skarmory
|-damage|p2a: Skarmory|0 fnt
|faint|p2a: Skarmory
|
|-weather|Sandstorm|[upkeep]
|-damage|p1a: Pidgeot|6\/308|[from] sandstorm
|c|★DeathWave|confundido para colmo XD
|
|switch|p2a: Conkeldurr|Conkeldurr, F|217\/381 par
|turn|9
|c|★punkstor|hax a miiiiiiii
|
|cant|p2a: Conkeldurr|par
|move|p1a: Pidgeot|Hurricane|p2a: Conkeldurr
|-supereffective|p2a: Conkeldurr
|-damage|p2a: Conkeldurr|0 fnt
|faint|p2a: Conkeldurr
|
|-weather|Sandstorm|[upkeep]
|-damage|p1a: Pidgeot|0 fnt|[from] sandstorm
|faint|p1a: Pidgeot
|c|★punkstor|sehh
|c|★punkstor|xD
|c|★DeathWave|ala eso es mala suerte
|
|switch|p2a: Mew|Mew|239\/379
|switch|p1a: Excadrill|Excadrill, F|362\/362
|turn|10
|
|move|p1a: Excadrill|Return|p2a: Mew
|-damage|p2a: Mew|51\/379
|-damage|p1a: Excadrill|326\/362|[from] item: Life Orb
|move|p2a: Mew|Roost|p2a: Mew
|-heal|p2a: Mew|241\/379
|
|-weather|Sandstorm|[upkeep]
|-damage|p2a: Mew|218\/379|[from] sandstorm
|-heal|p2a: Mew|241\/379|[from] item: Leftovers
|turn|11
|c|★DeathWave|return?
|c|★punkstor|pense q moriria :v
|c|★punkstor|para los rotom
|c|★punkstor|n.n
|
|switch|p2a: Pidgeot|Pidgeot, M|307\/307
|move|p1a: Excadrill|Earthquake|p2a: Pidgeot
|-immune|p2a: Pidgeot|[msg]
|
|-weather|Sandstorm|[upkeep]
|-damage|p2a: Pidgeot|288\/307|[from] sandstorm
|turn|12
|c|★DeathWave|a xuxa
|
|switch|p2a: Keldeo|Keldeo|322\/322
|move|p1a: Excadrill|Iron Head|p2a: Keldeo
|-resisted|p2a: Keldeo
|-damage|p2a: Keldeo|206\/322
|-damage|p1a: Excadrill|290\/362|[from] item: Life Orb
|
|-weather|none
|turn|13
|
|switch|p1a: Slowbro|Slowbro, M|394\/394
|move|p2a: Keldeo|Scald|p1a: Slowbro
|-resisted|p1a: Slowbro
|-damage|p1a: Slowbro|273\/394
|-status|p1a: Slowbro|brn
|
|-heal|p1a: Slowbro|297\/394 brn|[from] item: Leftovers
|-damage|p1a: Slowbro|248\/394 brn|[from] brn
|turn|14
|c|★punkstor|esta batalla la podems subir al grupo xD
|c|★DeathWave|esa paralizada fue malvada XD
|
|switch|p2a: Mew|Mew|241\/379
|move|p1a: Slowbro|Scald|p2a: Mew
|-damage|p2a: Mew|172\/379
|-status|p2a: Mew|brn
|
|-heal|p2a: Mew|195\/379 brn|[from] item: Leftovers
|-heal|p1a: Slowbro|272\/394 brn|[from] item: Leftovers
|-damage|p2a: Mew|148\/379 brn|[from] brn
|-damage|p1a: Slowbro|223\/394 brn|[from] brn
|turn|15
|c|★punkstor|seh
|c|★punkstor|xD
|
|switch|p1a: Tyranitar|Tyranitar, M|354\/404 brn
|-weather|Sandstorm
|move|p2a: Mew|Roost|p2a: Mew
|-heal|p2a: Mew|338\/379 brn
|
|-weather|Sandstorm|[upkeep]
|-damage|p2a: Mew|315\/379 brn|[from] sandstorm
|-heal|p2a: Mew|338\/379 brn|[from] item: Leftovers
|-damage|p2a: Mew|291\/379 brn|[from] brn
|-damage|p1a: Tyranitar|304\/404 brn|[from] brn
|turn|16
|
|move|p2a: Mew|Knock Off|p1a: Tyranitar
|-resisted|p1a: Tyranitar
|-damage|p1a: Tyranitar|286\/404 brn
|-enditem|p1a: Tyranitar|Smooth Rock|[from] move: Knock Off|[of] p2a: Mew
|move|p1a: Tyranitar|Stealth Rock|p2a: Mew
|-sidestart|p2: DeathWave|move: Stealth Rock
|
|-weather|Sandstorm|[upkeep]
|-damage|p2a: Mew|268\/379 brn|[from] sandstorm
|-heal|p2a: Mew|291\/379 brn|[from] item: Leftovers
|-damage|p2a: Mew|244\/379 brn|[from] brn
|-damage|p1a: Tyranitar|236\/404 brn|[from] brn
|turn|17
|
|move|p2a: Mew|Roost|p2a: Mew
|-heal|p2a: Mew|379\/379 brn
|move|p1a: Tyranitar|Pursuit|p2a: Mew
|-supereffective|p2a: Mew
|-damage|p2a: Mew|317\/379 brn
|
|-weather|Sandstorm|[upkeep]
|-damage|p2a: Mew|294\/379 brn|[from] sandstorm
|-heal|p2a: Mew|317\/379 brn|[from] item: Leftovers
|-damage|p2a: Mew|270\/379 brn|[from] brn
|-damage|p1a: Tyranitar|186\/404 brn|[from] brn
|turn|18
|
|switch|p1a: Excadrill|Excadrill, F|290\/362
|move|p2a: Mew|Knock Off|p1a: Excadrill
|-damage|p1a: Excadrill|227\/362
|-enditem|p1a: Excadrill|Life Orb|[from] move: Knock Off|[of] p2a: Mew
|
|-weather|Sandstorm|[upkeep]
|-damage|p2a: Mew|247\/379 brn|[from] sandstorm
|-heal|p2a: Mew|270\/379 brn|[from] item: Leftovers
|-damage|p2a: Mew|223\/379 brn|[from] brn
|turn|19
|
|move|p1a: Excadrill|Earthquake|p2a: Mew
|-damage|p2a: Mew|15\/379 brn
|move|p2a: Mew|Roost|p2a: Mew
|-heal|p2a: Mew|205\/379 brn
|
|-weather|Sandstorm|[upkeep]
|-damage|p2a: Mew|182\/379 brn|[from] sandstorm
|-heal|p2a: Mew|205\/379 brn|[from] item: Leftovers
|-damage|p2a: Mew|158\/379 brn|[from] brn
|turn|20
|
|move|p1a: Excadrill|Return|p2a: Mew
|-crit|p2a: Mew
|-damage|p2a: Mew|0 fnt
|faint|p2a: Mew
|
|-weather|Sandstorm|[upkeep]
|c|★DeathWave|no matabas XD
|c|★punkstor|igual gg
|c|★punkstor|si
|c|★punkstor|oe
|c|★DeathWave|tas que me metes ahx
|c|★punkstor|xD
|c|★punkstor|rng
|c|★punkstor|al fin a mi favor
|c|★DeathWave|tiene 50% menos de fuerza
|c|★DeathWave|por no tener stabç
|c|★DeathWave|XD
|c|★punkstor|damage calculator :v?
|
|switch|p2a: Keldeo|Keldeo|206\/322
|-damage|p2a: Keldeo|186\/322|[from] Stealth Rock
|turn|21
|
|move|p1a: Excadrill|Earthquake|p2a: Keldeo
|-damage|p2a: Keldeo|0 fnt
|faint|p2a: Keldeo
|
|-weather|Sandstorm|[upkeep]
|
|switch|p2a: Bisharp|Bisharp, M|271\/271
|-damage|p2a: Bisharp|255\/271|[from] Stealth Rock
|turn|22
|
|move|p2a: Bisharp|Sucker Punch|p1a: Excadrill
|-damage|p1a: Excadrill|0 fnt
|-damage|p2a: Bisharp|228\/271|[from] item: Life Orb
|faint|p1a: Excadrill
|
|-weather|none
|c|★punkstor|fue un buen juego ya fui xD
|c|★DeathWave|Xd
|c|★DeathWave|ya veremos
|
|switch|p1a: Slowbro|Slowbro, M|354\/394 brn
|turn|23
|
|switch|p2a: Pidgeot|Pidgeot, M|288\/307
|-damage|p2a: Pidgeot|212\/307|[from] Stealth Rock
|move|p1a: Slowbro|Scald|p2a: Pidgeot
|-damage|p2a: Pidgeot|73\/307
|
|-heal|p1a: Slowbro|378\/394 brn|[from] item: Leftovers
|-damage|p1a: Slowbro|329\/394 brn|[from] brn
|turn|24
|
|switch|p1a: Tyranitar|Tyranitar, M|186\/404 brn
|-weather|Sandstorm
|detailschange|p2a: Pidgeot|Pidgeot-Mega, M
|message|Pidgeot has Mega Evolved into Mega Pidgeot!
|move|p2a: Pidgeot|Hurricane|p1a: Tyranitar
|-resisted|p1a: Tyranitar
|-damage|p1a: Tyranitar|134\/404 brn
|
|-weather|Sandstorm|[upkeep]
|-damage|p2a: Pidgeot|54\/307|[from] sandstorm
|-damage|p1a: Tyranitar|84\/404 brn|[from] brn
|turn|25
|c|★DeathWave|me temía esa cosa
|
|move|p2a: Pidgeot|Hidden Power|p1a: Tyranitar
|-supereffective|p1a: Tyranitar
|-damage|p1a: Tyranitar|0 fnt
|faint|p1a: Tyranitar
|
|-weather|Sandstorm|[upkeep]
|-damage|p2a: Pidgeot|35\/307|[from] sandstorm
|
|switch|p1a: Thundurus|Thundurus, M|299\/299
|turn|26
|c|★punkstor|esto es para mi tarea
|c|★punkstor|x)
|c|★DeathWave|Xd
|
|move|p2a: Pidgeot|Uproar|p1a: Thundurus
|-damage|p1a: Thundurus|113\/299
|-start|p2a: Pidgeot|Uproar
|move|p1a: Thundurus|Thunderbolt|p2a: Pidgeot
|-supereffective|p2a: Pidgeot
|-damage|p2a: Pidgeot|0 fnt
|faint|p2a: Pidgeot
|
|-weather|Sandstorm|[upkeep]
|-damage|p1a: Thundurus|95\/299|[from] sandstorm
|-heal|p1a: Thundurus|113\/299|[from] item: Leftovers
|
|switch|p2a: Bisharp|Bisharp, M|228\/271
|-damage|p2a: Bisharp|212\/271|[from] Stealth Rock
|turn|27
|c|★punkstor|dice alex q vieron a tomas " con sus amigos" en otro carro
|c|★punkstor|no me quiere decir quienes 
|
|move|p2a: Bisharp|Sucker Punch|p1a: Thundurus
|-crit|p1a: Thundurus
|-damage|p1a: Thundurus|0 fnt
|-damage|p2a: Bisharp|185\/271|[from] item: Life Orb
|faint|p1a: Thundurus
|
|-weather|Sandstorm|[upkeep]
|c|★punkstor|por cierto mi thundurus no tiene thunder wave :v
|c|★punkstor|me olvide ponerle
|c|★punkstor|xD
|c|★DeathWave|si lo había notado Xd
|
|switch|p1a: Slowbro|Slowbro, M|394\/394 brn
|turn|28
|c|★punkstor|arde papi
|
|move|p2a: Bisharp|Sucker Punch|p1a: Slowbro
|-supereffective|p1a: Slowbro
|-damage|p1a: Slowbro|111\/394 brn
|-damage|p2a: Bisharp|158\/271|[from] item: Life Orb
|move|p1a: Slowbro|Scald|p2a: Bisharp
|-damage|p2a: Bisharp|34\/271
|
|-weather|none
|-heal|p1a: Slowbro|135\/394 brn|[from] item: Leftovers
|-damage|p1a: Slowbro|86\/394 brn|[from] brn
|turn|29
|c|★DeathWave|ala
|c|★DeathWave|aguantó
|c|★DeathWave|no me percaté
|c|★DeathWave|que aun tenias el objeto
|c|★punkstor|obvis lol
|
|move|p2a: Bisharp|Knock Off|p1a: Slowbro
|-supereffective|p1a: Slowbro
|-damage|p1a: Slowbro|0 fnt
|-enditem|p1a: Slowbro|Leftovers|[from] move: Knock Off|[of] p2a: Bisharp
|-damage|p2a: Bisharp|7\/271|[from] item: Life Orb
|faint|p1a: Slowbro
|
|c|★punkstor|eso t ba  decr
|
|switch|p1a: Goodra|Goodra, F|381\/381
|turn|30
|c|★DeathWave|igual este te salvaba
|c|★punkstor|se gentil
|c|★punkstor|:$
|c|★DeathWave|el hax me jodió todo XD
|c|★punkstor|te dare EQ
|c|★punkstor|mi goodra tiene terremoto
|c|★punkstor|:v
|c|★DeathWave|eres más rápido
|
|move|p2a: Bisharp|Knock Off|p1a: Goodra
|-damage|p1a: Goodra|65\/381
|-enditem|p1a: Goodra|Assault Vest|[from] move: Knock Off|[of] p2a: Bisharp
|-damage|p2a: Bisharp|0 fnt|[from] item: Life Orb
|faint|p2a: Bisharp
|
|win|punkstor
|c|★DeathWave|puto hax XD
|c|★punkstor|no se vio mi terremoto
|c|★punkstor|XD
|c|★DeathWave|buena batalla igual
|c|★punkstor|seh
|c|★DeathWave|se mató antes
|c|★punkstor|pideot op