bousheesnaw joined.
alexanderwood joined.
Format:
OU
Rated battle
Swagger Clause: Swagger is banned
Baton Pass Clause: Limit one Pokémon knowing Baton Pass
Sleep Clause Mod: Limit one foe put to sleep
Species Clause: Limit one of each Pokémon
OHKO Clause: OHKO moves are banned
Moody Clause: Moody is banned
Evasion Moves Clause: Evasion moves are banned
Endless Battle Clause: Forcing endless battles is banned
HP Percentage Mod: HP is shown in percentages
bousheesnaw's team:
Lopunny / Rotom-Wash / Landorus-Therian / Scizor / Heatran / Latios
alexanderwood's team:
Drifblim / Basculin / Scolipede / Salamence / Vileplume / Jolteon
Battle timer is now ON: inactive players will automatically lose when time's up. (requested by bousheesnaw)
You have 150 seconds to make your decision.
Battle between bousheesnaw and alexanderwood started!
Go! Lola (Lopunny)!
alexanderwood sent out Basculin!
Turn 1
You have 150 seconds to make your decision.
alexanderwood has 120 seconds left.
Lola's Lopunnite is reacting to bousheesnaw's Mega Bracelet!
Lola has Mega Evolved into Mega Lopunny!
Lola used Return!
The opposing Basculin lost 94% of its health!
The opposing Basculin used Waterfall!
Lola lost 85.6% of its health!
Turn 2
You have 150 seconds to make your decision.
Lola used Return!
The opposing Basculin lost 6% of its health!
The opposing Basculin fainted!
alexanderwood sent out Scolipede!
Turn 3
You have 150 seconds to make your decision.
The opposing Scolipede used Protect!
The opposing Scolipede protected itself!
Lola used Return!
The opposing Scolipede protected itself!
The opposing Scolipede's Speed Boost raised its Speed!
Turn 4
You have 150 seconds to make your decision.
The opposing Scolipede used Earthquake!
Lola lost 14.4% of its health!
Lola fainted!
The opposing Scolipede's Speed Boost raised its Speed!
You have 150 seconds to make your decision.
Go! Kenmore (Rotom-Wash)!
Turn 5
You have 150 seconds to make your decision.
Kenmore, come back!
Go! Red Eye (Latios)!
The opposing Scolipede used Poison Jab!
Red Eye lost 56.6% of its health!
The opposing Scolipede's Speed Boost raised its Speed!
Turn 6
You have 150 seconds to make your decision.
alexanderwood has 120 seconds left.
The opposing Scolipede used Poison Jab!
Red Eye lost 43.4% of its health!
Red Eye fainted!
The opposing Scolipede's Speed Boost raised its Speed!
You have 150 seconds to make your decision.
Go! Kenmore (Rotom-Wash)!
Turn 7
You have 150 seconds to make your decision.
The opposing Scolipede used Poison Jab!
Kenmore lost 28.0% of its health!
Kenmore used Hydro Pump!
The opposing Scolipede lost 72% of its health!
Kenmore restored a little HP using its Leftovers!
The opposing Scolipede's Speed Boost raised its Speed!
Turn 8
You have 150 seconds to make your decision.
The opposing Scolipede used Protect!
The opposing Scolipede protected itself!
Kenmore used Hydro Pump!
The opposing Scolipede protected itself!
Kenmore restored a little HP using its Leftovers!
The opposing Scolipede's Speed Boost raised its Speed!
Turn 9
You have 150 seconds to make your decision.
The opposing Scolipede used Poison Jab!
Kenmore lost 30.6% of its health!
Kenmore used Hydro Pump!
The opposing Scolipede avoided the attack!
Kenmore restored a little HP using its Leftovers!
Turn 10
You have 150 seconds to make your decision.
The opposing Scolipede used Poison Jab!
A critical hit! Kenmore lost 46.7% of its health!
Kenmore was poisoned!
Kenmore used Hydro Pump!
The opposing Scolipede avoided the attack!
Kenmore restored a little HP using its Leftovers!
Kenmore was hurt by poison!
Turn 11
You have 150 seconds to make your decision.
The opposing Scolipede used Poison Jab!
Kenmore lost 7.2% of its health!
Kenmore fainted!
You have 150 seconds to make your decision.
Go! Magma Gazer (Heatran)!
Turn 12
You have 150 seconds to make your decision.
The opposing Scolipede used Earthquake!
It's super effective! Magma Gazer lost 100% of its health!
Magma Gazer fainted!
You have 150 seconds to make your decision.
Go! Skywalker (Landorus-Therian)!
Skywalker intimidates the opposing Scolipede!
The opposing Scolipede's Attack fell!
Turn 13
You have 150 seconds to make your decision.
The opposing Scolipede used Poison Jab!
It's not very effective... Skywalker lost 14.8% of its health!
Skywalker used U-turn!
It's not very effective... The opposing Scolipede lost 19% of its health!
You have 150 seconds to make your decision.
Skywalker went back to bousheesnaw!
Go! Red Bullet (Scizor)!
Turn 14
You have 150 seconds to make your decision.
The opposing Scolipede used Earthquake!
Red Bullet lost 19.2% of its health!
Red Bullet used U-turn!
It's not very effective... The opposing Scolipede lost 9% of its health!
The opposing Scolipede fainted!
You have 150 seconds to make your decision.
Red Bullet went back to bousheesnaw!
Go! Skywalker (Landorus-Therian)!
alexanderwood sent out Drifblim!
Turn 15
You have 150 seconds to make your decision.
Skywalker used Stone Edge!
The opposing Drifblim avoided the attack!
The opposing Drifblim used Shadow Ball!
A critical hit! Skywalker lost 66.5% of its health!
The opposing Drifblim was burned by the Flame Orb!
Turn 16
You have 150 seconds to make your decision.
alexanderwood has 120 seconds left.
Skywalker used Stone Edge!
It's super effective! The opposing Drifblim lost 91% of its health!
The opposing Drifblim used Shadow Ball!
Skywalker lost 18.8% of its health!
Skywalker fainted!
The opposing Drifblim was hurt by its burn!
The opposing Drifblim fainted!
You have 150 seconds to make your decision.
alexanderwood has 120 seconds left.
alexanderwood has 90 seconds left.
alexanderwood has 60 seconds left.
alexanderwood sent out Jolteon!
Go! Red Bullet (Scizor)!
The opposing Jolteon floats in the air with its Air Balloon!
Turn 17
You have 150 seconds to make your decision.
Red Bullet used Bullet Punch!
It's not very effective... The opposing Jolteon lost 50% of its health!
The opposing Jolteon's Air Balloon popped!
The opposing Jolteon used Thunder!
Red Bullet avoided the attack!
Turn 18
You have 150 seconds to make your decision.
Red Bullet used Bullet Punch!
It's not very effective... The opposing Jolteon lost 50% of its health!
The opposing Jolteon fainted!
alexanderwood has 120 seconds left.
alexanderwood sent out Vileplume!
Turn 19
You have 150 seconds to make your decision.
Red Bullet used Bullet Punch!
A critical hit! The opposing Vileplume lost 78% of its health!
The opposing Vileplume used Sleep Powder!
Red Bullet fell asleep!
The opposing Vileplume restored HP using its Black Sludge!
Turn 20
You have 150 seconds to make your decision.
alexanderwood withdrew Vileplume!
alexanderwood sent out Salamence!
Red Bullet is fast asleep.
Turn 21
You have 150 seconds to make your decision.
Red Bullet woke up!
Red Bullet used Bullet Punch!
The opposing Salamence lost 68% of its health!
The opposing Salamence used Dragon Dance!
The opposing Salamence's Attack rose!
The opposing Salamence's Speed rose!
Turn 22
You have 150 seconds to make your decision.
Red Bullet used Bullet Punch!
The opposing Salamence lost 32% of its health!
The opposing Salamence fainted!
alexanderwood sent out Vileplume!
Turn 23
You have 150 seconds to make your decision.
Red Bullet used Bullet Punch!
The opposing Vileplume lost 28.0% of its health!
The opposing Vileplume fainted!
bousheesnaw won the battle!
Ladder updating...
★bousheesnaw: gg
bousheesnaw's rating: 1219 → 1239
(+20 for winning)
alexanderwood's rating: 1148 → 1128
(-20 for losing)
alexanderwood left.