bousheesnaw joined.
YASSSS joined.
Format:
OU
Rated battle
Swagger Clause: Swagger is banned
Baton Pass Clause: Limit one Pokémon knowing Baton Pass
Sleep Clause Mod: Limit one foe put to sleep
Species Clause: Limit one of each Pokémon
OHKO Clause: OHKO moves are banned
Moody Clause: Moody is banned
Evasion Moves Clause: Evasion moves are banned
Endless Battle Clause: Forcing endless battles is banned
HP Percentage Mod: HP is shown in percentages
bousheesnaw's team:
Lopunny / Rotom-Wash / Landorus-Therian / Scizor / Heatran / Latios
YASSSS's team:
Trevenant / Pidgeot / Ferrothorn / Celebi / Garchomp / Starmie
Battle timer is now ON: inactive players will automatically lose when time's up. (requested by bousheesnaw)
You have 150 seconds to make your decision.
Battle between bousheesnaw and YASSSS started!
Go! Lola (Lopunny)!
YASSSS sent out Ferrothorn!
Turn 1
You have 150 seconds to make your decision.
Lola's Lopunnite is reacting to bousheesnaw's Mega Bracelet!
Lola has Mega Evolved into Mega Lopunny!
Lola used High Jump Kick!
It's super effective! The opposing Ferrothorn lost 100% of its health!
Lola is hurt by the opposing Ferrothorn's Iron Barbs!
The opposing Ferrothorn fainted!
YASSSS sent out Garchomp!
Turn 2
You have 150 seconds to make your decision.
The opposing Garchomp used Dragon Claw!
Lola lost 58.7% of its health!
Lola used Ice Punch!
It's super effective! The opposing Garchomp lost 99% of its health!
Lola is hurt by the opposing Garchomp's Rough Skin!
Turn 3
You have 150 seconds to make your decision.
Lola, come back!
Go! Red Bullet (Scizor)!
The opposing Garchomp used Dragon Claw!
It's not very effective... Red Bullet lost 23.0% of its health!
Turn 4
You have 150 seconds to make your decision.
YASSSS withdrew Garchomp!
YASSSS sent out Celebi!
Red Bullet used U-turn!
It's super effective! The opposing Celebi lost 100% of its health!
The opposing Celebi fainted!
You have 150 seconds to make your decision.
Red Bullet went back to bousheesnaw!
Go! Skywalker (Landorus-Therian)!
YASSSS sent out Pidgeot!
Turn 5
You have 150 seconds to make your decision.
The opposing Pidgeot's Pidgeotite is reacting to YASSSS's Mega Bracelet!
The opposing Pidgeot has Mega Evolved into Mega Pidgeot!
Skywalker used Stone Edge!
It's super effective! The opposing Pidgeot lost 93% of its health!
The opposing Pidgeot used Hidden Power!
It's super effective! Skywalker lost 100% of its health!
Skywalker fainted!
You have 150 seconds to make your decision.
Go! Lola (Lopunny-Mega)!
Turn 6
You have 150 seconds to make your decision.
Lola used High Jump Kick!
The opposing Pidgeot lost 7.0% of its health!
The opposing Pidgeot fainted!
YASSSS sent out Garchomp!
Turn 7
You have 150 seconds to make your decision.
Lola, come back!
Go! Red Bullet (Scizor)!
The opposing Garchomp used Fire Fang!
It's super effective! Red Bullet lost 77.0% of its health!
Red Bullet fainted!
You have 150 seconds to make your decision.
Go! Kenmore (Rotom-Wash)!
Turn 8
You have 150 seconds to make your decision.
YASSSS withdrew Garchomp!
YASSSS sent out Starmie!
Kenmore, come back!
Go! Magma Gazer (Heatran)!
Turn 9
You have 150 seconds to make your decision.
The opposing Starmie used Surf!
It's super effective! Magma Gazer lost 37.4% of its health!
Magma Gazer used Earth Power!
The opposing Starmie lost 29.0% of its health!
The opposing Starmie restored a little HP using its Leftovers!
Magma Gazer restored a little HP using its Leftovers!
Turn 10
You have 150 seconds to make your decision.
The opposing Starmie used Confuse Ray!
Magma Gazer became confused!
Magma Gazer is confused!
Magma Gazer used Stealth Rock!
Pointed stones float in the air around the opposing team!
The opposing Starmie restored a little HP using its Leftovers!
Magma Gazer restored a little HP using its Leftovers!
Turn 11
You have 150 seconds to make your decision.
Magma Gazer, come back!
Go! Red Eye (Latios)!
The opposing Starmie used Rapid Spin!
Red Eye lost 5.0% of its health!
The pointed stones disappeared from around the opposing team!
The opposing Starmie restored a little HP using its Leftovers!
Turn 12
You have 150 seconds to make your decision.
The opposing Starmie used Confuse Ray!
Red Eye became confused!
Red Eye is confused!
Red Eye used Psyshock!
It's not very effective... The opposing Starmie lost 35% of its health!
Red Eye lost some of its HP!
The opposing Starmie restored a little HP using its Leftovers!
Turn 13
You have 150 seconds to make your decision.
The opposing Starmie used Recover!
The opposing Starmie regained health!
Red Eye is confused!
It hurt itself in its confusion!
Turn 14
You have 150 seconds to make your decision.
The opposing Starmie used Surf!
It's not very effective... Red Eye lost 15.9% of its health!
Red Eye snapped out of its confusion.
Red Eye used Psyshock!
It's not very effective... The opposing Starmie lost 33% of its health!
Red Eye lost some of its HP!
The opposing Starmie restored a little HP using its Leftovers!
Turn 15
You have 150 seconds to make your decision.
The opposing Starmie used Confuse Ray!
Red Eye became confused!
Red Eye is confused!
Red Eye used Roost!
Red Eye regained health!
The opposing Starmie restored a little HP using its Leftovers!
Turn 16
You have 150 seconds to make your decision.
The opposing Starmie used Surf!
It's not very effective... Red Eye lost 16.9% of its health!
Red Eye snapped out of its confusion.
Red Eye used Psyshock!
It's not very effective... The opposing Starmie lost 33% of its health!
Red Eye lost some of its HP!
The opposing Starmie restored a little HP using its Leftovers!
Turn 17
You have 150 seconds to make your decision.
The opposing Starmie used Confuse Ray!
Red Eye became confused!
Red Eye is confused!
Red Eye used Roost!
Red Eye regained health!
The opposing Starmie restored a little HP using its Leftovers!
Turn 18
You have 150 seconds to make your decision.
The opposing Starmie used Recover!
The opposing Starmie regained health!
Red Eye snapped out of its confusion.
Red Eye used Draco Meteor!
The opposing Starmie lost 100% of its health!
Red Eye's Special Attack harshly fell!
Red Eye lost some of its HP!
The opposing Starmie fainted!
YASSSS sent out Trevenant!
Turn 19
You have 150 seconds to make your decision.
Red Eye, come back!
Go! Magma Gazer (Heatran)!
The opposing Trevenant used Substitute!
The opposing Trevenant put in a substitute!
The opposing Trevenant lost 24% of its health!
Magma Gazer restored a little HP using its Leftovers!
Turn 20
You have 150 seconds to make your decision.
Magma Gazer used Lava Plume!
It's super effective! The opposing Trevenant's substitute faded!
The opposing Trevenant used Curse!
The opposing Trevenant cut its own HP and laid a curse on Magma Gazer!
The opposing Trevenant lost 50% of its health!
Magma Gazer restored a little HP using its Leftovers!
Magma Gazer lost some HP because of Curse!
Turn 21
You have 150 seconds to make your decision.
Magma Gazer used Lava Plume!
It's super effective! The opposing Trevenant lost 26% of its health!
The opposing Trevenant fainted!
Magma Gazer restored a little HP using its Leftovers!
Magma Gazer lost some HP because of Curse!
YASSSS sent out Garchomp!
Turn 22
You have 150 seconds to make your decision.
Magma Gazer, come back!
Go! Kenmore (Rotom-Wash)!
The opposing Garchomp used Dragon Claw!
A critical hit! Kenmore lost 56.3% of its health!
Kenmore restored a little HP using its Leftovers!
Turn 23
You have 150 seconds to make your decision.
The opposing Garchomp used Dragon Claw!
Kenmore lost 39.8% of its health!
Kenmore used Will-O-Wisp!
The opposing Garchomp was burned!
Kenmore restored a little HP using its Leftovers!
The opposing Garchomp was hurt by its burn!
The opposing Garchomp fainted!
bousheesnaw won the battle!
Ladder updating...
bousheesnaw's rating: 1231 → 1253
(+22 for winning)
YASSSS's rating: 1189 → 1167
(-22 for losing)
YASSSS left.
★bousheesnaw: gg