|join|oml it's too ez
|join|Lugia's Mansion
|player|p1|oml it's too ez|9
|player|p2|Lugia's Mansion|152
|gametype|singles
|gen|6
|tier|OU
|clearpoke
|poke|p1|Landorus-Therian, M
|poke|p1|Mew
|poke|p1|Heatran, F
|poke|p1|Venusaur, M
|poke|p1|Raikou
|poke|p1|Keldeo-Resolute
|poke|p2|Swellow, M
|poke|p2|Excadrill, F
|poke|p2|Magnezone
|poke|p2|Staraptor, M
|poke|p2|Talonflame, M
|poke|p2|Pinsir, F
|rule|Swagger Clause: Swagger is banned
|rule|Baton Pass Clause: Limit one Pokémon knowing Baton Pass
|rule|Sleep Clause Mod: Limit one foe put to sleep
|rule|Species Clause: Limit one of each Pokémon
|rule|OHKO Clause: OHKO moves are banned
|rule|Moody Clause: Moody is banned
|rule|Evasion Moves Clause: Evasion moves are banned
|rule|Endless Battle Clause: Forcing endless battles is banned
|rule|HP Percentage Mod: HP is shown in percentages
|teampreview
|c|★oml it's too ez|fuq u
|c|★Lugia's Mansion|LOL
|c|★Lugia's Mansion|nicex birds
|c|★oml it's too ez|and ur bird
|c|★Lugia's Mansion|nice birds
|c|★Lugia's Mansion|birds***
|c|★oml it's too ez|flap game on point
|c|★Lugia's Mansion|nice ctc
|c|★Lugia's Mansion|:]
|c|★oml it's too ez|get it
|c|★Lugia's Mansion|i like how i brought a bird team
|c|★oml it's too ez|FAP game on point
|c|★oml it's too ez|ha
|c|★oml it's too ez|funny
|c|★Lugia's Mansion|and u have a lando
|
|start
|switch|p1a: i-turn|Landorus-Therian, M|375\/375
|switch|p2a: Excadrill|Excadrill, F|362\/362
|-ability|p2a: Excadrill|Mold Breaker
|-ability|p1a: i-turn|Intimidate|[of] p2a: Excadrill
|-unboost|p2a: Excadrill|atk|1
|turn|1
|c|★Lugia's Mansion|u counter teamed me
|c|★Lugia's Mansion|:[
|c|★oml it's too ez|so sry
|c|★Lugia's Mansion|im tired of this
|
|move|p2a: Excadrill|Stealth Rock|p1a: i-turn
|-sidestart|p1: oml it's too ez|move: Stealth Rock
|move|p1a: i-turn|Earthquake|p2a: Excadrill
|-supereffective|p2a: Excadrill
|-enditem|p2a: Excadrill|Focus Sash
|-damage|p2a: Excadrill|1\/362
|
|turn|2
|c|★Lugia's Mansion|ctc is an innovator
|
|move|p2a: Excadrill|Iron Head|p1a: i-turn
|-damage|p1a: i-turn|300\/375
|move|p1a: i-turn|Stealth Rock|p2a: Excadrill
|-sidestart|p2: Lugia's Mansion|move: Stealth Rock
|
|-heal|p1a: i-turn|323\/375|[from] item: Leftovers
|turn|3
|c|★Lugia's Mansion|ofc u setup rocks
|c|★oml it's too ez|ofc
|
|move|p2a: Excadrill|Rapid Spin|p1a: i-turn
|-damage|p1a: i-turn|309\/375
|-sideend|p2: Lugia's Mansion|Stealth Rock|[from] move: Rapid Spin|[of] p2a: Excadrill
|move|p1a: i-turn|Stealth Rock|p2a: Excadrill
|-sidestart|p2: Lugia's Mansion|move: Stealth Rock
|
|-heal|p1a: i-turn|332\/375|[from] item: Leftovers
|turn|4
|c|★oml it's too ez|ur lead drill
|c|★oml it's too ez|besides i need hp
|c|★Lugia's Mansion|i just need rocks
|c|★Lugia's Mansion|:]
|
|move|p2a: Excadrill|Rapid Spin|p1a: i-turn
|-damage|p1a: i-turn|318\/375
|-sideend|p2: Lugia's Mansion|Stealth Rock|[from] move: Rapid Spin|[of] p2a: Excadrill
|move|p1a: i-turn|Earthquake|p2a: Excadrill
|-supereffective|p2a: Excadrill
|-damage|p2a: Excadrill|0 fnt
|faint|p2a: Excadrill
|
|-heal|p1a: i-turn|341\/375|[from] item: Leftovers
|c|★oml it's too ez|does drill learn taunt?
|c|★Lugia's Mansion|sadly not
|c|★oml it's too ez|!learn drill,taunt
Pokemon 'drill' not found.
|c|★Lugia's Mansion|!data excadrill
|c|~|\/data-pokemon Excadrill

|c|★oml it's too ez|oops lol
|c|★Lugia's Mansion|:]
|c|★Lugia's Mansion|!learn excadrill, taunt
|raw|<div class="infobox">Excadrill <span class="message-learn-cannotlearn">can't<\/span> learn Taunt<\/div>
|c|★oml it's too ez|:[
|c|★oml it's too ez|so how do u win against mega sab
|c|★Lugia's Mansion|i cant :]
|c|★Lugia's Mansion|this is just a fun team
|c|★oml it's too ez|bad team
|c|★oml it's too ez|:]
|c|★Lugia's Mansion|ikr?
|
|switch|p2a: Staraptor|Staraptor, M|374\/374
|turn|5
|c|★Lugia's Mansion|CRIKEY!
|
|switch|p1a: He Ran|Heatran, F|385\/385
|-damage|p1a: He Ran|337\/385|[from] Stealth Rock
|move|p2a: Staraptor|Final Gambit|p1a: He Ran
|-damage|p1a: He Ran|0 fnt
|faint|p2a: Staraptor
|faint|p1a: He Ran
|
|c|★oml it's too ez|gotem
|c|★Lugia's Mansion|DESTROYED
|c|★oml it's too ez|knew it
|c|★oml it's too ez|u should really run a goth
|c|★Lugia's Mansion|this isnt my team bwoii
|
|switch|p2a: Magnezone|Magnezone|282\/282
|switch|p1a: i-turn|Landorus-Therian, M|341\/375
|-damage|p1a: i-turn|295\/375|[from] Stealth Rock
|-ability|p1a: i-turn|Intimidate|[of] p2a: Magnezone
|-unboost|p2a: Magnezone|atk|1
|turn|6
|c|★Lugia's Mansion|LMAO FUK U
|
|move|p2a: Magnezone|Explosion|p1a: i-turn
|-damage|p1a: i-turn|230\/375
|faint|p2a: Magnezone
|move|p1a: i-turn|Stealth Rock|p2: Magnezone
|-sidestart|p2: Lugia's Mansion|move: Stealth Rock
|
|-heal|p1a: i-turn|253\/375|[from] item: Leftovers
|c|★oml it's too ez|lol
|c|★oml it's too ez|dmg
|c|★Lugia's Mansion|ahahahhahaha
|c|★oml it's too ez|where?
|c|★Lugia's Mansion|gg
|c|★Lugia's Mansion|this team is ass
|c|★Lugia's Mansion|nice bird
|c|★oml it's too ez|bro
|c|★oml it's too ez|im uploading this
|c|★oml it's too ez|to youtube
|c|★Lugia's Mansion|i know u are
|
|switch|p2a: Pinsir|Pinsir, F|271\/271
|-damage|p2a: Pinsir|204\/271|[from] Stealth Rock
|turn|7
|c|★oml it's too ez|cause u lose to raikou now ha
|c|★Lugia's Mansion|what's a raikou?
|
|move|p2a: Pinsir|Substitute|p2a: Pinsir
|-start|p2a: Pinsir|Substitute
|-damage|p2a: Pinsir|137\/271
|move|p1a: i-turn|Stone Edge|p2a: Pinsir
|-supereffective|p2a: Pinsir
|-end|p2a: Pinsir|Substitute
|
|-heal|p1a: i-turn|276\/375|[from] item: Leftovers
|turn|8
|c|★Lugia's Mansion|ofc u hit
|
|move|p2a: Pinsir|Substitute|p2a: Pinsir
|-start|p2a: Pinsir|Substitute
|-damage|p2a: Pinsir|70\/271
|move|p1a: i-turn|Earthquake|p2a: Pinsir
|-resisted|p2a: Pinsir
|-end|p2a: Pinsir|Substitute
|
|-heal|p1a: i-turn|299\/375|[from] item: Leftovers
|turn|9
|c|★oml it's too ez|predicted
|c|★oml it's too ez|oml it too ez
|c|★Lugia's Mansion|i mega ebvolved
|c|★Lugia's Mansion|come on showdown
|c|★Lugia's Mansion|:]
|c|★oml it's too ez|ofc
|
|detailschange|p2a: Pinsir|Pinsir-Mega, F
|-mega|p2a: Pinsir|Pinsir|Pinsirite
|move|p2a: Pinsir|Return|p1a: i-turn
|-damage|p1a: i-turn|91\/375
|move|p1a: i-turn|Stone Edge|p2a: Pinsir|[miss]
|-miss|p1a: i-turn|p2a: Pinsir
|
|-heal|p1a: i-turn|114\/375|[from] item: Leftovers
|turn|10
|c|★Lugia's Mansion|i actually did
|c|★Lugia's Mansion|i went for a return thre
|c|★oml it's too ez|bro
|c|★Lugia's Mansion|AAAH
|c|★Lugia's Mansion|:]
|c|★Lugia's Mansion|oml it's 2 ez
|
|switch|p1a: Nig Drain|Venusaur, M|349\/349
|-damage|p1a: Nig Drain|306\/349|[from] Stealth Rock
|move|p2a: Pinsir|Substitute|p2a: Pinsir
|-start|p2a: Pinsir|Substitute
|-damage|p2a: Pinsir|3\/271
|
|turn|11
|c|★oml it's too ez|bro
|c|★Lugia's Mansion|outplayed
|c|★oml it's too ez|ur a legend
|c|★oml it's too ez|the next TELE
|
|detailschange|p1a: Nig Drain|Venusaur-Mega, M
|-mega|p1a: Nig Drain|Venusaur|Venusaurite
|move|p2a: Pinsir|Return|p1a: Nig Drain
|-supereffective|p1a: Nig Drain
|-damage|p1a: Nig Drain|0 fnt
|faint|p1a: Nig Drain
|
|c|★Lugia's Mansion|YES I DIDNT GET 6-0'D
|c|★Lugia's Mansion|:]
|c|★oml it's too ez|heatran was dead -.-
|
|switch|p1a: Im So Horny|Keldeo-Resolute|323\/323
|-damage|p1a: Im So Horny|303\/323|[from] Stealth Rock
|turn|12
|c|★Lugia's Mansion|watch this crucial play
|c|★Lugia's Mansion|i have roost
|c|★oml it's too ez|dont crit plz
|c|★oml it's too ez|oh no
|
|move|p1a: Im So Horny|Scald|p2a: Pinsir
|-end|p2a: Pinsir|Substitute
|move|p2a: Pinsir|Swords Dance|p2a: Pinsir
|-boost|p2a: Pinsir|atk|2
|
|-heal|p1a: Im So Horny|323\/323|[from] item: Leftovers
|turn|13
|c|★Lugia's Mansion|im scarf bte
|c|★Lugia's Mansion|btw
|c|★oml it's too ez|wat will i ever do
|c|★Lugia's Mansion|IM SCARF
|c|★oml it's too ez|oh no
|
|move|p2a: Pinsir|Quick Attack|p1a: Im So Horny
|-supereffective|p1a: Im So Horny
|-damage|p1a: Im So Horny|0 fnt
|faint|p1a: Im So Horny
|
|
|switch|p1a: i-turn|Landorus-Therian, M|114\/375
|-damage|p1a: i-turn|68\/375|[from] Stealth Rock
|-ability|p1a: i-turn|Intimidate|[of] p2a: Pinsir
|-unboost|p2a: Pinsir|atk|1
|turn|14
|c|★oml it's too ez|watch me miss
|c|★oml it's too ez|u sd
|c|★oml it's too ez|crit my raikou
|c|★oml it's too ez|just watch
|c|★Lugia's Mansion|i aint that real meng
|
|move|p2a: Pinsir|Return|p1a: i-turn
|-damage|p1a: i-turn|0 fnt
|faint|p1a: i-turn
|
|
|switch|p1a: President|Raikou|321\/321
|-damage|p1a: President|281\/321|[from] Stealth Rock
|-ability|p1a: President|Pressure
|turn|15
|c|★Lugia's Mansion|!!!
|c|★Lugia's Mansion|I CAN WIN
|c|★Lugia's Mansion|I SEE THE LIGHT
|c|★oml it's too ez|fuq ur priorty
|c|★Lugia's Mansion|THE TUNNEL
|c|★oml it's too ez|im defesnive
|c|★oml it's too ez|eq
|c|★oml it's too ez|cc
|c|★Lugia's Mansion|ofc u are
|c|★oml it's too ez|ur way faster bro
|
|move|p2a: Pinsir|Quick Attack|p1a: President
|-resisted|p1a: President
|-damage|p1a: President|181\/321
|move|p1a: President|Thunderbolt|p2a: Pinsir
|-supereffective|p2a: Pinsir
|-damage|p2a: Pinsir|0 fnt
|faint|p2a: Pinsir
|
|c|★Lugia's Mansion|CTC is garb
|
|switch|p2a: Talonflame|Talonflame, M|309\/309
|-damage|p2a: Talonflame|155\/309|[from] Stealth Rock
|turn|16
|c|★Lugia's Mansion|doesnt even run enough evs to outspeed raikou
|c|★Lugia's Mansion|smh
|
|move|p2a: Talonflame|Brave Bird|p1a: President
|-resisted|p1a: President
|-damage|p1a: President|7\/321
|-damage|p2a: Talonflame|98\/309|[from] recoil|[of] p1a: President
|move|p1a: President|Thunderbolt|p2a: Talonflame
|-supereffective|p2a: Talonflame
|-damage|p2a: Talonflame|0 fnt
|faint|p2a: Talonflame
|
|c|★oml it's too ez|u win with swellow
|
|switch|p2a: Swellow|Swellow, M|261\/261
|-damage|p2a: Swellow|196\/261|[from] Stealth Rock
|turn|17
|c|★oml it's too ez|quick attack
|c|★oml it's too ez|protect
|c|★oml it's too ez|then quick attack
|c|★Lugia's Mansion|i outspeed dummy
|c|★oml it's too ez|:]]
|c|★oml it's too ez|holy shit
|c|★Lugia's Mansion|unless scarf kou
|c|★Lugia's Mansion|:]
|c|★oml it's too ez|yeah im scarf
|c|★Lugia's Mansion|fucking disgusting
|c|★oml it's too ez|quick attack is safest play anyways tbh with u
|c|★Lugia's Mansion|joseph
|c|★Lugia's Mansion|joseph
|c|★Lugia's Mansion|joseph
|c|★oml it's too ez|phil
|
|move|p2a: Swellow|U-turn|p1a: President
|-damage|p1a: President|0 fnt
|faint|p1a: President
|
|-status|p2a: Swellow|brn|[from] item: Flame Orb
|c|★oml it's too ez|phil
|c|★oml it's too ez|phil
|c|★Lugia's Mansion|it's time
|c|★Lugia's Mansion|:]
|c|★Lugia's Mansion|:
|c|★Lugia's Mansion|:]]]]]]]]]]]]]]]]]]]]]]]]]
|
|switch|p1a: Moo|Mew|403\/403
|-damage|p1a: Moo|353\/403|[from] Stealth Rock
|turn|18
|c|★oml it's too ez|i can just stall u out
|c|★oml it's too ez|plz
|c|★oml it's too ez|plz
|c|★Lugia's Mansion|facade does too much
|
|move|p2a: Swellow|Facade|p1a: Moo
|-damage|p1a: Moo|70\/403
|move|p1a: Moo|Soft-Boiled|p1a: Moo
|-heal|p1a: Moo|272\/403
|
|-heal|p1a: Moo|297\/403|[from] item: Leftovers
|-damage|p2a: Swellow|164\/261 brn|[from] brn
|turn|19
|c|★Lugia's Mansion|fren
|c|★oml it's too ez|dont do any dmg at all
|c|★Lugia's Mansion|aye
|c|★oml it's too ez|i have protect
|c|★Lugia's Mansion|moo
|
|move|p2a: Swellow|Facade|p1a: Moo
|-crit|p1a: Moo
|-damage|p1a: Moo|0 fnt
|faint|p1a: Moo
|
|win|Lugia's Mansion
|c|★Lugia's Mansion|:]]]]]]]]]]]]]
|c|★oml it's too ez|OFC
|c|★oml it's too ez|bro ur so lucke
|c|★oml it's too ez|i miss stone edge
|c|★Lugia's Mansion|75% is high roll fren
|c|★oml it's too ez|and u crit :]]
|c|★Lugia's Mansion|wait
|c|★Lugia's Mansion|i think u should upload this
|c|★Lugia's Mansion|:]
|leave|oml it's too ez