|join|Cal9758yy
|join|ronconcamy
|player|p1|Cal9758yy|162
|player|p2|ronconcamy|190
|gametype|singles
|gen|6
|tier|UU
|rated
|rule|Sleep Clause Mod: Limit one foe put to sleep
|rule|Species Clause: Limit one of each Pokemon
|rule|OHKO Clause: OHKO moves are banned
|rule|Moody Clause: Moody is banned
|rule|Evasion Moves Clause: Evasion moves are banned
|rule|Endless Battle Clause: Forcing endless battles is banned.
|rule|HP Percentage Mod: HP is reported as percentages
|clearpoke
|poke|p1|Slowbro, M
|poke|p1|Azelf
|poke|p1|Umbreon, M
|poke|p1|Honchkrow, M
|poke|p1|Hitmonchan, M
|poke|p1|Forretress, F
|poke|p2|Gigalith, F
|poke|p2|Zoroark, F
|poke|p2|Gallade, M
|poke|p2|Azelf
|poke|p2|Aerodactyl, F
|poke|p2|Muk, M
|teampreview
|
|start
|switch|p1a: Honchkrow|Honchkrow, M|341\/341
|switch|p2a: Gigalith|Gigalith, F|262\/262
|turn|1
|
|switch|p1a: Forretress|Forretress, F|354\/354
|move|p2a: Gigalith|Flamethrower|p1a: Forretress
|-supereffective|p1a: Forretress
|-activate|p1a: Forretress|Sturdy
|-damage|p1a: Forretress|1\/354
|-status|p1a: Forretress|brn
|-damage|p2a: Gigalith|236\/262|[from] item: Life Orb
|
|-heal|p1a: Forretress|23\/354 brn|[from] item: Leftovers
|-damage|p1a: Forretress|0 fnt|[from] brn
|faint|p1a: Forretress
|
|switch|p1a: Slowbro|Slowbro, M|394\/394
|turn|2
|
|move|p2a: Gigalith|Dark Pulse|p1a: Slowbro
|-supereffective|p1a: Slowbro
|-damage|p1a: Slowbro|0 fnt
|-damage|p2a: Gigalith|210\/262|[from] item: Life Orb
|faint|p1a: Slowbro
|
|chat|Cal9758yy|gg
|-message|Cal9758yy forfeited.
|
|win|ronconcamy
|raw|Ladder updating...
|raw|Cal9758yy's rating: 1246 &rarr; <strong>1227<\/strong><br \/>(-19 for losing)
|raw|ronconcamy's rating: 1331 &rarr; <strong>1346<\/strong><br \/>(+15 for winning)
|leave|Cal9758yy
|player|p1