asdf7021moveco joined.
LiquidSnake joined.
Format:
OU
Rated battle
Swagger Clause: Swagger is banned
Baton Pass Clause: Limit one Pokémon knowing Baton Pass
Sleep Clause Mod: Limit one foe put to sleep
Species Clause: Limit one of each Pokémon
OHKO Clause: OHKO moves are banned
Moody Clause: Moody is banned
Evasion Moves Clause: Evasion moves are banned
Endless Battle Clause: Forcing endless battles is banned
HP Percentage Mod: HP is shown in percentages
asdf7021moveco's team:
Lopunny / Rotom-Wash / Landorus-Therian / Scizor / Heatran / Latios
LiquidSnake's team:
Noivern / Ferrothorn / Milotic / Excadrill / Raikou / Scizor
Battle timer is now ON: inactive players will automatically lose when time's up. (requested by asdf7021moveco)
You have 150 seconds to make your decision.
Battle between asdf7021moveco and LiquidSnake started!
Go! Lola (Lopunny)!
LiquidSnake sent out Caligula (Noivern)!
Turn 1
You have 150 seconds to make your decision.
LiquidSnake withdrew Caligula (Noivern)!
LiquidSnake sent out Nero (Ferrothorn)!
Lola's Lopunnite is reacting to asdf7021moveco's Mega Bracelet!
Lola has Mega Evolved into Mega Lopunny!
Lola used Power-Up Punch!
It's super effective! The opposing Nero lost 31% of its health!
Lola is hurt by the opposing Nero's Iron Barbs!
Lola's Attack rose!
The opposing Nero restored a little HP using its Leftovers!
Turn 2
You have 150 seconds to make your decision.
Lola used High Jump Kick!
It's super effective! The opposing Nero lost 75% of its health!
Lola is hurt by the opposing Nero's Iron Barbs!
The opposing Nero fainted!
LiquidSnake sent out Tiberius (Milotic)!
Turn 3
You have 150 seconds to make your decision.
Lola used High Jump Kick!
The opposing Tiberius lost 74% of its health!
The opposing Tiberius used Scald!
Lola lost 33.6% of its health!
Turn 4
You have 150 seconds to make your decision.
Lola used High Jump Kick!
The opposing Tiberius lost 26% of its health!
The opposing Tiberius fainted!
LiquidSnake sent out Caligula (Noivern)!
Turn 5
You have 150 seconds to make your decision.
Lola used Power-Up Punch!
It's not very effective... The opposing Caligula lost 21% of its health!
Lola's Attack rose!
The opposing Caligula used Air Cutter!
A critical hit! It's super effective! Lola lost 42.1% of its health!
Lola fainted!
You have 150 seconds to make your decision.
Go! Kenmore (Rotom-Wash)!
Turn 6
You have 150 seconds to make your decision.
LiquidSnake withdrew Caligula (Noivern)!
LiquidSnake sent out Claudius (Raikou)!
The opposing Claudius is exerting its pressure!
Kenmore used Volt Switch!
It's not very effective... The opposing Claudius lost 14.0% of its health!
You have 150 seconds to make your decision.
Kenmore went back to asdf7021moveco!
Go! Magma Gazer (Heatran)!
Turn 7
You have 150 seconds to make your decision.
The opposing Claudius used Hidden Power!
It's super effective! Magma Gazer lost 50.9% of its health!
Magma Gazer used Lava Plume!
The opposing Claudius lost 36% of its health!
The opposing Claudius was burned!
Magma Gazer restored a little HP using its Leftovers!
The opposing Claudius was hurt by its burn!
Turn 8
You have 150 seconds to make your decision.
The opposing Claudius used Hidden Power!
It's super effective! Magma Gazer lost 47.5% of its health!
Magma Gazer used Lava Plume!
The opposing Claudius lost 38% of its health!
The opposing Claudius fainted!
Magma Gazer restored a little HP using its Leftovers!
LiquidSnake sent out Caligula (Noivern)!
Turn 9
You have 150 seconds to make your decision.
The opposing Caligula used Draco Meteor!
A critical hit! It's not very effective... Magma Gazer lost 13.5% of its health!
The opposing Caligula's Special Attack harshly fell!
Magma Gazer fainted!
You have 150 seconds to make your decision.
Go! Kenmore (Rotom-Wash)!
Turn 10
You have 150 seconds to make your decision.
LiquidSnake withdrew Caligula (Noivern)!
LiquidSnake sent out Augustus (Excadrill)!
The opposing Augustus breaks the mold!
Kenmore used Volt Switch!
It doesn't affect the opposing Augustus...
Turn 11
You have 150 seconds to make your decision.
The opposing Augustus used Rock Slide!
Kenmore lost 22.7% of its health!
Kenmore used Hydro Pump!
A critical hit! It's super effective! The opposing Augustus lost 100% of its health!
The opposing Augustus fainted!
Kenmore restored a little HP using its Leftovers!
LiquidSnake sent out Caesar (Scizor)!
Turn 12
You have 150 seconds to make your decision.
The opposing Caesar's Scizorite is reacting to LiquidSnake's Mega Bracelet!
The opposing Caesar has Mega Evolved into Mega Scizor!
Kenmore used Volt Switch!
The opposing Caesar lost 24% of its health!
You have 150 seconds to make your decision.
Kenmore went back to asdf7021moveco!
Go! Skywalker (Landorus-Therian)!
Skywalker intimidates the opposing Caesar!
The opposing Caesar's Attack fell!
The opposing Caesar used Swords Dance!
The opposing Caesar's Attack sharply rose!
Turn 13
You have 150 seconds to make your decision.
Skywalker, come back!
Go! Kenmore (Rotom-Wash)!
The opposing Caesar used Swords Dance!
The opposing Caesar's Attack sharply rose!
Kenmore restored a little HP using its Leftovers!
Turn 14
You have 150 seconds to make your decision.
Kenmore used Will-O-Wisp!
The opposing Caesar was burned!
The opposing Caesar used Swords Dance!
The opposing Caesar's Attack sharply rose!
Kenmore restored a little HP using its Leftovers!
The opposing Caesar was hurt by its burn!
Turn 15
You have 150 seconds to make your decision.
The opposing Caesar used Bullet Punch!
It's not very effective... Kenmore lost 9.9% of its health!
Kenmore used Hydro Pump!
The opposing Caesar lost 43% of its health!
Kenmore restored a little HP using its Leftovers!
The opposing Caesar was hurt by its burn!
Turn 16
You have 150 seconds to make your decision.
LiquidSnake forfeited.
LiquidSnake left.
Player 2 disconnected and has a minute to reconnect!
Player 2 has 60 seconds left.
asdf7021moveco won the battle!
Ladder updating...
★asdf7021moveco: gg
asdf7021moveco's rating: 1224 → 1252
(+28 for winning)
LiquidSnake's rating: 1268 → 1240
(-28 for losing)