NemsisPlay joined.
asdf7021movefreq joined.
Format:
OU
Rated battle
Swagger Clause: Swagger is banned
Baton Pass Clause: Limit one Pokémon knowing Baton Pass
Sleep Clause Mod: Limit one foe put to sleep
Species Clause: Limit one of each Pokémon
OHKO Clause: OHKO moves are banned
Moody Clause: Moody is banned
Evasion Moves Clause: Evasion moves are banned
Endless Battle Clause: Forcing endless battles is banned
HP Percentage Mod: HP is shown in percentages
asdf7021movefreq's team:
Lopunny / Rotom-Wash / Landorus-Therian / Scizor / Heatran / Latios
NemsisPlay's team:
Feraligatr / Mew / Lopunny / Goodra / Alomomola / Cinccino
Battle timer is now ON: inactive players will automatically lose when time's up. (requested by asdf7021movefreq)
Battle between NemsisPlay and asdf7021movefreq started!
NemsisPlay sent out Alomomola!
Go! Lola (Lopunny)!
Turn 1
You have 150 seconds to make your decision.
Lola's Lopunnite is reacting to asdf7021movefreq's Mega Bracelet!
Lola has Mega Evolved into Mega Lopunny!
Lola used Return!
The opposing Alomomola lost 27% of its health!
The opposing Alomomola used Scald!
Lola lost 17.7% of its health!
The opposing Alomomola restored a little HP using its Leftovers!
Turn 2
You have 150 seconds to make your decision.
Lola, come back!
Go! Red Bullet (Scizor)!
The opposing Alomomola used Scald!
Red Bullet lost 17.5% of its health!
The opposing Alomomola restored a little HP using its Leftovers!
Turn 3
You have 150 seconds to make your decision.
The opposing Alomomola used Wish!
Red Bullet used U-turn!
The opposing Alomomola lost 33% of its health!
You have 150 seconds to make your decision.
Red Bullet went back to asdf7021movefreq!
Go! Red Eye (Latios)!
The opposing Alomomola restored a little HP using its Leftovers!
Turn 4
You have 150 seconds to make your decision.
NemsisPlay withdrew Alomomola!
NemsisPlay sent out Lopunny!
Red Eye used Draco Meteor!
The opposing Lopunny lost 100% of its health!
Red Eye's Special Attack harshly fell!
Red Eye lost some of its HP!
The opposing Lopunny fainted!
NemsisPlay sent out Goodra!
Turn 5
You have 150 seconds to make your decision.
Red Eye, come back!
Go! Red Bullet (Scizor)!
The opposing Goodra used Dragon Pulse!
It's not very effective... Red Bullet lost 21.6% of its health!
Turn 6
You have 150 seconds to make your decision.
The opposing Goodra used Fire Blast!
It's super effective! Red Bullet lost 60.9% of its health!
Red Bullet fainted!
You have 150 seconds to make your decision.
Go! Red Eye (Latios)!
Turn 7
You have 150 seconds to make your decision.
Red Eye used Draco Meteor!
It's super effective! The opposing Goodra lost 65% of its health!
Red Eye's Special Attack harshly fell!
Red Eye lost some of its HP!
The opposing Goodra used Dragon Pulse!
It's super effective! Red Eye lost 80.1% of its health!
Red Eye fainted!
You have 150 seconds to make your decision.
Go! Skywalker (Landorus-Therian)!
Skywalker intimidates the opposing Goodra!
The opposing Goodra's Attack fell!
Turn 8
You have 150 seconds to make your decision.
Skywalker used U-turn!
A critical hit! The opposing Goodra lost 35% of its health!
The opposing Goodra fainted!
You have 150 seconds to make your decision.
Skywalker went back to asdf7021movefreq!
Go! Magma Gazer (Heatran)!
NemsisPlay sent out Mew!
Turn 9
You have 150 seconds to make your decision.
Magma Gazer, come back!
Go! Skywalker (Landorus-Therian)!
Skywalker intimidates the opposing Mew!
The opposing Mew's Attack fell!
The opposing Mew used Swords Dance!
The opposing Mew's Attack sharply rose!
Turn 10
You have 150 seconds to make your decision.
Skywalker used Knock Off!
It's super effective! The opposing Mew lost 48% of its health!
Skywalker knocked off the opposing Mew's Leftovers!
The opposing Mew used Swords Dance!
The opposing Mew's Attack sharply rose!
Turn 11
You have 150 seconds to make your decision.
Skywalker used Knock Off!
It's super effective! The opposing Mew lost 28.0% of its health!
The opposing Mew used Baton Pass!
NemsisPlay sent out Feraligatr!
Turn 12
You have 150 seconds to make your decision.
The opposing Feraligatr used Aqua Jet!
It's super effective! Skywalker lost 100% of its health!
Skywalker fainted!
You have 150 seconds to make your decision.
Go! Lola (Lopunny-Mega)!
Turn 13
You have 150 seconds to make your decision.
The opposing Feraligatr used Aqua Jet!
Lola lost 82.3% of its health!
Lola fainted!
You have 150 seconds to make your decision.
Go! Kenmore (Rotom-Wash)!
Turn 14
You have 150 seconds to make your decision.
The opposing Feraligatr used Waterfall!
It's not very effective... Kenmore lost 62.2% of its health!
Kenmore used Hydro Pump!
It's not very effective... The opposing Feraligatr lost 23% of its health!
Kenmore restored a little HP using its Leftovers!
Turn 15
You have 150 seconds to make your decision.
Kenmore used Hydro Pump!
The opposing Feraligatr avoided the attack!
The opposing Feraligatr used Waterfall!
It's not very effective... Kenmore lost 44.1% of its health!
Kenmore fainted!
You have 150 seconds to make your decision.
Go! Magma Gazer (Heatran)!
Turn 16
You have 150 seconds to make your decision.
The opposing Feraligatr used Earthquake!
It's super effective! Magma Gazer lost 100% of its health!
Magma Gazer fainted!
NemsisPlay won the battle!
Ladder updating...
★asdf7021movefreq: gg
NemsisPlay's rating: 1196 → 1218
(+22 for winning)
asdf7021movefreq's rating: 1155 → 1133
(-22 for losing)
★NemsisPlay: gg