AncientOppi joined.
asdf7021movefreq joined.
Format:
OU
Rated battle
Swagger Clause: Swagger is banned
Baton Pass Clause: Limit one Pokémon knowing Baton Pass
Sleep Clause Mod: Limit one foe put to sleep
Species Clause: Limit one of each Pokémon
OHKO Clause: OHKO moves are banned
Moody Clause: Moody is banned
Evasion Moves Clause: Evasion moves are banned
Endless Battle Clause: Forcing endless battles is banned
HP Percentage Mod: HP is shown in percentages
asdf7021movefreq's team:
Lopunny / Rotom-Wash / Landorus-Therian / Scizor / Heatran / Latios
AncientOppi's team:
Garchomp / Vaporeon / Venusaur / Magnezone / Togekiss / Weavile
Battle timer is now ON: inactive players will automatically lose when time's up. (requested by asdf7021movefreq)
You have 150 seconds to make your decision.
AncientOppi has 120 seconds left.
Battle between AncientOppi and asdf7021movefreq started!
AncientOppi sent out Magnezone!
Go! Lola (Lopunny)!
Turn 1
You have 150 seconds to make your decision.
Lola's Lopunnite is reacting to asdf7021movefreq's Mega Bracelet!
Lola has Mega Evolved into Mega Lopunny!
The opposing Magnezone used Volt Switch!
Lola lost 46.5% of its health!
The opposing Magnezone went back to AncientOppi!
AncientOppi sent out Togekiss!
Lola used High Jump Kick!
It's not very effective... The opposing Togekiss lost 10% of its health!
The opposing Togekiss restored a little HP using its Leftovers!
Turn 2
You have 150 seconds to make your decision.
Lola used Return!
The opposing Togekiss lost 38% of its health!
The opposing Togekiss used Air Slash!
It's super effective! Lola lost 53.5% of its health!
Lola fainted!
The opposing Togekiss restored a little HP using its Leftovers!
You have 150 seconds to make your decision.
Go! Kenmore (Rotom-Wash)!
Turn 3
You have 150 seconds to make your decision.
AncientOppi withdrew Togekiss!
AncientOppi sent out Venusaur!
Kenmore used Hydro Pump!
It's not very effective... The opposing Venusaur lost 19% of its health!
Turn 4
You have 150 seconds to make your decision.
The opposing Venusaur's Venusaurite is reacting to AncientOppi's Mega Bracelet!
The opposing Venusaur has Mega Evolved into Mega Venusaur!
Kenmore used Hydro Pump!
It's not very effective... The opposing Venusaur lost 17% of its health!
The opposing Venusaur used Energy Ball!
It's super effective! Kenmore lost 100% of its health!
Kenmore fainted!
You have 150 seconds to make your decision.
Go! Skywalker (Landorus-Therian)!
Skywalker intimidates the opposing Venusaur!
The opposing Venusaur's Attack fell!
Turn 5
You have 150 seconds to make your decision.
AncientOppi withdrew Venusaur (Venusaur-Mega)!
AncientOppi sent out Weavile!
Skywalker used U-turn!
It's super effective! The opposing Weavile lost 92% of its health!
You have 150 seconds to make your decision.
Skywalker went back to asdf7021movefreq!
Go! Red Eye (Latios)!
Turn 6
You have 150 seconds to make your decision.
Red Eye, come back!
Go! Red Bullet (Scizor)!
The opposing Weavile used Ice Shard!
It's not very effective... Red Bullet lost 13.7% of its health!
The opposing Weavile lost some of its HP!
The opposing Weavile fainted!
AncientOppi sent out Magnezone!
Turn 7
You have 150 seconds to make your decision.
AncientOppi has 120 seconds left.
The opposing Magnezone used Hidden Power!
It's super effective! Red Bullet lost 86.3% of its health!
Red Bullet fainted!
You have 150 seconds to make your decision.
Go! Skywalker (Landorus-Therian)!
Skywalker intimidates the opposing Magnezone!
The opposing Magnezone's Attack fell!
Turn 8
You have 150 seconds to make your decision.
AncientOppi has 120 seconds left.
AncientOppi withdrew Magnezone!
AncientOppi sent out Vaporeon!
Skywalker used U-turn!
The opposing Vaporeon lost 31% of its health!
You have 150 seconds to make your decision.
Skywalker went back to asdf7021movefreq!
Go! Red Eye (Latios)!
The opposing Vaporeon restored a little HP using its Leftovers!
Turn 9
You have 150 seconds to make your decision.
AncientOppi has 120 seconds left.
AncientOppi has 90 seconds left.
Red Eye used Psyshock!
The opposing Vaporeon lost 65% of its health!
Red Eye lost some of its HP!
The opposing Vaporeon used Scald!
It's not very effective... Red Eye lost 16.6% of its health!
Red Eye was burned!
The opposing Vaporeon restored a little HP using its Leftovers!
Red Eye was hurt by its burn!
Turn 10
You have 150 seconds to make your decision.
AncientOppi has 120 seconds left.
AncientOppi has 90 seconds left.
Red Eye used Roost!
Red Eye regained health!
The opposing Vaporeon used Scald!
It's not very effective... Red Eye lost 16.2% of its health!
The opposing Vaporeon restored a little HP using its Leftovers!
Red Eye was hurt by its burn!
Turn 11
You have 150 seconds to make your decision.
AncientOppi has 90 seconds left.
Red Eye used Roost!
Red Eye regained health!
The opposing Vaporeon used Scald!
It's not very effective... Red Eye lost 15.6% of its health!
The opposing Vaporeon restored a little HP using its Leftovers!
Red Eye was hurt by its burn!
Turn 12
You have 150 seconds to make your decision.
AncientOppi has 90 seconds left.
Red Eye used Roost!
Red Eye regained health!
The opposing Vaporeon used Scald!
It's not very effective... Red Eye lost 14.2% of its health!
The opposing Vaporeon restored a little HP using its Leftovers!
Red Eye was hurt by its burn!
Turn 13
You have 150 seconds to make your decision.
AncientOppi has 60 seconds left.
Red Eye used Roost!
Red Eye regained health!
The opposing Vaporeon used Scald!
A critical hit! It's not very effective... Red Eye lost 23.8% of its health!
The opposing Vaporeon restored a little HP using its Leftovers!
Red Eye was hurt by its burn!
Turn 14
You have 150 seconds to make your decision.
Red Eye used Roost!
Red Eye regained health!
The opposing Vaporeon used Wish!
The opposing Vaporeon restored a little HP using its Leftovers!
Red Eye was hurt by its burn!
Turn 15
You have 150 seconds to make your decision.
AncientOppi has 60 seconds left.
Red Eye used Psyshock!
The opposing Vaporeon lost 48% of its health!
Red Eye lost some of its HP!
The opposing Vaporeon fainted!
Red Eye was hurt by its burn!
AncientOppi has 60 seconds left.
AncientOppi sent out Togekiss!
Turn 16
You have 150 seconds to make your decision.
AncientOppi has 60 seconds left.
Red Eye used Psyshock!
The opposing Togekiss lost 35% of its health!
Red Eye lost some of its HP!
The opposing Togekiss used Dazzling Gleam!
It's super effective! Red Eye lost 55.6% of its health!
Red Eye fainted!
The opposing Togekiss restored a little HP using its Leftovers!
You have 150 seconds to make your decision.
Go! Skywalker (Landorus-Therian)!
Skywalker intimidates the opposing Togekiss!
The opposing Togekiss's Attack fell!
Turn 17
You have 150 seconds to make your decision.
Skywalker used Stone Edge!
The opposing Togekiss avoided the attack!
The opposing Togekiss used Dazzling Gleam!
Skywalker lost 38.2% of its health!
The opposing Togekiss restored a little HP using its Leftovers!
Turn 18
You have 150 seconds to make your decision.
AncientOppi has 60 seconds left.
Skywalker used Stone Edge!
It's super effective! The opposing Togekiss lost 42% of its health!
The opposing Togekiss fainted!
AncientOppi has 60 seconds left.
AncientOppi sent out Venusaur (Venusaur-Mega)!
Turn 19
You have 150 seconds to make your decision.
AncientOppi has 60 seconds left.
Skywalker used Stone Edge!
The opposing Venusaur lost 31% of its health!
The opposing Venusaur used Giga Drain!
A critical hit! Skywalker lost 61.8% of its health!
Skywalker had its energy drained!
Skywalker fainted!
You have 150 seconds to make your decision.
Go! Magma Gazer (Heatran)!
Turn 20
You have 150 seconds to make your decision.
AncientOppi withdrew Venusaur (Venusaur-Mega)!
AncientOppi sent out Garchomp!
Magma Gazer used Lava Plume!
It's not very effective... The opposing Garchomp lost 15% of its health!
Turn 21
You have 150 seconds to make your decision.
The opposing Garchomp used Earthquake!
It's super effective! Magma Gazer lost 100% of its health!
Magma Gazer fainted!
AncientOppi won the battle!
Ladder updating...
AncientOppi's rating: 1158 → 1183
(+25 for winning)
asdf7021movefreq's rating: 1156 → 1131
(-25 for losing)
★asdf7021movefreq: gg