asdf7021movefreq joined.
Packfan860 joined.
Format:
OU
Rated battle
Swagger Clause: Swagger is banned
Baton Pass Clause: Limit one Pokémon knowing Baton Pass
Sleep Clause Mod: Limit one foe put to sleep
Species Clause: Limit one of each Pokémon
OHKO Clause: OHKO moves are banned
Moody Clause: Moody is banned
Evasion Moves Clause: Evasion moves are banned
Endless Battle Clause: Forcing endless battles is banned
HP Percentage Mod: HP is shown in percentages
asdf7021movefreq's team:
Lopunny / Rotom-Wash / Landorus-Therian / Scizor / Heatran / Latios
Packfan860's team:
Togekiss / Cloyster / Mew / Garchomp / Venusaur / Volcarona
Battle timer is now ON: inactive players will automatically lose when time's up. (requested by asdf7021movefreq)
You have 150 seconds to make your decision.
Battle between asdf7021movefreq and Packfan860 started!
Go! Lola (Lopunny)!
Packfan860 sent out Mew!
Turn 1
You have 150 seconds to make your decision.
Lola's Lopunnite is reacting to asdf7021movefreq's Mega Bracelet!
Lola has Mega Evolved into Mega Lopunny!
Lola used Return!
The opposing Mew lost 38% of its health!
The opposing Mew used Stealth Rock!
Pointed stones float in the air around your team!
The opposing Mew restored a little HP using its Leftovers!
Turn 2
You have 150 seconds to make your decision.
Lola used Return!
The opposing Mew lost 41% of its health!
The opposing Mew used Soft-Boiled!
The opposing Mew regained health!
The opposing Mew restored a little HP using its Leftovers!
Turn 3
You have 150 seconds to make your decision.
Lola used Power-Up Punch!
It's not very effective... The opposing Mew lost 8% of its health!
Lola's Attack rose!
The opposing Mew used Will-O-Wisp!
Lola avoided the attack!
The opposing Mew restored a little HP using its Leftovers!
Turn 4
You have 150 seconds to make your decision.
Lola, come back!
Go! Kenmore (Rotom-Wash)!
Pointed stones dug into Kenmore!
The opposing Mew used Will-O-Wisp!
Kenmore was burned!
The opposing Mew restored a little HP using its Leftovers!
Kenmore restored a little HP using its Leftovers!
Kenmore was hurt by its burn!
Turn 5
You have 150 seconds to make your decision.
The opposing Mew used Knock Off!
Kenmore lost 18.1% of its health!
The opposing Mew knocked off Kenmore's Leftovers!
Kenmore used Pain Split!
The battlers shared their pain!
The opposing Mew restored a little HP using its Leftovers!
Kenmore was hurt by its burn!
Turn 6
You have 150 seconds to make your decision.
The opposing Mew used Knock Off!
Kenmore lost 12.2% of its health!
Kenmore used Pain Split!
The battlers shared their pain!
The opposing Mew restored a little HP using its Leftovers!
Kenmore was hurt by its burn!
Turn 7
You have 150 seconds to make your decision.
The opposing Mew used Knock Off!
Kenmore lost 12.8% of its health!
Kenmore used Pain Split!
The battlers shared their pain!
The opposing Mew restored a little HP using its Leftovers!
Kenmore was hurt by its burn!
Turn 8
You have 150 seconds to make your decision.
The opposing Mew used Stealth Rock!
But it failed!
Kenmore used Pain Split!
The battlers shared their pain!
The opposing Mew restored a little HP using its Leftovers!
Kenmore was hurt by its burn!
Turn 9
You have 150 seconds to make your decision.
The opposing Mew used Stealth Rock!
But it failed!
Kenmore used Pain Split!
The battlers shared their pain!
The opposing Mew restored a little HP using its Leftovers!
Kenmore was hurt by its burn!
Turn 10
You have 150 seconds to make your decision.
The opposing Mew used Stealth Rock!
But it failed!
Kenmore used Pain Split!
The battlers shared their pain!
The opposing Mew restored a little HP using its Leftovers!
Kenmore was hurt by its burn!
Turn 11
You have 150 seconds to make your decision.
The opposing Mew used Soft-Boiled!
The opposing Mew regained health!
Kenmore used Pain Split!
The battlers shared their pain!
The opposing Mew restored a little HP using its Leftovers!
Kenmore was hurt by its burn!
Turn 12
You have 150 seconds to make your decision.
The opposing Mew used Stealth Rock!
But it failed!
Kenmore used Pain Split!
The battlers shared their pain!
The opposing Mew restored a little HP using its Leftovers!
Kenmore was hurt by its burn!
Turn 13
You have 150 seconds to make your decision.
The opposing Mew used Stealth Rock!
But it failed!
Kenmore used Pain Split!
The battlers shared their pain!
The opposing Mew restored a little HP using its Leftovers!
Kenmore was hurt by its burn!
Turn 14
You have 150 seconds to make your decision.
The opposing Mew used Stealth Rock!
But it failed!
Kenmore used Pain Split!
The battlers shared their pain!
The opposing Mew restored a little HP using its Leftovers!
Kenmore was hurt by its burn!
Turn 15
You have 150 seconds to make your decision.
The opposing Mew used Stealth Rock!
But it failed!
Kenmore used Pain Split!
The battlers shared their pain!
The opposing Mew restored a little HP using its Leftovers!
Kenmore was hurt by its burn!
Turn 16
You have 150 seconds to make your decision.
The opposing Mew used Stealth Rock!
But it failed!
Kenmore used Pain Split!
The battlers shared their pain!
The opposing Mew restored a little HP using its Leftovers!
Kenmore was hurt by its burn!
Turn 17
You have 150 seconds to make your decision.
The opposing Mew used Stealth Rock!
But it failed!
Kenmore used Pain Split!
The battlers shared their pain!
The opposing Mew restored a little HP using its Leftovers!
Kenmore was hurt by its burn!
Turn 18
You have 150 seconds to make your decision.
The opposing Mew used Stealth Rock!
But it failed!
Kenmore used Pain Split!
The battlers shared their pain!
The opposing Mew restored a little HP using its Leftovers!
Kenmore was hurt by its burn!
Turn 19
You have 150 seconds to make your decision.
The opposing Mew used Soft-Boiled!
The opposing Mew regained health!
Kenmore used Pain Split!
The battlers shared their pain!
The opposing Mew restored a little HP using its Leftovers!
Kenmore was hurt by its burn!
Turn 20
You have 150 seconds to make your decision.
The opposing Mew used Stealth Rock!
But it failed!
Kenmore used Pain Split!
The battlers shared their pain!
The opposing Mew restored a little HP using its Leftovers!
Kenmore was hurt by its burn!
Turn 21
You have 150 seconds to make your decision.
Packfan860 has 120 seconds left.
The opposing Mew used Stealth Rock!
But it failed!
Kenmore used Pain Split!
The battlers shared their pain!
The opposing Mew restored a little HP using its Leftovers!
Kenmore was hurt by its burn!
Turn 22
You have 150 seconds to make your decision.
The opposing Mew used Stealth Rock!
But it failed!
Kenmore used Pain Split!
The battlers shared their pain!
The opposing Mew restored a little HP using its Leftovers!
Kenmore was hurt by its burn!
Turn 23
You have 150 seconds to make your decision.
The opposing Mew used Stealth Rock!
But it failed!
Kenmore used Pain Split!
The battlers shared their pain!
The opposing Mew restored a little HP using its Leftovers!
Kenmore was hurt by its burn!
Turn 24
You have 150 seconds to make your decision.
The opposing Mew used Stealth Rock!
But it failed!
Kenmore used Pain Split!
The battlers shared their pain!
The opposing Mew restored a little HP using its Leftovers!
Kenmore was hurt by its burn!
Turn 25
You have 150 seconds to make your decision.
The opposing Mew used Stealth Rock!
But it failed!
Kenmore used Pain Split!
The battlers shared their pain!
The opposing Mew restored a little HP using its Leftovers!
Kenmore was hurt by its burn!
Turn 26
You have 150 seconds to make your decision.
The opposing Mew used Stealth Rock!
But it failed!
Kenmore used Pain Split!
The battlers shared their pain!
The opposing Mew restored a little HP using its Leftovers!
Kenmore was hurt by its burn!
Turn 27
You have 150 seconds to make your decision.
★Packfan860: You almost out of pain split
The opposing Mew used Soft-Boiled!
The opposing Mew regained health!
Kenmore used Pain Split!
The battlers shared their pain!
The opposing Mew restored a little HP using its Leftovers!
Kenmore was hurt by its burn!
Turn 28
You have 150 seconds to make your decision.
The opposing Mew used Stealth Rock!
But it failed!
Kenmore used Pain Split!
The battlers shared their pain!
The opposing Mew restored a little HP using its Leftovers!
Kenmore was hurt by its burn!
Turn 29
You have 150 seconds to make your decision.
The opposing Mew used Stealth Rock!
But it failed!
Kenmore used Pain Split!
The battlers shared their pain!
The opposing Mew restored a little HP using its Leftovers!
Kenmore was hurt by its burn!
Turn 30
You have 150 seconds to make your decision.
The opposing Mew used Knock Off!
Kenmore lost 12.5% of its health!
Kenmore used Pain Split!
The battlers shared their pain!
The opposing Mew restored a little HP using its Leftovers!
Kenmore was hurt by its burn!
Turn 31
You have 150 seconds to make your decision.
The opposing Mew used Stealth Rock!
But it failed!
Kenmore used Pain Split!
The battlers shared their pain!
The opposing Mew restored a little HP using its Leftovers!
Kenmore was hurt by its burn!
Turn 32
You have 150 seconds to make your decision.
The opposing Mew used Stealth Rock!
But it failed!
Kenmore used Pain Split!
The battlers shared their pain!
The opposing Mew restored a little HP using its Leftovers!
Kenmore was hurt by its burn!
Turn 33
You have 150 seconds to make your decision.
The opposing Mew used Stealth Rock!
But it failed!
Kenmore used Pain Split!
The battlers shared their pain!
The opposing Mew restored a little HP using its Leftovers!
Kenmore was hurt by its burn!
Turn 34
You have 150 seconds to make your decision.
The opposing Mew used Soft-Boiled!
The opposing Mew regained health!
Kenmore used Pain Split!
The battlers shared their pain!
The opposing Mew restored a little HP using its Leftovers!
Kenmore was hurt by its burn!
Turn 35
You have 150 seconds to make your decision.
The opposing Mew used Stealth Rock!
But it failed!
Kenmore used Pain Split!
The battlers shared their pain!
The opposing Mew restored a little HP using its Leftovers!
Kenmore was hurt by its burn!
Turn 36
You have 150 seconds to make your decision.
The opposing Mew used Stealth Rock!
But it failed!
Kenmore used Pain Split!
The battlers shared their pain!
The opposing Mew restored a little HP using its Leftovers!
Kenmore was hurt by its burn!
Turn 37
You have 150 seconds to make your decision.
asdf7021movefreq has 120 seconds left.
asdf7021movefreq has 90 seconds left.
asdf7021movefreq has 60 seconds left.
asdf7021movefreq has 40 seconds left.
asdf7021movefreq has 30 seconds left.
asdf7021movefreq has 20 seconds left.
asdf7021movefreq has 10 seconds left.
asdf7021movefreq lost due to inactivity.
Packfan860 won the battle!
Ladder updating...
asdf7021movefreq's rating: 1120 → 1098
(-22 for losing)
Packfan860's rating: 1165 → 1187
(+22 for winning)