asdf7021movefreq joined.
massalegal joined.
Format:
OU
Rated battle
Swagger Clause: Swagger is banned
Baton Pass Clause: Limit one Pokémon knowing Baton Pass
Sleep Clause Mod: Limit one foe put to sleep
Species Clause: Limit one of each Pokémon
OHKO Clause: OHKO moves are banned
Moody Clause: Moody is banned
Evasion Moves Clause: Evasion moves are banned
Endless Battle Clause: Forcing endless battles is banned
HP Percentage Mod: HP is shown in percentages
asdf7021movefreq's team:
Lopunny / Rotom-Wash / Landorus-Therian / Scizor / Heatran / Latios
massalegal's team:
Talonflame / Rotom-Wash / Roserade / Gengar / Gallade / Gliscor
Battle timer is now ON: inactive players will automatically lose when time's up. (requested by asdf7021movefreq)
Battle between asdf7021movefreq and massalegal started!
Go! Lola (Lopunny)!
massalegal sent out Gallade!
Turn 1
You have 150 seconds to make your decision.
Lola's Lopunnite is reacting to asdf7021movefreq's Mega Bracelet!
Lola has Mega Evolved into Mega Lopunny!
The opposing Gallade's Galladite is reacting to massalegal's Mega Bracelet!
The opposing Gallade has Mega Evolved into Mega Gallade!
Lola used Return!
The opposing Gallade lost 68% of its health!
The opposing Gallade used Drain Punch!
It's super effective! Lola lost 100% of its health!
Lola had its energy drained!
Lola fainted!
You have 150 seconds to make your decision.
Go! Kenmore (Rotom-Wash)!
Turn 2
You have 150 seconds to make your decision.
massalegal withdrew Gallade (Gallade-Mega)!
massalegal sent out Roserade!
Kenmore used Hydro Pump!
It's not very effective... The opposing Roserade lost 25% of its health!
The opposing Roserade restored a little HP using its Leftovers!
Turn 3
You have 150 seconds to make your decision.
The opposing Roserade used Sleep Powder!
Kenmore avoided the attack!
Kenmore used Hydro Pump!
It's not very effective... The opposing Roserade lost 23% of its health!
The opposing Roserade restored a little HP using its Leftovers!
Turn 4
You have 150 seconds to make your decision.
The opposing Roserade used Giga Drain!
It's super effective! Kenmore lost 89.5% of its health!
Kenmore had its energy drained!
Kenmore used Hydro Pump!
A critical hit! It's not very effective... The opposing Roserade lost 36% of its health!
The opposing Roserade restored a little HP using its Leftovers!
Kenmore restored a little HP using its Leftovers!
Turn 5
You have 150 seconds to make your decision.
The opposing Roserade used Giga Drain!
It's super effective! Kenmore lost 16.8% of its health!
Kenmore had its energy drained!
Kenmore fainted!
The opposing Roserade restored a little HP using its Leftovers!
You have 150 seconds to make your decision.
Go! Magma Gazer (Heatran)!
Turn 6
You have 150 seconds to make your decision.
massalegal withdrew Roserade!
massalegal sent out Gliscor!
Magma Gazer used Stealth Rock!
Pointed stones float in the air around the opposing team!
The opposing Gliscor was badly poisoned by the Toxic Orb!
Turn 7
You have 150 seconds to make your decision.
Magma Gazer, come back!
Go! Skywalker (Landorus-Therian)!
Skywalker intimidates the opposing Gliscor!
The opposing Gliscor's Attack fell!
The opposing Gliscor used Stealth Rock!
Pointed stones float in the air around your team!
Turn 8
You have 150 seconds to make your decision.
Skywalker used Knock Off!
The opposing Gliscor lost 27% of its health!
Skywalker knocked off the opposing Gliscor's Toxic Orb!
The opposing Gliscor used Toxic!
Skywalker was badly poisoned!
Skywalker was hurt by poison!
The opposing Gliscor restored HP using its Poison Heal!
Turn 9
You have 150 seconds to make your decision.
Skywalker used Knock Off!
A critical hit! The opposing Gliscor lost 32% of its health!
The opposing Gliscor used Earthquake!
It doesn't affect Skywalker...
Skywalker was hurt by poison!
The opposing Gliscor restored HP using its Poison Heal!
Turn 10
You have 150 seconds to make your decision.
The opposing Gliscor used Protect!
The opposing Gliscor protected itself!
Skywalker used Knock Off!
The opposing Gliscor protected itself!
Skywalker was hurt by poison!
The opposing Gliscor restored HP using its Poison Heal!
Turn 11
You have 150 seconds to make your decision.
Skywalker used Knock Off!
The opposing Gliscor lost 21% of its health!
The opposing Gliscor used Earthquake!
It doesn't affect Skywalker...
Skywalker was hurt by poison!
The opposing Gliscor restored HP using its Poison Heal!
Turn 12
You have 150 seconds to make your decision.
Skywalker, come back!
Go! Red Bullet (Scizor)!
Pointed stones dug into Red Bullet!
The opposing Gliscor used Protect!
But it failed!
The opposing Gliscor restored HP using its Poison Heal!
Turn 13
You have 150 seconds to make your decision.
The opposing Gliscor used Earthquake!
Red Bullet lost 23.9% of its health!
Red Bullet used U-turn!
It's not very effective... The opposing Gliscor lost 23% of its health!
You have 150 seconds to make your decision.
Red Bullet went back to asdf7021movefreq!
Go! Skywalker (Landorus-Therian)!
Pointed stones dug into Skywalker!
Skywalker intimidates the opposing Gliscor!
The opposing Gliscor's Attack fell!
Skywalker was hurt by poison!
The opposing Gliscor restored HP using its Poison Heal!
Turn 14
You have 150 seconds to make your decision.
The opposing Gliscor used Protect!
The opposing Gliscor protected itself!
Skywalker used U-turn!
The opposing Gliscor protected itself!
Skywalker was hurt by poison!
The opposing Gliscor restored HP using its Poison Heal!
Turn 15
You have 150 seconds to make your decision.
Skywalker used U-turn!
It's not very effective... The opposing Gliscor lost 11% of its health!
You have 150 seconds to make your decision.
Skywalker went back to asdf7021movefreq!
Go! Red Bullet (Scizor)!
Pointed stones dug into Red Bullet!
The opposing Gliscor used Earthquake!
A critical hit! Red Bullet lost 51.6% of its health!
Red Bullet fainted!
The opposing Gliscor restored HP using its Poison Heal!
You have 150 seconds to make your decision.
Go! Magma Gazer (Heatran)!
Pointed stones dug into Magma Gazer!
Turn 16
You have 150 seconds to make your decision.
The opposing Gliscor used Earthquake!
It's super effective! Magma Gazer lost 65.5% of its health!
Magma Gazer used Lava Plume!
The opposing Gliscor lost 40% of its health!
Magma Gazer restored a little HP using its Leftovers!
The opposing Gliscor restored HP using its Poison Heal!
Turn 17
You have 150 seconds to make your decision.
The opposing Gliscor used Earthquake!
It's super effective! Magma Gazer lost 28.3% of its health!
Magma Gazer fainted!
The opposing Gliscor restored HP using its Poison Heal!
You have 150 seconds to make your decision.
Go! Red Eye (Latios)!
Pointed stones dug into Red Eye!
Turn 18
You have 150 seconds to make your decision.
The opposing Gliscor used Protect!
The opposing Gliscor protected itself!
Red Eye used Draco Meteor!
The opposing Gliscor protected itself!
The opposing Gliscor restored HP using its Poison Heal!
Turn 19
You have 150 seconds to make your decision.
Red Eye used Draco Meteor!
The opposing Gliscor lost 84% of its health!
Red Eye's Special Attack harshly fell!
Red Eye lost some of its HP!
The opposing Gliscor fainted!
massalegal sent out Gallade (Gallade-Mega)!
Pointed stones dug into the opposing Gallade!
Turn 20
You have 150 seconds to make your decision.
Red Eye, come back!
Go! Skywalker (Landorus-Therian)!
Pointed stones dug into Skywalker!
Skywalker fainted!
The opposing Gallade used Ice Punch!
But there was no target...
You have 150 seconds to make your decision.
Go! Red Eye (Latios)!
Pointed stones dug into Red Eye!
Turn 21
You have 150 seconds to make your decision.
The opposing Gallade used Ice Punch!
It's super effective! Red Eye lost 65.6% of its health!
Red Eye fainted!
massalegal won the battle!
Ladder updating...
asdf7021movefreq's rating: 1167 → 1140
(-27 for losing)
massalegal's rating: 1143 → 1170
(+27 for winning)
★asdf7021movefreq: gg
★massalegal: gg