asdf7021movefreq joined.
ultragengar joined.
Format:
OU
Rated battle
Swagger Clause: Swagger is banned
Baton Pass Clause: Limit one Pokémon knowing Baton Pass
Sleep Clause Mod: Limit one foe put to sleep
Species Clause: Limit one of each Pokémon
OHKO Clause: OHKO moves are banned
Moody Clause: Moody is banned
Evasion Moves Clause: Evasion moves are banned
Endless Battle Clause: Forcing endless battles is banned
HP Percentage Mod: HP is shown in percentages
asdf7021movefreq's team:
Lopunny / Rotom-Wash / Landorus-Therian / Scizor / Heatran / Latios
ultragengar's team:
Smeargle / Metagross / Latias / Bisharp / Gengar / Landorus-Therian
Battle timer is now ON: inactive players will automatically lose when time's up. (requested by asdf7021movefreq)
You have 150 seconds to make your decision.
Battle between asdf7021movefreq and ultragengar started!
Go! Lola (Lopunny)!
ultragengar sent out Landorus-Therian!
The opposing Landorus-Therian intimidates Lola!
Lola's Attack fell!
Turn 1
You have 150 seconds to make your decision.
IAmPandaz joined.
Lola's Lopunnite is reacting to asdf7021movefreq's Mega Bracelet!
Lola has Mega Evolved into Mega Lopunny!
The opposing Landorus-Therian used Explosion!
Lola lost 100% of its health!
The opposing Landorus-Therian fainted!
Lola fainted!
You have 150 seconds to make your decision.
IAmPandaz: lol
★ultragengar: (:
IAmPandaz: get shat on
ultragengar has 120 seconds left.
ultragengar sent out Smeargle!
Go! Kenmore (Rotom-Wash)!
Turn 2
You have 150 seconds to make your decision.
The opposing Smeargle used Dark Void!
Kenmore fell asleep!
Kenmore is fast asleep.
Turn 3
You have 150 seconds to make your decision.
The opposing Smeargle used Sticky Web!
A sticky web spreads out beneath your team's feet!
Kenmore is fast asleep.
Turn 4
You have 150 seconds to make your decision.
The opposing Smeargle used Stealth Rock!
Pointed stones float in the air around your team!
Kenmore woke up!
Kenmore used Volt Switch!
The opposing Smeargle lost 65% of its health!
You have 150 seconds to make your decision.
Kenmore went back to asdf7021movefreq!
Go! Skywalker (Landorus-Therian)!
Pointed stones dug into Skywalker!
Skywalker intimidates the opposing Smeargle!
The opposing Smeargle's Attack fell!
Turn 5
You have 150 seconds to make your decision.
Skywalker used U-turn!
The opposing Smeargle lost 35% of its health!
The opposing Smeargle fainted!
You have 150 seconds to make your decision.
Skywalker went back to asdf7021movefreq!
Go! Kenmore (Rotom-Wash)!
Pointed stones dug into Kenmore!
Kenmore restored a little HP using its Leftovers!
ultragengar has 120 seconds left.
ultragengar sent out Gengar!
Turn 6
You have 150 seconds to make your decision.
The opposing Gengar used Sludge Wave!
Kenmore lost 73.0% of its health!
The opposing Gengar lost some of its HP!
Kenmore used Volt Switch!
The opposing Gengar lost 45% of its health!
You have 150 seconds to make your decision.
Kenmore went back to asdf7021movefreq!
Go! Red Eye (Latios)!
Pointed stones dug into Red Eye!
Turn 7
You have 150 seconds to make your decision.
ultragengar withdrew Gengar!
ultragengar sent out Bisharp!
Red Eye used Draco Meteor!
It's not very effective... The opposing Bisharp lost 56.0% of its health!
Red Eye's Special Attack harshly fell!
Red Eye lost some of its HP!
Turn 8
You have 150 seconds to make your decision.
Red Eye, come back!
Go! Magma Gazer (Heatran)!
Magma Gazer was caught in a sticky web!
Magma Gazer's Speed fell!
Pointed stones dug into Magma Gazer!
The opposing Bisharp used Knock Off!
Magma Gazer lost 62.1% of its health!
The opposing Bisharp knocked off Magma Gazer's Leftovers!
The opposing Bisharp lost some of its HP!
Turn 9
You have 150 seconds to make your decision.
Magma Gazer, come back!
Go! Kenmore (Rotom-Wash)!
Pointed stones dug into Kenmore!
The opposing Bisharp used Knock Off!
Kenmore lost 8.2% of its health!
The opposing Bisharp knocked off Kenmore's Leftovers!
The opposing Bisharp lost some of its HP!
Kenmore fainted!
You have 150 seconds to make your decision.
Go! Red Eye (Latios)!
Pointed stones dug into Red Eye!
Turn 10
You have 150 seconds to make your decision.
ultragengar has 120 seconds left.
The opposing Bisharp used Sucker Punch!
It's super effective! Red Eye lost 65.6% of its health!
The opposing Bisharp lost some of its HP!
Red Eye fainted!
You have 150 seconds to make your decision.
★ultragengar: defiant
Go! Skywalker (Landorus-Therian)!
Pointed stones dug into Skywalker!
Skywalker intimidates the opposing Bisharp!
The opposing Bisharp's Attack fell!
The opposing Bisharp's Defiant sharply raised its Attack!
Turn 11
You have 150 seconds to make your decision.
★ultragengar: (:
The opposing Bisharp used Sucker Punch!
Skywalker lost 75.4% of its health!
The opposing Bisharp lost some of its HP!
Skywalker fainted!
You have 150 seconds to make your decision.
Go! Red Bullet (Scizor)!
Pointed stones dug into Red Bullet!
Red Bullet was caught in a sticky web!
Red Bullet's Speed fell!
Turn 12
You have 150 seconds to make your decision.
The opposing Bisharp used Sucker Punch!
Red Bullet lost 87.8% of its health!
The opposing Bisharp lost some of its HP!
Red Bullet fainted!
The opposing Bisharp fainted!
You have 150 seconds to make your decision.
ultragengar sent out Metagross!
Go! Magma Gazer (Heatran)!
Pointed stones dug into Magma Gazer!
Magma Gazer was caught in a sticky web!
Magma Gazer's Speed fell!
Turn 13
You have 150 seconds to make your decision.
The opposing Metagross's Metagrossite is reacting to ultragengar's Mega Bracelet!
The opposing Metagross has Mega Evolved into Mega Metagross!
The opposing Metagross used Earthquake!
It's super effective! Magma Gazer lost 12.7% of its health!
Magma Gazer fainted!
ultragengar won the battle!
Ladder updating...
asdf7021movefreq's rating: 1161 → 1137
(-24 for losing)
ultragengar's rating: 1174 → 1198
(+24 for winning)
★asdf7021movefreq: gg
★ultragengar: gg
IAmPandaz left.
ultragengar left.