asdf7021random joined.
Gaffeux joined.
Format:
OU
Rated battle
Swagger Clause: Swagger is banned
Baton Pass Clause: Limit one Pokémon knowing Baton Pass
Sleep Clause Mod: Limit one foe put to sleep
Species Clause: Limit one of each Pokémon
OHKO Clause: OHKO moves are banned
Moody Clause: Moody is banned
Evasion Moves Clause: Evasion moves are banned
Endless Battle Clause: Forcing endless battles is banned
HP Percentage Mod: HP is shown in percentages
asdf7021random's team:
Lopunny / Rotom-Wash / Landorus-Therian / Scizor / Heatran / Latios
Gaffeux's team:
Mamoswine / Skarmory / Rotom-Wash / Chandelure / Gallade / Landorus
Battle timer is now ON: inactive players will automatically lose when time's up. (requested by asdf7021random)
Battle between asdf7021random and Gaffeux started!
Go! Lola (Lopunny)!
Gaffeux sent out Skarmory!
Turn 1
You have 150 seconds to make your decision.
Lola's Lopunnite is reacting to asdf7021random's Mega Bracelet!
Lola has Mega Evolved into Mega Lopunny!
Lola used High Jump Kick!
The opposing Skarmory lost 44% of its health!
The opposing Skarmory used Brave Bird!
It's super effective! Lola lost 89.3% of its health!
The opposing Skarmory is damaged by recoil!
The opposing Skarmory restored a little HP using its Leftovers!
Turn 2
You have 150 seconds to make your decision.
Lola used High Jump Kick!
The opposing Skarmory lost 38% of its health!
The opposing Skarmory fainted!
Gaffeux sent out Mamoswine!
Turn 3
You have 150 seconds to make your decision.
The opposing Mamoswine used Ice Shard!
Lola lost 10.7% of its health!
Lola fainted!
You have 150 seconds to make your decision.
Go! Kenmore (Rotom-Wash)!
Turn 4
You have 150 seconds to make your decision.
Kenmore used Hydro Pump!
The opposing Mamoswine avoided the attack!
The opposing Mamoswine used Stealth Rock!
Pointed stones float in the air around your team!
Turn 5
You have 150 seconds to make your decision.
Gaffeux withdrew Mamoswine!
Gaffeux sent out Rotom-Wash!
Kenmore used Hydro Pump!
It's not very effective... The opposing Rotom-Wash lost 13% of its health!
The opposing Rotom-Wash restored a little HP using its Leftovers!
Turn 6
You have 150 seconds to make your decision.
Kenmore used Volt Switch!
The opposing Rotom-Wash lost 18% of its health!
You have 150 seconds to make your decision.
Kenmore went back to asdf7021random!
Go! Red Bullet (Scizor)!
Pointed stones dug into Red Bullet!
The opposing Rotom-Wash used Will-O-Wisp!
Red Bullet was burned!
The opposing Rotom-Wash restored a little HP using its Leftovers!
Red Bullet was hurt by its burn!
Turn 7
You have 150 seconds to make your decision.
The opposing Rotom-Wash used Hydro Pump!
Red Bullet avoided the attack!
Red Bullet used U-turn!
The opposing Rotom-Wash lost 32% of its health!
You have 150 seconds to make your decision.
Red Bullet went back to asdf7021random!
Go! Red Eye (Latios)!
Pointed stones dug into Red Eye!
The opposing Rotom-Wash restored a little HP using its Leftovers!
Turn 8
You have 150 seconds to make your decision.
Red Eye used Psyshock!
The opposing Rotom-Wash lost 55.0% of its health!
Red Eye lost some of its HP!
The opposing Rotom-Wash fainted!
Gaffeux sent out Chandelure!
Turn 9
You have 150 seconds to make your decision.
The opposing Chandelure used Shadow Ball!
A critical hit! It's super effective! Red Eye lost 77.8% of its health!
Red Eye fainted!
You have 150 seconds to make your decision.
Go! Kenmore (Rotom-Wash)!
Pointed stones dug into Kenmore!
Turn 10
You have 150 seconds to make your decision.
The opposing Chandelure used Shadow Ball!
Kenmore lost 46.7% of its health!
Kenmore used Hydro Pump!
It's super effective! The opposing Chandelure lost 100% of its health!
The opposing Chandelure fainted!
Kenmore restored a little HP using its Leftovers!
Gaffeux sent out Gallade!
Turn 11
You have 150 seconds to make your decision.
The opposing Gallade's Galladite is reacting to Gaffeux's Mega Bracelet!
The opposing Gallade has Mega Evolved into Mega Gallade!
The opposing Gallade used Knock Off!
Kenmore lost 30.6% of its health!
The opposing Gallade knocked off Kenmore's Leftovers!
Kenmore used Hydro Pump!
The opposing Gallade lost 42% of its health!
Turn 12
You have 150 seconds to make your decision.
The opposing Gallade used Zen Headbutt!
Kenmore lost 16.4% of its health!
Kenmore fainted!
You have 150 seconds to make your decision.
Go! Skywalker (Landorus-Therian)!
Pointed stones dug into Skywalker!
Skywalker intimidates the opposing Gallade!
The opposing Gallade's Attack fell!
Turn 13
You have 150 seconds to make your decision.
Gaffeux withdrew Gallade (Gallade-Mega)!
Gaffeux sent out Mamoswine!
Skywalker used U-turn!
The opposing Mamoswine lost 26% of its health!
You have 150 seconds to make your decision.
Skywalker went back to asdf7021random!
Go! Red Bullet (Scizor)!
Pointed stones dug into Red Bullet!
Red Bullet was hurt by its burn!
Turn 14
You have 150 seconds to make your decision.
The opposing Mamoswine used Earthquake!
Red Bullet lost 51.0% of its health!
Red Bullet fainted!
You have 150 seconds to make your decision.
Go! Skywalker (Landorus-Therian)!
Pointed stones dug into Skywalker!
Skywalker intimidates the opposing Mamoswine!
The opposing Mamoswine's Attack fell!
Turn 15
You have 150 seconds to make your decision.
The opposing Mamoswine used Ice Shard!
It's super effective! Skywalker lost 71.4% of its health!
Skywalker used Earthquake!
The opposing Mamoswine lost 51% of its health!
Turn 16
You have 150 seconds to make your decision.
The opposing Mamoswine used Ice Shard!
It's super effective! Skywalker lost 4% of its health!
Skywalker fainted!
You have 150 seconds to make your decision.
Go! Magma Gazer (Heatran)!
Pointed stones dug into Magma Gazer!
Turn 17
You have 150 seconds to make your decision.
Magma Gazer used Stealth Rock!
Pointed stones float in the air around the opposing team!
The opposing Mamoswine used Earthquake!
It's super effective! Magma Gazer lost 87.5% of its health!
Magma Gazer fainted!
Gaffeux won the battle!
Ladder updating...
asdf7021random's rating: 1156 → 1129
(-27 for losing)
Gaffeux's rating: 1127 → 1154
(+27 for winning)
★asdf7021random: gg
Gaffeux left.