DoctorSpengler joined.
asdf7021random joined.
Format:
OU
Rated battle
Swagger Clause: Swagger is banned
Baton Pass Clause: Limit one Pokémon knowing Baton Pass
Sleep Clause Mod: Limit one foe put to sleep
Species Clause: Limit one of each Pokémon
OHKO Clause: OHKO moves are banned
Moody Clause: Moody is banned
Evasion Moves Clause: Evasion moves are banned
Endless Battle Clause: Forcing endless battles is banned
HP Percentage Mod: HP is shown in percentages
asdf7021random's team:
Lopunny / Rotom-Wash / Landorus-Therian / Scizor / Heatran / Latios
DoctorSpengler's team:
Gallade / Eelektross / Volcarona / Serperior / Dragonite / Bisharp
Battle timer is now ON: inactive players will automatically lose when time's up. (requested by asdf7021random)
Battle between DoctorSpengler and asdf7021random started!
DoctorSpengler sent out Dragonite!
Go! Lola (Lopunny)!
Turn 1
You have 150 seconds to make your decision.
Lola's Lopunnite is reacting to asdf7021random's Mega Bracelet!
Lola has Mega Evolved into Mega Lopunny!
Lola used Ice Punch!
It's super effective! The opposing Dragonite lost 48% of its health!
The opposing Dragonite used Dragon Claw!
Lola lost 59.8% of its health!
The opposing Dragonite restored a little HP using its Leftovers!
Turn 2
You have 150 seconds to make your decision.
The opposing Dragonite used ExtremeSpeed!
Lola lost 40.2% of its health!
Lola fainted!
The opposing Dragonite restored a little HP using its Leftovers!
You have 150 seconds to make your decision.
Go! Kenmore (Rotom-Wash)!
Turn 3
You have 150 seconds to make your decision.
Kenmore used Volt Switch!
The opposing Dragonite lost 21% of its health!
You have 150 seconds to make your decision.
Kenmore went back to asdf7021random!
Go! Magma Gazer (Heatran)!
The opposing Dragonite used Dragon Claw!
It's not very effective... Magma Gazer lost 19.0% of its health!
Magma Gazer restored a little HP using its Leftovers!
The opposing Dragonite restored a little HP using its Leftovers!
Turn 4
You have 150 seconds to make your decision.
Magma Gazer used Stealth Rock!
Pointed stones float in the air around the opposing team!
The opposing Dragonite used Earthquake!
It's super effective! Magma Gazer lost 87.3% of its health!
Magma Gazer fainted!
The opposing Dragonite restored a little HP using its Leftovers!
You have 150 seconds to make your decision.
Go! Kenmore (Rotom-Wash)!
Turn 5
You have 150 seconds to make your decision.
Kenmore used Volt Switch!
The opposing Dragonite lost 21% of its health!
You have 150 seconds to make your decision.
Kenmore went back to asdf7021random!
Go! Red Bullet (Scizor)!
The opposing Dragonite used Dragon Claw!
It's not very effective... Red Bullet lost 24.5% of its health!
The opposing Dragonite restored a little HP using its Leftovers!
Turn 6
You have 150 seconds to make your decision.
The opposing Dragonite used Earthquake!
Red Bullet lost 40.2% of its health!
Red Bullet used Superpower!
It's not very effective... The opposing Dragonite lost 32% of its health!
Red Bullet's Attack fell!
Red Bullet's Defense fell!
The opposing Dragonite restored a little HP using its Leftovers!
Turn 7
You have 150 seconds to make your decision.
DoctorSpengler has 120 seconds left.
The opposing Dragonite used Earthquake!
Red Bullet lost 35.3% of its health!
Red Bullet fainted!
The opposing Dragonite restored a little HP using its Leftovers!
You have 150 seconds to make your decision.
Go! Kenmore (Rotom-Wash)!
Turn 8
You have 150 seconds to make your decision.
The opposing Dragonite used ExtremeSpeed!
A critical hit! Kenmore lost 37.8% of its health!
Kenmore used Volt Switch!
The opposing Dragonite lost 21% of its health!
The opposing Dragonite fainted!
You have 150 seconds to make your decision.
Kenmore went back to asdf7021random!
Go! Skywalker (Landorus-Therian)!
DoctorSpengler sent out Gallade!
Pointed stones dug into the opposing Gallade!
Turn 9
You have 150 seconds to make your decision.
The opposing Gallade's Galladite is reacting to DoctorSpengler's Mega Bracelet!
The opposing Gallade has Mega Evolved into Mega Gallade!
Skywalker used U-turn!
The opposing Gallade lost 33% of its health!
You have 150 seconds to make your decision.
Skywalker went back to asdf7021random!
Go! Red Eye (Latios)!
The opposing Gallade used Zen Headbutt!
It's not very effective... Red Eye lost 33.1% of its health!
Turn 10
You have 150 seconds to make your decision.
The opposing Gallade used Shadow Sneak!
It's super effective! Red Eye lost 44.4% of its health!
Red Eye used Roost!
Red Eye regained health!
Turn 11
You have 150 seconds to make your decision.
The opposing Gallade used Shadow Sneak!
It's super effective! Red Eye lost 45.7% of its health!
Red Eye used Draco Meteor!
The opposing Gallade lost 61% of its health!
Red Eye's Special Attack harshly fell!
Red Eye lost some of its HP!
The opposing Gallade fainted!
DoctorSpengler has 120 seconds left.
DoctorSpengler sent out Serperior!
Pointed stones dug into the opposing Serperior!
Turn 12
You have 150 seconds to make your decision.
Red Eye, come back!
Go! Skywalker (Landorus-Therian)!
Skywalker intimidates the opposing Serperior!
The opposing Serperior's Attack rose!
The opposing Serperior used Leaf Storm!
Skywalker lost 60% of its health!
The opposing Serperior's Special Attack sharply rose!
Turn 13
You have 150 seconds to make your decision.
Skywalker used U-turn!
It's super effective! The opposing Serperior lost 65% of its health!
You have 150 seconds to make your decision.
Skywalker went back to asdf7021random!
Go! Red Eye (Latios)!
The opposing Serperior used Leaf Storm!
It's not very effective... Red Eye lost 16.9% of its health!
The opposing Serperior's Special Attack sharply rose!
Red Eye fainted!
You have 150 seconds to make your decision.
Go! Skywalker (Landorus-Therian)!
Skywalker intimidates the opposing Serperior!
The opposing Serperior's Attack rose!
Turn 14
You have 150 seconds to make your decision.
Skywalker used U-turn!
It's super effective! The opposing Serperior lost 23% of its health!
The opposing Serperior fainted!
You have 150 seconds to make your decision.
Skywalker went back to asdf7021random!
Go! Kenmore (Rotom-Wash)!
Kenmore restored a little HP using its Leftovers!
DoctorSpengler sent out Volcarona!
Pointed stones dug into the opposing Volcarona!
Turn 15
You have 150 seconds to make your decision.
The opposing Volcarona used Giga Drain!
It's super effective! Kenmore lost 53.9% of its health!
Kenmore had its energy drained!
Kenmore used Hydro Pump!
The opposing Volcarona avoided the attack!
Kenmore restored a little HP using its Leftovers!
Turn 16
You have 150 seconds to make your decision.
The opposing Volcarona used Giga Drain!
It's super effective! Kenmore lost 20.7% of its health!
Kenmore had its energy drained!
Kenmore fainted!
You have 150 seconds to make your decision.
Go! Skywalker (Landorus-Therian)!
Skywalker intimidates the opposing Volcarona!
The opposing Volcarona's Attack fell!
Turn 17
You have 150 seconds to make your decision.
Skywalker used Stone Edge!
It's super effective! The opposing Volcarona lost 87% of its health!
The opposing Volcarona fainted!
DoctorSpengler sent out Eelektross!
Pointed stones dug into the opposing Eelektross!
Turn 18
You have 150 seconds to make your decision.
Skywalker used Stone Edge!
The opposing Eelektross lost 40% of its health!
The opposing Eelektross used Aqua Tail!
It's super effective! Skywalker lost 40% of its health!
Skywalker fainted!
DoctorSpengler won the battle!
Ladder updating...
DoctorSpengler's rating: 1107 → 1134
(+27 for winning)
asdf7021random's rating: 1142 → 1114
(-28 for losing)
★DoctorSpengler: gg
★asdf7021random: gg
DoctorSpengler left.