norwaybob joined.
asdf7016random joined.
Format:
OU
Rated battle
Swagger Clause: Swagger is banned
Baton Pass Clause: Limit one Pokémon knowing Baton Pass
Sleep Clause Mod: Limit one foe put to sleep
Species Clause: Limit one of each Pokémon
OHKO Clause: OHKO moves are banned
Moody Clause: Moody is banned
Evasion Moves Clause: Evasion moves are banned
Endless Battle Clause: Forcing endless battles is banned
HP Percentage Mod: HP is shown in percentages
asdf7016random's team:
Lopunny / Rotom-Wash / Landorus-Therian / Scizor / Heatran / Latios
norwaybob's team:
Metagross / Magnezone / Keldeo / Gliscor / Gengar / Landorus-Therian
Battle timer is now ON: inactive players will automatically lose when time's up. (requested by asdf7016random)
You have 150 seconds to make your decision.
Battle between norwaybob and asdf7016random started!
norwaybob sent out Landorus-Therian!
Go! Lola (Lopunny)!
The opposing Landorus-Therian intimidates Lola!
Lola's Attack fell!
Turn 1
You have 150 seconds to make your decision.
Lola, come back!
Go! Magma Gazer (Heatran)!
The opposing Landorus-Therian used Hammer Arm!
It's super effective! Magma Gazer lost 84.4% of its health!
The opposing Landorus-Therian's Speed fell!
The opposing Landorus-Therian lost some of its HP!
Magma Gazer restored a little HP using its Leftovers!
Turn 2
You have 150 seconds to make your decision.
The opposing Landorus-Therian used Hammer Arm!
It's super effective! Magma Gazer lost 21.8% of its health!
The opposing Landorus-Therian's Speed fell!
The opposing Landorus-Therian lost some of its HP!
Magma Gazer fainted!
You have 150 seconds to make your decision.
Go! Kenmore (Rotom-Wash)!
Turn 3
You have 150 seconds to make your decision.
norwaybob withdrew Landorus-Therian!
norwaybob sent out niggagross (Metagross)!
Kenmore used Hydro Pump!
A critical hit! The opposing niggagross lost 78% of its health!
Turn 4
You have 150 seconds to make your decision.
The opposing niggagross's Metagrossite is reacting to norwaybob's Mega Bracelet!
The opposing niggagross has Mega Evolved into Mega Metagross!
The opposing niggagross used Meteor Mash!
It's not very effective... Kenmore lost 12.5% of its health!
Kenmore used Hydro Pump!
The opposing niggagross lost 22% of its health!
The opposing niggagross fainted!
Kenmore restored a little HP using its Leftovers!
norwaybob sent out Magnezone!
Turn 5
You have 150 seconds to make your decision.
Kenmore used Hydro Pump!
The opposing Magnezone avoided the attack!
The opposing Magnezone used Thunderbolt!
Kenmore lost 51.3% of its health!
Kenmore restored a little HP using its Leftovers!
Turn 6
You have 150 seconds to make your decision.
Kenmore used Volt Switch!
It's not very effective... The opposing Magnezone lost 15% of its health!
You have 150 seconds to make your decision.
Kenmore went back to asdf7016random!
Go! Skywalker (Landorus-Therian)!
Skywalker intimidates the opposing Magnezone!
The opposing Magnezone's Attack fell!
The opposing Magnezone used Thunderbolt!
It doesn't affect Skywalker...
The opposing Magnezone restored a little HP using its Leftovers!
Turn 7
You have 150 seconds to make your decision.
norwaybob withdrew Magnezone!
norwaybob sent out Gengar!
Skywalker used U-turn!
It's not very effective... The opposing Gengar lost 14.0% of its health!
You have 150 seconds to make your decision.
Skywalker went back to asdf7016random!
Go! Red Eye (Latios)!
The opposing Gengar restored HP using its Black Sludge!
Turn 8
You have 150 seconds to make your decision.
The opposing Gengar used Sucker Punch!
It's super effective! Red Eye lost 33.8% of its health!
Red Eye used Draco Meteor!
The opposing Gengar lost 92% of its health!
Red Eye's Special Attack harshly fell!
Red Eye lost some of its HP!
The opposing Gengar fainted!
norwaybob sent out Landorus-Therian!
The opposing Landorus-Therian intimidates Red Eye!
Red Eye's Attack fell!
Turn 9
You have 150 seconds to make your decision.
Red Eye, come back!
Go! Red Bullet (Scizor)!
The opposing Landorus-Therian used U-turn!
It's not very effective... Red Bullet lost 16.6% of its health!
The opposing Landorus-Therian lost some of its HP!
norwaybob forfeited.
norwaybob left.
Player 1 disconnected and has a minute to reconnect!
Player 1 has 60 seconds left.
asdf7016random won the battle!
Ladder updating...
★asdf7016random: gg
norwaybob's rating: 1048 → 1033
(-15 for losing)
asdf7016random's rating: 1097 → 1119
(+22 for winning)