Juridisch advies joined.
asdf7023random joined.
Format:
OU
Rated battle
Swagger Clause: Swagger is banned
Baton Pass Clause: Limit one Pokémon knowing Baton Pass
Sleep Clause Mod: Limit one foe put to sleep
Species Clause: Limit one of each Pokémon
OHKO Clause: OHKO moves are banned
Moody Clause: Moody is banned
Evasion Moves Clause: Evasion moves are banned
Endless Battle Clause: Forcing endless battles is banned
HP Percentage Mod: HP is shown in percentages
asdf7023random's team:
Lopunny / Rotom-Wash / Landorus-Therian / Scizor / Heatran / Latios
Juridisch advies's team:
Sceptile / Talonflame / Seismitoad / Gliscor / Starmie / Scizor
Battle timer is now ON: inactive players will automatically lose when time's up. (requested by asdf7023random)
You have 150 seconds to make your decision.
Battle between Juridisch advies and asdf7023random started!
Juridisch advies sent out Gliscor!
Go! Lola (Lopunny)!
Turn 1
You have 150 seconds to make your decision.
Juridisch advies withdrew Gliscor!
Juridisch advies sent out Talonflame!
Lola's Lopunnite is reacting to asdf7023random's Mega Bracelet!
Lola has Mega Evolved into Mega Lopunny!
Lola used Return!
The opposing Talonflame lost 75% of its health!
The opposing Talonflame restored a little HP using its Leftovers!
Turn 2
You have 150 seconds to make your decision.
Lola used High Jump Kick!
A critical hit! It's not very effective... The opposing Talonflame lost 31% of its health!
The opposing Talonflame fainted!
Juridisch advies sent out Starmie!
Turn 3
You have 150 seconds to make your decision.
Juridisch advies forfeited.
Lola used High Jump Kick!
The opposing Starmie avoided the attack!
Lola kept going and crashed!
The opposing Starmie used Psyshock!
It's super effective! Lola lost 50.2% of its health!
Lola fainted!
You have 150 seconds to make your decision.
Juridisch advies left.
Player 1 disconnected and has a minute to reconnect!
asdf7023random won the battle!
Ladder updating...
Juridisch advies's rating: 1210 → 1184
(-26 for losing)
asdf7023random's rating: 1197 → 1223
(+26 for winning)
★asdf7023random: gg