asdf7023random joined.
Blastoiseman0099 joined.
Format:
OU
Rated battle
Swagger Clause: Swagger is banned
Baton Pass Clause: Limit one Pokémon knowing Baton Pass
Sleep Clause Mod: Limit one foe put to sleep
Species Clause: Limit one of each Pokémon
OHKO Clause: OHKO moves are banned
Moody Clause: Moody is banned
Evasion Moves Clause: Evasion moves are banned
Endless Battle Clause: Forcing endless battles is banned
HP Percentage Mod: HP is shown in percentages
asdf7023random's team:
Lopunny / Rotom-Wash / Landorus-Therian / Scizor / Heatran / Latios
Blastoiseman0099's team:
Porygon-Z / Beedrill / Bisharp / Chansey / Gallade / Landorus-Therian
Battle timer is now ON: inactive players will automatically lose when time's up. (requested by asdf7023random)
Blastoiseman0099 has 120 seconds left.
Blastoiseman0099 has 90 seconds left.
Blastoiseman0099 has 60 seconds left.
Blastoiseman0099 has 40 seconds left.
Blastoiseman0099 has 30 seconds left.
Battle between asdf7023random and Blastoiseman0099 started!
Go! Lola (Lopunny)!
Blastoiseman0099 sent out Landorus-Therian!
The opposing Landorus-Therian intimidates Lola!
Lola's Attack fell!
Turn 1
You have 150 seconds to make your decision.
Lola, come back!
Go! Skywalker (Landorus-Therian)!
Skywalker intimidates the opposing Landorus-Therian!
The opposing Landorus-Therian's Attack fell!
The opposing Landorus-Therian used Stealth Rock!
Pointed stones float in the air around your team!
Turn 2
You have 150 seconds to make your decision.
Skywalker used Stone Edge!
The opposing Landorus-Therian lost 36% of its health!
The opposing Landorus-Therian used Knock Off!
Skywalker lost 32.9% of its health!
The opposing Landorus-Therian knocked off Skywalker's Choice Scarf!
The opposing Landorus-Therian restored a little HP using its Leftovers!
Turn 3
You have 150 seconds to make your decision.
Skywalker used Knock Off!
The opposing Landorus-Therian lost 35% of its health!
Skywalker knocked off the opposing Landorus-Therian's Leftovers!
The opposing Landorus-Therian used Stone Edge!
Skywalker lost 33.8% of its health!
Turn 4
You have 150 seconds to make your decision.
Skywalker used Knock Off!
The opposing Landorus-Therian lost 25% of its health!
The opposing Landorus-Therian used Knock Off!
Skywalker lost 19.7% of its health!
Turn 5
You have 150 seconds to make your decision.
Skywalker used U-turn!
It's not very effective... The opposing Landorus-Therian lost 10% of its health!
The opposing Landorus-Therian fainted!
You have 150 seconds to make your decision.
Skywalker went back to asdf7023random!
Go! Magma Gazer (Heatran)!
Pointed stones dug into Magma Gazer!
Magma Gazer restored a little HP using its Leftovers!
Blastoiseman0099 sent out Gallade!
Turn 6
You have 150 seconds to make your decision.
The opposing Gallade used Swords Dance!
The opposing Gallade's Attack sharply rose!
Magma Gazer used Stealth Rock!
Pointed stones float in the air around the opposing team!
Magma Gazer restored a little HP using its Leftovers!
Turn 7
You have 150 seconds to make your decision.
Magma Gazer, come back!
Go! Red Bullet (Scizor)!
Pointed stones dug into Red Bullet!
The opposing Gallade used Drain Punch!
A critical hit! Red Bullet lost 87.8% of its health!
The opposing Gallade lost some of its HP!
Red Bullet fainted!
You have 150 seconds to make your decision.
Go! Lola (Lopunny)!
Pointed stones dug into Lola!
Turn 8
You have 150 seconds to make your decision.
Lola's Lopunnite is reacting to asdf7023random's Mega Bracelet!
Lola has Mega Evolved into Mega Lopunny!
Lola used Return!
A critical hit! The opposing Gallade lost 91% of its health!
The opposing Gallade fainted!
Blastoiseman0099 sent out Chansey!
Pointed stones dug into the opposing Chansey!
Turn 9
You have 150 seconds to make your decision.
Lola used High Jump Kick!
It's super effective! The opposing Chansey lost 88% of its health!
The opposing Chansey fainted!
Blastoiseman0099 sent out Porygon-Z!
Pointed stones dug into the opposing Porygon-Z!
Turn 10
You have 150 seconds to make your decision.
The opposing Porygon-Z used Tri Attack!
A critical hit! Lola lost 87.8% of its health!
Lola fainted!
You have 150 seconds to make your decision.
Go! Kenmore (Rotom-Wash)!
Pointed stones dug into Kenmore!
Turn 11
You have 150 seconds to make your decision.
Kenmore, come back!
Go! Skywalker (Landorus-Therian)!
Pointed stones dug into Skywalker!
Skywalker intimidates the opposing Porygon-Z!
The opposing Porygon-Z's Attack fell!
The opposing Porygon-Z used Tri Attack!
Skywalker lost 1.2% of its health!
Skywalker fainted!
You have 150 seconds to make your decision.
Go! Red Eye (Latios)!
Pointed stones dug into Red Eye!
Turn 12
You have 150 seconds to make your decision.
The opposing Porygon-Z used Tri Attack!
Red Eye lost 63.6% of its health!
Red Eye used Draco Meteor!
The opposing Porygon-Z lost 88% of its health!
Red Eye's Special Attack harshly fell!
Red Eye lost some of its HP!
The opposing Porygon-Z fainted!
Blastoiseman0099 sent out Blue Eyes (Beedrill)!
Pointed stones dug into the opposing Blue Eyes!
Turn 13
You have 150 seconds to make your decision.
Red Eye, come back!
Go! Magma Gazer (Heatran)!
Pointed stones dug into Magma Gazer!
The opposing Blue Eyes's Beedrillite is reacting to Blastoiseman0099's Mega Bracelet!
The opposing Blue Eyes has Mega Evolved into Mega Beedrill!
The opposing Blue Eyes used X-Scissor!
It's not very effective... Magma Gazer lost 14.0% of its health!
Magma Gazer restored a little HP using its Leftovers!
Turn 14
You have 150 seconds to make your decision.
The opposing Blue Eyes used U-turn!
It's not very effective... Magma Gazer lost 13.0% of its health!
The opposing Blue Eyes went back to Blastoiseman0099!
Blastoiseman0099 sent out Bisharp!
Pointed stones dug into the opposing Bisharp!
Magma Gazer used Lava Plume!
It's super effective! The opposing Bisharp lost 95% of its health!
The opposing Bisharp fainted!
Magma Gazer restored a little HP using its Leftovers!
★Blastoiseman0099: gg
Blastoiseman0099 forfeited.
asdf7023random won the battle!
Ladder updating...
Blastoiseman0099 left.
asdf7023random's rating: 1109 → 1135
(+26 for winning)
Blastoiseman0099's rating: 1125 → 1099
(-26 for losing)
★asdf7023random: gg