asdf7023pokefreq joined.
torpolo joined.
Format:
OU
Rated battle
Swagger Clause: Swagger is banned
Baton Pass Clause: Limit one Pokémon knowing Baton Pass
Sleep Clause Mod: Limit one foe put to sleep
Species Clause: Limit one of each Pokémon
OHKO Clause: OHKO moves are banned
Moody Clause: Moody is banned
Evasion Moves Clause: Evasion moves are banned
Endless Battle Clause: Forcing endless battles is banned
HP Percentage Mod: HP is shown in percentages
asdf7023pokefreq's team:
Lopunny / Rotom-Wash / Landorus-Therian / Scizor / Heatran / Latios
torpolo's team:
Kyurem-Black / Raikou / Latios / Ferrothorn / Azumarill / Lopunny
Battle timer is now ON: inactive players will automatically lose when time's up. (requested by asdf7023pokefreq)
You have 150 seconds to make your decision.
Battle between asdf7023pokefreq and torpolo started!
Go! Lola (Lopunny)!
torpolo sent out Lopunny!
Turn 1
You have 150 seconds to make your decision.
torpolo withdrew Lopunny!
torpolo sent out Ferrothorn!
Lola's Lopunnite is reacting to asdf7023pokefreq's Mega Bracelet!
Lola has Mega Evolved into Mega Lopunny!
Lola used High Jump Kick!
It's super effective! The opposing Ferrothorn lost 96% of its health!
Lola is hurt by the opposing Ferrothorn's Iron Barbs!
The opposing Ferrothorn restored a little HP using its Leftovers!
Turn 2
You have 150 seconds to make your decision.
torpolo withdrew Ferrothorn!
torpolo sent out Azumarill!
Lola used Power-Up Punch!
It's not very effective... The opposing Azumarill lost 13% of its health!
Lola's Attack rose!
Turn 3
You have 150 seconds to make your decision.
Lola used Return!
The opposing Azumarill lost 87% of its health!
The opposing Azumarill fainted!
torpolo forfeited.
asdf7023pokefreq won the battle!
Ladder updating...
torpolo left.
asdf7023pokefreq's rating: 1298 → 1318
(+20 for winning)
torpolo's rating: 1230 → 1210
(-20 for losing)
★asdf7023pokefreq: gg