asdf7023pokefreq joined.
Diced Potatoes joined.
Format:
OU
Rated battle
Swagger Clause: Swagger is banned
Baton Pass Clause: Limit one Pokémon knowing Baton Pass
Sleep Clause Mod: Limit one foe put to sleep
Species Clause: Limit one of each Pokémon
OHKO Clause: OHKO moves are banned
Moody Clause: Moody is banned
Evasion Moves Clause: Evasion moves are banned
Endless Battle Clause: Forcing endless battles is banned
HP Percentage Mod: HP is shown in percentages
asdf7023pokefreq's team:
Lopunny / Rotom-Wash / Landorus-Therian / Scizor / Heatran / Latios
Diced Potatoes's team:
Scrafty / Bisharp / Scizor / Dragonite / Zapdos / Gardevoir
Battle timer is now ON: inactive players will automatically lose when time's up. (requested by asdf7023pokefreq)
Battle between asdf7023pokefreq and Diced Potatoes started!
Go! Lola (Lopunny)!
Diced Potatoes sent out Punchy Thing (Scrafty)!
Turn 1
You have 150 seconds to make your decision.
Lola's Lopunnite is reacting to asdf7023pokefreq's Mega Bracelet!
Lola has Mega Evolved into Mega Lopunny!
Lola used High Jump Kick!
It's super effective! The opposing Punchy Thing lost 100% of its health!
The opposing Punchy Thing fainted!
Diced Potatoes sent out Dragonite!
Turn 2
You have 150 seconds to make your decision.
Lola used Ice Punch!
A critical hit! It's super effective! The opposing Dragonite lost 68% of its health!
Lola is hurt by the opposing Dragonite's Rocky Helmet!
The opposing Dragonite used Dragon Dance!
The opposing Dragonite's Attack rose!
The opposing Dragonite's Speed rose!
Turn 3
You have 150 seconds to make your decision.
The opposing Dragonite used ExtremeSpeed!
A critical hit! Lola lost 65.7% of its health!
Lola used Return!
A critical hit! The opposing Dragonite lost 32% of its health!
Lola is hurt by the opposing Dragonite's Rocky Helmet!
The opposing Dragonite fainted!
Diced Potatoes sent out Zapdays (Zapdos)!
The opposing Zapdays is exerting its pressure!
Turn 4
You have 150 seconds to make your decision.
Lola used High Jump Kick!
It's not very effective... The opposing Zapdays lost 44% of its health!
The opposing Zapdays used Charge Beam!
Lola lost 1.1% of its health!
Lola fainted!
You have 150 seconds to make your decision.
Go! Magma Gazer (Heatran)!
Turn 5
You have 150 seconds to make your decision.
The opposing Zapdays used Thunder Wave!
Magma Gazer is paralyzed! It may be unable to move!
Magma Gazer used Stealth Rock!
Pointed stones float in the air around the opposing team!
Turn 6
You have 150 seconds to make your decision.
The opposing Zapdays used Roost!
The opposing Zapdays regained health!
Magma Gazer used Lava Plume!
The opposing Zapdays lost 40% of its health!
Turn 7
You have 150 seconds to make your decision.
Diced Potatoes withdrew Zapdays (Zapdos)!
Diced Potatoes sent out Dresses fer deyz (Gardevoir)!
Pointed stones dug into the opposing Dresses fer deyz!
Magma Gazer used Lava Plume!
The opposing Dresses fer deyz lost 37% of its health!
Turn 8
You have 150 seconds to make your decision.
Diced Potatoes forfeited.
asdf7023pokefreq won the battle!
Ladder updating...
Diced Potatoes left.
asdf7023pokefreq's rating: 1129 → 1154
(+25 for winning)
Diced Potatoes's rating: 1134 → 1108
(-26 for losing)
★asdf7023pokefreq: gg