|join|Blvdman
|join|Invok3r
|join|Teremiare
|join|Jemalio
|player|p1|Blvdman|169
|player|p2|Invok3r|250
|gametype|singles
|gen|6
|tier|OU
|clearpoke
|poke|p1|Politoed, F
|poke|p1|Swampert, M
|poke|p1|Breloom, F
|poke|p1|Scizor, F
|poke|p1|Thundurus, M
|poke|p1|Kingdra, M
|poke|p2|Garchomp, M, shiny
|poke|p2|Alakazam, F, shiny
|poke|p2|Scizor, M
|poke|p2|Keldeo
|poke|p2|Raikou, shiny
|poke|p2|Lopunny, F, shiny
|rule|Swagger Clause: Swagger is banned
|rule|Baton Pass Clause: Limit one Pokémon knowing Baton Pass
|rule|Sleep Clause Mod: Limit one foe put to sleep
|rule|Species Clause: Limit one of each Pokémon
|rule|OHKO Clause: OHKO moves are banned
|rule|Moody Clause: Moody is banned
|rule|Evasion Moves Clause: Evasion moves are banned
|rule|Endless Battle Clause: Forcing endless battles is banned
|rule|HP Percentage Mod: HP is shown in percentages
|teampreview
|join|Uronym
|join|exodia15
|join|Vrin
|join|Churmp Eevee
|c| exodia15|Go Invok3r
|join|large meme
|c|★Invok3r|nice doughboy team
|c| exodia15|hey
|c| Churmp Eevee|ew rain team
|join|J-Yetti
|c| exodia15|rain again
|
|start
|switch|p1a: Politoed|Politoed, F|383\/383
|switch|p2a: Garchomp|Garchomp, M, shiny|357\/357
|-weather|RainDance
|turn|1
|c|★Invok3r|scizor > klef
|join|MegaEspeonite
|join|Days End
|
|move|p2a: Garchomp|Stealth Rock|p1a: Politoed
|-sidestart|p1: Blvdman|move: Stealth Rock
|move|p1a: Politoed|Encore|p2a: Garchomp
|-start|p2a: Garchomp|Encore
|
|-weather|RainDance|[upkeep]
|turn|2
|c| Churmp Eevee|theres not even rain on my screen
|c|★Blvdman|lol
|join|I Iike Squirtles
|c|★Invok3r|O.o
|c| Churmp Eevee|it just went completely blue
|
|switch|p2a: Raikou|Raikou, shiny|329\/329
|-ability|p2a: Raikou|Pressure
|switch|p1a: Swampert|Swampert, M|341\/341
|-damage|p1a: Swampert|320\/341|[from] Stealth Rock
|
|-weather|RainDance|[upkeep]
|turn|3
|join|SoulAnimeEater
|c|★Blvdman|ooh shit
|c| SoulAnimeEater|fuck u two
|c|★Blvdman|ur team has no ground immunity
|c| Churmp Eevee|that feel when something dies
|c|★Blvdman|PRAISE GOD
|c| Teremiare|free eqs all day
|c|★Blvdman|hp grass raikou
|c|★Blvdman|id respect u forever
|join|lil manaphy
|c| Churmp Eevee|invok
|
|switch|p2a: Garchomp|Garchomp, M, shiny|357\/357
|detailschange|p1a: Swampert|Swampert-Mega, M
|-mega|p1a: Swampert|Swampert|Swampertite
|move|p1a: Swampert|Earthquake|p2a: Garchomp
|-damage|p2a: Garchomp|111\/357
|
|-weather|RainDance|[upkeep]
|turn|4
|join|BASED LORDDD
|c|★Invok3r|churmp eevee
|leave|BASED LORDDD
|c| Churmp Eevee|rekd
|c|★Blvdman|LEGGOOOOOO
|c|★Blvdman|EQ for days
|c|★Invok3r|k
|
|move|p1a: Swampert|Earthquake|p2a: Garchomp
|-damage|p2a: Garchomp|0 fnt
|faint|p2a: Garchomp
|
|-weather|RainDance|[upkeep]
|c| Teremiare|reveal swift swim lopunny
|
|switch|p2a: Keldeo|Keldeo|323\/323
|turn|5
|leave|large meme
|c|★Blvdman|meh
|c| Churmp Eevee|swampert looks retarded as hell
|
|move|p1a: Swampert|Earthquake|p2a: Keldeo
|-damage|p2a: Keldeo|65\/323
|move|p2a: Keldeo|Scald|p1a: Swampert
|-damage|p1a: Swampert|11\/341
|-status|p1a: Swampert|brn
|
|-weather|RainDance|[upkeep]
|-damage|p1a: Swampert|0 fnt|[from] brn
|faint|p1a: Swampert
|c|★Blvdman|nothing for kelds
|c| Churmp Eevee|i haven't used mega swamp
|
|switch|p1a: Kingdra|Kingdra, M|307\/307
|-damage|p1a: Kingdra|269\/307|[from] Stealth Rock
|turn|6
|join|m00n's blanket
|c| Churmp Eevee|and it looks absolutely retarded from the back
|
|move|p1a: Kingdra|Surf|p2a: Keldeo
|-resisted|p2a: Keldeo
|-damage|p2a: Keldeo|0 fnt
|faint|p2a: Keldeo
|
|-weather|RainDance|[upkeep]
|-heal|p1a: Kingdra|288\/307|[from] item: Leftovers
|leave|m00n's blanket
|c|★Invok3r|thats what he said
|
|switch|p2a: Alakazam|Alakazam, F, shiny|251\/251
|turn|7
|
|switch|p1a: Scizor|Scizor, F|342\/342
|-damage|p1a: Scizor|300\/342|[from] Stealth Rock
|move|p2a: Alakazam|Psychic|p1a: Scizor
|-crit|p1a: Scizor
|-resisted|p1a: Scizor
|-damage|p1a: Scizor|181\/342
|
|-weather|RainDance|[upkeep]
|-heal|p1a: Scizor|202\/342|[from] item: Leftovers
|turn|8
|join|Sike2303
|
|switch|p2a: Raikou|Raikou, shiny|329\/329
|-ability|p2a: Raikou|Pressure
|move|p1a: Scizor|Knock Off|p2a: Raikou
|-damage|p2a: Raikou|208\/329
|-enditem|p2a: Raikou|Choice Specs|[from] move: Knock Off|[of] p1a: Scizor
|
|-weather|none
|-heal|p1a: Scizor|223\/342|[from] item: Leftovers
|turn|9
|c|★Blvdman|mega zam if real
|c|★Invok3r|im not real
|
|switch|p1a: Politoed|Politoed, F|383\/383
|-damage|p1a: Politoed|336\/383|[from] Stealth Rock
|-weather|RainDance
|move|p2a: Raikou|Thunderbolt|p1a: Politoed
|-supereffective|p1a: Politoed
|-damage|p1a: Politoed|40\/383
|-status|p1a: Politoed|par
|
|-weather|RainDance|[upkeep]
|turn|10
|join|yung kobe b
|c| Days End|mega evolve alakazam, trace the swift swim and sweep for game
|c|★Invok3r|O.o
|join|yung bird
|c| Churmp Eevee|^
|c|★Blvdman|politod is well trained
|
|switch|p1a: Breloom|Breloom, F|261\/261
|-damage|p1a: Breloom|245\/261|[from] Stealth Rock
|move|p2a: Raikou|Volt Switch|p1a: Breloom
|-resisted|p1a: Breloom
|-damage|p1a: Breloom|157\/261
|c| J-Yetti|ohhhh de pwessuure
|c|★Blvdman|1 of 2 things will occur
|join|anchorage
|c|★Blvdman|3*
|
|switch|p2a: Scizor|Scizor, M|290\/290
|
|-weather|RainDance|[upkeep]
|turn|11
|c|★Blvdman|sleep, ohko, sash break
|c| J-Yetti|go for breloom sweeps
|join|DarkAegislash
|c| Teremiare|if only you were running weather ball raikou
|
|move|p2a: Scizor|Bullet Punch|p1a: Breloom
|-damage|p1a: Breloom|0 fnt
|-damage|p2a: Scizor|261\/290|[from] item: Life Orb
|faint|p1a: Breloom
|
|-weather|RainDance|[upkeep]
|c|★Blvdman|NUUUU
|c|★Blvdman|lo scizor
|c| Churmp Eevee|even hp
|
|switch|p1a: Kingdra|Kingdra, M|288\/307
|-damage|p1a: Kingdra|250\/307|[from] Stealth Rock
|turn|12
|c| Churmp Eevee|pls
|
|switch|p2a: Raikou|Raikou, shiny|208\/329
|-ability|p2a: Raikou|Pressure
|move|p1a: Kingdra|Surf|p2a: Raikou
|-damage|p2a: Raikou|10\/329
|
|-weather|RainDance|[upkeep]
|-heal|p1a: Kingdra|269\/307|[from] item: Leftovers
|turn|13
|c|★Invok3r|O.o
|
|move|p1a: Kingdra|Surf|p2a: Raikou
|-damage|p2a: Raikou|0 fnt
|faint|p2a: Raikou
|
|-weather|RainDance|[upkeep]
|-heal|p1a: Kingdra|288\/307|[from] item: Leftovers
|c|★Invok3r|howd that not kill
|c| Churmp Eevee|yymy
|c| Days End|av raikou?
|c|★Blvdman|lol
|c|★Blvdman|its specs
|c| exodia15|go Invok3r
|c| Churmp Eevee|bc leftovers kingdra
|c|★Blvdman|is this championship?
|c| Churmp Eevee|is weak as balls
|c| yung bird|invok3r 4 president
|c|★Invok3r|252+ SpA Kingdra Hydro Pump vs. 0 HP \/ 0 SpD Mega Lopunny in Rain: 247-292 (91.1 - 107.7%) -- 50% chance to OHKO
|c|★Invok3r|wanna do this b
|join|Oouska Wizard
|c|★Blvdman|lmfao
|join|Joltik The Cookie
|c|★Invok3r|*wanna do this
|c|★Blvdman|oh yea
|c| Churmp Eevee|hes timid
|c|★Invok3r|no im a pussy
|c|★Invok3r|lol
|c|★Blvdman|im not timid
|join|wizardo
|
|switch|p2a: Alakazam|Alakazam, F, shiny|251\/251
|turn|14
|leave|Oouska Wizard
|join|Donkey Pinch
|c| Churmp Eevee|**PUSSY**
|
|move|p1a: Kingdra|Surf|p2a: Alakazam
|-damage|p2a: Alakazam|41\/251
|move|p2a: Alakazam|Psychic|p1a: Kingdra
|-damage|p1a: Kingdra|128\/307
|
|-weather|RainDance|[upkeep]
|-heal|p1a: Kingdra|147\/307|[from] item: Leftovers
|turn|15
|join|Oouska Wizard
|c|★Invok3r|how did that not kill
|join|hcps-alia5
|c| Churmp Eevee|you have to do it anyways
|
|move|p1a: Kingdra|Surf|p2a: Alakazam
|-damage|p2a: Alakazam|0 fnt
|faint|p2a: Alakazam
|
|-weather|RainDance|[upkeep]
|-heal|p1a: Kingdra|166\/307|[from] item: Leftovers
|c| Joltik The Cookie|av???
|c| Churmp Eevee|this is a bulky kingdra i think
|
|switch|p2a: Lopunny|Lopunny, F, shiny|271\/271
|turn|16
|c| Churmp Eevee|it has leftovers
|c| Churmp Eevee|so
|c| Teremiare|its a bulky kingdra
|join|DarkCelebi59
|
|switch|p1a: Scizor|Scizor, F|223\/342
|-damage|p1a: Scizor|181\/342|[from] Stealth Rock
|detailschange|p2a: Lopunny|Lopunny-Mega, F, shiny
|-mega|p2a: Lopunny|Lopunny|Lopunnite
|move|p2a: Lopunny|Fake Out|p1a: Scizor
|-resisted|p1a: Scizor
|-damage|p1a: Scizor|140\/342
|
|-weather|none
|-heal|p1a: Scizor|161\/342|[from] item: Leftovers
|turn|17
|c|★Blvdman|=)
|c| Churmp Eevee|why'd you fukin fake out
|join|ltoi6
|c|★Blvdman|lets goo scizor!!!!
|
|move|p1a: Scizor|Bullet Punch|p2a: Lopunny
|-damage|p2a: Lopunny|178\/271
|move|p2a: Lopunny|High Jump Kick|p1a: Scizor
|-damage|p1a: Scizor|0 fnt
|faint|p1a: Scizor
|
|c| Churmp Eevee|were you expecting like a max roll crit
|c| Oouska Wizard|stall rain
|c|★Invok3r|yh
|
|switch|p1a: Thundurus|Thundurus, M|299\/299
|-damage|p1a: Thundurus|225\/299|[from] Stealth Rock
|turn|18
|join|Sairento
|join|agser
|c| Churmp Eevee|but
|c|★Blvdman|ok
|c|★Invok3r|para full para
|
|move|p2a: Lopunny|Return|p1a: Thundurus
|-damage|p1a: Thundurus|0 fnt
|faint|p1a: Thundurus
|
|c|★Blvdman|1
|c|★Blvdman|i fucked up
|c|★Blvdman|2
|c|★Blvdman|gg
|c|★Invok3r|gg
|c|★Invok3r|:]
|
|switch|p1a: Politoed|Politoed, F|40\/383 par
|-damage|p1a: Politoed|0 fnt|[from] Stealth Rock
|faint|p1a: Politoed
|c|★Invok3r|sac mswamp=gg
|join|oml it's too ez
|c|★Blvdman|i thought this thundy
|c|★Blvdman|had twave
|leave|oml it's too ez
|c|★Blvdman|its the toxic version
|leave|hcps-alia5
|c|★Invok3r|toxic?
|c| Teremiare|lol
|c| exodia15|YES
|leave|Joltik The Cookie
|c| Churmp Eevee|why'd you sack mega swamp
|c|★Invok3r|hello
|c| Churmp Eevee|n_n
|
|switch|p1a: Kingdra|Kingdra, M|166\/307
|-damage|p1a: Kingdra|128\/307|[from] Stealth Rock
|turn|19
|c| exodia15|you can win now
|leave|I Iike Squirtles
|c|★Blvdman|i had nothing for keldeo
|c| Oouska Wizard|gg
|c|★Blvdman|lol
|leave|Oouska Wizard
|c|★Blvdman|gg
|c|★Blvdman|i tried
|c|★Invok3r|gg
|c| Churmp Eevee|you should have sacked loom
|
|move|p2a: Lopunny|Return|p1a: Kingdra
|-damage|p1a: Kingdra|0 fnt
|faint|p1a: Kingdra
|
|win|Invok3r
|c| J-Yetti|rest in poptarts
|c|★Blvdman|rain team made it pfar
|leave|Invok3r
|leave|Sairento
|leave|DarkAegislash