|join|Bin Ladder
|join|Takanuuu♥
|player|p1|Bin Ladder|76
|player|p2|Takanuuu♥|223
|gametype|singles
|gen|6
|tier|OU
|clearpoke
|poke|p1|Azumarill, M
|poke|p1|Gallade, M
|poke|p1|Bisharp, M
|poke|p1|Landorus-Therian, M
|poke|p1|Ferrothorn, F
|poke|p1|Latias, F
|poke|p2|Starmie
|poke|p2|Thundurus, M
|poke|p2|Gengar, M
|poke|p2|Crawdaunt, F
|poke|p2|Lopunny, M
|poke|p2|Garchomp, F
|rule|Swagger Clause: Swagger is banned
|rule|Baton Pass Clause: Limit one Pokémon knowing Baton Pass
|rule|Sleep Clause Mod: Limit one foe put to sleep
|rule|Species Clause: Limit one of each Pokémon
|rule|OHKO Clause: OHKO moves are banned
|rule|Moody Clause: Moody is banned
|rule|Evasion Moves Clause: Evasion moves are banned
|rule|Endless Battle Clause: Forcing endless battles is banned
|rule|HP Percentage Mod: HP is shown in percentages
|teampreview
|c|★Takanuuu♥|oal k tla
|join|diecast
|c|★Takanuuu♥|je ele
|c|★Takanuuu♥|ache efe
|c|★Bin Ladder|oal fue sido un plaser
|c| diecast|?
|
|start
|switch|p1a: Landorus-Therian|Landorus-Therian, M|319\/319
|switch|p2a: Garchomp|Garchomp, F|357\/357
|-ability|p1a: Landorus-Therian|Intimidate|[of] p2a: Garchomp
|-unboost|p2a: Garchomp|atk|1
|turn|1
|
|move|p1a: Landorus-Therian|Earthquake|p2a: Garchomp
|-crit|p2a: Garchomp
|-damage|p2a: Garchomp|69\/357
|move|p2a: Garchomp|Stealth Rock|p1a: Landorus-Therian
|-sidestart|p1: Bin Ladder|move: Stealth Rock
|
|turn|2
|c|★Takanuuu♥|haver no se cmo desirte esto
|c|★Takanuuu♥|pero fuiste un wen amigo
|c| diecast|?
|
|switch|p1a: Latias|Latias, F|301\/301
|-damage|p1a: Latias|264\/301|[from] Stealth Rock
|switch|p2a: Gengar|Gengar, M|261\/261
|
|turn|3
|c|★Takanuuu♥|diecast si no entiendes un coño solo calla y no digas "?"
|c|★Takanuuu♥|AYY POR FABOR
|
|move|p1a: Latias|Psyshock|p2a: Gengar
|-supereffective|p2a: Gengar
|-damage|p2a: Gengar|0 fnt
|-damage|p1a: Latias|234\/301|[from] item: Life Orb
|faint|p2a: Gengar
|
|c|★Bin Ladder|aaaaaa
|c|★Takanuuu♥|,sadx,
|
|switch|p2a: Lopunny|Lopunny, M|271\/271
|turn|4
|c| diecast|lol yeah
|c| diecast|thats unfair
|c|★Takanuuu♥|pero
|
|switch|p1a: Ferrothorn|Ferrothorn, F|352\/352
|-damage|p1a: Ferrothorn|330\/352|[from] Stealth Rock
|detailschange|p2a: Lopunny|Lopunny-Mega, M
|-mega|p2a: Lopunny|Lopunny|Lopunnite
|move|p2a: Lopunny|Fake Out|p1a: Ferrothorn
|-crit|p1a: Ferrothorn
|-resisted|p1a: Ferrothorn
|-damage|p1a: Ferrothorn|285\/352
|-damage|p2a: Lopunny|238\/271|[from] ability: Iron Barbs|[of] p1a: Ferrothorn
|
|-heal|p1a: Ferrothorn|307\/352|[from] item: Leftovers
|turn|5
|c|★Takanuuu♥|como coño
|c|★Takanuuu♥|es que
|c|★Takanuuu♥|no usas
|c|★Takanuuu♥|a latias
|c| diecast|i know pussy in spanish
|c|★Takanuuu♥|hp fire
|c|★Takanuuu♥|si no tienes
|c|★Takanuuu♥|ningun fire
|c| diecast|like yo mamas
|c| diecast|:)
|c|★Takanuuu♥|ily
|c| diecast|joking oc
|
|move|p2a: Lopunny|Substitute|p2a: Lopunny
|-start|p2a: Lopunny|Substitute
|-damage|p2a: Lopunny|171\/271
|move|p1a: Ferrothorn|Gyro Ball|p2a: Lopunny
|-end|p2a: Lopunny|Substitute
|
|-heal|p1a: Ferrothorn|329\/352|[from] item: Leftovers
|turn|6
|c|★Takanuuu♥|Axel
|c|★Takanuuu♥|en serio
|c|★Takanuuu♥|te sacan un scizor
|c|★Takanuuu♥|y no sabes que coño hacer
|c|★Takanuuu♥|xd
|c|★Bin Ladder|es de un pastebin
|c|★Bin Ladder|a mi no me mires
|c|★Bin Ladder|sadx
|
|move|p2a: Lopunny|High Jump Kick|p1a: Ferrothorn
|-supereffective|p1a: Ferrothorn
|-damage|p1a: Ferrothorn|0 fnt
|-damage|p2a: Lopunny|138\/271|[from] ability: Iron Barbs|[of] p1a: Ferrothorn
|faint|p1a: Ferrothorn
|
|
|switch|p1a: Landorus-Therian|Landorus-Therian, M|319\/319
|-damage|p1a: Landorus-Therian|280\/319|[from] Stealth Rock
|-ability|p1a: Landorus-Therian|Intimidate|[of] p2a: Lopunny
|-unboost|p2a: Lopunny|atk|1
|turn|7
|c| diecast|guys dont be mean to me :(
|c|★Takanuuu♥|i dont entiendow inglesh
|c| diecast|sorry to interupt friend games
|leave|diecast
|
|switch|p2a: Garchomp|Garchomp, F|69\/357
|move|p1a: Landorus-Therian|Stone Edge|p2a: Garchomp
|-resisted|p2a: Garchomp
|-damage|p2a: Garchomp|4\/357
|
|turn|8
|
|move|p1a: Landorus-Therian|Stone Edge|p2a: Garchomp
|-resisted|p2a: Garchomp
|-damage|p2a: Garchomp|0 fnt
|faint|p2a: Garchomp
|
|join|Culungele
|c|★Takanuuu♥|ola blena
|
|switch|p2a: Lopunny|Lopunny-Mega, M|138\/271
|turn|9
|c|★Takanuuu♥|k tla todo vn
|c| Culungele|io no zoi vlena
|c| Culungele|y el vin ladder este es haxera
|c| Culungele|haxera puta
|
|switch|p1a: Gallade|Gallade, M|277\/277
|-damage|p1a: Gallade|260\/277|[from] Stealth Rock
|move|p2a: Lopunny|Frustration|p1a: Gallade
|-damage|p1a: Gallade|0 fnt
|faint|p1a: Gallade
|
|c| Culungele|buena esa
|c|★Takanuuu♥|que
|c|★Takanuuu♥|por que mandaste a gallade? xd
|
|switch|p1a: Azumarill|Azumarill, M|381\/381
|-damage|p1a: Azumarill|334\/381|[from] Stealth Rock
|turn|10
|c|★Bin Ladder|no me sirve lol
|
|switch|p2a: Crawdaunt|Crawdaunt, F|267\/267
|move|p1a: Azumarill|Play Rough|p2a: Crawdaunt
|-supereffective|p2a: Crawdaunt
|-damage|p2a: Crawdaunt|0 fnt
|faint|p2a: Crawdaunt
|
|
|switch|p2a: Thundurus|Thundurus, M|299\/299
|turn|11
|c|★Takanuuu♥|Azumarill LO
|join|BASED LORD PIDGEOT
|c| BASED LORD PIDGEOT|oal
|c|★Takanuuu♥|diso
|c|★Takanuuu♥|los 5050
|
|move|p2a: Thundurus|Thunderbolt|p1a: Azumarill
|-supereffective|p1a: Azumarill
|-damage|p1a: Azumarill|0 fnt
|-damage|p2a: Thundurus|270\/299|[from] item: Life Orb
|faint|p1a: Azumarill
|
|join|Madara2stronk
|c| BASED LORD PIDGEOT|rip
|c|★Bin Ladder|sadx
|c| Madara2stronk|oir pro ke susede akin
|c|★Takanuuu♥|casi siempre gano
|
|switch|p1a: Landorus-Therian|Landorus-Therian, M|280\/319
|-damage|p1a: Landorus-Therian|241\/319|[from] Stealth Rock
|-ability|p1a: Landorus-Therian|Intimidate|[of] p2a: Thundurus
|-unboost|p2a: Thundurus|atk|1
|turn|12
|c|★Takanuuu♥|por 50\/50
|c|★Takanuuu♥|waa
|c| Culungele|hax
|c| Madara2stronk|pero si es el tiims de entivi
|c| Madara2stronk|pero con crodons
|c| Madara2stronk|en vez de bisarps
|c|★Takanuuu♥|dile que aprenda a buildear
|c|★Takanuuu♥|que no tiene ningun fire
|c|★Takanuuu♥|ayy lmao
|
|move|p1a: Landorus-Therian|Stone Edge|p2a: Thundurus|[miss]
|-miss|p1a: Landorus-Therian|p2a: Thundurus
|move|p2a: Thundurus|Hidden Power|p1a: Landorus-Therian
|-supereffective|p1a: Landorus-Therian
|-damage|p1a: Landorus-Therian|0 fnt
|-damage|p2a: Thundurus|241\/299|[from] item: Life Orb
|faint|p1a: Landorus-Therian
|
|c|★Takanuuu♥|anyway
|c| Madara2stronk|isi geim
|c|★Bin Ladder|gg
|c| BASED LORD PIDGEOT|no lleva f-blast?
|c|★Bin Ladder|xD
|c|★Takanuuu♥|ups
|c| BASED LORD PIDGEOT|el chmp
|c|★Takanuuu♥|sorry
|c| BASED LORD PIDGEOT|kek
|c| BASED LORD PIDGEOT|rip
|
|switch|p1a: Bisharp|Bisharp, M|272\/272
|-damage|p1a: Bisharp|255\/272|[from] Stealth Rock
|turn|13
|c|★Takanuuu♥|no focus blast
|c|★Takanuuu♥|,sadx,
|c|★Takanuuu♥|igual sucker mata lmao
|c| Culungele|twave y esperas a la hax
|c| Culungele|yn
|c| Madara2stronk|y
|
|move|p2a: Thundurus|Thunderbolt|p1a: Bisharp
|-damage|p1a: Bisharp|0 fnt
|-damage|p2a: Thundurus|212\/299|[from] item: Life Orb
|faint|p1a: Bisharp
|
|c|★Takanuuu♥|n
|c| Madara2stronk|isi geim
|c|★Takanuuu♥|que coño haces axel
|c|★Takanuuu♥|es pregunta
|c| Culungele|ha predecido lo mio
|c| Madara2stronk|tirar sd
|c|★Bin Ladder|tenía que hacer sd
|c| Culungele|y ha hecho knock off
|c| Madara2stronk|imo
|c| Madara2stronk|aa
|
|switch|p1a: Latias|Latias, F|234\/301
|-damage|p1a: Latias|197\/301|[from] Stealth Rock
|turn|14
|c|★Bin Ladder|sino como mato al lopunny
|c|★Bin Ladder|si da igual
|c|★Bin Ladder|lo que hiciese
|c|★Bin Ladder|no puedo ganar ya xD
|join|Taiy
|
|move|p2a: Thundurus|Hidden Power|p1a: Latias
|-supereffective|p1a: Latias
|-damage|p1a: Latias|49\/301
|-damage|p2a: Thundurus|183\/299|[from] item: Life Orb
|move|p1a: Latias|Psyshock|p2a: Thundurus
|-damage|p2a: Thundurus|0 fnt
|-damage|p1a: Latias|19\/301|[from] item: Life Orb
|faint|p2a: Thundurus
|
|c| Madara2stronk|takanops deja de ripear a entivi
|c| Madara2stronk|es amenasa
|c|★Takanuuu♥|que diseps
|c|★Takanuuu♥|este tim
|c|★Takanuuu♥|es mio
|c| Culungele|doble pinsa
|c| Madara2stronk|te boi a asesinar
|
|switch|p2a: Lopunny|Lopunny-Mega, M|138\/271
|turn|15
|c| Culungele|es victoria
|c|★Bin Ladder|ayer te iba a ganar y te fuiste
|c|★Bin Ladder|uwu
|c|★Takanuuu♥|me tenia que ir
|c|★Takanuuu♥|uwu
|
|move|p2a: Lopunny|Fake Out|p1a: Latias
|-damage|p1a: Latias|0 fnt
|faint|p1a: Latias
|
|win|Takanuuu♥
|c| Madara2stronk|uvu
|c| Culungele|gana y retirate del competitivo
|leave|Madara2stronk
|c| Culungele|imo
|c|★Bin Ladder|ggggggggggg
|c|★Takanuuu♥|gg