|join|LiberalLucario
|join|icicle fisshies
|player|p1|LiberalLucario|134
|player|p2|icicle fisshies|23
|gametype|singles
|gen|6
|tier|UU
|rule|Sleep Clause Mod: Limit one foe put to sleep
|rule|Species Clause: Limit one of each Pokémon
|rule|OHKO Clause: OHKO moves are banned
|rule|Moody Clause: Moody is banned
|rule|Evasion Moves Clause: Evasion moves are banned
|rule|Endless Battle Clause: Forcing endless battles is banned
|rule|HP Percentage Mod: HP is shown in percentages
|clearpoke
|poke|p1|Hydreigon, F
|poke|p1|Whimsicott, M
|poke|p1|Vaporeon, M
|poke|p1|Camerupt, M, shiny
|poke|p1|Raikou
|poke|p1|Crobat, M
|poke|p2|Medicham, M, shiny
|poke|p2|Lucario, F
|poke|p2|Swampert, F
|poke|p2|Umbreon, M
|poke|p2|Jirachi
|poke|p2|Crobat, M
|rule|Swagger Clause: Swagger is banned
|rule|Baton Pass Clause: Limit one Pokémon knowing Baton Pass
|teampreview
|join|Meowiekins
|join|shyguywarrior
|c|★icicle fisshies|gooood luck dude
|join|xShiba
|c|★LiberalLucario|yea u2
|join|Dracp
|join|IlMartini811
|join|IDerpy
|c| xShiba|beat this n3rd icicle
|c|★icicle fisshies|I'll try:<
|c| IDerpy|what gud fuccbois
|join|Duskt70
|join|Mighty Dagon -.-
|
|start
|switch|p1a: Crobat|Crobat, M|373\/373
|switch|p2a: Swampert|Swampert, F|404\/404
|turn|1
|join|Frostykewl
|join|Thisbemyalt
|c| Mighty Dagon -.-|yas the mega camel
|c|★LiberalLucario|the mightiest
|c|★LiberalLucario|of camels
|join|sensfan123
|c| IDerpy|it gun die
|c| IDerpy|jk
|
|move|p1a: Crobat|U-turn|p2a: Swampert
|-damage|p2a: Swampert|344\/404
|leave|sensfan123
|
|switch|p1a: Meruu|Hydreigon, F|388\/388
|move|p2a: Swampert|Stealth Rock|p1a: Meruu
|-sidestart|p1: LiberalLucario|move: Stealth Rock
|
|-heal|p2a: Swampert|369\/404|[from] item: Leftovers
|turn|2
|c|★LiberalLucario|wow bro way to be mean
|c|★LiberalLucario|;_;
|c| Thisbemyalt|Fucking camel aka trick room lord aka mr. humps aka lava tits aka the real fire slug
|c|★LiberalLucario|oh
|
|switch|p1a: King UU|Vaporeon, M|451\/451
|-damage|p1a: King UU|395\/451|[from] Stealth Rock
|switch|p2a: Umbreon|Umbreon, M|394\/394
|
|-heal|p1a: King UU|423\/451|[from] item: Leftovers
|turn|3
|c| Thisbemyalt|wait
|c| Frostykewl|hm kyurem seems > hydreigon
|c|★LiberalLucario|n
|c| Frostykewl|except for that little 3 speed
|c|★icicle fisshies|rocks
|c| Thisbemyalt|thats a mega cham
|c|★icicle fisshies|exist
|c| Thisbemyalt|how do u win
|c|★LiberalLucario|yes it is
|c|★LiberalLucario|um
|c|★LiberalLucario|i win
|c|★LiberalLucario|ez
|c| Thisbemyalt|Literally just take the L
|c| Frostykewl|ez money
|c| IlMartini811|thats really a mega cham?
|c|★LiberalLucario|nah he won't get it in
|c|★LiberalLucario|its k
|c| Thisbemyalt|kek
|
|move|p2a: Umbreon|Foul Play|p1a: King UU
|-damage|p1a: King UU|339\/451
|move|p1a: King UU|Wish|p1a: King UU
|
|-heal|p1a: King UU|367\/451|[from] item: Leftovers
|turn|4
|c|★icicle fisshies|he'll win cos i suck
|c| Thisbemyalt|might as well say crobat is a counter
|join|OldDirty
|
|switch|p1a: LessThanThreeMan|Camerupt, M, shiny|343\/343
|-damage|p1a: LessThanThreeMan|301\/343|[from] Stealth Rock
|move|p2a: Umbreon|Foul Play|p1a: LessThanThreeMan
|-damage|p1a: LessThanThreeMan|172\/343
|
|-heal|p1a: LessThanThreeMan|343\/343|[from] move: Wish|[wisher] King UU
|turn|5
|c|★LiberalLucario|lttm bout to go in
|
|switch|p2a: Swampert|Swampert, F|369\/404
|detailschange|p1a: LessThanThreeMan|Camerupt-Mega, M, shiny
|-mega|p1a: LessThanThreeMan|Camerupt|Cameruptite
|move|p1a: LessThanThreeMan|Stealth Rock|p2a: Swampert
|-sidestart|p2: icicle fisshies|move: Stealth Rock
|
|-heal|p2a: Swampert|394\/404|[from] item: Leftovers
|turn|6
|c|★LiberalLucario|lol jk
|c| Frostykewl|why is lessthan3man a camerupt
|
|switch|p1a: Whimsicott|Whimsicott, M|261\/261
|-damage|p1a: Whimsicott|229\/261|[from] Stealth Rock
|move|p2a: Swampert|Toxic|p1a: Whimsicott
|-status|p1a: Whimsicott|tox
|
|-heal|p2a: Swampert|404\/404|[from] item: Leftovers
|-damage|p1a: Whimsicott|213\/261 tox|[from] psn
|turn|7
|c| Thisbemyalt|Cause he is fat and hot
|c| Frostykewl|can i be your whimsicott
|c| Thisbemyalt|No
|c| Frostykewl|:(
|c|★LiberalLucario|rip
|c| Thisbemyalt|Luke
|
|switch|p2a: Jirachi|Jirachi|341\/341
|-damage|p2a: Jirachi|320\/341|[from] Stealth Rock
|move|p1a: Whimsicott|U-turn|p2a: Jirachi
|-damage|p2a: Jirachi|282\/341
|c| Thisbemyalt|make me ur altaria
|c|★LiberalLucario|no
|c| Thisbemyalt|do it
|
|switch|p1a: LessThanThreeMan|Camerupt-Mega, M, shiny|343\/343
|-damage|p1a: LessThanThreeMan|301\/343|[from] Stealth Rock
|
|turn|8
|c|★LiberalLucario|if i use altaria in olt
|c|★LiberalLucario|i'll name it noah
|c| Thisbemyalt|I made u my lumineon
|c|★LiberalLucario|,,,
|join|pokedict007
|c| Thisbemyalt|No thisbemyaltaria
|c|★LiberalLucario|use
|c|★LiberalLucario|HP Water
|c| Thisbemyalt|Liberallumineon
|
|move|p2a: Jirachi|U-turn|p1a: LessThanThreeMan
|-resisted|p1a: LessThanThreeMan
|-damage|p1a: LessThanThreeMan|268\/343
|
|switch|p2a: Umbreon|Umbreon, M|394\/394
|-damage|p2a: Umbreon|345\/394|[from] Stealth Rock
|move|p1a: LessThanThreeMan|Will-O-Wisp|p2a: Umbreon
|-status|p2a: Umbreon|brn
|
|-heal|p2a: Umbreon|369\/394 brn|[from] item: Leftovers
|-damage|p2a: Umbreon|320\/394 brn|[from] brn
|turn|9
|leave|pokedict007
|join|pokedict007
|leave|pokedict007
|leave|shyguywarrior
|join|shyguywarrior
|leave|shyguywarrior
|join|Sovlo
|join|shyguywarrior
|
|move|p2a: Umbreon|Heal Bell|p2a: Umbreon
|-cureteam|p2a: Umbreon|[from] move: HealBell
|move|p1a: LessThanThreeMan|Will-O-Wisp|p2a: Umbreon
|-status|p2a: Umbreon|brn
|
|-heal|p2a: Umbreon|344\/394 brn|[from] item: Leftovers
|-damage|p2a: Umbreon|295\/394 brn|[from] brn
|turn|10
|join|Snowballin
|leave|IDerpy
|join|futurefusion
|c|★LiberalLucario|make ur move bro
|join|kl0s
|
|switch|p1a: King UU|Vaporeon, M|367\/451
|-damage|p1a: King UU|311\/451|[from] Stealth Rock
|move|p2a: Umbreon|Heal Bell|p2a: Umbreon
|-cureteam|p2a: Umbreon|[from] move: HealBell
|
|-heal|p2a: Umbreon|319\/394|[from] item: Leftovers
|-heal|p1a: King UU|339\/451|[from] item: Leftovers
|turn|11
|c|★LiberalLucario|i dont got all night
|leave|kl0s
|
|move|p2a: Umbreon|Foul Play|p1a: King UU
|-damage|p1a: King UU|266\/451
|move|p1a: King UU|Heal Bell|p1a: King UU
|-cureteam|p1a: King UU|[from] move: HealBell
|
|-heal|p1a: King UU|294\/451|[from] item: Leftovers
|-heal|p2a: Umbreon|343\/394|[from] item: Leftovers
|turn|12
|join|Yo Wat The Fork
|
|move|p1a: King UU|Wish|p1a: King UU
|move|p2a: Umbreon|Wish|p2a: Umbreon
|
|-heal|p2a: Umbreon|367\/394|[from] item: Leftovers
|-heal|p1a: King UU|322\/451|[from] item: Leftovers
|turn|13
|
|switch|p2a: Medicham|Medicham, M, shiny|261\/261
|-damage|p2a: Medicham|245\/261|[from] Stealth Rock
|switch|p1a: Whimsicott|Whimsicott, M|213\/261
|-damage|p1a: Whimsicott|181\/261|[from] Stealth Rock
|
|-heal|p2a: Medicham|261\/261|[from] move: Wish|[wisher] Umbreon
|-heal|p1a: Whimsicott|261\/261|[from] move: Wish|[wisher] King UU
|turn|14
|
|detailschange|p2a: Medicham|Medicham-Mega, M, shiny
|-mega|p2a: Medicham|Medicham|Medichamite
|move|p2a: Medicham|Fake Out|p1a: Whimsicott
|-damage|p1a: Whimsicott|158\/261
|cant|p1a: Whimsicott|flinch
|
|turn|15
|leave|futurefusion
|leave|shyguywarrior
|join|shyguywarrior
|leave|shyguywarrior
|leave|Dracp
|
|switch|p2a: Jirachi|Jirachi|282\/341
|-damage|p2a: Jirachi|261\/341|[from] Stealth Rock
|move|p1a: Whimsicott|U-turn|p2a: Jirachi
|-damage|p2a: Jirachi|221\/341
|
|switch|p1a: LessThanThreeMan|Camerupt-Mega, M, shiny|268\/343
|-damage|p1a: LessThanThreeMan|226\/343|[from] Stealth Rock
|
|turn|16
|join|ablert enistein
|
|move|p2a: Jirachi|U-turn|p1a: LessThanThreeMan
|-resisted|p1a: LessThanThreeMan
|-damage|p1a: LessThanThreeMan|192\/343
|join|So Dynamic
|join|blizfiend
|
|switch|p2a: Umbreon|Umbreon, M|367\/394
|-damage|p2a: Umbreon|318\/394|[from] Stealth Rock
|move|p1a: LessThanThreeMan|Will-O-Wisp|p2a: Umbreon
|-status|p2a: Umbreon|brn
|
|-heal|p2a: Umbreon|342\/394 brn|[from] item: Leftovers
|-damage|p2a: Umbreon|293\/394 brn|[from] brn
|turn|17
|join|Dracp
|
|move|p2a: Umbreon|Wish|p2a: Umbreon
|move|p1a: LessThanThreeMan|Will-O-Wisp|p2a: Umbreon
|-fail|p2a: Umbreon|brn
|
|-heal|p2a: Umbreon|317\/394 brn|[from] item: Leftovers
|-damage|p2a: Umbreon|268\/394 brn|[from] brn
|turn|18
|
|switch|p1a: King UU|Vaporeon, M|322\/451
|-damage|p1a: King UU|266\/451|[from] Stealth Rock
|move|p2a: Umbreon|Foul Play|p1a: King UU
|-damage|p1a: King UU|227\/451
|
|-heal|p2a: Umbreon|394\/394 brn|[from] move: Wish|[wisher] Umbreon
|-heal|p1a: King UU|255\/451|[from] item: Leftovers
|-damage|p2a: Umbreon|345\/394 brn|[from] brn
|turn|19
|
|switch|p2a: Medicham|Medicham-Mega, M, shiny|261\/261
|-damage|p2a: Medicham|245\/261|[from] Stealth Rock
|move|p1a: King UU|Wish|p1a: King UU
|
|-heal|p1a: King UU|283\/451|[from] item: Leftovers
|turn|20
|
|switch|p1a: Crobat|Crobat, M|373\/373
|-damage|p1a: Crobat|280\/373|[from] Stealth Rock
|move|p2a: Medicham|Zen Headbutt|p1a: Crobat
|-supereffective|p1a: Crobat
|-damage|p1a: Crobat|0 fnt
|faint|p1a: Crobat
|
|
|switch|p1a: Raikou|Raikou|321\/321
|-damage|p1a: Raikou|281\/321|[from] Stealth Rock
|-ability|p1a: Raikou|Pressure
|turn|21
|join|Jared.O
|
|switch|p2a: Swampert|Swampert, F|404\/404
|-damage|p2a: Swampert|379\/404|[from] Stealth Rock
|move|p1a: Raikou|Volt Switch|p2a: Swampert
|-immune|p2a: Swampert|[msg]
|
|-heal|p2a: Swampert|404\/404|[from] item: Leftovers
|turn|22
|c| So Dynamic|wheres ur psychic type
|c|★LiberalLucario|idk
|c|★LiberalLucario|i just want megacham gonna
|c|★LiberalLucario|*gone
|c|★LiberalLucario|like everyone else lol
|join|Bob the Wut
|c| So Dynamic|idk i put slowking on all my teams regardless
|c|★LiberalLucario|it's so..eww
|
|move|p1a: Raikou|Hidden Power|p2a: Swampert
|-supereffective|p2a: Swampert
|-damage|p2a: Swampert|82\/404
|move|p2a: Swampert|Toxic|p1a: Raikou
|-status|p1a: Raikou|tox
|
|-heal|p2a: Swampert|107\/404|[from] item: Leftovers
|-damage|p1a: Raikou|261\/321 tox|[from] psn
|turn|23
|c|★LiberalLucario|oh
|c| Duskt70|lol
|c| So Dynamic|slowkign or cham
|c| Bob the Wut|why is your avatar so fkn ugly
|leave|Meowiekins
|
|switch|p2a: Umbreon|Umbreon, M|345\/394 brn
|-damage|p2a: Umbreon|296\/394 brn|[from] Stealth Rock
|move|p1a: Raikou|Volt Switch|p2a: Umbreon
|-damage|p2a: Umbreon|229\/394 brn
|c|★LiberalLucario|it has a
|c|★LiberalLucario|fedora
|c|★LiberalLucario|:'(
|
|switch|p1a: Meruu|Hydreigon, F|388\/388
|-damage|p1a: Meruu|340\/388|[from] Stealth Rock
|
|-heal|p1a: Meruu|364\/388|[from] item: Leftovers
|-heal|p2a: Umbreon|253\/394 brn|[from] item: Leftovers
|-damage|p2a: Umbreon|204\/394 brn|[from] brn
|turn|24
|
|switch|p2a: Jirachi|Jirachi|221\/341
|-damage|p2a: Jirachi|200\/341|[from] Stealth Rock
|move|p1a: Meruu|Taunt|p2a: Jirachi
|-start|p2a: Jirachi|move: Taunt
|
|-heal|p1a: Meruu|388\/388|[from] item: Leftovers
|turn|25
|c| Duskt70|o_o
|leave|OldDirty
|c| Bob the Wut|the bad set
|c| Duskt70|is this the]
|join|InstaKill Bruh
|c|★LiberalLucario|"the bad set"
|c| Duskt70|man's set
|c|★LiberalLucario|fk u
|c| xShiba|Bob the Wut: the bad set
|c| xShiba|n_n
|
|switch|p1a: King UU|Vaporeon, M|283\/451
|-damage|p1a: King UU|227\/451|[from] Stealth Rock
|move|p2a: Jirachi|U-turn|p1a: King UU
|-damage|p1a: King UU|153\/451
|c|★LiberalLucario|hax0r
|c| xShiba|it destroys celepass tho
|c| xShiba|tbh
|
|switch|p2a: Medicham|Medicham-Mega, M, shiny|245\/261
|-damage|p2a: Medicham|229\/261|[from] Stealth Rock
|
|-heal|p1a: King UU|181\/451|[from] item: Leftovers
|turn|26
|c| So Dynamic|beating celepass isnt hard
|c|★LiberalLucario|o
|c| Bob the Wut|switchins where
|join|Starmie Sweep
|c| IlMartini811|how do you beat celepass?
|c|★LiberalLucario|im just gonna run
|c| IlMartini811|i got swept once becuase of it
|c|★LiberalLucario|slowking
|c|★LiberalLucario|and see how it goes
|c| So Dynamic|fying tyoes fast fire types like entei darm
|
|move|p1a: King UU|Protect|p1a: King UU
|-singleturn|p1a: King UU|Protect
|move|p2a: Medicham|Drain Punch|p1a: King UU
|-activate|p1a: King UU|Protect
|
|-heal|p1a: King UU|209\/451|[from] item: Leftovers
|turn|27
|c| So Dynamic|types*
|c|★LiberalLucario|for a few days until the council hasn't had enough of it
|c| So Dynamic|umm
|c| xShiba|the surprise factor of WP helps
|c| IlMartini811|chandelure?
|c|★LiberalLucario|or i mean has had enough of it
|c| So Dynamic|cele likes to do sucker
|
|move|p1a: King UU|Protect|p1a: King UU
|-singleturn|p1a: King UU|Protect
|move|p2a: Medicham|High Jump Kick|p1a: King UU
|-activate|p1a: King UU|Protect
|-damage|p2a: Medicham|99\/261|[from] highjumpkick
|
|-heal|p1a: King UU|237\/451|[from] item: Leftovers
|turn|28
|c|★LiberalLucario|hah!
|c| Duskt70|xD
|c|★LiberalLucario|i got him!
|c|★icicle fisshies|op
|c| Thisbemyalt|playssss
|c| Duskt70|gottam
|c| InstaKill Bruh|megacham
|c| Frostykewl|megacham sweep incoming
|c| Bob the Wut|there was no point in hjking
|c| So Dynamic|he predicted that
|c| Thisbemyalt|Imo run dual priority like a god
|c| Bob the Wut|zen headbutt kills
|join|Kasumi
|c| Bob the Wut|you fgt
|c| Thisbemyalt|bob!
|c| Bob the Wut|hi
|
|switch|p1a: LessThanThreeMan|Camerupt-Mega, M, shiny|192\/343
|-damage|p1a: LessThanThreeMan|150\/343|[from] Stealth Rock
|move|p2a: Medicham|High Jump Kick|p1a: LessThanThreeMan
|-crit|p1a: LessThanThreeMan
|-damage|p1a: LessThanThreeMan|0 fnt
|faint|p1a: LessThanThreeMan
|
|
|switch|p1a: Whimsicott|Whimsicott, M|158\/261
|-damage|p1a: Whimsicott|126\/261|[from] Stealth Rock
|turn|29
|c|★LiberalLucario|i wouldve lived no fair
|c| IlMartini811|why sack camerupt?
|c|★LiberalLucario|what else would i do 0.0
|c| Thisbemyalt|triple tect
|c| Bob the Wut|predict miss
|c|★LiberalLucario|ok
|c| Thisbemyalt|like a good player
|c|★LiberalLucario|wow u guys r so helpful
|c|★icicle fisshies|xD
|
|switch|p2a: Crobat|Crobat, M|374\/374
|-damage|p2a: Crobat|281\/374|[from] Stealth Rock
|move|p1a: Whimsicott|Moonblast|p2a: Crobat
|-resisted|p2a: Crobat
|-damage|p2a: Crobat|191\/374
|-unboost|p2a: Crobat|spa|1
|
|-heal|p2a: Crobat|214\/374|[from] item: Black Sludge
|turn|30
|c| Thisbemyalt|Call me a smogon official
|c| Thisbemyalt|Im like pokeaim or some shit
|c| Duskt70|special crobat
|c| Duskt70|incoming
|c|★LiberalLucario|>a smogon official
|c| Bob the Wut|joey is shit
|
|move|p2a: Crobat|Brave Bird|p1a: Whimsicott
|-supereffective|p1a: Whimsicott
|-damage|p1a: Whimsicott|0 fnt
|-damage|p2a: Crobat|172\/374|[from] recoil|[of] p1a: Whimsicott
|faint|p1a: Whimsicott
|
|-heal|p2a: Crobat|195\/374|[from] item: Black Sludge
|c| Kasumi|I thought they said Jirachi was OU
|c|★LiberalLucario|he didnt even
|c|★LiberalLucario|defog
|c| Thisbemyalt|bob i will fight u over that
|c|★LiberalLucario|he didnt even
|c|★LiberalLucario|defog
|c|★LiberalLucario|he didnt even
|c|★LiberalLucario|defog
|
|switch|p1a: Raikou|Raikou|261\/321 tox
|-damage|p1a: Raikou|221\/321 tox|[from] Stealth Rock
|-ability|p1a: Raikou|Pressure
|turn|31
|c| Thisbemyalt|I love joey
|join|pokedict007
|
|move|p2a: Crobat|Roost|p2a: Crobat
|-heal|p2a: Crobat|374\/374
|move|p1a: Raikou|Thunderbolt|p2a: Crobat
|-damage|p2a: Crobat|199\/374
|
|-heal|p2a: Crobat|222\/374|[from] item: Black Sludge
|-damage|p1a: Raikou|201\/321 tox|[from] psn
|turn|32
|c| Starmie Sweep|Remove frogs.
|c| Starmie Sweep|DeFrog
|c| xShiba|plays
|c| Bob the Wut|getting slayed
|c| pokedict007|so...
|c| So Dynamic|wtf kind of raikou is that
|c| xShiba|just
|c|★LiberalLucario|fucking meanie
|c| pokedict007|battle freeze?
|c| xShiba|esensory
|c| So Dynamic|is that av or some shit
|c| IlMartini811|assualt vest i think
|c| Bob the Wut|the bad set
|c|★LiberalLucario|>av
|join|kl0s
|c|★LiberalLucario|im ebelt you nerd
|c| kl0s|finish this fight
|
|switch|p2a: Umbreon|Umbreon, M|204\/394 brn
|-damage|p2a: Umbreon|155\/394 brn|[from] Stealth Rock
|move|p1a: Raikou|Extrasensory|p2a: Umbreon
|-immune|p2a: Umbreon|[msg]
|
|-heal|p2a: Umbreon|179\/394 brn|[from] item: Leftovers
|-damage|p1a: Raikou|161\/321 tox|[from] psn
|-damage|p2a: Umbreon|130\/394 brn|[from] brn
|turn|33
|c| IlMartini811|oohh
|c|★LiberalLucario|playzzz
|c|★LiberalLucario|lol
|c| Starmie Sweep|Zap pl8 is am are bettter than e belt yep yes
|c| Bob the Wut|sick
|c| So Dynamic|just run specs and get better at predictions plz
|c|★LiberalLucario|as if i
|c|★LiberalLucario|try to play well
|c|★LiberalLucario|in a roomtour
|c|★LiberalLucario|o.o
|
|move|p2a: Umbreon|Protect|p2a: Umbreon
|-singleturn|p2a: Umbreon|Protect
|move|p1a: Raikou|Volt Switch|p2a: Umbreon
|-activate|p2a: Umbreon|Protect
|
|-heal|p2a: Umbreon|154\/394 brn|[from] item: Leftovers
|-damage|p1a: Raikou|101\/321 tox|[from] psn
|-damage|p2a: Umbreon|105\/394 brn|[from] brn
|turn|34
|c|★LiberalLucario|i dont know who iciclefisshies is
|c|★LiberalLucario|obv a predictions god
|c|★icicle fisshies|xD
|c| xShiba|+Thisbemyalt: LiberalLucario is a bad player he doesnt think long term
|c| Bob the Wut|someone better than you
|c| Thisbemyalt|Hello
|c|★LiberalLucario|^
|c| xShiba|I thought it was bob first because of the avo
|c| xShiba|avi*
|c|★LiberalLucario|all i know is
|leave|So Dynamic
|c|★LiberalLucario|he stole bobs avatar
|c|★LiberalLucario|so he must be good
|join|Kuza
|c|★icicle fisshies|m8
|
|switch|p2a: Swampert|Swampert, F|107\/404
|-damage|p2a: Swampert|82\/404|[from] Stealth Rock
|move|p1a: Raikou|Volt Switch|p2a: Swampert
|-immune|p2a: Swampert|[msg]
|
|-heal|p2a: Swampert|107\/404|[from] item: Leftovers
|-damage|p1a: Raikou|21\/321 tox|[from] psn
|turn|35
|join|Demxer
|c| Bob the Wut|ofc
|c|★icicle fisshies|I have had this avi
|c|★LiberalLucario|oml
|c|★LiberalLucario|the god
|c|★icicle fisshies|since
|c|★LiberalLucario|lol
|c| Bob the Wut|only top players have the right to use that avatar
|c|★icicle fisshies|showdown was a thing
|c| watfor|kek
|leave|IlMartini811
|c| Bob the Wut|hes going into bat here
|c| Thisbemyalt|Bob does he have the no homo seal of approval
|c| Bob the Wut|obv
|c| Bob the Wut|ofc
|c| Bob the Wut|anyone who 6-0s libluc does
|
|switch|p2a: Jirachi|Jirachi|200\/341
|-damage|p2a: Jirachi|179\/341|[from] Stealth Rock
|move|p1a: Raikou|Extrasensory|p2a: Jirachi
|-resisted|p2a: Jirachi
|-damage|p2a: Jirachi|156\/341
|
|-damage|p1a: Raikou|0 fnt|[from] psn
|faint|p1a: Raikou
|c|★LiberalLucario|or he can do that
|c|★LiberalLucario|ok
|c|★LiberalLucario|its all good
|
|switch|p1a: King UU|Vaporeon, M|237\/451
|-damage|p1a: King UU|181\/451|[from] Stealth Rock
|turn|36
|c| Bob the Wut|slayed so hard
|c|★LiberalLucario|i will not be 6-0d
|
|move|p2a: Jirachi|U-turn|p1a: King UU
|-damage|p1a: King UU|107\/451
|c|★LiberalLucario|there's no way you can keep this 6-0 unless you go to lucario right here
|
|switch|p2a: Medicham|Medicham-Mega, M, shiny|99\/261
|-damage|p2a: Medicham|83\/261|[from] Stealth Rock
|move|p1a: King UU|Scald|p2a: Medicham
|-damage|p2a: Medicham|0 fnt
|faint|p2a: Medicham
|
|-heal|p1a: King UU|135\/451|[from] item: Leftovers
|c|★LiberalLucario|oops i shouldnt have said that!
|c|★LiberalLucario|ok
|c| Bob the Wut|if your drei is dark pulse fire blast roost taunt you can bring it back
|
|switch|p2a: Lucario|Lucario, F|281\/281
|-damage|p2a: Lucario|273\/281|[from] Stealth Rock
|turn|37
|c|★LiberalLucario|oops
|leave|InstaKill Bruh
|c|★LiberalLucario|plz sd and let me burn you
|
|move|p2a: Lucario|Close Combat|p1a: King UU
|-damage|p1a: King UU|0 fnt
|-unboost|p2a: Lucario|def|1
|-unboost|p2a: Lucario|spd|1
|-damage|p2a: Lucario|245\/281|[from] item: Life Orb
|faint|p1a: King UU
|
|c| Bob the Wut|k reveal fire blast
|c|★LiberalLucario|flinch time
|c| Bob the Wut|like a man
|
|switch|p1a: Meruu|Hydreigon, F|388\/388
|-damage|p1a: Meruu|340\/388|[from] Stealth Rock
|turn|38
|c| Demxer|dark pulse crit can bring it back
|c|★LiberalLucario|idc that it gives u attack boosts
|
|move|p2a: Lucario|Extreme Speed|p1a: Meruu
|-damage|p1a: Meruu|213\/388
|-damage|p2a: Lucario|217\/281|[from] item: Life Orb
|move|p1a: Meruu|Dark Pulse|p2a: Lucario
|-resisted|p2a: Lucario
|-damage|p2a: Lucario|94\/281
|-boost|p2a: Lucario|atk|1|[from] ability: Justified
|
|-heal|p1a: Meruu|237\/388|[from] item: Leftovers
|turn|39
|c| Bob the Wut|dark pulse crit flinch
|c| Bob the Wut|lo stall
|c| Demxer|that e speed did nothing
|c| Bob the Wut|with roost
|
|move|p2a: Lucario|Extreme Speed|p1a: Meruu
|-damage|p1a: Meruu|62\/388
|-damage|p2a: Lucario|66\/281|[from] item: Life Orb
|move|p1a: Meruu|Roost|p1a: Meruu
|-heal|p1a: Meruu|256\/388
|
|-heal|p1a: Meruu|280\/388|[from] item: Leftovers
|turn|40
|c| Demxer|is that jolly
|c| xShiba|n_n
|c| Bob the Wut|k dark pulse here
|c| Bob the Wut|predicting sd
|c|★LiberalLucario|ok
|c| kl0s|predicting cc
|
|move|p1a: Meruu|Dark Pulse|p2a: Lucario
|-resisted|p2a: Lucario
|-damage|p2a: Lucario|0 fnt
|faint|p2a: Lucario
|
|-heal|p1a: Meruu|304\/388|[from] item: Leftovers
|c| Bob the Wut|ez
|c| Demxer|bop
|c|★LiberalLucario|oml ez
|c| Demxer|come backs are real
|
|switch|p2a: Jirachi|Jirachi|156\/341
|-damage|p2a: Jirachi|135\/341|[from] Stealth Rock
|turn|41
|c| Bob the Wut|1 man army
|c|★LiberalLucario|if u dont flinch me
|c|★LiberalLucario|**if**
|c| Thisbemyalt|roost
|c| Bob the Wut|ok hes tricking
|c| Duskt70|trickster
|c| Demxer|hydreigon is broken
|c|★LiberalLucario|nah
|
|move|p2a: Jirachi|Iron Head|p1a: Meruu
|-damage|p1a: Meruu|163\/388
|cant|p1a: Meruu|flinch
|
|-heal|p1a: Meruu|187\/388|[from] item: Leftovers
|turn|42
|c|★LiberalLucario|see
|c| Demxer|3 in 1 poke
|c| Bob the Wut|rip
|c| Kuza|ez flinch
|c|★LiberalLucario|no
|c|★LiberalLucario|no
|c|★LiberalLucario|no
|c|★LiberalLucario|no
|c| Demxer|roost here
|c| Duskt70|no
|
|move|p2a: Jirachi|Iron Head|p1a: Meruu
|-damage|p1a: Meruu|61\/388
|move|p1a: Meruu|Roost|p1a: Meruu
|-heal|p1a: Meruu|255\/388
|
|-heal|p1a: Meruu|279\/388|[from] item: Leftovers
|turn|43
|c| Duskt70|no
|c| Duskt70|no
|c| Duskt70|no
|c| Duskt70|YES
|c|★LiberalLucario|ok ez
|c|★LiberalLucario|if u get 2 flinches in a row i lose tho
|
|move|p2a: Jirachi|Iron Head|p1a: Meruu
|-damage|p1a: Meruu|158\/388
|move|p1a: Meruu|Roost|p1a: Meruu
|-heal|p1a: Meruu|352\/388
|
|-heal|p1a: Meruu|376\/388|[from] item: Leftovers
|turn|44
|c| Duskt70|e
|c| Duskt70|z
|c|★LiberalLucario|hydrei
|c| Demxer|if u get another roost u win
|c| Bob the Wut|roost back to full and dodge a flinch
|c|★LiberalLucario|HYDREI
|c| Demxer|nice
|c| Duskt70|EZ
|c| Bob the Wut|so you can live a bb
|c|★LiberalLucario|now don
|
|move|p2a: Jirachi|Iron Head|p1a: Meruu
|-damage|p1a: Meruu|243\/388
|move|p1a: Meruu|Dark Pulse|p2a: Jirachi
|-supereffective|p2a: Jirachi
|-damage|p2a: Jirachi|0 fnt
|faint|p2a: Jirachi
|
|-heal|p1a: Meruu|267\/388|[from] item: Leftovers
|c|★LiberalLucario|dont
|c|★LiberalLucario|AYY
|c| Demxer|well trained hydreigon
|leave|Frostykewl
|c| kl0s|lol
|c| Bob the Wut|ayyyyy
|c|★LiberalLucario|SO
|c|★LiberalLucario|WELL
|c|★LiberalLucario|TRAINED
|c| kl0s|inner focus hydreigon
|c| Dracp|THAT Thing is trained good AF
|c| kl0s|thats a thing
|c| Bob the Wut|libluc thank me for ghosting
|c| Thisbemyalt|He finna u turn and sack imo
|c|★LiberalLucario|THANKS BOB THE WUT
|c| pokedict007|so....
|c| Bob the Wut|np slave
|
|switch|p2a: Crobat|Crobat, M|222\/374
|-damage|p2a: Crobat|129\/374|[from] Stealth Rock
|turn|45
|c| Demxer|dark pulse wins
|c|★LiberalLucario|~~even though i was already gonna do that lol xd~~
|c| Demxer|unless cro crits
|c| Bob the Wut|roost
|c|★LiberalLucario|nah
|c|★LiberalLucario|wait
|c| pokedict007|hydra be da hero?
|c| kl0s|crocrit
|c| Bob the Wut|hes uturning
|c|★LiberalLucario|he might uturn!
|c|★LiberalLucario|i gotta roost!
|c| Demxer|:^)
|c| Thisbemyalt|i already told u what he finna do
|c|★LiberalLucario|tbh tho
|c| Demxer|he's gonna roost
|c|★LiberalLucario|i could roost on pert or umby
|c| pokedict007|but well
|c| kl0s|u roost he roost
|c|★LiberalLucario|BUT he could uturn and sack pert
|c| Bob the Wut|pert has toxic
|c|★LiberalLucario|and go back to bat
|c| pokedict007|and he cult crit u
|c|★LiberalLucario|i have taunt bro
|c|★LiberalLucario|lol
|c| Bob the Wut|he can roost stall you with bat
|c| Bob the Wut|oh
|c| pokedict007|yup
|c|★LiberalLucario|he cant roost stall me
|c| Bob the Wut|forgot you're the bad set
|c| kl0s|he might have taunt too
|c| kl0s|u both roost
|c| kl0s|he taunts
|c| kl0s|he wins
|c|★LiberalLucario|the **bad** set that just won this game
|
|move|p2a: Crobat|U-turn|p1a: Meruu
|-supereffective|p1a: Meruu
|-damage|p1a: Meruu|141\/388
|c| pokedict007|hate anoyer bats
|c|★LiberalLucario|if he has taunt
|c|★LiberalLucario|i will cri
|
|switch|p2a: Swampert|Swampert, F|107\/404
|-damage|p2a: Swampert|82\/404|[from] Stealth Rock
|move|p1a: Meruu|Roost|p1a: Meruu
|-heal|p1a: Meruu|335\/388
|
|-heal|p1a: Meruu|359\/388|[from] item: Leftovers
|-heal|p2a: Swampert|107\/404|[from] item: Leftovers
|turn|46
|c| pokedict007|looks like no
|join|ULT Volbeatdown
|c|★icicle fisshies|hhhhhhh
|c| pokedict007|he is a....
|c| Mighty Dagon -.-|yasss
|c| Bob the Wut|ah nb
|c| Thisbemyalt|HAHAHA
|c|★LiberalLucario|ahh.
|c| pokedict007|poke changer
|c|★LiberalLucario|literally
|c| Mighty Dagon -.-|libluc win
|c|★LiberalLucario|pulling this back
|c| Thisbemyalt|THE 5-1 COMEBACK
|c| Bob the Wut|im best predictor
|
|move|p1a: Meruu|Taunt|p2a: Swampert
|-start|p2a: Swampert|move: Taunt
|cant|p2a: Swampert|move: Taunt|Toxic
|
|-heal|p1a: Meruu|383\/388|[from] item: Leftovers
|-heal|p2a: Swampert|132\/404|[from] item: Leftovers
|turn|47
|join|shyguywarrior
|c|★LiberalLucario|no
|c| Demxer|REKT
|c| pokedict007|OHHHHHH
|c| Mighty Dagon -.-|oh snap
|c| Duskt70|oof
|c|★LiberalLucario|its
|c|★LiberalLucario|over
|c|★LiberalLucario|its so over
|c| pokedict007|Meruu-chaaaaan
|
|move|p1a: Meruu|Dark Pulse|p2a: Swampert
|-damage|p2a: Swampert|14\/404
|move|p2a: Swampert|Waterfall|p1a: Meruu
|-resisted|p1a: Meruu
|-damage|p1a: Meruu|276\/388
|
|-heal|p1a: Meruu|300\/388|[from] item: Leftovers
|-heal|p2a: Swampert|39\/404|[from] item: Leftovers
|turn|48
|c| Bob the Wut|superpower av perty
|c|★LiberalLucario|unless you're taunt bat but then you wouldnt have hazard removal
|c|★icicle fisshies|how
|c|★icicle fisshies|did
|c|★icicle fisshies|i
|c|★icicle fisshies|choke
|c|★icicle fisshies|so
|c|★icicle fisshies|hard
|c|★LiberalLucario|idk man!
|c|★LiberalLucario|how did u!
|c|★LiberalLucario|all u had to do was espeed
|c|★LiberalLucario|with luke
|c|★icicle fisshies|yep
|c| Bob the Wut|coz i didnt ghost you
|c|★LiberalLucario|and go in with rachi or bat
|c| Mighty Dagon -.-|u need a better rachi imo
|c|★LiberalLucario|and uturn
|c|★icicle fisshies|but like
|c| Demxer|why u gotta act like you're always +2
|c|★icicle fisshies|I got so socky
|c|★icicle fisshies|cocky, even
|c|★LiberalLucario|Bob the Wut: coz i didnt ghost you
|c| pokedict007|well
|c| Thisbemyalt|could a driver go mute the ass hat posting about sluts
|c|★LiberalLucario|Bob the Wut: coz i didnt ghost you
|c|★LiberalLucario|Bob the Wut: coz i didnt ghost you
|c|★LiberalLucario|wow
|c|★LiberalLucario|literallly more cocky than
|c|★LiberalLucario|CTC himself
|
|move|p1a: Meruu|Dark Pulse|p2a: Swampert
|-damage|p2a: Swampert|0 fnt
|faint|p2a: Swampert
|
|-heal|p1a: Meruu|324\/388|[from] item: Leftovers
|c| Bob the Wut|ofc
|c| Bob the Wut|whos ctc
|c| pokedict007|looks loke geting greedy
|c| Thisbemyalt|a nobody
|c| Demxer|whats a ctc
|
|switch|p2a: Crobat|Crobat, M|129\/374
|-damage|p2a: Crobat|36\/374|[from] Stealth Rock
|turn|49
|c| pokedict007|turned the battle
|c|★LiberalLucario|ctc is a bw ou player
|c|★LiberalLucario|who also plays xy oras
|c|★LiberalLucario|he's a cocky son of a bitch
|c| kl0s|roost here
|c|★LiberalLucario|lol xd
|c| Demxer|crit bb here
|c| Thisbemyalt|but he is based team builder
|c| Bob the Wut|its okay to be cocky if you're good
|c| ULT Volbeatdown|^
|c| ablert enistein|tele is prolly cockier
|leave|Kuza
|join|Volbeatdown
|leave|Duskt70
|c| Thisbemyalt|CTC is good but his best ability is in team building
|c| Mighty Dagon -.-|taunt here
|c|★LiberalLucario|yea ctc is good builder
|
|move|p2a: Crobat|Roost|p2a: Crobat
|-heal|p2a: Crobat|223\/374
|move|p1a: Meruu|Taunt|p2a: Crobat
|-start|p2a: Crobat|move: Taunt
|
|-heal|p2a: Crobat|246\/374|[from] item: Black Sludge
|-heal|p1a: Meruu|348\/388|[from] item: Leftovers
|turn|50
|c|★LiberalLucario|ok good
|join|Kuza
|c| Bob the Wut|double bb crit
|
|move|p2a: Crobat|Brave Bird|p1a: Meruu
|-damage|p1a: Meruu|191\/388
|-damage|p2a: Crobat|194\/374|[from] recoil|[of] p1a: Meruu
|move|p1a: Meruu|Dark Pulse|p2a: Crobat
|-damage|p2a: Crobat|53\/374
|
|-heal|p2a: Crobat|76\/374|[from] item: Black Sludge
|-heal|p1a: Meruu|215\/388|[from] item: Leftovers
|turn|51
|leave|Kuza
|c| Bob the Wut|crit
|c| Bob the Wut|crit
|c| Volbeatdown|crit
|c| Bob the Wut|crit
|c| Bob the Wut|crit
|c| Bob the Wut|crit
|c| Bob the Wut|crit
|c|★LiberalLucario|plz
|c| Bob the Wut|crit
|c| Bob the Wut|crit
|c| Bob the Wut|crit
|c| Bob the Wut|crit
|c| kl0s|crit
|c| Bob the Wut|crit
|c| Mighty Dagon -.-|flinch
|c| Bob the Wut|crit
|c| kl0s|crit
|c| Bob the Wut|crit
|c| kl0s|crit
|c| Bob the Wut|crit
|c| Bob the Wut|crit
|c| Mighty Dagon -.-|flinch
|c| kl0s|crit
|c| Bob the Wut|crit
|c| Bob the Wut|crit
|
|move|p2a: Crobat|Brave Bird|p1a: Meruu
|-crit|p1a: Meruu
|-damage|p1a: Meruu|0 fnt
|-damage|p2a: Crobat|5\/374|[from] recoil|[of] p1a: Meruu
|faint|p1a: Meruu
|
|win|icicle fisshies
|c| Bob the Wut|crit
|c| Bob the Wut|crit
|c| kl0s|crit
|c| kl0s|OH
|c|★LiberalLucario|NOOOOOOOOOOOOOOOOOOOOOO
|c| Thisbemyalt|HAHAHHAA
|c| Kasumi|Lol
|c| Volbeatdown|OML
|c| Mighty Dagon -.-|OOOOOOO
|c| Volbeatdown|OML
|c| Mighty Dagon -.-|OOOO
|c|★LiberalLucario|NOOOOOOOOOOOOOOOOOOOOO
|c| Volbeatdown|OML
|c| kl0s|OOOOOOOOOO
|c| Dracp|WOWOWOWOWOOWOWOWOOW
|c| Thisbemyalt|HAHAHAHAHAHAHA
|c| Volbeatdown|OML
|c|★icicle fisshies|OLLLLLLLLLLLLLOLOLOLOL
|c| Thisbemyalt|HAHAHAHAHAHAHA
|c| pokedict007|OHHHHHHHHHHHHHHHHHHHHHHHHHH
|c| kl0s|OOOOOOOOO
|c| Bob the Wut|called it
|c| Thisbemyalt|HAHAHAHAHAHAHA
|c| Thisbemyalt|HAHAHAHAHAHAHA
|c| Thisbemyalt|HAHAHAHAHAHAHA
|c| kl0s|OOOOOOOOOOOOOO
|c| Thisbemyalt|HAHAHAHAHAHAHA
|c| Thisbemyalt|HAHAHAHAHAHAHA
|c| Thisbemyalt|HAHAHAHAHAHAHA
|c| pokedict007|CRIT
|c| Thisbemyalt|HAHAHAHAHAHAHA
|c| Volbeatdown|LOL
|c| Thisbemyalt|HAHAHAHAHAHAHA
|c| pokedict007|CRIT
|c| Volbeatdown|LOL
|c| Thisbemyalt|HAHAHAHAHAHAHA
|c| Thisbemyalt|HAHAHAHAHAHAHA
|c| kl0s|OOOOOOOOOOOOOO
|c| pokedict007|CRIT
|c| Volbeatdown|LOL
|c| Thisbemyalt|HAHAHAHAHAHAHA
|c| Thisbemyalt|HAHAHAHAHAHAHA
|leave|shyguywarrior
|c| Thisbemyalt|HAHAHAHAHAHAHA
|c| Thisbemyalt|HAHAHAHAHAHAHA
|c| Thisbemyalt|HAHAHAHAHAHAHA
|c| Thisbemyalt|HAHAHAHAHAHAHA
|c| Thisbemyalt|HAHAHAHAHAHAHA
|c|★icicle fisshies|fuck
|c| Thisbemyalt|HAHAHAHAHAHAHA
|leave|LiberalLucario
|c| Thisbemyalt|HAHAHAHAHAHAHA
|c| Thisbemyalt|HAHAHAHAHAHAHA
|leave|xShiba
|leave|Dracp
|c| Thisbemyalt|HAHAHAHAHAHAHA
|c| Thisbemyalt|HAHAHAHAHAHAHA
|c| Thisbemyalt|HAHAHAHAHAHAHA
|c| Thisbemyalt|HAHAHAHAHAHAHA
|c| Thisbemyalt|HAHAHAHAHAHAHA
|player|p1
|leave|Thisbemyalt
|leave|Bob the Wut
|join|Bob the Wut
|leave|Bob the Wut
|c| pokedict007|u have to LOVE tjat crobat
|leave|watfor
|leave|Demxer
|join|Demxer
|leave|Demxer
|leave|Kasumi
|join|Kasumi
|leave|Kasumi
|leave|Volbeatdown
|leave|Mighty Dagon -.-
|join|Mighty Dagon -.-
|leave|Mighty Dagon -.-
|leave|ablert enistein
|leave|Snowballin
|leave|Starmie Sweep
|leave|Sovlo
|leave|kl0s
|leave|blizfiend
|leave|pokedict007
|leave|Jared.O
|player|p2|Guest 277955|23
|join|Icicle Fish
|player|p2|Icicle Fish|23
|player|p2|Guest 277955|23
|join|Icicle Fissh
|player|p2|Icicle Fissh|23
|player|p2|Guest 277955|23
|join|icicle fisshies
|join|MyLittleDick
|player|p2|icicle fisshies|23