asdf7023moveco joined.
schrekt m8 joined.
Format:
OU
Rated battle
Swagger Clause: Swagger is banned
Baton Pass Clause: Limit one Pokémon knowing Baton Pass
Sleep Clause Mod: Limit one foe put to sleep
Species Clause: Limit one of each Pokémon
OHKO Clause: OHKO moves are banned
Moody Clause: Moody is banned
Evasion Moves Clause: Evasion moves are banned
Endless Battle Clause: Forcing endless battles is banned
HP Percentage Mod: HP is shown in percentages
asdf7023moveco's team:
Lopunny / Rotom-Wash / Landorus-Therian / Scizor / Heatran / Latios
schrekt m8's team:
Latios / Ferrothorn / Clefable / Rotom-Wash / Bisharp / Gallade
Battle timer is now ON: inactive players will automatically lose when time's up. (requested by asdf7023moveco)
You have 150 seconds to make your decision.
Battle between asdf7023moveco and schrekt m8 started!
Go! Lola (Lopunny)!
schrekt m8 sent out Rotom-Wash!
Turn 1
You have 150 seconds to make your decision.
Lola's Lopunnite is reacting to asdf7023moveco's Mega Bracelet!
Lola has Mega Evolved into Mega Lopunny!
Lola used High Jump Kick!
The opposing Rotom-Wash lost 58.0% of its health!
The opposing Rotom-Wash used Will-O-Wisp!
Lola was burned!
The opposing Rotom-Wash restored a little HP using its Leftovers!
Lola was hurt by its burn!
Turn 2
You have 150 seconds to make your decision.
asdf7023moveco has 120 seconds left.
Lola, come back!
Go! Magma Gazer (Heatran)!
The opposing Rotom-Wash used Pain Split!
The battlers shared their pain!
The opposing Rotom-Wash restored a little HP using its Leftovers!
Magma Gazer restored a little HP using its Leftovers!
Turn 3
You have 150 seconds to make your decision.
schrekt m8 has 120 seconds left.
The opposing Rotom-Wash used Hydro Pump!
It's super effective! Magma Gazer lost 48.3% of its health!
Magma Gazer used Stealth Rock!
Pointed stones float in the air around the opposing team!
The opposing Rotom-Wash restored a little HP using its Leftovers!
Magma Gazer restored a little HP using its Leftovers!
Turn 4
You have 150 seconds to make your decision.
asdf7023moveco has 120 seconds left.
Magma Gazer, come back!
Go! Red Bullet (Scizor)!
The opposing Rotom-Wash used Hydro Pump!
Red Bullet lost 48.4% of its health!
The opposing Rotom-Wash restored a little HP using its Leftovers!
Turn 5
You have 150 seconds to make your decision.
asdf7023moveco has 120 seconds left.
The opposing Rotom-Wash used Hydro Pump!
Red Bullet lost 46.6% of its health!
Red Bullet used U-turn!
The opposing Rotom-Wash lost 48% of its health!
You have 150 seconds to make your decision.
Red Bullet went back to asdf7023moveco!
Go! Skywalker (Landorus-Therian)!
Skywalker intimidates the opposing Rotom-Wash!
The opposing Rotom-Wash's Attack fell!
The opposing Rotom-Wash restored a little HP using its Leftovers!
Turn 6
You have 150 seconds to make your decision.
asdf7023moveco has 120 seconds left.
Skywalker used U-turn!
The opposing Rotom-Wash lost 22% of its health!
You have 150 seconds to make your decision.
Skywalker went back to asdf7023moveco!
Go! Magma Gazer (Heatran)!
The opposing Rotom-Wash used Hydro Pump!
It's super effective! Magma Gazer lost 32.7% of its health!
Magma Gazer fainted!
The opposing Rotom-Wash restored a little HP using its Leftovers!
You have 150 seconds to make your decision.
Go! Red Eye (Latios)!
Turn 7
You have 150 seconds to make your decision.
schrekt m8 withdrew Rotom-Wash!
schrekt m8 sent out Clefable!
Red Eye used Draco Meteor!
It doesn't affect the opposing Clefable...
Turn 8
You have 150 seconds to make your decision.
Red Eye, come back!
Go! Kenmore (Rotom-Wash)!
The opposing Clefable used Moonblast!
Kenmore lost 47.4% of its health!
Kenmore's Special Attack fell!
Kenmore restored a little HP using its Leftovers!
Turn 9
You have 150 seconds to make your decision.
Kenmore used Volt Switch!
The opposing Clefable lost 16% of its health!
You have 150 seconds to make your decision.
Kenmore went back to asdf7023moveco!
Go! Red Bullet (Scizor)!
The opposing Clefable used Moonblast!
It's not very effective... Red Bullet lost 5.0% of its health!
Red Bullet fainted!
You have 150 seconds to make your decision.
Go! Kenmore (Rotom-Wash)!
Turn 10
You have 150 seconds to make your decision.
Kenmore used Pain Split!
The battlers shared their pain!
The opposing Clefable used Moonblast!
Kenmore lost 46.1% of its health!
Kenmore's Special Attack fell!
Kenmore restored a little HP using its Leftovers!
Turn 11
You have 150 seconds to make your decision.
Kenmore used Pain Split!
The battlers shared their pain!
The opposing Clefable used Moonblast!
Kenmore lost 42.8% of its health!
Kenmore's Special Attack fell!
Kenmore restored a little HP using its Leftovers!
Turn 12
You have 150 seconds to make your decision.
Kenmore used Volt Switch!
The opposing Clefable lost 11% of its health!
You have 150 seconds to make your decision.
Kenmore went back to asdf7023moveco!
Go! Skywalker (Landorus-Therian)!
Skywalker intimidates the opposing Clefable!
The opposing Clefable's Attack fell!
The opposing Clefable used Calm Mind!
The opposing Clefable's Special Attack rose!
The opposing Clefable's Special Defense rose!
Turn 13
You have 150 seconds to make your decision.
Skywalker used U-turn!
It's not very effective... The opposing Clefable lost 9% of its health!
You have 150 seconds to make your decision.
Skywalker went back to asdf7023moveco!
Go! Kenmore (Rotom-Wash)!
The opposing Clefable used Moonblast!
Kenmore lost 26.6% of its health!
Kenmore fainted!
You have 150 seconds to make your decision.
Go! Skywalker (Landorus-Therian)!
Skywalker intimidates the opposing Clefable!
The opposing Clefable's Attack fell!
Turn 14
You have 150 seconds to make your decision.
Skywalker used Earthquake!
The opposing Clefable lost 28.0% of its health!
The opposing Clefable fainted!
schrekt m8 sent out Latios!
Pointed stones dug into the opposing Latios!
Turn 15
You have 150 seconds to make your decision.
Skywalker used Earthquake!
It doesn't affect the opposing Latios...
The opposing Latios used Draco Meteor!
Skywalker lost 100% of its health!
The opposing Latios's Special Attack harshly fell!
The opposing Latios lost some of its HP!
Skywalker fainted!
You have 150 seconds to make your decision.
Go! Lola (Lopunny-Mega)!
Turn 16
You have 150 seconds to make your decision.
schrekt m8 has 120 seconds left.
schrekt m8 withdrew Latios!
schrekt m8 sent out Rotom-Wash!
Pointed stones dug into the opposing Rotom-Wash!
Lola used Return!
The opposing Rotom-Wash lost 22% of its health!
The opposing Rotom-Wash restored a little HP using its Leftovers!
Lola was hurt by its burn!
Turn 17
You have 150 seconds to make your decision.
Lola used Return!
A critical hit! The opposing Rotom-Wash lost 12% of its health!
The opposing Rotom-Wash fainted!
Lola was hurt by its burn!
schrekt m8 sent out Ferrothorn!
Pointed stones dug into the opposing Ferrothorn!
Turn 18
You have 150 seconds to make your decision.
Lola used High Jump Kick!
The opposing Ferrothorn avoided the attack!
Lola kept going and crashed!
The opposing Ferrothorn used Gyro Ball!
Lola lost 13.7% of its health!
Lola fainted!
You have 150 seconds to make your decision.
Go! Red Eye (Latios)!
Turn 19
You have 150 seconds to make your decision.
Red Eye used Draco Meteor!
It's not very effective... The opposing Ferrothorn lost 31% of its health!
Red Eye's Special Attack harshly fell!
Red Eye lost some of its HP!
The opposing Ferrothorn used Gyro Ball!
Red Eye lost 61.9% of its health!
Turn 20
You have 150 seconds to make your decision.
Red Eye used Draco Meteor!
It's not very effective... The opposing Ferrothorn lost 14.0% of its health!
Red Eye's Special Attack harshly fell!
Red Eye lost some of its HP!
The opposing Ferrothorn used Gyro Ball!
Red Eye lost 17.9% of its health!
Red Eye fainted!
schrekt m8 won the battle!
Ladder updating...
asdf7023moveco's rating: 1100 → 1078
(-22 for losing)
schrekt m8's rating: 1140 → 1162
(+22 for winning)
★asdf7023moveco: gg
schrekt m8 left.