asdf7023moveco joined.
sfgsfger g43 joined.
Format:
OU
Rated battle
Swagger Clause: Swagger is banned
Baton Pass Clause: Limit one Pokémon knowing Baton Pass
Sleep Clause Mod: Limit one foe put to sleep
Species Clause: Limit one of each Pokémon
OHKO Clause: OHKO moves are banned
Moody Clause: Moody is banned
Evasion Moves Clause: Evasion moves are banned
Endless Battle Clause: Forcing endless battles is banned
HP Percentage Mod: HP is shown in percentages
asdf7023moveco's team:
Lopunny / Rotom-Wash / Landorus-Therian / Scizor / Heatran / Latios
sfgsfger g43's team:
Gyarados / Charizard / Excadrill / Trevenant / Thundurus / Umbreon
Battle timer is now ON: inactive players will automatically lose when time's up. (requested by asdf7023moveco)
Battle between asdf7023moveco and sfgsfger g43 started!
Go! Lola (Lopunny)!
sfgsfger g43 sent out Trevenant!
Turn 1
You have 150 seconds to make your decision.
Lola's Lopunnite is reacting to asdf7023moveco's Mega Bracelet!
Lola has Mega Evolved into Mega Lopunny!
Lola used High Jump Kick!
The opposing Trevenant lost 79% of its health!
The opposing Trevenant ate its Sitrus Berry!
The opposing Trevenant restored HP using its Sitrus Berry!
The opposing Trevenant used Leech Seed!
Lola was seeded!
Lola's health is sapped by Leech Seed!
The opposing Trevenant harvested one Sitrus Berry!
Turn 2
You have 150 seconds to make your decision.
The opposing Trevenant used Protect!
The opposing Trevenant protected itself!
Lola used High Jump Kick!
The opposing Trevenant protected itself!
Lola kept going and crashed!
Lola's health is sapped by Leech Seed!
Turn 3
You have 150 seconds to make your decision.
sfgsfger g43 withdrew Trevenant!
sfgsfger g43 sent out Thundurus!
Lola used Return!
The opposing Thundurus lost 88% of its health!
The opposing Thundurus restored a little HP using its Leftovers!
Lola's health is sapped by Leech Seed!
Turn 4
You have 150 seconds to make your decision.
sfgsfger g43 has 120 seconds left.
sfgsfger g43 withdrew Thundurus!
sfgsfger g43 sent out Umbreon!
Lola used Return!
The opposing Umbreon lost 32% of its health!
The opposing Umbreon restored a little HP using its Leftovers!
Lola's health is sapped by Leech Seed!
Turn 5
You have 150 seconds to make your decision.
The opposing Umbreon used Protect!
The opposing Umbreon protected itself!
Lola used Return!
The opposing Umbreon protected itself!
The opposing Umbreon restored a little HP using its Leftovers!
Lola's health is sapped by Leech Seed!
Lola fainted!
You have 150 seconds to make your decision.
Go! Kenmore (Rotom-Wash)!
Turn 6
You have 150 seconds to make your decision.
Kenmore used Volt Switch!
The opposing Umbreon lost 17% of its health!
You have 150 seconds to make your decision.
Kenmore went back to asdf7023moveco!
Go! Skywalker (Landorus-Therian)!
Skywalker intimidates the opposing Umbreon!
The opposing Umbreon's Attack fell!
The opposing Umbreon used Wish!
The opposing Umbreon restored a little HP using its Leftovers!
Turn 7
You have 150 seconds to make your decision.
sfgsfger g43 has 120 seconds left.
sfgsfger g43 withdrew Umbreon!
sfgsfger g43 sent out Gyarados!
The opposing Gyarados intimidates Skywalker!
Skywalker's Attack fell!
Skywalker used U-turn!
It's not very effective... The opposing Gyarados lost 9% of its health!
You have 150 seconds to make your decision.
Skywalker went back to asdf7023moveco!
Go! Red Bullet (Scizor)!
Umbreon's wish came true!
Turn 8
You have 150 seconds to make your decision.
The opposing Gyarados used Thunder Wave!
Red Bullet is paralyzed! It may be unable to move!
Red Bullet used U-turn!
It's not very effective... The opposing Gyarados lost 31% of its health!
You have 150 seconds to make your decision.
Red Bullet went back to asdf7023moveco!
Go! Kenmore (Rotom-Wash)!
The opposing Gyarados restored a little HP using its Leftovers!
Turn 9
You have 150 seconds to make your decision.
sfgsfger g43 withdrew Gyarados!
sfgsfger g43 sent out Trevenant!
Kenmore used Volt Switch!
It's not very effective... The opposing Trevenant lost 9% of its health!
You have 150 seconds to make your decision.
Kenmore went back to asdf7023moveco!
Go! Skywalker (Landorus-Therian)!
Skywalker intimidates the opposing Trevenant!
The opposing Trevenant's Attack fell!
Turn 10
You have 150 seconds to make your decision.
The opposing Trevenant used Protect!
The opposing Trevenant protected itself!
Skywalker used U-turn!
The opposing Trevenant protected itself!
Turn 11
You have 150 seconds to make your decision.
Skywalker used U-turn!
The opposing Trevenant lost 28.0% of its health!
The opposing Trevenant ate its Sitrus Berry!
The opposing Trevenant restored HP using its Sitrus Berry!
You have 150 seconds to make your decision.
Skywalker went back to asdf7023moveco!
Go! Red Bullet (Scizor)!
The opposing Trevenant used Leech Seed!
Red Bullet was seeded!
Red Bullet's health is sapped by Leech Seed!
Turn 12
You have 150 seconds to make your decision.
sfgsfger g43 withdrew Trevenant!
sfgsfger g43 sent out Charizard!
Red Bullet used U-turn!
It's not very effective... The opposing Charizard lost 21% of its health!
You have 150 seconds to make your decision.
Red Bullet went back to asdf7023moveco!
Go! Kenmore (Rotom-Wash)!
Turn 13
You have 150 seconds to make your decision.
The opposing Charizard's Charizardite Y is reacting to sfgsfger g43's Mega Bracelet!
The opposing Charizard has Mega Evolved into Mega Charizard!
The sunlight turned harsh!
The opposing Charizard used SolarBeam!
The opposing Charizard absorbed light!
It's super effective! Kenmore lost 99.3% of its health!
Kenmore used Volt Switch!
It's super effective! The opposing Charizard lost 53% of its health!
You have 150 seconds to make your decision.
Kenmore went back to asdf7023moveco!
Go! Red Eye (Latios)!
Turn 14
You have 150 seconds to make your decision.
sfgsfger g43 has 120 seconds left.
sfgsfger g43 withdrew Charizard (Charizard-Mega-Y)!
sfgsfger g43 sent out Thundurus!
Red Eye used Psyshock!
The opposing Thundurus lost 28.0% of its health!
Red Eye lost some of its HP!
The opposing Thundurus fainted!
sfgsfger g43 has 120 seconds left.
sfgsfger g43 sent out Umbreon!
Turn 15
You have 150 seconds to make your decision.
Red Eye, come back!
Go! Red Bullet (Scizor)!
The opposing Umbreon used Wish!
The opposing Umbreon restored a little HP using its Leftovers!
Turn 16
You have 150 seconds to make your decision.
sfgsfger g43 has 120 seconds left.
sfgsfger g43 has 90 seconds left.
sfgsfger g43 withdrew Umbreon!
sfgsfger g43 sent out Charizard (Charizard-Mega-Y)!
Red Bullet used U-turn!
It's not very effective... The opposing Charizard lost 20% of its health!
You have 150 seconds to make your decision.
Red Bullet went back to asdf7023moveco!
Go! Skywalker (Landorus-Therian)!
Skywalker intimidates the opposing Charizard!
The opposing Charizard's Attack fell!
Umbreon's wish came true!
Turn 17
You have 150 seconds to make your decision.
sfgsfger g43 has 120 seconds left.
Skywalker used U-turn!
It's not very effective... The opposing Charizard lost 10% of its health!
You have 150 seconds to make your decision.
Skywalker went back to asdf7023moveco!
Go! Kenmore (Rotom-Wash)!
The opposing Charizard used Hidden Power!
It's not very effective... Kenmore lost 0.7% of its health!
Kenmore fainted!
The sunlight faded.
You have 150 seconds to make your decision.
Go! Magma Gazer (Heatran)!
Turn 18
You have 150 seconds to make your decision.
sfgsfger g43 has 120 seconds left.
sfgsfger g43 withdrew Charizard (Charizard-Mega-Y)!
sfgsfger g43 sent out Gyarados!
The opposing Gyarados intimidates Magma Gazer!
Magma Gazer's Attack fell!
Magma Gazer used Lava Plume!
It's not very effective... The opposing Gyarados lost 14.0% of its health!
The opposing Gyarados restored a little HP using its Leftovers!
Turn 19
You have 150 seconds to make your decision.
Magma Gazer used Lava Plume!
It's not very effective... The opposing Gyarados lost 15% of its health!
The opposing Gyarados used Waterfall!
It's super effective! Magma Gazer lost 74.8% of its health!
Magma Gazer restored a little HP using its Leftovers!
The opposing Gyarados restored a little HP using its Leftovers!
Turn 20
You have 150 seconds to make your decision.
Magma Gazer used Stealth Rock!
Pointed stones float in the air around the opposing team!
The opposing Gyarados used Waterfall!
It's super effective! Magma Gazer lost 31.4% of its health!
Magma Gazer fainted!
The opposing Gyarados restored a little HP using its Leftovers!
You have 150 seconds to make your decision.
Go! Red Eye (Latios)!
Turn 21
You have 150 seconds to make your decision.
Red Eye used Psyshock!
The opposing Gyarados lost 58.0% of its health!
Red Eye lost some of its HP!
The opposing Gyarados used Thunder Wave!
Red Eye is paralyzed! It may be unable to move!
The opposing Gyarados restored a little HP using its Leftovers!
Turn 22
You have 150 seconds to make your decision.
Red Eye, come back!
Go! Red Bullet (Scizor)!
The opposing Gyarados used Iron Head!
It's not very effective... Red Bullet lost 14.6% of its health!
The opposing Gyarados restored a little HP using its Leftovers!
Turn 23
You have 150 seconds to make your decision.
Red Bullet used Bullet Punch!
It's not very effective... The opposing Gyarados lost 19% of its health!
The opposing Gyarados fainted!
sfgsfger g43 sent out Excadrill!
Pointed stones dug into the opposing Excadrill!
The opposing Excadrill breaks the mold!
Turn 24
You have 150 seconds to make your decision.
Red Bullet, come back!
Go! Skywalker (Landorus-Therian)!
Skywalker intimidates the opposing Excadrill!
The opposing Excadrill's Attack fell!
The opposing Excadrill used Rapid Spin!
Skywalker lost 7.7% of its health!
The pointed stones disappeared from around the opposing team!
The opposing Excadrill lost some of its HP!
Turn 25
You have 150 seconds to make your decision.
sfgsfger g43 has 120 seconds left.
sfgsfger g43 withdrew Excadrill!
sfgsfger g43 sent out Charizard (Charizard-Mega-Y)!
The sunlight turned harsh!
Skywalker used Earthquake!
It doesn't affect the opposing Charizard...
Turn 26
You have 150 seconds to make your decision.
Skywalker, come back!
Go! Red Eye (Latios)!
The opposing Charizard used Hidden Power!
It's super effective! Red Eye lost 51.0% of its health!
Turn 27
You have 150 seconds to make your decision.
The opposing Charizard used Hidden Power!
It's super effective! Red Eye lost 29.1% of its health!
Red Eye fainted!
You have 150 seconds to make your decision.
Go! Skywalker (Landorus-Therian)!
Skywalker intimidates the opposing Charizard!
The opposing Charizard's Attack fell!
Turn 28
You have 150 seconds to make your decision.
sfgsfger g43 withdrew Charizard (Charizard-Mega-Y)!
sfgsfger g43 sent out Umbreon!
Skywalker used Stone Edge!
The opposing Umbreon avoided the attack!
The opposing Umbreon restored a little HP using its Leftovers!
Turn 29
You have 150 seconds to make your decision.
Skywalker, come back!
Go! Red Bullet (Scizor)!
The opposing Umbreon used Wish!
The sunlight faded.
The opposing Umbreon restored a little HP using its Leftovers!
Turn 30
You have 150 seconds to make your decision.
sfgsfger g43 withdrew Umbreon!
sfgsfger g43 sent out Trevenant!
Red Bullet used U-turn!
The opposing Trevenant lost 63% of its health!
The opposing Trevenant fainted!
You have 150 seconds to make your decision.
Red Bullet went back to asdf7023moveco!
Go! Skywalker (Landorus-Therian)!
sfgsfger g43 sent out Umbreon!
Turn 31
You have 150 seconds to make your decision.
Skywalker used U-turn!
A critical hit! It's super effective! The opposing Umbreon lost 50% of its health!
You have 150 seconds to make your decision.
Skywalker went back to asdf7023moveco!
Go! Red Bullet (Scizor)!
The opposing Umbreon used Foul Play!
Red Bullet lost 52.8% of its health!
The opposing Umbreon restored a little HP using its Leftovers!
Turn 32
You have 150 seconds to make your decision.
Red Bullet, come back!
Go! Skywalker (Landorus-Therian)!
Skywalker intimidates the opposing Umbreon!
The opposing Umbreon's Attack fell!
The opposing Umbreon used Protect!
But it failed!
The opposing Umbreon restored a little HP using its Leftovers!
Turn 33
You have 150 seconds to make your decision.
The opposing Umbreon used Protect!
The opposing Umbreon protected itself!
Skywalker used Knock Off!
The opposing Umbreon protected itself!
The opposing Umbreon restored a little HP using its Leftovers!
Turn 34
You have 150 seconds to make your decision.
Skywalker used Knock Off!
It's not very effective... The opposing Umbreon lost 11% of its health!
Skywalker knocked off the opposing Umbreon's Leftovers!
The opposing Umbreon used Wish!
Turn 35
You have 150 seconds to make your decision.
Skywalker used Knock Off!
It's not very effective... The opposing Umbreon lost 7.0% of its health!
The opposing Umbreon used Foul Play!
Skywalker lost 60.3% of its health!
Umbreon's wish came true!
Turn 36
You have 150 seconds to make your decision.
Skywalker used Knock Off!
It's not very effective... The opposing Umbreon lost 8% of its health!
The opposing Umbreon used Foul Play!
Skywalker lost 32% of its health!
Skywalker fainted!
You have 150 seconds to make your decision.
Go! Red Bullet (Scizor)!
Turn 37
You have 150 seconds to make your decision.
★sfgsfger g43: gg
The opposing Umbreon used Foul Play!
Red Bullet lost 20.4% of its health!
Red Bullet fainted!
sfgsfger g43 won the battle!
Ladder updating...
asdf7023moveco's rating: 1090 → 1063
(-27 for losing)
sfgsfger g43's rating: 1040 → 1079
(+39 for winning)
★sfgsfger g43: lil nigga
★asdf7023moveco: gg