jmcr0105 joined.
asdf7021movefreq joined.
Format:
OU
Rated battle
Swagger Clause: Swagger is banned
Baton Pass Clause: Limit one Pokémon knowing Baton Pass
Sleep Clause Mod: Limit one foe put to sleep
Species Clause: Limit one of each Pokémon
OHKO Clause: OHKO moves are banned
Moody Clause: Moody is banned
Evasion Moves Clause: Evasion moves are banned
Endless Battle Clause: Forcing endless battles is banned
HP Percentage Mod: HP is shown in percentages
asdf7021movefreq's team:
Lopunny / Rotom-Wash / Landorus-Therian / Scizor / Heatran / Latios
jmcr0105's team:
Starmie / Tyranitar / Scizor / Gyarados / Charizard / Gengar
Battle timer is now ON: inactive players will automatically lose when time's up. (requested by asdf7021movefreq)
Battle between jmcr0105 and asdf7021movefreq started!
jmcr0105 sent out Tyranitar!
Go! Lola (Lopunny)!
A sandstorm kicked up!
Turn 1
You have 150 seconds to make your decision.
Lola's Lopunnite is reacting to asdf7021movefreq's Mega Bracelet!
Lola has Mega Evolved into Mega Lopunny!
Lola used High Jump Kick!
It's super effective! The opposing Tyranitar ate its Chople Berry!
The opposing Tyranitar lost 100% of its health!
The opposing Tyranitar fainted!
The sandstorm is raging.
Lola is buffeted by the sandstorm!
jmcr0105 sent out Charizard!
Turn 2
You have 150 seconds to make your decision.
Lola used High Jump Kick!
It's not very effective... The opposing Charizard lost 47% of its health!
The opposing Charizard used Earthquake!
Lola lost 35.1% of its health!
The sandstorm is raging.
Lola is buffeted by the sandstorm!
The opposing Charizard is buffeted by the sandstorm!
Turn 3
You have 150 seconds to make your decision.
Lola used High Jump Kick!
It's not very effective... The opposing Charizard lost 47% of its health!
The opposing Charizard fainted!
The sandstorm is raging.
Lola is buffeted by the sandstorm!
jmcr0105 sent out Scizor!
Turn 4
You have 150 seconds to make your decision.
The opposing Scizor used Bullet Punch!
Lola lost 25.5% of its health!
Lola used High Jump Kick!
The opposing Scizor lost 46% of its health!
The sandstorm is raging.
Lola is buffeted by the sandstorm!
Turn 5
You have 150 seconds to make your decision.
Lola, come back!
Go! Skywalker (Landorus-Therian)!
Skywalker intimidates the opposing Scizor!
The opposing Scizor's Attack fell!
The opposing Scizor used Iron Head!
Skywalker lost 24.9% of its health!
The sandstorm subsided.
Turn 6
You have 150 seconds to make your decision.
jmcr0105 withdrew Scizor!
jmcr0105 sent out Gyarados!
The opposing Gyarados intimidates Skywalker!
Skywalker's Attack fell!
Skywalker used Earthquake!
It doesn't affect the opposing Gyarados...
Turn 7
You have 150 seconds to make your decision.
Skywalker, come back!
Go! Red Bullet (Scizor)!
The opposing Gyarados used Dragon Dance!
The opposing Gyarados's Attack rose!
The opposing Gyarados's Speed rose!
Turn 8
You have 150 seconds to make your decision.
The opposing Gyarados used Thunder Wave!
Red Bullet is paralyzed! It may be unable to move!
Red Bullet is paralyzed! It can't move!
Turn 9
You have 150 seconds to make your decision.
The opposing Gyarados used Taunt!
Red Bullet fell for the taunt!
Red Bullet used U-turn!
A critical hit! It's not very effective... The opposing Gyarados lost 50% of its health!
You have 150 seconds to make your decision.
Red Bullet went back to asdf7021movefreq!
Go! Magma Gazer (Heatran)!
The opposing Gyarados restored a little HP using its Leftovers!
Turn 10
You have 150 seconds to make your decision.
Magma Gazer, come back!
Go! Kenmore (Rotom-Wash)!
The opposing Gyarados used Dragon Dance!
The opposing Gyarados's Attack rose!
The opposing Gyarados's Speed rose!
The opposing Gyarados restored a little HP using its Leftovers!
Turn 11
You have 150 seconds to make your decision.
jmcr0105 forfeited.
jmcr0105 left.
Player 1 disconnected and has a minute to reconnect!
asdf7021movefreq won the battle!
Ladder updating...
★asdf7021movefreq: gg
jmcr0105's rating: 1076 → 1057
(-19 for losing)
asdf7021movefreq's rating: 1115 → 1137
(+22 for winning)