asdf7021movefreq joined.
Rey009 joined.
Format:
OU
Rated battle
Swagger Clause: Swagger is banned
Baton Pass Clause: Limit one Pokémon knowing Baton Pass
Sleep Clause Mod: Limit one foe put to sleep
Species Clause: Limit one of each Pokémon
OHKO Clause: OHKO moves are banned
Moody Clause: Moody is banned
Evasion Moves Clause: Evasion moves are banned
Endless Battle Clause: Forcing endless battles is banned
HP Percentage Mod: HP is shown in percentages
asdf7021movefreq's team:
Lopunny / Rotom-Wash / Landorus-Therian / Scizor / Heatran / Latios
Rey009's team:
Thundurus / Talonflame / Mew / Slowbro / Scizor / Lopunny
Battle timer is now ON: inactive players will automatically lose when time's up. (requested by asdf7021movefreq)
You have 150 seconds to make your decision.
Battle between asdf7021movefreq and Rey009 started!
Go! Lola (Lopunny)!
Rey009 sent out Thundurus!
Turn 1
You have 150 seconds to make your decision.
HlTLER joined.
Lola, come back!
Go! Skywalker (Landorus-Therian)!
Skywalker intimidates the opposing Thundurus!
The opposing Thundurus's Attack fell!
The opposing Thundurus used Thunder Wave!
It doesn't affect Skywalker...
Turn 2
You have 150 seconds to make your decision.
asdf7021movefreq has 120 seconds left.
Skywalker used Knock Off!
The opposing Thundurus lost 56.0% of its health!
Skywalker knocked off the opposing Thundurus's Life Orb!
The opposing Thundurus used Hidden Power!
It's super effective! Skywalker lost 97.2% of its health!
Turn 3
You have 150 seconds to make your decision.
Skywalker, come back!
Go! Red Bullet (Scizor)!
The opposing Thundurus used Hidden Power!
It's not very effective... Red Bullet lost 12.0% of its health!
Turn 4
You have 150 seconds to make your decision.
Rey009 withdrew Thundurus!
Rey009 sent out Talonflame!
Red Bullet used U-turn!
It's not very effective... The opposing Talonflame lost 21% of its health!
You have 150 seconds to make your decision.
Red Bullet went back to asdf7021movefreq!
Go! Magma Gazer (Heatran)!
Turn 5
You have 150 seconds to make your decision.
Rey009 has 120 seconds left.
Rey009 withdrew Talonflame!
Rey009 sent out Slowbro!
Magma Gazer used Stealth Rock!
Pointed stones float in the air around the opposing team!
Turn 6
You have 150 seconds to make your decision.
Magma Gazer, come back!
Go! Red Bullet (Scizor)!
The opposing Slowbro used Scald!
Red Bullet lost 33.5% of its health!
Turn 7
You have 150 seconds to make your decision.
Red Bullet used U-turn!
It's super effective! The opposing Slowbro lost 67% of its health!
You have 150 seconds to make your decision.
Red Bullet went back to asdf7021movefreq!
Go! Lola (Lopunny)!
The opposing Slowbro used Fire Blast!
Lola lost 32.1% of its health!
The opposing Slowbro restored a little HP using its Leftovers!
Turn 8
You have 150 seconds to make your decision.
Rey009 withdrew Slowbro!
Rey009 sent out Scizor!
Pointed stones dug into the opposing Scizor!
Lola's Lopunnite is reacting to asdf7021movefreq's Mega Bracelet!
Lola has Mega Evolved into Mega Lopunny!
Lola used Return!
It's not very effective... The opposing Scizor lost 25% of its health!
Turn 9
You have 150 seconds to make your decision.
Lola used High Jump Kick!
A critical hit! The opposing Scizor lost 63% of its health!
The opposing Scizor fainted!
Rey009 sent out Talonflame!
Pointed stones dug into the opposing Talonflame!
Turn 10
You have 150 seconds to make your decision.
Lola used Return!
The opposing Talonflame lost 30% of its health!
The opposing Talonflame fainted!
Rey009 forfeited.
Rey009 left.
Player 2 disconnected and has a minute to reconnect!
Player 2 has 60 seconds left.
asdf7021movefreq won the battle!
Ladder updating...
★asdf7021movefreq: gg
asdf7021movefreq's rating: 1138 → 1161
(+23 for winning)
Rey009's rating: 1108 → 1086
(-22 for losing)