U.U~) Sly . D joined.
asdf7021movefreq joined.
Format:
OU
Rated battle
Swagger Clause: Swagger is banned
Baton Pass Clause: Limit one Pokémon knowing Baton Pass
Sleep Clause Mod: Limit one foe put to sleep
Species Clause: Limit one of each Pokémon
OHKO Clause: OHKO moves are banned
Moody Clause: Moody is banned
Evasion Moves Clause: Evasion moves are banned
Endless Battle Clause: Forcing endless battles is banned
HP Percentage Mod: HP is shown in percentages
asdf7021movefreq's team:
Lopunny / Rotom-Wash / Landorus-Therian / Scizor / Heatran / Latios
U.U~) Sly . D's team:
Metagross / Ferrothorn / Latios / Talonflame / Rotom-Wash / Landorus-Therian
Battle timer is now ON: inactive players will automatically lose when time's up. (requested by asdf7021movefreq)
You have 150 seconds to make your decision.
Battle between U.U~) Sly . D and asdf7021movefreq started!
U.U~) Sly . D sent out Rotom-Wash!
Go! Lola (Lopunny)!
Turn 1
You have 150 seconds to make your decision.
Lola's Lopunnite is reacting to asdf7021movefreq's Mega Bracelet!
Lola has Mega Evolved into Mega Lopunny!
Lola used High Jump Kick!
The opposing Rotom-Wash avoided the attack!
Lola kept going and crashed!
The opposing Rotom-Wash used Will-O-Wisp!
Lola was burned!
Lola was hurt by its burn!
Turn 2
You have 150 seconds to make your decision.
asdf7021movefreq has 120 seconds left.
Lola, come back!
Go! Skywalker (Landorus-Therian)!
Skywalker intimidates the opposing Rotom-Wash!
The opposing Rotom-Wash's Attack fell!
The opposing Rotom-Wash used Volt Switch!
It doesn't affect Skywalker...
Turn 3
You have 150 seconds to make your decision.
Skywalker used U-turn!
The opposing Rotom-Wash lost 22% of its health!
You have 150 seconds to make your decision.
Skywalker went back to asdf7021movefreq!
Go! Red Eye (Latios)!
The opposing Rotom-Wash used Hydro Pump!
It's not very effective... Red Eye lost 18.9% of its health!
The opposing Rotom-Wash restored a little HP using its Leftovers!
Turn 4
You have 150 seconds to make your decision.
U.U~) Sly . D withdrew Rotom-Wash!
U.U~) Sly . D sent out Ferrothorn!
Red Eye used Draco Meteor!
It's not very effective... The opposing Ferrothorn lost 29.0% of its health!
Red Eye's Special Attack harshly fell!
Red Eye lost some of its HP!
Turn 5
You have 150 seconds to make your decision.
Red Eye, come back!
Go! Red Bullet (Scizor)!
The opposing Ferrothorn used Leech Seed!
Red Bullet was seeded!
Red Bullet's health is sapped by Leech Seed!
Turn 6
You have 150 seconds to make your decision.
U.U~) Sly . D withdrew Ferrothorn!
U.U~) Sly . D sent out Rotom-Wash!
Red Bullet used U-turn!
The opposing Rotom-Wash lost 45% of its health!
You have 150 seconds to make your decision.
Red Bullet went back to asdf7021movefreq!
Go! Skywalker (Landorus-Therian)!
Skywalker intimidates the opposing Rotom-Wash!
The opposing Rotom-Wash's Attack fell!
The opposing Rotom-Wash restored a little HP using its Leftovers!
Turn 7
You have 150 seconds to make your decision.
asdf7021movefreq has 120 seconds left.
Skywalker used U-turn!
The opposing Rotom-Wash lost 22% of its health!
You have 150 seconds to make your decision.
Skywalker went back to asdf7021movefreq!
Go! Red Eye (Latios)!
The opposing Rotom-Wash used Pain Split!
The battlers shared their pain!
The opposing Rotom-Wash restored a little HP using its Leftovers!
Turn 8
You have 150 seconds to make your decision.
Red Eye used Draco Meteor!
The opposing Rotom-Wash lost 53% of its health!
Red Eye's Special Attack harshly fell!
Red Eye lost some of its HP!
The opposing Rotom-Wash fainted!
U.U~) Sly . D forfeited.
U.U~) Sly . D left.
Player 1 disconnected and has a minute to reconnect!
Player 1 has 60 seconds left.
asdf7021movefreq won the battle!
Ladder updating...
★asdf7021movefreq: gg
U.U~) Sly . D's rating: 1157 → 1130
(-27 for losing)
asdf7021movefreq's rating: 1125 → 1153
(+28 for winning)