asdf7021movefreq joined.
josesanchez joined.
Format:
OU
Rated battle
Swagger Clause: Swagger is banned
Baton Pass Clause: Limit one Pokémon knowing Baton Pass
Sleep Clause Mod: Limit one foe put to sleep
Species Clause: Limit one of each Pokémon
OHKO Clause: OHKO moves are banned
Moody Clause: Moody is banned
Evasion Moves Clause: Evasion moves are banned
Endless Battle Clause: Forcing endless battles is banned
HP Percentage Mod: HP is shown in percentages
asdf7021movefreq's team:
Lopunny / Rotom-Wash / Landorus-Therian / Scizor / Heatran / Latios
josesanchez's team:
Lopunny / Bisharp / Ferrothorn / Infernape / Kingdra / Espeon
Battle timer is now ON: inactive players will automatically lose when time's up. (requested by asdf7021movefreq)
You have 150 seconds to make your decision.
Battle between asdf7021movefreq and josesanchez started!
Go! Lola (Lopunny)!
josesanchez sent out JLO-SEX (Lopunny)!
Turn 1
You have 150 seconds to make your decision.
Lola's Lopunnite is reacting to asdf7021movefreq's Mega Bracelet!
Lola has Mega Evolved into Mega Lopunny!
The opposing JLO-SEX's Lopunnite is reacting to josesanchez's Mega Bracelet!
The opposing JLO-SEX has Mega Evolved into Mega Lopunny!
The opposing JLO-SEX used Fake Out!
Lola lost 28.0% of its health!
Lola flinched and couldn't move!
Turn 2
You have 150 seconds to make your decision.
Lola used High Jump Kick!
It's super effective! The opposing JLO-SEX lost 100% of its health!
The opposing JLO-SEX fainted!
josesanchez sent out Centr Psyck (Espeon)!
Turn 3
You have 150 seconds to make your decision.
Lola used Return!
The opposing Centr Psyck lost 100% of its health!
The opposing Centr Psyck fainted!
josesanchez forfeited.
josesanchez left.
Player 2 disconnected and has a minute to reconnect!
asdf7021movefreq won the battle!
Ladder updating...
★asdf7021movefreq: gg
asdf7021movefreq's rating: 1093 → 1120
(+27 for winning)
josesanchez's rating: 1100 → 1074
(-26 for losing)