asdf7021movefreq joined.
Yolobeastly joined.
Format:
OU
Rated battle
Swagger Clause: Swagger is banned
Baton Pass Clause: Limit one Pokémon knowing Baton Pass
Sleep Clause Mod: Limit one foe put to sleep
Species Clause: Limit one of each Pokémon
OHKO Clause: OHKO moves are banned
Moody Clause: Moody is banned
Evasion Moves Clause: Evasion moves are banned
Endless Battle Clause: Forcing endless battles is banned
HP Percentage Mod: HP is shown in percentages
asdf7021movefreq's team:
Lopunny / Rotom-Wash / Landorus-Therian / Scizor / Heatran / Latios
Yolobeastly's team:
Regirock / Ferrothorn / Breloom / Snorlax / Garchomp / Klefki
Battle timer is now ON: inactive players will automatically lose when time's up. (requested by asdf7021movefreq)
Battle between asdf7021movefreq and Yolobeastly started!
Go! Lola (Lopunny)!
Yolobeastly sent out Hahahahahahaha (Klefki)!
Turn 1
You have 150 seconds to make your decision.
Lola's Lopunnite is reacting to asdf7021movefreq's Mega Bracelet!
Lola has Mega Evolved into Mega Lopunny!
The opposing Hahahahahahaha used Iron Defense!
The opposing Hahahahahahaha's Defense sharply rose!
Lola used High Jump Kick!
The opposing Hahahahahahaha lost 38% of its health!
The opposing Hahahahahahaha restored a little HP using its Leftovers!
Turn 2
You have 150 seconds to make your decision.
The opposing Hahahahahahaha used Iron Defense!
The opposing Hahahahahahaha's Defense sharply rose!
Lola used High Jump Kick!
The opposing Hahahahahahaha lost 29.0% of its health!
The opposing Hahahahahahaha restored a little HP using its Leftovers!
Turn 3
You have 150 seconds to make your decision.
The opposing Hahahahahahaha used Thunder Wave!
Lola is paralyzed! It may be unable to move!
Lola used High Jump Kick!
The opposing Hahahahahahaha lost 28.0% of its health!
The opposing Hahahahahahaha restored a little HP using its Leftovers!
Turn 4
You have 150 seconds to make your decision.
The opposing Hahahahahahaha used Iron Defense!
The opposing Hahahahahahaha's Defense sharply rose!
Lola used Power-Up Punch!
The opposing Hahahahahahaha lost 6% of its health!
Lola's Attack rose!
The opposing Hahahahahahaha restored a little HP using its Leftovers!
Turn 5
You have 150 seconds to make your decision.
The opposing Hahahahahahaha used Light Screen!
Light Screen raised the opposing team's Special Defense!
Lola is paralyzed! It can't move!
The opposing Hahahahahahaha restored a little HP using its Leftovers!
Turn 6
You have 150 seconds to make your decision.
Yolobeastly withdrew Hahahahahahaha (Klefki)!
Yolobeastly sent out Brelom (Breloom)!
Lola used High Jump Kick!
The opposing Brelom hung on using its Focus Sash!
The opposing Brelom lost 99% of its health!
Turn 7
You have 150 seconds to make your decision.
The opposing Brelom used Mach Punch!
It's super effective! Lola lost 81.9% of its health!
Lola used Power-Up Punch!
The opposing Brelom lost 1% of its health!
Lola's Attack rose!
The opposing Brelom fainted!
Yolobeastly sent out grass Legg (Ferrothorn)!
Turn 8
You have 150 seconds to make your decision.
Lola used High Jump Kick!
It's super effective! The opposing grass Legg lost 100% of its health!
Lola is hurt by the opposing grass Legg's Iron Barbs!
Lola is hurt by the opposing grass Legg's Rocky Helmet!
Lola fainted!
The opposing grass Legg fainted!
You have 150 seconds to make your decision.
Yolobeastly forfeited.
asdf7021movefreq won the battle!
Ladder updating...
Yolobeastly left.
★asdf7021movefreq: gg
asdf7021movefreq's rating: 1132 → 1153
(+21 for winning)
Yolobeastly's rating: 1074 → 1057
(-17 for losing)