asdf7021pokefreq joined.
fhgjhkjk joined.
Format:
OU
Rated battle
Swagger Clause: Swagger is banned
Baton Pass Clause: Limit one Pokémon knowing Baton Pass
Sleep Clause Mod: Limit one foe put to sleep
Species Clause: Limit one of each Pokémon
OHKO Clause: OHKO moves are banned
Moody Clause: Moody is banned
Evasion Moves Clause: Evasion moves are banned
Endless Battle Clause: Forcing endless battles is banned
HP Percentage Mod: HP is shown in percentages
asdf7021pokefreq's team:
Lopunny / Rotom-Wash / Landorus-Therian / Scizor / Heatran / Latios
fhgjhkjk's team:
Mew / Lopunny / Skarmory / Chansey / Bisharp / Clefable
Battle timer is now ON: inactive players will automatically lose when time's up. (requested by asdf7021pokefreq)
You have 150 seconds to make your decision.
Battle between asdf7021pokefreq and fhgjhkjk started!
Go! Lola (Lopunny)!
fhgjhkjk sent out Mew!
Turn 1
You have 150 seconds to make your decision.
Lola's Lopunnite is reacting to asdf7021pokefreq's Mega Bracelet!
Lola has Mega Evolved into Mega Lopunny!
Lola used High Jump Kick!
It's not very effective... The opposing Mew lost 26% of its health!
The opposing Mew used Will-O-Wisp!
Lola was burned!
The opposing Mew restored a little HP using its Leftovers!
Lola was hurt by its burn!
Turn 2
You have 150 seconds to make your decision.
asdf7021pokefreq has 120 seconds left.
Lola, come back!
Go! Magma Gazer (Heatran)!
The opposing Mew used Knock Off!
Magma Gazer lost 19.2% of its health!
The opposing Mew knocked off Magma Gazer's Leftovers!
The opposing Mew restored a little HP using its Leftovers!
Turn 3
You have 150 seconds to make your decision.
fhgjhkjk withdrew Mew!
fhgjhkjk sent out Chansey!
Magma Gazer used Stealth Rock!
Pointed stones float in the air around the opposing team!
Turn 4
You have 150 seconds to make your decision.
Magma Gazer, come back!
Go! Red Bullet (Scizor)!
The opposing Chansey used Seismic Toss!
Red Bullet lost 29.2% of its health!
Turn 5
You have 150 seconds to make your decision.
fhgjhkjk withdrew Chansey!
fhgjhkjk sent out Skarmory!
Pointed stones dug into the opposing Skarmory!
Red Bullet used Superpower!
The opposing Skarmory lost 42% of its health!
Red Bullet is hurt by the opposing Skarmory's Rocky Helmet!
Red Bullet's Attack fell!
Red Bullet's Defense fell!
Turn 6
You have 150 seconds to make your decision.
Red Bullet, come back!
Go! Magma Gazer (Heatran)!
The opposing Skarmory used Roost!
The opposing Skarmory regained health!
Turn 7
You have 150 seconds to make your decision.
Magma Gazer, come back!
Go! Red Bullet (Scizor)!
fhgjhkjk withdrew Skarmory!
fhgjhkjk sent out Chansey!
Pointed stones dug into the opposing Chansey!
Turn 8
You have 150 seconds to make your decision.
fhgjhkjk withdrew Chansey!
fhgjhkjk sent out Skarmory!
Pointed stones dug into the opposing Skarmory!
Red Bullet used Superpower!
The opposing Skarmory lost 39% of its health!
Red Bullet is hurt by the opposing Skarmory's Rocky Helmet!
Red Bullet's Attack fell!
Red Bullet's Defense fell!
Turn 9
You have 150 seconds to make your decision.
Red Bullet, come back!
Go! Skywalker (Landorus-Therian)!
Skywalker intimidates the opposing Skarmory!
The opposing Skarmory's Attack fell!
The opposing Skarmory used Roost!
The opposing Skarmory regained health!
Turn 10
You have 150 seconds to make your decision.
Skywalker used U-turn!
It's not very effective... The opposing Skarmory lost 3% of its health!
Skywalker is hurt by the opposing Skarmory's Rocky Helmet!
You have 150 seconds to make your decision.
Skywalker went back to asdf7021pokefreq!
Go! Red Bullet (Scizor)!
The opposing Skarmory used Stealth Rock!
Pointed stones float in the air around your team!
Turn 11
You have 150 seconds to make your decision.
The opposing Skarmory used Roost!
The opposing Skarmory regained health!
Red Bullet used U-turn!
It's not very effective... The opposing Skarmory lost 19% of its health!
Red Bullet is hurt by the opposing Skarmory's Rocky Helmet!
You have 150 seconds to make your decision.
Red Bullet went back to asdf7021pokefreq!
Go! Kenmore (Rotom-Wash)!
Pointed stones dug into Kenmore!
Kenmore restored a little HP using its Leftovers!
Turn 12
You have 150 seconds to make your decision.
fhgjhkjk withdrew Skarmory!
fhgjhkjk sent out Chansey!
Pointed stones dug into the opposing Chansey!
Kenmore used Volt Switch!
The opposing Chansey lost 8% of its health!
You have 150 seconds to make your decision.
Kenmore went back to asdf7021pokefreq!
Go! Skywalker (Landorus-Therian)!
Pointed stones dug into Skywalker!
Skywalker intimidates the opposing Chansey!
The opposing Chansey's Attack fell!
Turn 13
You have 150 seconds to make your decision.
fhgjhkjk withdrew Chansey!
fhgjhkjk sent out Skarmory!
Pointed stones dug into the opposing Skarmory!
Skywalker used Earthquake!
It doesn't affect the opposing Skarmory...
Turn 14
You have 150 seconds to make your decision.
Skywalker, come back!
Go! Kenmore (Rotom-Wash)!
Pointed stones dug into Kenmore!
The opposing Skarmory used Whirlwind!
Red Bullet (Scizor) was dragged out!
Pointed stones dug into Red Bullet!
Turn 15
You have 150 seconds to make your decision.
The opposing Skarmory used Roost!
The opposing Skarmory regained health!
Red Bullet used U-turn!
It's not very effective... The opposing Skarmory lost 17% of its health!
Red Bullet is hurt by the opposing Skarmory's Rocky Helmet!
Red Bullet fainted!
You have 150 seconds to make your decision.
Go! Lola (Lopunny-Mega)!
Pointed stones dug into Lola!
Turn 16
You have 150 seconds to make your decision.
Lola, come back!
Go! Skywalker (Landorus-Therian)!
Pointed stones dug into Skywalker!
Skywalker intimidates the opposing Skarmory!
The opposing Skarmory's Attack fell!
The opposing Skarmory used Roost!
The opposing Skarmory regained health!
Turn 17
You have 150 seconds to make your decision.
Skywalker used Earthquake!
It doesn't affect the opposing Skarmory...
The opposing Skarmory used Whirlwind!
Lola (Lopunny-Mega) was dragged out!
Pointed stones dug into Lola!
Lola was hurt by its burn!
Turn 18
You have 150 seconds to make your decision.
asdf7021pokefreq has 120 seconds left.
asdf7021pokefreq has 90 seconds left.
asdf7021pokefreq has 60 seconds left.
asdf7021pokefreq has 40 seconds left.
asdf7021pokefreq has 30 seconds left.
asdf7021pokefreq has 20 seconds left.
asdf7021pokefreq has 10 seconds left.
asdf7021pokefreq lost due to inactivity.
fhgjhkjk won the battle!
Ladder updating...