fart123 joined.
asdf7021pokefreq joined.
Format:
OU
Rated battle
Swagger Clause: Swagger is banned
Baton Pass Clause: Limit one Pokémon knowing Baton Pass
Sleep Clause Mod: Limit one foe put to sleep
Species Clause: Limit one of each Pokémon
OHKO Clause: OHKO moves are banned
Moody Clause: Moody is banned
Evasion Moves Clause: Evasion moves are banned
Endless Battle Clause: Forcing endless battles is banned
HP Percentage Mod: HP is shown in percentages
asdf7021pokefreq's team:
Lopunny / Rotom-Wash / Landorus-Therian / Scizor / Heatran / Latios
fart123's team:
Garchomp / Alakazam / Slowbro / Scizor / Togekiss / Ferrothorn
Battle timer is now ON: inactive players will automatically lose when time's up. (requested by asdf7021pokefreq)
You have 150 seconds to make your decision.
Battle between fart123 and asdf7021pokefreq started!
fart123 sent out Alakazam!
Go! Lola (Lopunny)!
Turn 1
You have 150 seconds to make your decision.
Lola, come back!
Go! Red Bullet (Scizor)!
The opposing Alakazam's Alakazite is reacting to fart123's Mega Bracelet!
The opposing Alakazam has Mega Evolved into Mega Alakazam!
The opposing Alakazam traced Red Bullet's Technician!
The opposing Alakazam used Substitute!
The opposing Alakazam put in a substitute!
The opposing Alakazam lost 24% of its health!
Turn 2
You have 150 seconds to make your decision.
asdf7021pokefreq has 120 seconds left.
The opposing Alakazam used Shadow Ball!
Red Bullet lost 38.2% of its health!
Red Bullet used U-turn!
It's super effective! The opposing Alakazam's substitute faded!
You have 150 seconds to make your decision.
Red Bullet went back to asdf7021pokefreq!
Go! Lola (Lopunny)!
Turn 3
You have 150 seconds to make your decision.
Lola, come back!
Go! Skywalker (Landorus-Therian)!
Skywalker intimidates the opposing Alakazam!
The opposing Alakazam's Attack fell!
The opposing Alakazam used Substitute!
The opposing Alakazam put in a substitute!
The opposing Alakazam lost 25% of its health!
Turn 4
You have 150 seconds to make your decision.
Skywalker used U-turn!
It's super effective! The opposing Alakazam's substitute faded!
You have 150 seconds to make your decision.
Skywalker went back to asdf7021pokefreq!
Go! Lola (Lopunny)!
The opposing Alakazam used Psychic!
Lola lost 72.0% of its health!
Turn 5
You have 150 seconds to make your decision.
Lola's Lopunnite is reacting to asdf7021pokefreq's Mega Bracelet!
Lola has Mega Evolved into Mega Lopunny!
The opposing Alakazam used Psychic!
It's super effective! Lola lost 28.0% of its health!
Lola fainted!
You have 150 seconds to make your decision.
Go! Magma Gazer (Heatran)!
Turn 6
You have 150 seconds to make your decision.
fart123 withdrew Alakazam (Alakazam-Mega)!
fart123 sent out Garchomp!
Magma Gazer used Stealth Rock!
Pointed stones float in the air around the opposing team!
Turn 7
You have 150 seconds to make your decision.
Magma Gazer, come back!
Go! Kenmore (Rotom-Wash)!
The opposing Garchomp used Swords Dance!
The opposing Garchomp's Attack sharply rose!
Turn 8
You have 150 seconds to make your decision.
The opposing Garchomp used Crunch!
Kenmore lost 48.4% of its health!
Kenmore's Defense fell!
Kenmore used Hydro Pump!
The opposing Garchomp lost 43% of its health!
Kenmore restored a little HP using its Leftovers!
Turn 9
You have 150 seconds to make your decision.
The opposing Garchomp used Crunch!
Kenmore lost 57.9% of its health!
Kenmore fainted!
You have 150 seconds to make your decision.
Go! Skywalker (Landorus-Therian)!
Skywalker intimidates the opposing Garchomp!
The opposing Garchomp's Attack fell!
Turn 10
You have 150 seconds to make your decision.
fart123 withdrew Garchomp!
fart123 sent out Slowbro!
Pointed stones dug into the opposing Slowbro!
Skywalker used Earthquake!
The opposing Slowbro lost 33% of its health!
The opposing Slowbro restored a little HP using its Leftovers!
Turn 11
You have 150 seconds to make your decision.
Skywalker, come back!
Go! Red Bullet (Scizor)!
The opposing Slowbro used Scald!
Red Bullet lost 31.8% of its health!
The opposing Slowbro restored a little HP using its Leftovers!
Turn 12
You have 150 seconds to make your decision.
fart123 withdrew Slowbro!
fart123 sent out Ferrothorn!
Pointed stones dug into the opposing Ferrothorn!
Red Bullet used U-turn!
The opposing Ferrothorn lost 36% of its health!
Red Bullet is hurt by the opposing Ferrothorn's Iron Barbs!
You have 150 seconds to make your decision.
Red Bullet went back to asdf7021pokefreq!
Go! Magma Gazer (Heatran)!
The opposing Ferrothorn restored a little HP using its Leftovers!
Turn 13
You have 150 seconds to make your decision.
fart123 withdrew Ferrothorn!
fart123 sent out Slowbro!
Pointed stones dug into the opposing Slowbro!
Magma Gazer used Lava Plume!
It's not very effective... The opposing Slowbro lost 19% of its health!
The opposing Slowbro restored a little HP using its Leftovers!
Turn 14
You have 150 seconds to make your decision.
Magma Gazer, come back!
Go! Red Bullet (Scizor)!
The opposing Slowbro used Scald!
Red Bullet lost 17.8% of its health!
Red Bullet fainted!
The opposing Slowbro restored a little HP using its Leftovers!
You have 150 seconds to make your decision.
Go! Skywalker (Landorus-Therian)!
Skywalker intimidates the opposing Slowbro!
The opposing Slowbro's Attack fell!
Turn 15
You have 150 seconds to make your decision.
Skywalker used Earthquake!
The opposing Slowbro lost 34% of its health!
The opposing Slowbro used Scald!
It's super effective! Skywalker lost 67.1% of its health!
The opposing Slowbro restored a little HP using its Leftovers!
Turn 16
You have 150 seconds to make your decision.
fart123 withdrew Slowbro!
fart123 sent out Togekiss!
Pointed stones dug into the opposing Togekiss!
Skywalker used Earthquake!
It doesn't affect the opposing Togekiss...
The opposing Togekiss restored a little HP using its Leftovers!
Turn 17
You have 150 seconds to make your decision.
Skywalker, come back!
Go! Magma Gazer (Heatran)!
fart123 withdrew Togekiss!
fart123 sent out Ferrothorn!
Pointed stones dug into the opposing Ferrothorn!
The opposing Ferrothorn restored a little HP using its Leftovers!
Turn 18
You have 150 seconds to make your decision.
fart123 has 120 seconds left.
fart123 withdrew Ferrothorn!
fart123 sent out Togekiss!
Pointed stones dug into the opposing Togekiss!
Magma Gazer used Lava Plume!
The opposing Togekiss lost 26% of its health!
The opposing Togekiss restored a little HP using its Leftovers!
Turn 19
You have 150 seconds to make your decision.
Magma Gazer used Earth Power!
It doesn't affect the opposing Togekiss...
The opposing Togekiss used Roost!
The opposing Togekiss regained health!
The opposing Togekiss restored a little HP using its Leftovers!
Turn 20
You have 150 seconds to make your decision.
Magma Gazer used Lava Plume!
The opposing Togekiss lost 29.0% of its health!
The opposing Togekiss used Thunder Wave!
Magma Gazer is paralyzed! It may be unable to move!
The opposing Togekiss restored a little HP using its Leftovers!
Turn 21
You have 150 seconds to make your decision.
The opposing Togekiss used Air Slash!
It's not very effective... Magma Gazer lost 12.5% of its health!
Magma Gazer flinched and couldn't move!
The opposing Togekiss restored a little HP using its Leftovers!
Magma Gazer restored a little HP using its Leftovers!
Turn 22
You have 150 seconds to make your decision.
The opposing Togekiss used Air Slash!
Magma Gazer avoided the attack!
Magma Gazer used Earth Power!
It doesn't affect the opposing Togekiss...
The opposing Togekiss restored a little HP using its Leftovers!
Magma Gazer restored a little HP using its Leftovers!
Turn 23
You have 150 seconds to make your decision.
The opposing Togekiss used Air Slash!
It's not very effective... Magma Gazer lost 13.0% of its health!
Magma Gazer is paralyzed! It can't move!
The opposing Togekiss restored a little HP using its Leftovers!
Magma Gazer restored a little HP using its Leftovers!
Turn 24
You have 150 seconds to make your decision.
The opposing Togekiss used Air Slash!
It's not very effective... Magma Gazer lost 11.7% of its health!
Magma Gazer flinched and couldn't move!
The opposing Togekiss restored a little HP using its Leftovers!
Magma Gazer restored a little HP using its Leftovers!
Turn 25
You have 150 seconds to make your decision.
The opposing Togekiss used Air Slash!
It's not very effective... Magma Gazer lost 11.9% of its health!
Magma Gazer flinched and couldn't move!
The opposing Togekiss restored a little HP using its Leftovers!
Magma Gazer restored a little HP using its Leftovers!
Turn 26
You have 150 seconds to make your decision.
The opposing Togekiss used Air Slash!
It's not very effective... Magma Gazer lost 12.2% of its health!
Magma Gazer flinched and couldn't move!
Magma Gazer restored a little HP using its Leftovers!
Turn 27
You have 150 seconds to make your decision.
The opposing Togekiss used Air Slash!
A critical hit! It's not very effective... Magma Gazer lost 19.0% of its health!
Magma Gazer used Lava Plume!
A critical hit! The opposing Togekiss lost 44% of its health!
The opposing Togekiss was burned!
The opposing Togekiss restored a little HP using its Leftovers!
Magma Gazer restored a little HP using its Leftovers!
The opposing Togekiss was hurt by its burn!
Turn 28
You have 150 seconds to make your decision.
The opposing Togekiss used Air Slash!
It's not very effective... Magma Gazer lost 13.5% of its health!
Magma Gazer flinched and couldn't move!
The opposing Togekiss restored a little HP using its Leftovers!
Magma Gazer restored a little HP using its Leftovers!
The opposing Togekiss was hurt by its burn!
Turn 29
You have 150 seconds to make your decision.
The opposing Togekiss used Air Slash!
It's not very effective... Magma Gazer lost 12.2% of its health!
Magma Gazer flinched and couldn't move!
The opposing Togekiss restored a little HP using its Leftovers!
Magma Gazer restored a little HP using its Leftovers!
The opposing Togekiss was hurt by its burn!
Turn 30
You have 150 seconds to make your decision.
The opposing Togekiss used Air Slash!
A critical hit! It's not very effective... Magma Gazer lost 20.3% of its health!
Magma Gazer used Lava Plume!
The opposing Togekiss lost 28.0% of its health!
The opposing Togekiss restored a little HP using its Leftovers!
Magma Gazer restored a little HP using its Leftovers!
The opposing Togekiss was hurt by its burn!
Turn 31
You have 150 seconds to make your decision.
The opposing Togekiss used Roost!
The opposing Togekiss regained health!
Magma Gazer used Earth Power!
The opposing Togekiss lost 20% of its health!
The opposing Togekiss restored a little HP using its Leftovers!
Magma Gazer restored a little HP using its Leftovers!
The opposing Togekiss was hurt by its burn!
Turn 32
You have 150 seconds to make your decision.
The opposing Togekiss used Roost!
The opposing Togekiss regained health!
Magma Gazer is paralyzed! It can't move!
The opposing Togekiss restored a little HP using its Leftovers!
Magma Gazer restored a little HP using its Leftovers!
The opposing Togekiss was hurt by its burn!
Turn 33
You have 150 seconds to make your decision.
★fart123: !weak heatran
Heatran (ignoring abilities):
Weaknesses: Fighting, Ground, Water
Resistances: Bug, Dragon, Fairy, Flying, Grass, Ice, Normal, Psychic, Steel
Immunities: Poison
The opposing Togekiss used Air Slash!
It's not very effective... Magma Gazer lost 12.2% of its health!
Magma Gazer used Earth Power!
It doesn't affect the opposing Togekiss...
The opposing Togekiss restored a little HP using its Leftovers!
Magma Gazer restored a little HP using its Leftovers!
The opposing Togekiss was hurt by its burn!
Turn 34
You have 150 seconds to make your decision.
The opposing Togekiss used Air Slash!
It's not very effective... Magma Gazer lost 11.9% of its health!
Magma Gazer flinched and couldn't move!
The opposing Togekiss restored a little HP using its Leftovers!
Magma Gazer restored a little HP using its Leftovers!
The opposing Togekiss was hurt by its burn!
Turn 35
You have 150 seconds to make your decision.
The opposing Togekiss used Air Slash!
It's not very effective... Magma Gazer lost 12.2% of its health!
Magma Gazer is paralyzed! It can't move!
The opposing Togekiss restored a little HP using its Leftovers!
Magma Gazer restored a little HP using its Leftovers!
The opposing Togekiss was hurt by its burn!
Turn 36
You have 150 seconds to make your decision.
The opposing Togekiss used Air Slash!
It's not very effective... Magma Gazer lost 13.2% of its health!
Magma Gazer flinched and couldn't move!
The opposing Togekiss restored a little HP using its Leftovers!
Magma Gazer restored a little HP using its Leftovers!
The opposing Togekiss was hurt by its burn!
Turn 37
You have 150 seconds to make your decision.
The opposing Togekiss used Air Slash!
It's not very effective... Magma Gazer lost 12.2% of its health!
Magma Gazer flinched and couldn't move!
The opposing Togekiss restored a little HP using its Leftovers!
Magma Gazer restored a little HP using its Leftovers!
The opposing Togekiss was hurt by its burn!
Turn 38
You have 150 seconds to make your decision.
The opposing Togekiss used Air Slash!
It's not very effective... Magma Gazer lost 13.0% of its health!
Magma Gazer used Lava Plume!
The opposing Togekiss lost 27% of its health!
The opposing Togekiss restored a little HP using its Leftovers!
Magma Gazer restored a little HP using its Leftovers!
The opposing Togekiss was hurt by its burn!
Turn 39
You have 150 seconds to make your decision.
The opposing Togekiss used Air Slash!
It's not very effective... Magma Gazer lost 10.9% of its health!
Magma Gazer fainted!
The opposing Togekiss restored a little HP using its Leftovers!
The opposing Togekiss was hurt by its burn!
You have 150 seconds to make your decision.
Go! Skywalker (Landorus-Therian)!
Skywalker intimidates the opposing Togekiss!
The opposing Togekiss's Attack fell!
Turn 40
You have 150 seconds to make your decision.
Skywalker used Knock Off!
It's not very effective... The opposing Togekiss lost 2% of its health!
Skywalker knocked off the opposing Togekiss's Leftovers!
The opposing Togekiss fainted!
fart123 sent out Alakazam (Alakazam-Mega)!
Pointed stones dug into the opposing Alakazam!
The opposing Alakazam traced Skywalker's Intimidate!
The opposing Alakazam intimidates Skywalker!
Skywalker's Attack fell!
Turn 41
You have 150 seconds to make your decision.
Skywalker used Knock Off!
It's super effective! The opposing Alakazam lost 39% of its health!
The opposing Alakazam fainted!
fart123 sent out Scizor!
Pointed stones dug into the opposing Scizor!
Turn 42
You have 150 seconds to make your decision.
Skywalker, come back!
Go! Red Eye (Latios)!
The opposing Scizor used Bullet Punch!
Red Eye lost 69.5% of its health!
Turn 43
You have 150 seconds to make your decision.
The opposing Scizor used Bullet Punch!
Red Eye lost 30.5% of its health!
Red Eye fainted!
You have 150 seconds to make your decision.
Go! Skywalker (Landorus-Therian)!
Skywalker intimidates the opposing Scizor!
The opposing Scizor's Attack fell!
Turn 44
You have 150 seconds to make your decision.
The opposing Scizor used Bullet Punch!
Skywalker lost 32.9% of its health!
Skywalker fainted!
fart123 won the battle!
Ladder updating...
★asdf7021pokefreq: gg
fart123 left.
fart123's rating: 1159 → 1184
(+25 for winning)
asdf7021pokefreq's rating: 1161 → 1136
(-25 for losing)