asdf7021pokefreq joined.
Prysmae joined.
Format:
OU
Rated battle
Swagger Clause: Swagger is banned
Baton Pass Clause: Limit one Pokémon knowing Baton Pass
Sleep Clause Mod: Limit one foe put to sleep
Species Clause: Limit one of each Pokémon
OHKO Clause: OHKO moves are banned
Moody Clause: Moody is banned
Evasion Moves Clause: Evasion moves are banned
Endless Battle Clause: Forcing endless battles is banned
HP Percentage Mod: HP is shown in percentages
asdf7021pokefreq's team:
Lopunny / Rotom-Wash / Landorus-Therian / Scizor / Heatran / Latios
Prysmae's team:
Azumarill / Manaphy / Politoed / Celebi / Latios / Lopunny
Battle timer is now ON: inactive players will automatically lose when time's up. (requested by asdf7021pokefreq)
Battle between asdf7021pokefreq and Prysmae started!
Go! Lola (Lopunny)!
Prysmae sent out Freddo (Politoed)!
It started to rain!
Turn 1
You have 150 seconds to make your decision.
Lola's Lopunnite is reacting to asdf7021pokefreq's Mega Bracelet!
Lola has Mega Evolved into Mega Lopunny!
Lola used Return!
The opposing Freddo lost 66% of its health!
The opposing Freddo used Hypnosis!
Lola fell asleep!
Turn 2
You have 150 seconds to make your decision.
Prysmae withdrew Freddo (Politoed)!
Prysmae sent out Big plays (Azumarill)!
Lola is fast asleep.
Turn 3
You have 150 seconds to make your decision.
Lola is fast asleep.
The opposing Big plays used Belly Drum!
The opposing Big plays lost 50% of its health!
The opposing Big plays cut its own HP and maximized its Attack!
The opposing Big plays ate its Sitrus Berry!
The opposing Big plays restored HP using its Sitrus Berry!
Turn 4
You have 150 seconds to make your decision.
Lola, come back!
Go! Skywalker (Landorus-Therian)!
Skywalker intimidates the opposing Big plays!
The opposing Big plays's Attack fell!
The opposing Big plays used Play Rough!
Skywalker lost 100% of its health!
Skywalker fainted!
You have 150 seconds to make your decision.
Go! Red Bullet (Scizor)!
Turn 5
You have 150 seconds to make your decision.
The opposing Big plays used Aqua Jet!
Red Bullet lost 100% of its health!
Red Bullet fainted!
You have 150 seconds to make your decision.
Go! Kenmore (Rotom-Wash)!
Turn 6
You have 150 seconds to make your decision.
Kenmore used Volt Switch!
It's super effective! The opposing Big plays lost 57.0% of its health!
You have 150 seconds to make your decision.
Kenmore went back to asdf7021pokefreq!
Go! Red Eye (Latios)!
The opposing Big plays used Play Rough!
It's super effective! Red Eye lost 100% of its health!
Red Eye fainted!
You have 150 seconds to make your decision.
Go! Kenmore (Rotom-Wash)!
Turn 7
You have 150 seconds to make your decision.
Prysmae withdrew Big plays (Azumarill)!
Prysmae sent out Buds (Celebi)!
Kenmore used Volt Switch!
It's not very effective... The opposing Buds lost 10% of its health!
You have 150 seconds to make your decision.
Kenmore went back to asdf7021pokefreq!
Go! Magma Gazer (Heatran)!
The opposing Buds restored a little HP using its Leftovers!
Turn 8
You have 150 seconds to make your decision.
Prysmae withdrew Buds (Celebi)!
Prysmae sent out Moosh (Manaphy)!
Magma Gazer used Stealth Rock!
Pointed stones float in the air around the opposing team!
The rain stopped.
Turn 9
You have 150 seconds to make your decision.
The opposing Moosh used Tail Glow!
The opposing Moosh's Special Attack drastically rose!
Magma Gazer used Earth Power!
The opposing Moosh lost 24% of its health!
Turn 10
You have 150 seconds to make your decision.
Magma Gazer, come back!
Go! Kenmore (Rotom-Wash)!
The opposing Moosh used Scald!
It's not very effective... Kenmore lost 45.4% of its health!
Kenmore restored a little HP using its Leftovers!
Turn 11
You have 150 seconds to make your decision.
The opposing Moosh used Energy Ball!
It's super effective! Kenmore lost 60.9% of its health!
Kenmore fainted!
You have 150 seconds to make your decision.
Go! Lola (Lopunny-Mega)!
Turn 12
You have 150 seconds to make your decision.
Lola woke up!
Lola used High Jump Kick!
The opposing Moosh lost 70% of its health!
The opposing Moosh used Energy Ball!
Lola lost 84.1% of its health!
Lola's Special Defense fell!
Turn 13
You have 150 seconds to make your decision.
Lola used High Jump Kick!
A critical hit! The opposing Moosh lost 6% of its health!
The opposing Moosh fainted!
Prysmae sent out Big plays (Azumarill)!
Pointed stones dug into the opposing Big plays!
Turn 14
You have 150 seconds to make your decision.
Lola, come back!
Go! Magma Gazer (Heatran)!
The opposing Big plays used Aqua Jet!
It's super effective! Magma Gazer lost 44.2% of its health!
Magma Gazer restored a little HP using its Leftovers!
Turn 15
You have 150 seconds to make your decision.
The opposing Big plays used Aqua Jet!
It's super effective! Magma Gazer lost 47.3% of its health!
Magma Gazer used Earth Power!
The opposing Big plays lost 5% of its health!
The opposing Big plays fainted!
Magma Gazer restored a little HP using its Leftovers!
Prysmae sent out The big cheese (Latios)!
Pointed stones dug into the opposing The big cheese!
Turn 16
You have 150 seconds to make your decision.
The opposing The big cheese used Psyshock!
It's not very effective... Magma Gazer lost 17.4% of its health!
Magma Gazer used Lava Plume!
It's not very effective... The opposing The big cheese lost 18% of its health!
Magma Gazer restored a little HP using its Leftovers!
Turn 17
You have 150 seconds to make your decision.
The opposing The big cheese used Psyshock!
It's not very effective... Magma Gazer lost 9.9% of its health!
Magma Gazer fainted!
You have 150 seconds to make your decision.
Go! Lola (Lopunny-Mega)!
Turn 18
You have 150 seconds to make your decision.
The opposing The big cheese used Psyshock!
It's super effective! Lola lost 15.9% of its health!
Lola fainted!
Prysmae won the battle!
Ladder updating...
asdf7021pokefreq's rating: 1129 → 1107
(-22 for losing)
Prysmae's rating: 1163 → 1186
(+23 for winning)
★asdf7021pokefreq: gg
★Prysmae: gg