|join|Feyitomi
|join|VerlisifyWasTaken
|player|p1|Feyitomi|214
|player|p2|VerlisifyWasTaken|169
|gametype|singles
|gen|6
|tier|OU
|rated
|clearpoke
|poke|p1|Pinsir, F
|poke|p1|Heatran, F
|poke|p1|Thundurus, M
|poke|p1|Azumarill, F
|poke|p1|Excadrill, F
|poke|p1|Latios, M
|poke|p2|Barbaracle, M
|poke|p2|Medicham, F
|poke|p2|Togekiss, F
|poke|p2|Clefable, F
|poke|p2|Ferrothorn, M
|poke|p2|Ditto
|rule|Swagger Clause: Swagger is banned
|rule|Baton Pass Clause: Limit one Pokémon knowing Baton Pass
|rule|Sleep Clause Mod: Limit one foe put to sleep
|rule|Species Clause: Limit one of each Pokémon
|rule|OHKO Clause: OHKO moves are banned
|rule|Moody Clause: Moody is banned
|rule|Evasion Moves Clause: Evasion moves are banned
|rule|Endless Battle Clause: Forcing endless battles is banned
|rule|HP Percentage Mod: HP is shown in percentages
|teampreview
|
|start
|switch|p1a: Excadrill|Excadrill, F|362\/362
|switch|p2a: Medicham|Medicham, F|308\/308
|-ability|p1a: Excadrill|Mold Breaker
|-item|p1a: Excadrill|Air Balloon
|turn|1
|
|switch|p1a: Heatran|Heatran, F|326\/326
|detailschange|p2a: Medicham|Medicham-Mega, F
|message|Medicham has Mega Evolved into Mega Medicham!
|move|p2a: Medicham|High Jump Kick|p1a: Heatran
|-supereffective|p1a: Heatran
|-damage|p1a: Heatran|0 fnt
|faint|p1a: Heatran
|
|
|switch|p1a: Pinsir|Pinsir, F|271\/271
|turn|2
|
|detailschange|p1a: Pinsir|Pinsir-Mega, F
|message|Pinsir has Mega Evolved into Mega Pinsir!
|move|p1a: Pinsir|Quick Attack|p2a: Medicham
|-supereffective|p2a: Medicham
|-damage|p2a: Medicham|84\/308
|move|p2a: Medicham|Thunder Punch|p1a: Pinsir
|-supereffective|p1a: Pinsir
|-damage|p1a: Pinsir|0 fnt
|faint|p1a: Pinsir
|
|
|switch|p1a: Azumarill|Azumarill, F|382\/382
|turn|3
|
|move|p2a: Medicham|Thunder Punch|p1a: Azumarill
|-supereffective|p1a: Azumarill
|-damage|p1a: Azumarill|0 fnt
|faint|p1a: Azumarill
|
|-message|Feyitomi forfeited.
|
|win|VerlisifyWasTaken
|raw|Ladder updating...
|leave|Feyitomi
|player|p1
|raw|Feyitomi's rating: 1602 &rarr; <strong>1580<\/strong><br \/>(-22 for losing)
|raw|VerlisifyWasTaken's rating: 1572 &rarr; <strong>1594<\/strong><br \/>(+22 for winning)
|c|★VerlisifyWasTaken|gg