|join|OG_Wanka
|join|SmashBrosBrawl
|player|p1|OG_Wanka|52
|player|p2|SmashBrosBrawl|102
|gametype|singles
|gen|6
|tier|UU
|rule|Sleep Clause Mod: Limit one foe put to sleep
|rule|Species Clause: Limit one of each Pokémon
|rule|OHKO Clause: OHKO moves are banned
|rule|Moody Clause: Moody is banned
|rule|Evasion Moves Clause: Evasion moves are banned
|rule|Endless Battle Clause: Forcing endless battles is banned
|rule|HP Percentage Mod: HP is shown in percentages
|clearpoke
|poke|p1|Piloswine, M, shiny
|poke|p1|Mienshao, M, shiny
|poke|p1|Jirachi
|poke|p1|Roserade, M
|poke|p1|Rotom-Heat
|poke|p1|Blastoise, F
|poke|p2|Shuckle, F
|poke|p2|Houndoom, F
|poke|p2|Sableye, M
|poke|p2|Starmie
|poke|p2|Haxorus, F
|poke|p2|Jirachi
|rule|Swagger Clause: Swagger is banned
|rule|Baton Pass Clause: Limit one Pokémon knowing Baton Pass
|teampreview
|join|diggersby test LoL
|join|ANGER MANAGEMENT
|join|LessThanThreeMan
|join|roast toast
|join|Meruu
|join|Magma Admin~
|join|tahapplepieman
|join|BenzMafia
|c| Meruu|wot
|c| Meruu|how did
|c| diggersby test LoL|dat piloswine doe
|c| Meruu|this many people
|c| Meruu|lose to shitbrosbrawl
|c| Meruu|;o
|c|+ANGER MANAGEMENT|lol
|c|★SmashBrosBrawl|cuz im not
|join|FeroccaTest
|c|★SmashBrosBrawl|shit
|c|★OG_Wanka|lol thx for counterteaming me
|c|★SmashBrosBrawl|o-o
|join|yan-too-ultimate
|c| Meruu|sorry
|c| Meruu|smashbrosbitch
|c|★OG_Wanka|nice shuckle breh
|c|★SmashBrosBrawl|og wanka i have been using this team
|c|★OG_Wanka|nice ct breh
|join|Twiranitar
|c|★SmashBrosBrawl|since the beginning
|join|DiGiTAL WiNG
|c|★SmashBrosBrawl|you dumb
|c| LessThanThreeMan|that pilo
|c|★SmashBrosBrawl|fuck
|join|gobosox
|c| LessThanThreeMan|is yellow
|join|0rbital
|c| LessThanThreeMan|as
|c| tahapplepieman|smash has hax and jirachi
|c| LessThanThreeMan|fuck
|c|★OG_Wanka|you know tht webs eat HO alive tho
|c| LessThanThreeMan|oml
|c| Meruu|ayyy lmao
|join|Munkin
|join|DatGuyChuck
|
|start
|switch|p1a: Jirachi|Jirachi|342\/342
|switch|p2a: loki|Sableye, M|304\/304
|turn|1
|c| Magma Admin~|piloswine
|c| Magma Admin~|ishere
|join|22mustafa
|
|switch|p1a: Piloswine|Piloswine, M, shiny|404\/404
|move|p2a: loki|Knock Off|p1a: Piloswine
|-damage|p1a: Piloswine|350\/404
|-enditem|p1a: Piloswine|Eviolite|[from] move: Knock Off|[of] p2a: loki
|
|turn|2
|join|Fr33dom
|c| diggersby test LoL|:O
|
|move|p2a: loki|Taunt|p1a: Piloswine
|-start|p1a: Piloswine|move: Taunt
|cant|p1a: Piloswine|move: Taunt|Stealth Rock
|
|turn|3
|c| 22mustafa|rip
|c| Magma Admin~|not oblivious
|c|★OG_Wanka|wahhhhhh
|c|★OG_Wanka|wahhh
|c|★OG_Wanka|.cri
|c|★SmashBrosBrawl|needs to be thick fat
|c|★SmashBrosBrawl|to tank
|
|switch|p1a: Rotom-Heat|Rotom-Heat|266\/266
|move|p2a: loki|Knock Off|p1a: Rotom-Heat
|-damage|p1a: Rotom-Heat|176\/266
|-enditem|p1a: Rotom-Heat|Leftovers|[from] move: Knock Off|[of] p2a: loki
|
|turn|4
|c|★SmashBrosBrawl|nop
|c|★SmashBrosBrawl|denied
|c| diggersby test LoL|:O
|c| Meruu|ur mother needs to be thick fat
|c|★OG_Wanka|it is thick phat fren
|join|Technosis
|
|switch|p2a: bad|Haxorus, F|293\/293
|-ability|p2a: bad|Mold Breaker
|move|p1a: Rotom-Heat|Pain Split|p2a: bad
|-sethp|p2a: bad|234\/293|p1a: Rotom-Heat|234\/266|[from] move: Pain Split
|
|turn|5
|join|ThisIs18Characters
|c|+ANGER MANAGEMENT|what else would it be
|c|★SmashBrosBrawl|fuck
|c| Magma Admin~|bad
|c|★SmashBrosBrawl|got me
|
|switch|p1a: Piloswine|Piloswine, M, shiny|350\/404
|move|p2a: bad|Earthquake|p1a: Piloswine
|-damage|p1a: Piloswine|245\/404
|
|turn|6
|join|shyfire
|
|switch|p2a: fuck blissey|Starmie|261\/261
|move|p1a: Piloswine|Stealth Rock|p2a: fuck blissey
|-sidestart|p2: SmashBrosBrawl|move: Stealth Rock
|
|turn|7
|c| diggersby test LoL|dat bulk doe
|c| 0rbital|piloshit
|c| Twiranitar|lol
|c| roast toast|dam hax is shit
|c| Meruu|pilogarbo
|
|move|p2a: fuck blissey|Hydro Pump|p1a: Piloswine
|-supereffective|p1a: Piloswine
|-damage|p1a: Piloswine|0 fnt
|-damage|p2a: fuck blissey|235\/261|[from] item: Life Orb
|faint|p1a: Piloswine
|
|c| Magma Admin~|ok
|c| Magma Admin~|nice play
|c|+ANGER MANAGEMENT|mien
|
|switch|p1a: Roserade|Roserade, M|261\/261
|turn|8
|c| Meruu|???????
|c| Meruu|??????????????
|c| roast toast|is bliss even 2hkoed by psyshock
|c|+ANGER MANAGEMENT|scarf
|
|move|p2a: fuck blissey|Rapid Spin|p1a: Roserade
|-damage|p1a: Roserade|240\/261
|-sideend|p2: SmashBrosBrawl|Stealth Rock|[from] move: Rapid Spin|[of] p2a: fuck blissey
|-damage|p2a: fuck blissey|209\/261|[from] item: Life Orb
|move|p1a: Roserade|Sleep Powder|p2a: fuck blissey
|-status|p2a: fuck blissey|slp
|
|-heal|p1a: Roserade|256\/261|[from] item: Black Sludge
|turn|9
|c| 0rbital|nope
|c| Magma Admin~|i doubt it
|c| Meruu|??????????????????????
|c| DatGuyChuck|nice and sleep fodder
|c|+ANGER MANAGEMENT|you could have
|c| diggersby test LoL|LOL
|c|+ANGER MANAGEMENT|killed it
|c| DatGuyChuck|meruu stop spamming ?
|
|switch|p2a: doge|Houndoom, F|291\/291
|move|p1a: Roserade|Toxic Spikes|p2a: doge
|-sidestart|p2: SmashBrosBrawl|move: Toxic Spikes
|
|-heal|p1a: Roserade|261\/261|[from] item: Black Sludge
|turn|10
|c| roast toast|sleep again
|c|★OG_Wanka|i thought he would switch :\/
|c| DatGuyChuck|predicted switch
|c| DatGuyChuck|duh
|
|switch|p1a: Blastoise|Blastoise, F|330\/330
|detailschange|p2a: doge|Houndoom-Mega, F
|message|Houndoom has Mega Evolved into Mega Houndoom!
|move|p2a: doge|Fire Blast|p1a: Blastoise
|-resisted|p1a: Blastoise
|-damage|p1a: Blastoise|225\/330
|
|turn|11
|c| diggersby test LoL|need to get t-spikes up for jirachi
|join|elenis
|c| Magma Admin~|dmg
|c|★OG_Wanka|lol
|c|★OG_Wanka|i have rain dance over rapid spin
|c| DatGuyChuck|just spin with starmie
|c|★OG_Wanka|>>>
|
|switch|p2a: fuck blissey|Starmie|209\/261 slp
|detailschange|p1a: Blastoise|Blastoise-Mega, F
|message|Blastoise has Mega Evolved into Mega Blastoise!
|move|p1a: Blastoise|Scald|p2a: fuck blissey
|-resisted|p2a: fuck blissey
|-damage|p2a: fuck blissey|111\/261 slp
|
|turn|12
|c| Magma Admin~|lol
|c| diggersby test LoL|rain dance then it'll weaken fire attacks
|c|+ANGER MANAGEMENT|fuck
|c| Magma Admin~|nice analytic
|c| DatGuyChuck|nice
|
|cant|p2a: fuck blissey|slp
|move|p1a: Blastoise|Dark Pulse|p2a: fuck blissey
|-supereffective|p2a: fuck blissey
|-damage|p2a: fuck blissey|0 fnt
|faint|p2a: fuck blissey
|
|c| DatGuyChuck|move
|c| Meruu|shitbrosbrawl
|c| DatGuyChuck|nerd
|
|switch|p2a: loki|Sableye, M|304\/304
|-status|p2a: loki|psn
|turn|13
|c| DiGiTAL WiNG|hazard control where
|c| Magma Admin~|who needs that
|c| DatGuyChuck|starmie = hazard control
|c| Magma Admin~|b real
|c| diggersby test LoL|use dazzling gleam 
|c| Meruu|not killing the roserade
|c| Meruu|z
|c|★SmashBrosBrawl|how could i kill
|c|★SmashBrosBrawl|without psyshock
|
|switch|p1a: Rotom-Heat|Rotom-Heat|234\/266
|move|p2a: loki|Will-O-Wisp|p1a: Rotom-Heat
|-fail|p1a: Rotom-Heat
|
|-damage|p2a: loki|266\/304 psn|[from] psn
|turn|14
|c| Meruu|by not being bad and using psyshock
|c| DatGuyChuck|rekt
|c| 0rbital|the shuckle is obviously gutss that's why he wanted the tspikes up
|c| Meruu|shitbrosbrawl
|c| diggersby test LoL|solarbeam imo
|c|★OG_Wanka|this is a pickle
|c|+ANGER MANAGEMENT|no thats an oven
|c| Meruu|just forfeit imo
|c|★OG_Wanka|haha
|c| ThisIs18Characters|this is why we need hp fairy
|c|★SmashBrosBrawl|literally
|c|★SmashBrosBrawl|pick a move
|c| Meruu|overheat does more
|c| Meruu|,
|c|★OG_Wanka|sure
|c| DatGuyChuck|SpDef sableye
|c| Technosis|MegaDoom + HP Fairy = Yay
|c| yan-too-ultimate|winning takes time :P
|
|switch|p2a: ru god|Shuckle, F|244\/244
|-status|p2a: ru god|psn
|move|p1a: Rotom-Heat|Volt Switch|p2a: ru god
|-damage|p2a: ru god|201\/244 psn
|join|MarkoSeke
|
|switch|p1a: Jirachi|Jirachi|342\/342
|
|-damage|p2a: ru god|171\/244 psn|[from] psn
|turn|15
|c| DatGuyChuck|o go ahead and get predicted
|c| Magma Admin~|flinch ez
|
|move|p1a: Jirachi|Iron Head|p2a: ru god
|-supereffective|p2a: ru god
|-damage|p2a: ru god|55\/244 psn
|move|p2a: ru god|Sticky Web|p1a: Jirachi
|-sidestart|p1: OG_Wanka|move: Sticky Web
|
|-damage|p2a: ru god|25\/244 psn|[from] psn
|turn|16
|c| Magma Admin~|owel
|c| DatGuyChuck|rekt
|c| Meruu|doesnt stoise ohko
|c|★SmashBrosBrawl|finally
|c|★OG_Wanka|hax
|c| DatGuyChuck|rekt
|c|★SmashBrosBrawl|now die
|c| DatGuyChuck|rekt
|c| roast toast|ha
|c| DatGuyChuck|hax
|c| ThisIs18Characters|megadoom+literally any ability other than what it got
|c| Meruu|…...
|c| roast toast|x
|
|move|p1a: Jirachi|Substitute|p1a: Jirachi
|-start|p1a: Jirachi|Substitute
|-damage|p1a: Jirachi|257\/342
|move|p2a: ru god|Toxic|p1a: Jirachi
|
|-heal|p1a: Jirachi|278\/342|[from] item: Leftovers
|-damage|p2a: ru god|0 fnt|[from] psn
|faint|p2a: ru god
|c| DatGuyChuck|hax
|c|★SmashBrosBrawl|nb
|c| Magma Admin~|gawn
|c| diggersby test LoL|almost got him with the toxic doe
|c| DatGuyChuck|gud play
|c| Twiranitar|toxic on jirachi
|
|switch|p2a: loki|Sableye, M|266\/304 psn
|turn|17
|c| 22mustafa|nb
|c| Meruu|not encoring
|c| Meruu|shiggg
|
|move|p1a: Jirachi|Iron Head|p2a: loki
|-damage|p2a: loki|115\/304 psn
|move|p2a: loki|Knock Off|p1a: Jirachi
|-supereffective|p1a: Jirachi
|-end|p1a: Jirachi|Substitute
|
|-heal|p1a: Jirachi|299\/342|[from] item: Leftovers
|-heal|p2a: loki|134\/304 psn|[from] item: Leftovers
|-damage|p2a: loki|96\/304 psn|[from] psn
|turn|18
|c| DatGuyChuck|inner focus??!?!?!?
|c| roast toast|dat luck
|c| Meruu|dont be bad and go for the iron head
|c| diggersby test LoL|steadfast 
|c| Magma Admin~|go for sd
|c| DatGuyChuck|predict will-o-miss
|c|★SmashBrosBrawl|im dobling
|c|★SmashBrosBrawl|to hax
|
|move|p2a: loki|Will-O-Wisp|p1a: Jirachi
|-status|p1a: Jirachi|brn
|move|p1a: Jirachi|Iron Head|p2a: loki
|-damage|p2a: loki|21\/304 psn
|
|-heal|p1a: Jirachi|320\/342 brn|[from] item: Leftovers
|-heal|p2a: loki|40\/304 psn|[from] item: Leftovers
|-damage|p1a: Jirachi|278\/342 brn|[from] brn
|-damage|p2a: loki|2\/304 psn|[from] psn
|turn|19
|c|★SmashBrosBrawl|k
|c| Magma Admin~|bad
|c| Meruu|after you kill sableye, mienshao kills everything
|c| Meruu|also hax
|c| roast toast|;;;;
|c|★OG_Wanka|so close
|c|★SmashBrosBrawl|meruu
|c|★SmashBrosBrawl|shao
|join|UniterFlash
|c|★OG_Wanka|cri
|c|★SmashBrosBrawl|dies to houdnoom
|c|★SmashBrosBrawl|read the webs
|c| ThisIs18Characters|luky n bad
|
|switch|p1a: Rotom-Heat|Rotom-Heat|234\/266
|move|p2a: loki|Recover|p2a: loki
|-heal|p2a: loki|154\/304 psn
|
|-heal|p2a: loki|173\/304 psn|[from] item: Leftovers
|-damage|p2a: loki|135\/304 psn|[from] psn
|turn|20
|c| Meruu|mega miss
|c| DatGuyChuck|go to toise
|c| DatGuyChuck|and spin
|c| diggersby test LoL|or rain dance
|c| DatGuyChuck|unless rain dance
|c| roast toast|flah fire up imo
|c| DatGuyChuck|and not actually ruse
|c| MarkoSeke|spin on sableye? xD
|c|★OG_Wanka|its fine cause. i used sabelye on you yesterday
|c| DatGuyChuck|go to doom and get flash fire
|c| diggersby test LoL|rain dance so that it'll heal jirachis burn
|c| DatGuyChuck|imo
|c| diggersby test LoL|rub some water on it
|
|move|p2a: loki|Recover|p2a: loki
|-heal|p2a: loki|287\/304 psn
|move|p1a: Rotom-Heat|Volt Switch|p2a: loki
|-damage|p2a: loki|187\/304 psn
|
|switch|p1a: Roserade|Roserade, M|261\/261
|-activate|p1a: Roserade|move: Sticky Web
|-unboost|p1a: Roserade|spe|1
|
|-heal|p2a: loki|206\/304 psn|[from] item: Leftovers
|-damage|p2a: loki|168\/304 psn|[from] psn
|turn|21
|join|thymetime
|c| roast toast|sleep the rachi
|c| DatGuyChuck|go straight out to the counter
|c|★SmashBrosBrawl|!data suicune
|c|~|\/data-pokemon Suicune

|c| Magma Admin~|which is dog
|c| tahapplepieman|when a pokemon is on fire its attack is lowered
|c|★SmashBrosBrawl|!data mega blastoise
|c|~|\/data-pokemon Blastoise-Mega

|c| Magma Admin~|obviously
|c|★SmashBrosBrawl|get
|c|★SmashBrosBrawl|fucked
|c| DatGuyChuck|what
|
|move|p2a: loki|Taunt|p1a: Roserade
|-start|p1a: Roserade|move: Taunt
|move|p1a: Roserade|Giga Drain|p2a: loki
|-damage|p2a: loki|47\/304 psn
|
|-heal|p2a: loki|66\/304 psn|[from] item: Leftovers
|-damage|p2a: loki|28\/304 psn|[from] psn
|turn|22
|c| Magma Admin~|tonted
|c|★OG_Wanka|weak
|
|move|p2a: loki|Recover|p2a: loki
|-heal|p2a: loki|180\/304 psn
|move|p1a: Roserade|Giga Drain|p2a: loki
|-damage|p2a: loki|63\/304 psn
|
|-heal|p2a: loki|82\/304 psn|[from] item: Leftovers
|-damage|p2a: loki|44\/304 psn|[from] psn
|turn|23
|c| DatGuyChuck|go ahead
|c| DatGuyChuck|and get 
|c| DatGuyChuck|predicted
|c| 0rbital|sludge
|
|move|p2a: loki|Recover|p2a: loki
|-heal|p2a: loki|196\/304 psn
|move|p1a: Roserade|Giga Drain|p2a: loki
|-damage|p2a: loki|91\/304 psn
|
|-heal|p2a: loki|110\/304 psn|[from] item: Leftovers
|-damage|p2a: loki|72\/304 psn|[from] psn
|-end|p1a: Roserade|move: Taunt
|turn|24
|c| Meruu|what kind of rosershit is this
|c| tahapplepieman|if a pokemon were on fire a punch from it would hurt
|c|★OG_Wanka|crits where
|c| Magma Admin~|spikes if real
|c|★SmashBrosBrawl|fuck
|c|★SmashBrosBrawl|this wont work
|c|★SmashBrosBrawl|rofl
|c| Meruu|double spike roserade is only good enough for innovators like me,,,
|c| DatGuyChuck|specs roserade where
|join|StayPuft84
|c| MarkoSeke|this is the turning point right here
|c| thymetime|>just now realizing this wont work
|c|★SmashBrosBrawl|i just need
|c|★SmashBrosBrawl|to calc
|c|★SmashBrosBrawl|one thing
|c|★SmashBrosBrawl|then i win
|c| elenis|lel
|c| Magma Admin~|ok
|leave|DiGiTAL WiNG
|c| MarkoSeke|do you even wave dash bro?
|c|★OG_Wanka|calcing f blast on shao???
|
|move|p2a: loki|Taunt|p1a: Roserade
|-start|p1a: Roserade|move: Taunt
|move|p1a: Roserade|Giga Drain|p2a: loki
|-damage|p2a: loki|0 fnt
|faint|p2a: loki
|
|
|switch|p2a: doge|Houndoom-Mega, F|291\/291
|-status|p2a: doge|psn
|turn|25
|c| diggersby test LoL|my shao has fire blast too
|c|★SmashBrosBrawl|gg
|
|move|p2a: doge|Nasty Plot|p2a: doge
|-boost|p2a: doge|spa|2
|move|p1a: Roserade|Sludge Bomb|p2a: doge
|-damage|p2a: doge|146\/291 psn
|
|-damage|p2a: doge|110\/291 psn|[from] psn
|turn|26
|c| Magma Admin~|nah
|
|move|p2a: doge|Fire Blast|p1a: Roserade
|-supereffective|p1a: Roserade
|-damage|p1a: Roserade|0 fnt
|faint|p1a: Roserade
|
|-damage|p2a: doge|74\/291 psn|[from] psn
|
|switch|p1a: Rotom-Heat|Rotom-Heat|234\/266
|turn|27
|join|Ms. Markel
|c| UniterFlash|not gg yet?
|c| UniterFlash|right ?
|c|★SmashBrosBrawl|gg
|
|move|p2a: doge|Dark Pulse|p1a: Rotom-Heat
|-damage|p1a: Rotom-Heat|0 fnt
|faint|p1a: Rotom-Heat
|
|-damage|p2a: doge|38\/291 psn|[from] psn
|c| UniterFlash|mienshao come thru
|c|★SmashBrosBrawl|dumb
|c|★SmashBrosBrawl|fuck
|
|switch|p1a: Jirachi|Jirachi|278\/342 brn
|-activate|p1a: Jirachi|move: Sticky Web
|-unboost|p1a: Jirachi|spe|1
|turn|28
|c| diggersby test LoL|shoulda foddered jirachi imo
|c|★SmashBrosBrawl|zzz
|c| 0rbital|wow rude
|c| roast toast|go to shao
|c|★OG_Wanka|wait so your telling me rachi not flinching shuckle won this
|c|★OG_Wanka|!!!!!!!
|leave|Fr33dom
|c|★SmashBrosBrawl|!!!
|c| Magma Admin~|!!!!
|
|move|p2a: doge|Dark Pulse|p1a: Jirachi
|-supereffective|p1a: Jirachi
|-damage|p1a: Jirachi|0 fnt
|faint|p1a: Jirachi
|
|-damage|p2a: doge|2\/291 psn|[from] psn
|
|switch|p1a: Blastoise|Blastoise-Mega, F|225\/330
|-activate|p1a: Blastoise|move: Sticky Web
|-unboost|p1a: Blastoise|spe|1
|turn|29
|c| diggersby test LoL|aqua jet
|c| MarkoSeke|spin to win
|
|move|p2a: doge|Dark Pulse|p1a: Blastoise
|-damage|p1a: Blastoise|0 fnt
|faint|p1a: Blastoise
|
|-damage|p2a: doge|0 fnt|[from] psn
|faint|p2a: doge
|c| ThisIs18Characters|no fake out on flpappyfist?
|
|switch|p1a: Mienshao|Mienshao, M, shiny|271\/271
|-activate|p1a: Mienshao|move: Sticky Web
|-unboost|p1a: Mienshao|spe|1
|switch|p2a: flinch|Jirachi|341\/341
|turn|30
|c| UniterFlash|go rachi
|c|★OG_Wanka|i need to break thru and crit twice in a row
|c|★OG_Wanka|seems ez
|c| UniterFlash|lol
|c|★SmashBrosBrawl|nop
|c| UniterFlash|you got this wanka
|c| UniterFlash|I believe
|c|★OG_Wanka|gg tho
|c|★OG_Wanka|(:
|
|move|p1a: Mienshao|High Jump Kick|p2a: flinch
|-damage|p2a: flinch|26\/341
|move|p2a: flinch|Psychic|p1a: Mienshao
|-supereffective|p1a: Mienshao
|-damage|p1a: Mienshao|0 fnt
|faint|p1a: Mienshao
|
|win|SmashBrosBrawl
|c|★SmashBrosBrawl|gg
|c| UniterFlash|wow
|leave|roast toast
|c|★OG_Wanka|o nvm
|c| UniterFlash|almost
|leave|Magma Admin~
|leave|ANGER MANAGEMENT
|leave|Munkin
|leave|SmashBrosBrawl
|player|p2
|leave|StayPuft84
|leave|thymetime
|leave|shyfire
|leave|elenis
|leave|diggersby test LoL
|leave|UniterFlash
|leave|OG_Wanka
|player|p1
|leave|tahapplepieman
|leave|22mustafa
|leave|ThisIs18Characters
|leave|Twiranitar
|leave|0rbital
|leave|DatGuyChuck
|leave|BenzMafia
|leave|Technosis
|leave|FeroccaTest
|leave|LessThanThreeMan
|leave|MarkoSeke
|join|SmashBrosBrawl