|join|burnsOFF
|join|Animus Majulous
|player|p1|burnsOFF|33
|player|p2|Animus Majulous|192
|gametype|singles
|gen|6
|tier|UU
|rated
|rule|Sleep Clause Mod: Limit one foe put to sleep
|rule|Species Clause: Limit one of each Pokémon
|rule|OHKO Clause: OHKO moves are banned
|rule|Moody Clause: Moody is banned
|rule|Evasion Moves Clause: Evasion moves are banned
|rule|Endless Battle Clause: Forcing endless battles is banned
|rule|HP Percentage Mod: HP is shown in percentages
|clearpoke
|poke|p1|Nidoqueen, F
|poke|p1|Starmie
|poke|p1|Infernape, F
|poke|p1|Jirachi
|poke|p1|Hydreigon, M
|poke|p1|Ampharos, M
|poke|p2|Empoleon, F
|poke|p2|Arcanine, F
|poke|p2|Hydreigon, M
|poke|p2|Jirachi
|poke|p2|Aggron, M
|poke|p2|Chesnaught, F
|rule|Swagger Clause: Swagger is banned
|rule|Baton Pass Clause: Limit one Pokémon knowing Baton Pass
|teampreview
|join|pk-kaiser
|c|★burnsOFF|dnt timer me
|
|start
|switch|p1a: Nidoqueen|Nidoqueen, F|353\/353
|switch|p2a: Pain|Hydreigon, M|325\/325
|turn|1
|c|★Animus Majulous|lol I get you in a battle
|c|★burnsOFF|fly fag
|c|★burnsOFF|,,,
|
|move|p2a: Pain|Dark Pulse|p1a: Nidoqueen
|-damage|p1a: Nidoqueen|162\/353
|-damage|p2a: Pain|293\/325|[from] item: Life Orb
|move|p1a: Nidoqueen|Stealth Rock|p2a: Pain
|-sidestart|p2: Animus Majulous|move: Stealth Rock
|
|turn|2
|c|★burnsOFF|dumb cocky psychic abusing overall wearing mojo jojo in the face ass nig
|c|★burnsOFF|done
|
|move|p2a: Pain|Draco Meteor|p1a: Nidoqueen|[miss]
|-miss|p2a: Pain|p1a: Nidoqueen
|move|p1a: Nidoqueen|Ice Beam|p2a: Pain
|-supereffective|p2a: Pain
|-damage|p2a: Pain|0 fnt
|faint|p2a: Pain
|
|c|★burnsOFF|LLOL
|-message|Animus Majulous forfeited.
|leave|Animus Majulous
|c|★burnsOFF|damn
|c|★burnsOFF|thats what happens when
|
|win|burnsOFF
|raw|Ladder updating...
|raw|burnsOFF's rating: 1327 &rarr; <strong>1349<\/strong><br \/>(+22 for winning)
|raw|Animus Majulous's rating: 1361 &rarr; <strong>1339<\/strong><br \/>(-22 for losing)
|player|p2