asdf7023movefreq joined.
WillSAge joined.
Format:
OU
Rated battle
Swagger Clause: Swagger is banned
Baton Pass Clause: Limit one Pokémon knowing Baton Pass
Sleep Clause Mod: Limit one foe put to sleep
Species Clause: Limit one of each Pokémon
OHKO Clause: OHKO moves are banned
Moody Clause: Moody is banned
Evasion Moves Clause: Evasion moves are banned
Endless Battle Clause: Forcing endless battles is banned
HP Percentage Mod: HP is shown in percentages
asdf7023movefreq's team:
Lopunny / Rotom-Wash / Landorus-Therian / Scizor / Heatran / Latios
WillSAge's team:
Kyurem-Black / Sableye / Doublade / Heatran / Keldeo-Resolute / Meloetta
Battle timer is now ON: inactive players will automatically lose when time's up. (requested by asdf7023movefreq)
You have 150 seconds to make your decision.
Battle between asdf7023movefreq and WillSAge started!
Go! Lola (Lopunny)!
WillSAge sent out Meloetta!
Turn 1
You have 150 seconds to make your decision.
Lola's Lopunnite is reacting to asdf7023movefreq's Mega Bracelet!
Lola has Mega Evolved into Mega Lopunny!
Lola used High Jump Kick!
The opposing Meloetta lost 73% of its health!
The opposing Meloetta used Relic Song!
A critical hit! Lola lost 57.9% of its health!
The opposing Meloetta transformed!
Turn 2
You have 150 seconds to make your decision.
Lola, come back!
Go! Red Bullet (Scizor)!
The opposing Meloetta used Quick Attack!
It's not very effective... Red Bullet lost 11.7% of its health!
Turn 3
You have 150 seconds to make your decision.
The opposing Meloetta used Drain Punch!
Red Bullet lost 44.0% of its health!
Red Bullet had its energy drained!
Red Bullet used U-turn!
It's not very effective... The opposing Meloetta lost 28.0% of its health!
You have 150 seconds to make your decision.
Red Bullet went back to asdf7023movefreq!
Go! Magma Gazer (Heatran)!
Turn 4
You have 150 seconds to make your decision.
Magma Gazer, come back!
Go! Kenmore (Rotom-Wash)!
The opposing Meloetta used Drain Punch!
Kenmore lost 34.5% of its health!
Kenmore had its energy drained!
Kenmore restored a little HP using its Leftovers!
Turn 5
You have 150 seconds to make your decision.
The opposing Meloetta used Drain Punch!
Kenmore lost 34.9% of its health!
Kenmore had its energy drained!
Kenmore used Volt Switch!
The opposing Meloetta lost 19% of its health!
You have 150 seconds to make your decision.
Kenmore went back to asdf7023movefreq!
Go! Magma Gazer (Heatran)!
Turn 6
You have 150 seconds to make your decision.
Magma Gazer, come back!
Go! Kenmore (Rotom-Wash)!
The opposing Meloetta used Drain Punch!
Kenmore lost 31.6% of its health!
Kenmore had its energy drained!
Kenmore restored a little HP using its Leftovers!
Turn 7
You have 150 seconds to make your decision.
The opposing Meloetta used Drain Punch!
Kenmore lost 11.5% of its health!
Kenmore had its energy drained!
Kenmore fainted!
You have 150 seconds to make your decision.
Go! Lola (Lopunny-Mega)!
Turn 8
You have 150 seconds to make your decision.
Lola, come back!
Go! Red Bullet (Scizor)!
The opposing Meloetta used Quick Attack!
It's not very effective... Red Bullet lost 11.7% of its health!
Turn 9
You have 150 seconds to make your decision.
The opposing Meloetta used Drain Punch!
Red Bullet lost 32.4% of its health!
Red Bullet had its energy drained!
Red Bullet fainted!
You have 150 seconds to make your decision.
Go! Magma Gazer (Heatran)!
Turn 10
You have 150 seconds to make your decision.
The opposing Meloetta used Drain Punch!
It's super effective! Magma Gazer lost 69.1% of its health!
Magma Gazer had its energy drained!
Magma Gazer used Stealth Rock!
Pointed stones float in the air around the opposing team!
Magma Gazer restored a little HP using its Leftovers!
Turn 11
You have 150 seconds to make your decision.
Magma Gazer, come back!
Go! Skywalker (Landorus-Therian)!
Skywalker intimidates the opposing Meloetta!
The opposing Meloetta's Attack fell!
The opposing Meloetta used Drain Punch!
It's not very effective... Skywalker lost 15.1% of its health!
Skywalker had its energy drained!
Turn 12
You have 150 seconds to make your decision.
Skywalker used U-turn!
It's not very effective... The opposing Meloetta lost 13% of its health!
You have 150 seconds to make your decision.
Skywalker went back to asdf7023movefreq!
Go! Lola (Lopunny-Mega)!
The opposing Meloetta used Relic Song!
Lola lost 26.9% of its health!
The opposing Meloetta transformed!
Turn 13
You have 150 seconds to make your decision.
The opposing Meloetta used Quick Attack!
Lola lost 14.4% of its health!
Lola used High Jump Kick!
The opposing Meloetta lost 76% of its health!
Turn 14
You have 150 seconds to make your decision.
The opposing Meloetta used Quick Attack!
Lola lost 0.7% of its health!
Lola fainted!
You have 150 seconds to make your decision.
Go! Red Eye (Latios)!
Turn 15
You have 150 seconds to make your decision.
Red Eye used Psyshock!
It's not very effective... The opposing Meloetta lost 5% of its health!
Red Eye lost some of its HP!
The opposing Meloetta fainted!
WillSAge sent out Kyurem-Black!
Pointed stones dug into the opposing Kyurem-Black!
The opposing Kyurem-Black is radiating a bursting aura!
Turn 16
You have 150 seconds to make your decision.
The opposing Kyurem-Black used Outrage!
It's super effective! Red Eye lost 90.1% of its health!
Red Eye fainted!
You have 150 seconds to make your decision.
Go! Skywalker (Landorus-Therian)!
Skywalker intimidates the opposing Kyurem-Black!
The opposing Kyurem-Black's Attack fell!
Turn 17
You have 150 seconds to make your decision.
Skywalker used Stone Edge!
It's super effective! The opposing Kyurem-Black lost 64% of its health!
The opposing Kyurem-Black used Outrage!
Skywalker lost 61.8% of its health!
The opposing Kyurem-Black's rampage ended!
The opposing Kyurem-Black became confused!
Turn 18
You have 150 seconds to make your decision.
Skywalker used Stone Edge!
It's super effective! The opposing Kyurem-Black lost 12% of its health!
The opposing Kyurem-Black fainted!
WillSAge sent out Sableye!
Pointed stones dug into the opposing Sableye!
Turn 19
You have 150 seconds to make your decision.
The opposing Sableye's Sablenite is reacting to WillSAge's Mega Bracelet!
The opposing Sableye has Mega Evolved into Mega Sableye!
The opposing Sableye used Will-O-Wisp!
Skywalker was burned!
Skywalker used Stone Edge!
The opposing Sableye avoided the attack!
Skywalker was hurt by its burn!
Turn 20
You have 150 seconds to make your decision.
Skywalker used Stone Edge!
The opposing Sableye lost 17% of its health!
The opposing Sableye used Night Shade!
Skywalker lost 10.8% of its health!
Skywalker fainted!
You have 150 seconds to make your decision.
Go! Magma Gazer (Heatran)!
Turn 21
You have 150 seconds to make your decision.
Magma Gazer used Earth Power!
The opposing Sableye lost 18% of its health!
The opposing Sableye used Night Shade!
Magma Gazer lost 26.0% of its health!
Magma Gazer restored a little HP using its Leftovers!
Turn 22
You have 150 seconds to make your decision.
Magma Gazer used Earth Power!
The opposing Sableye lost 20% of its health!
The opposing Sableye used Night Shade!
Magma Gazer lost 17.4% of its health!
Magma Gazer fainted!
WillSAge won the battle!
Ladder updating...
asdf7023movefreq's rating: 1192 → 1170
(-22 for losing)
WillSAge's rating: 1231 → 1253
(+22 for winning)
★asdf7023movefreq: gg