ewqfqf joined.
asdf7023movefreq joined.
Format:
OU
Rated battle
Swagger Clause: Swagger is banned
Baton Pass Clause: Limit one Pokémon knowing Baton Pass
Sleep Clause Mod: Limit one foe put to sleep
Species Clause: Limit one of each Pokémon
OHKO Clause: OHKO moves are banned
Moody Clause: Moody is banned
Evasion Moves Clause: Evasion moves are banned
Endless Battle Clause: Forcing endless battles is banned
HP Percentage Mod: HP is shown in percentages
asdf7023movefreq's team:
Lopunny / Rotom-Wash / Landorus-Therian / Scizor / Heatran / Latios
ewqfqf's team:
Ferrothorn / Metagross / Aggron / Claydol / Meloetta / Milotic
Battle timer is now ON: inactive players will automatically lose when time's up. (requested by asdf7023movefreq)
Battle between ewqfqf and asdf7023movefreq started!
ewqfqf sent out Meloetta!
Go! Lola (Lopunny)!
Turn 1
You have 150 seconds to make your decision.
Lola's Lopunnite is reacting to asdf7023movefreq's Mega Bracelet!
Lola has Mega Evolved into Mega Lopunny!
Lola used Power-Up Punch!
The opposing Meloetta lost 24% of its health!
Lola's Attack rose!
The opposing Meloetta used Hidden Power!
It's super effective! Lola lost 58.3% of its health!
Turn 2
You have 150 seconds to make your decision.
The opposing Meloetta's Quick Claw let it move first!
The opposing Meloetta used Hidden Power!
It's super effective! Lola lost 41.7% of its health!
Lola fainted!
You have 150 seconds to make your decision.
Go! Kenmore (Rotom-Wash)!
Turn 3
You have 150 seconds to make your decision.
Kenmore, come back!
Go! Red Bullet (Scizor)!
The opposing Meloetta used Calm Mind!
The opposing Meloetta's Special Attack rose!
The opposing Meloetta's Special Defense rose!
Turn 4
You have 150 seconds to make your decision.
The opposing Meloetta used Hidden Power!
Red Bullet lost 42.9% of its health!
Red Bullet used U-turn!
It's super effective! The opposing Meloetta lost 76% of its health!
The opposing Meloetta fainted!
You have 150 seconds to make your decision.
Red Bullet went back to asdf7023movefreq!
Go! Skywalker (Landorus-Therian)!
ewqfqf sent out Claydol!
Turn 5
You have 150 seconds to make your decision.
Skywalker used U-turn!
It's super effective! The opposing Claydol lost 49% of its health!
You have 150 seconds to make your decision.
Skywalker went back to asdf7023movefreq!
Go! Red Bullet (Scizor)!
The opposing Claydol used Toxic!
But it failed!
The opposing Claydol restored a little HP using its Leftovers!
Turn 6
You have 150 seconds to make your decision.
ewqfqf withdrew Claydol!
ewqfqf sent out Milotic!
Red Bullet used U-turn!
The opposing Milotic lost 42% of its health!
You have 150 seconds to make your decision.
Red Bullet went back to asdf7023movefreq!
Go! Skywalker (Landorus-Therian)!
Skywalker intimidates the opposing Milotic!
The opposing Milotic's Attack fell!
The opposing Milotic restored a little HP using its Leftovers!
Turn 7
You have 150 seconds to make your decision.
Skywalker used U-turn!
The opposing Milotic lost 18% of its health!
You have 150 seconds to make your decision.
Skywalker went back to asdf7023movefreq!
Go! Red Bullet (Scizor)!
The opposing Milotic used Aqua Ring!
The opposing Milotic surrounded itself with a veil of water!
The opposing Milotic restored a little HP using its Leftovers!
Aqua Ring restored the opposing Milotic's HP!
Turn 8
You have 150 seconds to make your decision.
The opposing Milotic used Recover!
The opposing Milotic regained health!
Red Bullet used U-turn!
The opposing Milotic lost 43% of its health!
You have 150 seconds to make your decision.
Red Bullet went back to asdf7023movefreq!
Go! Skywalker (Landorus-Therian)!
Skywalker intimidates the opposing Milotic!
The opposing Milotic's Attack fell!
The opposing Milotic restored a little HP using its Leftovers!
Aqua Ring restored the opposing Milotic's HP!
Turn 9
You have 150 seconds to make your decision.
Skywalker used U-turn!
The opposing Milotic lost 19% of its health!
You have 150 seconds to make your decision.
Skywalker went back to asdf7023movefreq!
Go! Red Eye (Latios)!
The opposing Milotic used Scald!
It's not very effective... Red Eye lost 14.9% of its health!
Red Eye was burned!
The opposing Milotic restored a little HP using its Leftovers!
Aqua Ring restored the opposing Milotic's HP!
Red Eye was hurt by its burn!
Turn 10
You have 150 seconds to make your decision.
Red Eye used Roost!
Red Eye regained health!
The opposing Milotic used Recover!
The opposing Milotic regained health!
Red Eye was hurt by its burn!
Turn 11
You have 150 seconds to make your decision.
Red Eye, come back!
Go! Red Bullet (Scizor)!
The opposing Milotic used Confuse Ray!
Red Bullet became confused!
Turn 12
You have 150 seconds to make your decision.
The opposing Milotic used Scald!
Red Bullet lost 33.5% of its health!
Red Bullet is confused!
It hurt itself in its confusion!
Red Bullet fainted!
You have 150 seconds to make your decision.
Go! Skywalker (Landorus-Therian)!
Skywalker intimidates the opposing Milotic!
The opposing Milotic's Attack fell!
Turn 13
You have 150 seconds to make your decision.
Skywalker used U-turn!
The opposing Milotic lost 18% of its health!
Skywalker fell in love from the Cute Charm!
You have 150 seconds to make your decision.
Skywalker went back to asdf7023movefreq!
Go! Red Eye (Latios)!
The opposing Milotic used Confuse Ray!
Red Eye became confused!
The opposing Milotic restored a little HP using its Leftovers!
Aqua Ring restored the opposing Milotic's HP!
Red Eye was hurt by its burn!
Turn 14
You have 150 seconds to make your decision.
Red Eye is confused!
Red Eye used Roost!
Red Eye regained health!
The opposing Milotic used Scald!
It's not very effective... Red Eye lost 14.6% of its health!
The opposing Milotic restored a little HP using its Leftovers!
Red Eye was hurt by its burn!
Turn 15
You have 150 seconds to make your decision.
Red Eye is confused!
Red Eye used Roost!
Red Eye regained health!
The opposing Milotic used Scald!
It's not very effective... Red Eye lost 14.2% of its health!
Red Eye was hurt by its burn!
Turn 16
You have 150 seconds to make your decision.
Red Eye snapped out of its confusion.
Red Eye used Roost!
Red Eye regained health!
The opposing Milotic used Scald!
It's not very effective... Red Eye lost 14.2% of its health!
Red Eye was hurt by its burn!
Turn 17
You have 150 seconds to make your decision.
Red Eye used Roost!
Red Eye regained health!
The opposing Milotic used Confuse Ray!
Red Eye became confused!
Red Eye was hurt by its burn!
Turn 18
You have 150 seconds to make your decision.
Red Eye is confused!
It hurt itself in its confusion!
The opposing Milotic used Scald!
It's not very effective... Red Eye lost 13.6% of its health!
Red Eye was hurt by its burn!
Turn 19
You have 150 seconds to make your decision.
Red Eye is confused!
Red Eye used Roost!
Red Eye regained health!
The opposing Milotic used Scald!
It's not very effective... Red Eye lost 12.9% of its health!
Red Eye was hurt by its burn!
Turn 20
You have 150 seconds to make your decision.
Red Eye is confused!
Red Eye used Roost!
Red Eye regained health!
The opposing Milotic used Scald!
It's not very effective... Red Eye lost 15.2% of its health!
Red Eye was hurt by its burn!
Turn 21
You have 150 seconds to make your decision.
Red Eye snapped out of its confusion.
Red Eye used Roost!
Red Eye regained health!
The opposing Milotic used Confuse Ray!
Red Eye became confused!
Red Eye was hurt by its burn!
Turn 22
You have 150 seconds to make your decision.
Red Eye is confused!
It hurt itself in its confusion!
The opposing Milotic used Scald!
It's not very effective... Red Eye lost 13.6% of its health!
Red Eye was hurt by its burn!
Turn 23
You have 150 seconds to make your decision.
Red Eye is confused!
It hurt itself in its confusion!
The opposing Milotic used Scald!
It's not very effective... Red Eye lost 13.9% of its health!
Red Eye was hurt by its burn!
Turn 24
You have 150 seconds to make your decision.
Red Eye is confused!
It hurt itself in its confusion!
The opposing Milotic used Scald!
It's not very effective... Red Eye lost 14.2% of its health!
Red Eye fainted!
You have 150 seconds to make your decision.
Go! Kenmore (Rotom-Wash)!
Turn 25
You have 150 seconds to make your decision.
ewqfqf withdrew Milotic!
ewqfqf sent out Aggron!
Kenmore used Volt Switch!
The opposing Aggron lost 36% of its health!
You have 150 seconds to make your decision.
Kenmore went back to asdf7023movefreq!
Go! Skywalker (Landorus-Therian)!
Skywalker intimidates the opposing Aggron!
The opposing Aggron's Attack fell!
The opposing Aggron restored a little HP using its Leftovers!
Turn 26
You have 150 seconds to make your decision.
Skywalker used Knock Off!
The opposing Aggron lost 22% of its health!
Skywalker knocked off the opposing Aggron's Leftovers!
The opposing Aggron used Heavy Slam!
Skywalker lost 48.9% of its health!
Turn 27
You have 150 seconds to make your decision.
Skywalker used Knock Off!
The opposing Aggron lost 15% of its health!
The opposing Aggron used Heavy Slam!
Skywalker lost 50.8% of its health!
Turn 28
You have 150 seconds to make your decision.
Skywalker used Knock Off!
The opposing Aggron lost 14.0% of its health!
The opposing Aggron used Heavy Slam!
Skywalker lost 0.3% of its health!
Skywalker fainted!
You have 150 seconds to make your decision.
Go! Kenmore (Rotom-Wash)!
Turn 29
You have 150 seconds to make your decision.
Kenmore used Volt Switch!
The opposing Aggron lost 20% of its health!
The opposing Aggron fainted!
You have 150 seconds to make your decision.
Kenmore went back to asdf7023movefreq!
Go! Magma Gazer (Heatran)!
ewqfqf sent out Metagross!
Turn 30
You have 150 seconds to make your decision.
Magma Gazer, come back!
Go! Kenmore (Rotom-Wash)!
The opposing Metagross's Metagrossite is reacting to ewqfqf's Mega Bracelet!
The opposing Metagross has Mega Evolved into Mega Metagross!
The opposing Metagross used Earthquake!
It doesn't affect Kenmore...
Turn 31
You have 150 seconds to make your decision.
The opposing Metagross used Agility!
The opposing Metagross's Speed sharply rose!
Kenmore used Hydro Pump!
The opposing Metagross avoided the attack!
Turn 32
You have 150 seconds to make your decision.
The opposing Metagross used Meteor Mash!
It's not very effective... Kenmore lost 13.8% of its health!
The opposing Metagross's Attack rose!
Kenmore used Hydro Pump!
The opposing Metagross lost 45% of its health!
Kenmore restored a little HP using its Leftovers!
Turn 33
You have 150 seconds to make your decision.
The opposing Metagross used Zen Headbutt!
Kenmore lost 74.3% of its health!
Kenmore used Hydro Pump!
The opposing Metagross lost 39% of its health!
Kenmore restored a little HP using its Leftovers!
Turn 34
You have 150 seconds to make your decision.
The opposing Metagross used Zen Headbutt!
Kenmore lost 24.3% of its health!
Kenmore fainted!
You have 150 seconds to make your decision.
Go! Magma Gazer (Heatran)!
Turn 35
You have 150 seconds to make your decision.
The opposing Metagross used Earthquake!
It's super effective! Magma Gazer lost 100% of its health!
Magma Gazer fainted!
ewqfqf won the battle!
Ladder updating...
ewqfqf's rating: 1000 → 1046
(+46 for winning)
asdf7023movefreq's rating: 1052 → 1031
(-21 for losing)
★asdf7023movefreq: gg
ewqfqf left.