asdf7023movefreq joined.
pokespotbae joined.
Format:
OU
Rated battle
Swagger Clause: Swagger is banned
Baton Pass Clause: Limit one Pokémon knowing Baton Pass
Sleep Clause Mod: Limit one foe put to sleep
Species Clause: Limit one of each Pokémon
OHKO Clause: OHKO moves are banned
Moody Clause: Moody is banned
Evasion Moves Clause: Evasion moves are banned
Endless Battle Clause: Forcing endless battles is banned
HP Percentage Mod: HP is shown in percentages
asdf7023movefreq's team:
Lopunny / Rotom-Wash / Landorus-Therian / Scizor / Heatran / Latios
pokespotbae's team:
Thundurus / Chansey / Slowbro / Klefki / Ferrothorn / Clefable
Battle timer is now ON: inactive players will automatically lose when time's up. (requested by asdf7023movefreq)
★pokespotbae: glhf
Battle between asdf7023movefreq and pokespotbae started!
Go! Lola (Lopunny)!
pokespotbae sent out Thundurus!
Turn 1
You have 150 seconds to make your decision.
Lola, come back!
Go! Magma Gazer (Heatran)!
The opposing Thundurus used Volt Switch!
Magma Gazer lost 31.7% of its health!
The opposing Thundurus lost some of its HP!
The opposing Thundurus went back to pokespotbae!
pokespotbae sent out Chansey!
Magma Gazer restored a little HP using its Leftovers!
Turn 2
You have 150 seconds to make your decision.
Magma Gazer used Stealth Rock!
Pointed stones float in the air around the opposing team!
The opposing Chansey used Seismic Toss!
Magma Gazer lost 26.0% of its health!
Magma Gazer restored a little HP using its Leftovers!
Turn 3
You have 150 seconds to make your decision.
Magma Gazer, come back!
Go! Lola (Lopunny)!
The opposing Chansey used Seismic Toss!
Lola lost 36.9% of its health!
Turn 4
You have 150 seconds to make your decision.
pokespotbae withdrew Chansey!
pokespotbae sent out Slowbro!
Pointed stones dug into the opposing Slowbro!
Lola's Lopunnite is reacting to asdf7023movefreq's Mega Bracelet!
Lola has Mega Evolved into Mega Lopunny!
Lola used Power-Up Punch!
It's not very effective... The opposing Slowbro lost 6% of its health!
Lola's Attack rose!
Turn 5
You have 150 seconds to make your decision.
The opposing Slowbro's Slowbronite is reacting to pokespotbae's Mega Bracelet!
The opposing Slowbro has Mega Evolved into Mega Slowbro!
Lola used Return!
The opposing Slowbro lost 34% of its health!
The opposing Slowbro used Psyshock!
It's super effective! Lola lost 63.1% of its health!
Lola fainted!
You have 150 seconds to make your decision.
Go! Kenmore (Rotom-Wash)!
Turn 6
You have 150 seconds to make your decision.
pokespotbae withdrew Slowbro (Slowbro-Mega)!
pokespotbae sent out Chansey!
Pointed stones dug into the opposing Chansey!
Kenmore used Volt Switch!
The opposing Chansey lost 7.0% of its health!
You have 150 seconds to make your decision.
Kenmore went back to asdf7023movefreq!
Go! Red Bullet (Scizor)!
Turn 7
You have 150 seconds to make your decision.
pokespotbae withdrew Chansey!
pokespotbae sent out Ferrothorn!
Pointed stones dug into the opposing Ferrothorn!
Red Bullet used U-turn!
The opposing Ferrothorn lost 36% of its health!
Red Bullet is hurt by the opposing Ferrothorn's Iron Barbs!
You have 150 seconds to make your decision.
Red Bullet went back to asdf7023movefreq!
Go! Skywalker (Landorus-Therian)!
Skywalker intimidates the opposing Ferrothorn!
The opposing Ferrothorn's Attack fell!
The opposing Ferrothorn restored a little HP using its Leftovers!
Turn 8
You have 150 seconds to make your decision.
The opposing Ferrothorn used Protect!
The opposing Ferrothorn protected itself!
Skywalker used Earthquake!
The opposing Ferrothorn protected itself!
The opposing Ferrothorn restored a little HP using its Leftovers!
Turn 9
You have 150 seconds to make your decision.
Skywalker used Earthquake!
The opposing Ferrothorn lost 34% of its health!
The opposing Ferrothorn used Leech Seed!
Skywalker avoided the attack!
The opposing Ferrothorn restored a little HP using its Leftovers!
Turn 10
You have 150 seconds to make your decision.
Skywalker used Earthquake!
The opposing Ferrothorn lost 36% of its health!
The opposing Ferrothorn used Leech Seed!
Skywalker was seeded!
The opposing Ferrothorn restored a little HP using its Leftovers!
Skywalker's health is sapped by Leech Seed!
Turn 11
You have 150 seconds to make your decision.
The opposing Ferrothorn used Protect!
The opposing Ferrothorn protected itself!
Skywalker used Earthquake!
The opposing Ferrothorn protected itself!
The opposing Ferrothorn restored a little HP using its Leftovers!
Skywalker's health is sapped by Leech Seed!
Turn 12
You have 150 seconds to make your decision.
Skywalker used Earthquake!
The opposing Ferrothorn lost 35% of its health!
The opposing Ferrothorn used Stealth Rock!
Pointed stones float in the air around your team!
The opposing Ferrothorn restored a little HP using its Leftovers!
Skywalker's health is sapped by Leech Seed!
Turn 13
You have 150 seconds to make your decision.
Skywalker, come back!
Go! Red Bullet (Scizor)!
Pointed stones dug into Red Bullet!
The opposing Ferrothorn used Protect!
But it failed!
The opposing Ferrothorn restored a little HP using its Leftovers!
Turn 14
You have 150 seconds to make your decision.
Red Bullet used U-turn!
The opposing Ferrothorn lost 31% of its health!
Red Bullet is hurt by the opposing Ferrothorn's Iron Barbs!
The opposing Ferrothorn fainted!
You have 150 seconds to make your decision.
Red Bullet went back to asdf7023movefreq!
Go! Skywalker (Landorus-Therian)!
Pointed stones dug into Skywalker!
pokespotbae sent out Thundurus!
Pointed stones dug into the opposing Thundurus!
Turn 15
You have 150 seconds to make your decision.
Skywalker used Stone Edge!
It's super effective! The opposing Thundurus lost 66% of its health!
The opposing Thundurus fainted!
pokespotbae sent out Slowbro (Slowbro-Mega)!
Pointed stones dug into the opposing Slowbro!
Turn 16
You have 150 seconds to make your decision.
Skywalker, come back!
Go! Red Eye (Latios)!
Pointed stones dug into Red Eye!
The opposing Slowbro used Slack Off!
The opposing Slowbro regained health!
Turn 17
You have 150 seconds to make your decision.
pokespotbae withdrew Slowbro (Slowbro-Mega)!
pokespotbae sent out Clefable!
Pointed stones dug into the opposing Clefable!
Red Eye used Psyshock!
The opposing Clefable lost 59% of its health!
Red Eye lost some of its HP!
The opposing Clefable restored a little HP using its Leftovers!
Turn 18
You have 150 seconds to make your decision.
Red Eye used Psyshock!
The opposing Clefable lost 36% of its health!
Red Eye lost some of its HP!
The opposing Clefable fainted!
pokespotbae sent out Klefki!
Pointed stones dug into the opposing Klefki!
Turn 19
You have 150 seconds to make your decision.
The opposing Klefki used Light Screen!
Light Screen raised the opposing team's Special Defense!
Red Eye used Roost!
Red Eye regained health!
Turn 20
You have 150 seconds to make your decision.
The opposing Klefki used Thunder Wave!
Red Eye is paralyzed! It may be unable to move!
Red Eye used Psyshock!
It's not very effective... The opposing Klefki lost 11% of its health!
Red Eye lost some of its HP!
Turn 21
You have 150 seconds to make your decision.
The opposing Klefki used Reflect!
Reflect raised the opposing team's Defense!
Red Eye is paralyzed! It can't move!
Turn 22
You have 150 seconds to make your decision.
pokespotbae withdrew Klefki!
pokespotbae sent out Slowbro (Slowbro-Mega)!
Pointed stones dug into the opposing Slowbro!
Red Eye used Psyshock!
It's not very effective... The opposing Slowbro lost 5% of its health!
Red Eye lost some of its HP!
Turn 23
You have 150 seconds to make your decision.
The opposing Slowbro used Calm Mind!
The opposing Slowbro's Special Attack rose!
The opposing Slowbro's Special Defense rose!
Red Eye is paralyzed! It can't move!
Turn 24
You have 150 seconds to make your decision.
The opposing Slowbro used Calm Mind!
The opposing Slowbro's Special Attack rose!
The opposing Slowbro's Special Defense rose!
Red Eye used Roost!
Red Eye regained health!
Turn 25
You have 150 seconds to make your decision.
The opposing Slowbro used Calm Mind!
The opposing Slowbro's Special Attack rose!
The opposing Slowbro's Special Defense rose!
Red Eye is paralyzed! It can't move!
Turn 26
You have 150 seconds to make your decision.
The opposing Slowbro used Calm Mind!
The opposing Slowbro's Special Attack rose!
The opposing Slowbro's Special Defense rose!
Red Eye used Psyshock!
It's not very effective... The opposing Slowbro lost 6% of its health!
Red Eye lost some of its HP!
The opposing team's Light Screen wore off!
Turn 27
You have 150 seconds to make your decision.
The opposing Slowbro used Slack Off!
The opposing Slowbro regained health!
Red Eye used Psyshock!
It's not very effective... The opposing Slowbro lost 10% of its health!
Red Eye lost some of its HP!
Turn 28
You have 150 seconds to make your decision.
The opposing Slowbro used Calm Mind!
The opposing Slowbro's Special Attack rose!
The opposing Slowbro's Special Defense rose!
Red Eye used Roost!
Red Eye regained health!
The opposing team's Reflect wore off!
Turn 29
You have 150 seconds to make your decision.
The opposing Slowbro used Calm Mind!
The opposing Slowbro's Special Attack rose!
The opposing Slowbro's Special Defense rose!
Red Eye used Psyshock!
It's not very effective... The opposing Slowbro lost 12% of its health!
Red Eye lost some of its HP!
Turn 30
You have 150 seconds to make your decision.
The opposing Slowbro used Psyshock!
It's not very effective... Red Eye lost 90.1% of its health!
Red Eye fainted!
You have 150 seconds to make your decision.
Go! Kenmore (Rotom-Wash)!
Pointed stones dug into Kenmore!
Turn 31
You have 150 seconds to make your decision.
Kenmore used Volt Switch!
It's super effective! The opposing Slowbro lost 14.0% of its health!
You have 150 seconds to make your decision.
Kenmore went back to asdf7023movefreq!
Go! Skywalker (Landorus-Therian)!
Pointed stones dug into Skywalker!
Skywalker intimidates the opposing Slowbro!
The opposing Slowbro's Attack fell!
The opposing Slowbro used Psyshock!
Skywalker lost 38.5% of its health!
Skywalker fainted!
You have 150 seconds to make your decision.
Go! Red Bullet (Scizor)!
Pointed stones dug into Red Bullet!
Turn 32
You have 150 seconds to make your decision.
Red Bullet used U-turn!
It's super effective! The opposing Slowbro lost 46% of its health!
You have 150 seconds to make your decision.
Red Bullet went back to asdf7023movefreq!
Go! Magma Gazer (Heatran)!
Pointed stones dug into Magma Gazer!
The opposing Slowbro used Scald!
It's super effective! Magma Gazer lost 42.3% of its health!
Magma Gazer fainted!
You have 150 seconds to make your decision.
Go! Kenmore (Rotom-Wash)!
Pointed stones dug into Kenmore!
Turn 33
You have 150 seconds to make your decision.
Kenmore used Will-O-Wisp!
The opposing Slowbro was burned!
The opposing Slowbro used Slack Off!
The opposing Slowbro regained health!
Kenmore restored a little HP using its Leftovers!
The opposing Slowbro was hurt by its burn!
Turn 34
You have 150 seconds to make your decision.
Kenmore used Will-O-Wisp!
The opposing Slowbro is already burned.
The opposing Slowbro used Slack Off!
The opposing Slowbro regained health!
Kenmore restored a little HP using its Leftovers!
The opposing Slowbro was hurt by its burn!
Turn 35
You have 150 seconds to make your decision.
Kenmore used Pain Split!
The battlers shared their pain!
The opposing Slowbro used Psyshock!
Kenmore lost 100% of its health!
Kenmore fainted!
The opposing Slowbro was hurt by its burn!
You have 150 seconds to make your decision.
Go! Red Bullet (Scizor)!
Pointed stones dug into Red Bullet!
Turn 36
You have 150 seconds to make your decision.
Red Bullet used U-turn!
It's super effective! The opposing Slowbro lost 51% of its health!
The opposing Slowbro used Scald!
Red Bullet lost 38.8% of its health!
Red Bullet fainted!
pokespotbae won the battle!
Ladder updating...
asdf7023movefreq's rating: 1116 → 1093
(-23 for losing)
pokespotbae's rating: 1145 → 1168
(+23 for winning)
★pokespotbae: gg
★asdf7023movefreq: gg
pokespotbae left.