|join|bellicose
|join|Henry
|player|p1|bellicose|266
|player|p2|Henry|#cpgtan
|gametype|singles
|gen|6
|tier|OU
|clearpoke
|poke|p1|Skarmory, M
|poke|p1|Landorus, M
|poke|p1|Hydreigon, F
|poke|p1|Talonflame, F
|poke|p1|Conkeldurr, F
|poke|p1|Diancie
|poke|p2|Manaphy
|poke|p2|Chesnaught, F
|poke|p2|Heatran, F
|poke|p2|Landorus-Therian, M
|poke|p2|Scizor, M
|poke|p2|Clefable, M
|rule|Swagger Clause: Swagger is banned
|rule|Baton Pass Clause: Limit one Pokémon knowing Baton Pass
|rule|Sleep Clause Mod: Limit one foe put to sleep
|rule|Species Clause: Limit one of each Pokémon
|rule|OHKO Clause: OHKO moves are banned
|rule|Moody Clause: Moody is banned
|rule|Evasion Moves Clause: Evasion moves are banned
|rule|Endless Battle Clause: Forcing endless battles is banned
|rule|HP Percentage Mod: HP is shown in percentages
|teampreview
bellicose made this room private.
|
|start
|switch|p1a: Diancie|Diancie|281\/281
|switch|p2a: Heatran|Heatran, F|386\/386
|turn|1
|
|switch|p2a: Clefable|Clefable, M|394\/394
|detailschange|p1a: Diancie|Diancie-Mega
|message|Diancie has Mega Evolved into Mega Diancie!
|move|p1a: Diancie|Earth Power|p2a: Clefable
|-damage|p2a: Clefable|279\/394
|
|-heal|p2a: Clefable|303\/394|[from] item: Leftovers
|turn|2
|
|move|p1a: Diancie|Moonblast|p2a: Clefable
|-crit|p2a: Clefable
|-damage|p2a: Clefable|20\/394
|move|p2a: Clefable|Moonblast|p1a: Diancie
|-damage|p1a: Diancie|179\/281
|
|-heal|p2a: Clefable|44\/394|[from] item: Leftovers
|turn|3
|c|★Henry|nice start
|
|switch|p2a: Scizor|Scizor, M|307\/307
|move|p1a: Diancie|Hidden Power|p2a: Scizor
|-supereffective|p2a: Scizor
|-damage|p2a: Scizor|0 fnt
|faint|p2a: Scizor
|
|c|★Henry|ok
|leave|Henry
|player|p2
|c|★bellicose|Henry the kid
|-message|Player 2 lost due to inactivity.
|
|win|bellicose