asdf7023moveco joined.
MichaelLanada joined.
Format:
OU
Rated battle
Swagger Clause: Swagger is banned
Baton Pass Clause: Limit one Pokémon knowing Baton Pass
Sleep Clause Mod: Limit one foe put to sleep
Species Clause: Limit one of each Pokémon
OHKO Clause: OHKO moves are banned
Moody Clause: Moody is banned
Evasion Moves Clause: Evasion moves are banned
Endless Battle Clause: Forcing endless battles is banned
HP Percentage Mod: HP is shown in percentages
asdf7023moveco's team:
Lopunny / Rotom-Wash / Landorus-Therian / Scizor / Heatran / Latios
MichaelLanada's team:
Politoed / Kabutops / Kingdra / Ferrothorn / Ampharos / Ludicolo
Battle timer is now ON: inactive players will automatically lose when time's up. (requested by asdf7023moveco)
Battle between asdf7023moveco and MichaelLanada started!
Go! Lola (Lopunny)!
MichaelLanada sent out Politoed!
It started to rain!
Turn 1
You have 150 seconds to make your decision.
Lola's Lopunnite is reacting to asdf7023moveco's Mega Bracelet!
Lola has Mega Evolved into Mega Lopunny!
Lola used High Jump Kick!
A critical hit! The opposing Politoed lost 100% of its health!
The opposing Politoed fainted!
MichaelLanada has 120 seconds left.
MichaelLanada forfeited.
asdf7023moveco won the battle!
Ladder updating...
MichaelLanada left.
asdf7023moveco's rating: 1003 → 1046
(+43 for winning)
MichaelLanada's rating: 1033 → 1017
(-16 for losing)
★asdf7023moveco: gg