PaulaThePSIYouth joined.
asdf7023moveco joined.
Format:
OU
Rated battle
Swagger Clause: Swagger is banned
Baton Pass Clause: Limit one Pokémon knowing Baton Pass
Sleep Clause Mod: Limit one foe put to sleep
Species Clause: Limit one of each Pokémon
OHKO Clause: OHKO moves are banned
Moody Clause: Moody is banned
Evasion Moves Clause: Evasion moves are banned
Endless Battle Clause: Forcing endless battles is banned
HP Percentage Mod: HP is shown in percentages
asdf7023moveco's team:
Lopunny / Rotom-Wash / Landorus-Therian / Scizor / Heatran / Latios
PaulaThePSIYouth's team:
Metagross / Excadrill / Serperior / Raikou / Togekiss / Azelf
Battle timer is now ON: inactive players will automatically lose when time's up. (requested by asdf7023moveco)
Battle between PaulaThePSIYouth and asdf7023moveco started!
PaulaThePSIYouth sent out Raikou!
Go! Lola (Lopunny)!
The opposing Raikou is exerting its pressure!
Turn 1
You have 150 seconds to make your decision.
Lola's Lopunnite is reacting to asdf7023moveco's Mega Bracelet!
Lola has Mega Evolved into Mega Lopunny!
The opposing Raikou used Volt Switch!
Lola lost 43.5% of its health!
The opposing Raikou went back to PaulaThePSIYouth!
PaulaThePSIYouth sent out U scared (Metagross)!
Lola used Power-Up Punch!
The opposing U scared lost 18% of its health!
Lola's Attack rose!
Turn 2
You have 150 seconds to make your decision.
The opposing U scared's Metagrossite is reacting to PaulaThePSIYouth's Mega Bracelet!
The opposing U scared has Mega Evolved into Mega Metagross!
Lola used High Jump Kick!
The opposing U scared avoided the attack!
Lola kept going and crashed!
The opposing U scared used Agility!
The opposing U scared's Speed sharply rose!
Turn 3
You have 150 seconds to make your decision.
Lola, come back!
Go! Red Bullet (Scizor)!
The opposing U scared used Earthquake!
Red Bullet lost 39.9% of its health!
Turn 4
You have 150 seconds to make your decision.
PaulaThePSIYouth withdrew U scared (Metagross-Mega)!
PaulaThePSIYouth sent out Excadrill!
The opposing Excadrill breaks the mold!
The opposing Excadrill floats in the air with its Air Balloon!
Red Bullet used U-turn!
It's not very effective... The opposing Excadrill lost 33% of its health!
The opposing Excadrill's Air Balloon popped!
You have 150 seconds to make your decision.
Red Bullet went back to asdf7023moveco!
Go! Red Eye (Latios)!
Turn 5
You have 150 seconds to make your decision.
Red Eye used Draco Meteor!
It's not very effective... The opposing Excadrill lost 51% of its health!
Red Eye's Special Attack harshly fell!
Red Eye lost some of its HP!
The opposing Excadrill used Stealth Rock!
Pointed stones float in the air around your team!
Turn 6
You have 150 seconds to make your decision.
PaulaThePSIYouth withdrew Excadrill!
PaulaThePSIYouth sent out Togekiss!
Red Eye used Draco Meteor!
It doesn't affect the opposing Togekiss...
Turn 7
You have 150 seconds to make your decision.
Red Eye used Draco Meteor!
It doesn't affect the opposing Togekiss...
The opposing Togekiss used Thunder Wave!
Red Eye is paralyzed! It may be unable to move!
Turn 8
You have 150 seconds to make your decision.
The opposing Togekiss used Air Slash!
Red Eye lost 29.8% of its health!
Red Eye flinched and couldn't move!
Turn 9
You have 150 seconds to make your decision.
The opposing Togekiss used Air Slash!
Red Eye lost 30.1% of its health!
Red Eye used Roost!
Red Eye regained health!
Turn 10
You have 150 seconds to make your decision.
PaulaThePSIYouth withdrew Togekiss!
PaulaThePSIYouth sent out Serperior!
Red Eye used Defog!
The opposing Serperior's evasiveness rose!
The pointed stones disappeared from around your team!
Turn 11
You have 150 seconds to make your decision.
Red Eye, come back!
Go! Skywalker (Landorus-Therian)!
Skywalker intimidates the opposing Serperior!
The opposing Serperior's Attack rose!
The opposing Serperior used Leaf Storm!
Skywalker lost 61.8% of its health!
The opposing Serperior's Special Attack sharply rose!
Turn 12
You have 150 seconds to make your decision.
Skywalker used U-turn!
A critical hit! It's super effective! The opposing Serperior lost 96% of its health!
You have 150 seconds to make your decision.
Skywalker went back to asdf7023moveco!
Go! Red Bullet (Scizor)!
The opposing Serperior used Leaf Storm!
It's not very effective... Red Bullet lost 25.9% of its health!
The opposing Serperior's Special Attack sharply rose!
The opposing Serperior restored a little HP using its Leftovers!
Turn 13
You have 150 seconds to make your decision.
asdf7023moveco has 120 seconds left.
PaulaThePSIYouth withdrew Serperior!
PaulaThePSIYouth sent out U scared (Metagross-Mega)!
Red Bullet used U-turn!
The opposing U scared lost 47% of its health!
You have 150 seconds to make your decision.
Red Bullet went back to asdf7023moveco!
Go! Lola (Lopunny-Mega)!
Turn 14
You have 150 seconds to make your decision.
The opposing U scared used Bullet Punch!
Lola lost 6.6% of its health!
Lola fainted!
You have 150 seconds to make your decision.
Go! Kenmore (Rotom-Wash)!
Turn 15
You have 150 seconds to make your decision.
The opposing U scared used Zen Headbutt!
Kenmore lost 45.4% of its health!
Kenmore used Hydro Pump!
The opposing U scared lost 35% of its health!
The opposing U scared fainted!
Kenmore restored a little HP using its Leftovers!
PaulaThePSIYouth sent out Azelf!
Turn 16
You have 150 seconds to make your decision.
The opposing Azelf used Zen Headbutt!
Kenmore lost 45.4% of its health!
Kenmore used Hydro Pump!
The opposing Azelf lost 61% of its health!
Kenmore restored a little HP using its Leftovers!
Turn 17
You have 150 seconds to make your decision.
The opposing Azelf used Zen Headbutt!
Kenmore lost 21.7% of its health!
Kenmore fainted!
You have 150 seconds to make your decision.
Go! Magma Gazer (Heatran)!
Turn 18
You have 150 seconds to make your decision.
PaulaThePSIYouth withdrew Azelf!
PaulaThePSIYouth sent out Togekiss!
Magma Gazer used Stealth Rock!
Pointed stones float in the air around the opposing team!
Turn 19
You have 150 seconds to make your decision.
Magma Gazer, come back!
Go! Red Eye (Latios)!
The opposing Togekiss used Thunder Wave!
Red Eye is already paralyzed.
Turn 20
You have 150 seconds to make your decision.
The opposing Togekiss used Air Slash!
Red Eye lost 31.8% of its health!
Red Eye flinched and couldn't move!
Turn 21
You have 150 seconds to make your decision.
The opposing Togekiss used Air Slash!
Red Eye lost 30.1% of its health!
Red Eye used Psyshock!
The opposing Togekiss lost 52% of its health!
Red Eye lost some of its HP!
The opposing Togekiss restored a little HP using its Leftovers!
Turn 22
You have 150 seconds to make your decision.
The opposing Togekiss used Air Slash!
Red Eye lost 8.3% of its health!
Red Eye fainted!
The opposing Togekiss restored a little HP using its Leftovers!
You have 150 seconds to make your decision.
Go! Skywalker (Landorus-Therian)!
Skywalker intimidates the opposing Togekiss!
The opposing Togekiss's Attack fell!
Turn 23
You have 150 seconds to make your decision.
PaulaThePSIYouth withdrew Togekiss!
PaulaThePSIYouth sent out Excadrill!
Pointed stones dug into the opposing Excadrill!
The opposing Excadrill breaks the mold!
Skywalker used Stone Edge!
It's not very effective... The opposing Excadrill lost 11% of its health!
Turn 24
You have 150 seconds to make your decision.
Skywalker used Stone Edge!
It's not very effective... The opposing Excadrill lost 2% of its health!
The opposing Excadrill fainted!
PaulaThePSIYouth sent out Serperior!
Pointed stones dug into the opposing Serperior!
The opposing Serperior fainted!
PaulaThePSIYouth sent out Raikou!
Pointed stones dug into the opposing Raikou!
The opposing Raikou is exerting its pressure!
Turn 25
You have 150 seconds to make your decision.
The opposing Raikou used Hidden Power!
It's super effective! Skywalker lost 38.2% of its health!
Skywalker fainted!
You have 150 seconds to make your decision.
Go! Red Bullet (Scizor)!
Turn 26
You have 150 seconds to make your decision.
Red Bullet, come back!
Go! Magma Gazer (Heatran)!
The opposing Raikou used Hidden Power!
It's not very effective... Magma Gazer lost 3.1% of its health!
Magma Gazer restored a little HP using its Leftovers!
Turn 27
You have 150 seconds to make your decision.
PaulaThePSIYouth withdrew Raikou!
PaulaThePSIYouth sent out Togekiss!
Pointed stones dug into the opposing Togekiss!
Magma Gazer used Lava Plume!
The opposing Togekiss lost 20% of its health!
The opposing Togekiss restored a little HP using its Leftovers!
Turn 28
You have 150 seconds to make your decision.
Magma Gazer used Lava Plume!
The opposing Togekiss lost 22% of its health!
The opposing Togekiss fainted!
PaulaThePSIYouth sent out Raikou!
Pointed stones dug into the opposing Raikou!
The opposing Raikou is exerting its pressure!
Turn 29
You have 150 seconds to make your decision.
The opposing Raikou used Aura Sphere!
It's super effective! Magma Gazer lost 35.8% of its health!
Magma Gazer used Lava Plume!
The opposing Raikou lost 40% of its health!
Magma Gazer restored a little HP using its Leftovers!
Turn 30
You have 150 seconds to make your decision.
The opposing Raikou used Aura Sphere!
It's super effective! Magma Gazer lost 37.4% of its health!
Magma Gazer used Lava Plume!
The opposing Raikou lost 36% of its health!
The opposing Raikou fainted!
Magma Gazer restored a little HP using its Leftovers!
PaulaThePSIYouth sent out Azelf!
Pointed stones dug into the opposing Azelf!
Turn 31
You have 150 seconds to make your decision.
The opposing Azelf used Zen Headbutt!
It's not very effective... Magma Gazer lost 24.2% of its health!
Magma Gazer used Lava Plume!
The opposing Azelf lost 26% of its health!
The opposing Azelf fainted!
asdf7023moveco won the battle!
Ladder updating...
PaulaThePSIYouth's rating: 1084 → 1062
(-22 for losing)
asdf7023moveco's rating: 1087 → 1114
(+27 for winning)
★asdf7023moveco: gg
★PaulaThePSIYouth: gg