Metasaur joined.
asdf7023moveco joined.
Format:
OU
Rated battle
Swagger Clause: Swagger is banned
Baton Pass Clause: Limit one Pokémon knowing Baton Pass
Sleep Clause Mod: Limit one foe put to sleep
Species Clause: Limit one of each Pokémon
OHKO Clause: OHKO moves are banned
Moody Clause: Moody is banned
Evasion Moves Clause: Evasion moves are banned
Endless Battle Clause: Forcing endless battles is banned
HP Percentage Mod: HP is shown in percentages
asdf7023moveco's team:
Lopunny / Rotom-Wash / Landorus-Therian / Scizor / Heatran / Latios
Metasaur's team:
Scizor / Togekiss / Blastoise / Tyranitar / Nidoqueen / Volcarona
Battle timer is now ON: inactive players will automatically lose when time's up. (requested by asdf7023moveco)
Metasaur has 120 seconds left.
Battle between Metasaur and asdf7023moveco started!
Metasaur sent out Scizor!
Go! Lola (Lopunny)!
Turn 1
You have 150 seconds to make your decision.
Lola's Lopunnite is reacting to asdf7023moveco's Mega Bracelet!
Lola has Mega Evolved into Mega Lopunny!
Lola used Power-Up Punch!
A critical hit! The opposing Scizor lost 36% of its health!
Lola's Attack rose!
The opposing Scizor used Agility!
The opposing Scizor's Speed sharply rose!
Turn 2
You have 150 seconds to make your decision.
The opposing Scizor used Swords Dance!
The opposing Scizor's Attack sharply rose!
Lola used High Jump Kick!
The opposing Scizor lost 64% of its health!
The opposing Scizor fainted!
Metasaur sent out TogeFlinch (Togekiss)!
Turn 3
You have 150 seconds to make your decision.
Lola used High Jump Kick!
It's not very effective... The opposing TogeFlinch lost 26% of its health!
The opposing TogeFlinch used Air Slash!
It's super effective! Lola lost 81.9% of its health!
Turn 4
You have 150 seconds to make your decision.
GoldPokemonMaster joined.
Lola used Return!
The opposing TogeFlinch lost 74% of its health!
The opposing TogeFlinch fainted!
Metasaur sent out Volcarona!
Turn 5
You have 150 seconds to make your decision.
Lola used Return!
The opposing Volcarona lost 91% of its health!
The opposing Volcarona used Bug Buzz!
It's not very effective... Lola lost 18.1% of its health!
Lola fainted!
The opposing Volcarona restored a little HP using its Leftovers!
You have 150 seconds to make your decision.
GoldPokemonMaster left.
Go! Kenmore (Rotom-Wash)!
Turn 6
You have 150 seconds to make your decision.
Metasaur withdrew Volcarona!
Metasaur sent out Blastoise!
Kenmore, come back!
Go! Skywalker (Landorus-Therian)!
Skywalker intimidates the opposing Blastoise!
The opposing Blastoise's Attack fell!
Turn 7
You have 150 seconds to make your decision.
Skywalker used U-turn!
The opposing Blastoise lost 26% of its health!
You have 150 seconds to make your decision.
Skywalker went back to asdf7023moveco!
Go! Red Eye (Latios)!
The opposing Blastoise used Scald!
It's not very effective... Red Eye lost 14.9% of its health!
Turn 8
You have 150 seconds to make your decision.
Red Eye used Draco Meteor!
The opposing Blastoise lost 74% of its health!
Red Eye's Special Attack harshly fell!
Red Eye lost some of its HP!
The opposing Blastoise fainted!
Metasaur sent out Volcarona!
Turn 9
You have 150 seconds to make your decision.
Red Eye, come back!
Go! Skywalker (Landorus-Therian)!
Skywalker intimidates the opposing Volcarona!
The opposing Volcarona's Attack fell!
The opposing Volcarona used Bug Buzz!
It's not very effective... Skywalker lost 25.8% of its health!
The opposing Volcarona restored a little HP using its Leftovers!
Turn 10
You have 150 seconds to make your decision.
Metasaur withdrew Volcarona!
Metasaur sent out Nidoqueen!
Skywalker used Earthquake!
It's super effective! The opposing Nidoqueen lost 100% of its health!
The opposing Nidoqueen fainted!
Metasaur sent out Crunchotar (Tyranitar)!
A sandstorm kicked up!
Turn 11
You have 150 seconds to make your decision.
The opposing Crunchotar's Tyranitarite is reacting to Metasaur's Mega Bracelet!
The opposing Crunchotar has Mega Evolved into Mega Tyranitar!
Skywalker used Earthquake!
It's super effective! The opposing Crunchotar lost 66% of its health!
The opposing Crunchotar used Dragon Dance!
The opposing Crunchotar's Attack rose!
The opposing Crunchotar's Speed rose!
The sandstorm is raging.
Turn 12
You have 150 seconds to make your decision.
Skywalker used Earthquake!
A critical hit! It's super effective! The opposing Crunchotar lost 34% of its health!
The opposing Crunchotar fainted!
The sandstorm is raging.
Metasaur sent out Volcarona!
Turn 13
You have 150 seconds to make your decision.
Skywalker used Earthquake!
The opposing Volcarona lost 21% of its health!
The opposing Volcarona fainted!
asdf7023moveco won the battle!
Ladder updating...
Metasaur's rating: 1043 → 1028
(-15 for losing)
asdf7023moveco's rating: 1077 → 1102
(+25 for winning)
★asdf7023moveco: gg
Metasaur left.