asdf7023moveco joined.
diannur joined.
Format:
OU
Rated battle
Swagger Clause: Swagger is banned
Baton Pass Clause: Limit one Pokémon knowing Baton Pass
Sleep Clause Mod: Limit one foe put to sleep
Species Clause: Limit one of each Pokémon
OHKO Clause: OHKO moves are banned
Moody Clause: Moody is banned
Evasion Moves Clause: Evasion moves are banned
Endless Battle Clause: Forcing endless battles is banned
HP Percentage Mod: HP is shown in percentages
asdf7023moveco's team:
Lopunny / Rotom-Wash / Landorus-Therian / Scizor / Heatran / Latios
diannur's team:
Torterra / Tornadus-Therian / Charizard / Espeon / Durant / Snorlax
Battle timer is now ON: inactive players will automatically lose when time's up. (requested by asdf7023moveco)
Battle between asdf7023moveco and diannur started!
Go! Lola (Lopunny)!
diannur sent out Espeon!
Turn 1
You have 150 seconds to make your decision.
Lola, come back!
Go! Red Bullet (Scizor)!
The opposing Espeon used Substitute!
The opposing Espeon put in a substitute!
The opposing Espeon lost 24% of its health!
Turn 2
You have 150 seconds to make your decision.
The opposing Espeon used Calm Mind!
The opposing Espeon's Special Attack rose!
The opposing Espeon's Special Defense rose!
Red Bullet used U-turn!
It's super effective! The opposing Espeon's substitute faded!
You have 150 seconds to make your decision.
Red Bullet went back to asdf7023moveco!
Go! Lola (Lopunny)!
Turn 3
You have 150 seconds to make your decision.
Lola's Lopunnite is reacting to asdf7023moveco's Mega Bracelet!
Lola has Mega Evolved into Mega Lopunny!
Lola used Return!
The opposing Espeon lost 74% of its health!
The opposing Espeon ate its Sitrus Berry!
The opposing Espeon restored HP using its Sitrus Berry!
The opposing Espeon used Calm Mind!
The opposing Espeon's Special Attack rose!
The opposing Espeon's Special Defense rose!
Turn 4
You have 150 seconds to make your decision.
Lola used Return!
The opposing Espeon lost 26% of its health!
The opposing Espeon fainted!
diannur has 120 seconds left.
diannur has 90 seconds left.
diannur has 60 seconds left.
diannur has 40 seconds left.
diannur has 30 seconds left.
diannur has 20 seconds left.
diannur has 10 seconds left.
diannur lost due to inactivity.
asdf7023moveco won the battle!
Ladder updating...
asdf7023moveco's rating: 1069 → 1097
(+28 for winning)
diannur's rating: 1050 → 1034
(-16 for losing)
★asdf7023moveco: gg