asdf7023moveco joined.
Waviel joined.
Format:
OU
Rated battle
Swagger Clause: Swagger is banned
Baton Pass Clause: Limit one Pokémon knowing Baton Pass
Sleep Clause Mod: Limit one foe put to sleep
Species Clause: Limit one of each Pokémon
OHKO Clause: OHKO moves are banned
Moody Clause: Moody is banned
Evasion Moves Clause: Evasion moves are banned
Endless Battle Clause: Forcing endless battles is banned
HP Percentage Mod: HP is shown in percentages
asdf7023moveco's team:
Lopunny / Rotom-Wash / Landorus-Therian / Scizor / Heatran / Latios
Waviel's team:
Umbreon / Cloyster / Serperior / Drapion / Chandelure / Gliscor
Battle timer is now ON: inactive players will automatically lose when time's up. (requested by asdf7023moveco)
Battle between asdf7023moveco and Waviel started!
Go! Lola (Lopunny)!
Waviel sent out Gliscor!
Turn 1
You have 150 seconds to make your decision.
Lola's Lopunnite is reacting to asdf7023moveco's Mega Bracelet!
Lola has Mega Evolved into Mega Lopunny!
The opposing Gliscor used Protect!
The opposing Gliscor protected itself!
Lola used Ice Punch!
The opposing Gliscor protected itself!
The opposing Gliscor was badly poisoned by the Toxic Orb!
Turn 2
You have 150 seconds to make your decision.
Waviel withdrew Gliscor!
Waviel sent out Chandelure!
Lola used Ice Punch!
It's not very effective... The opposing Chandelure lost 17% of its health!
The opposing Chandelure was frozen solid!
The opposing Chandelure restored a little HP using its Leftovers!
Turn 3
You have 150 seconds to make your decision.
Lola used Return!
The opposing Chandelure lost 75% of its health!
The opposing Chandelure is frozen solid!
The opposing Chandelure restored a little HP using its Leftovers!
Turn 4
You have 150 seconds to make your decision.
Lola used Power-Up Punch!
A critical hit! The opposing Chandelure lost 20% of its health!
Lola's Attack rose!
The opposing Chandelure fainted!
Waviel has 120 seconds left.
Waviel forfeited.
asdf7023moveco won the battle!
Ladder updating...
Waviel left.
asdf7023moveco's rating: 1166 → 1190
(+24 for winning)
Waviel's rating: 1151 → 1127
(-24 for losing)
★asdf7023moveco: gg