asdf7023moveco joined.
Mailli joined.
Format:
OU
Rated battle
Swagger Clause: Swagger is banned
Baton Pass Clause: Limit one Pokémon knowing Baton Pass
Sleep Clause Mod: Limit one foe put to sleep
Species Clause: Limit one of each Pokémon
OHKO Clause: OHKO moves are banned
Moody Clause: Moody is banned
Evasion Moves Clause: Evasion moves are banned
Endless Battle Clause: Forcing endless battles is banned
HP Percentage Mod: HP is shown in percentages
asdf7023moveco's team:
Lopunny / Rotom-Wash / Landorus-Therian / Scizor / Heatran / Latios
Mailli's team:
Aggron / Rotom-Wash / Dusknoir / Latias / Combusken / Drapion
Battle timer is now ON: inactive players will automatically lose when time's up. (requested by asdf7023moveco)
You have 150 seconds to make your decision.
Mailli has 120 seconds left.
Battle between asdf7023moveco and Mailli started!
Go! Lola (Lopunny)!
Mailli sent out Gripper (Dusknoir)!
The opposing Gripper frisked Lola and found its Lopunnite!
Turn 1
You have 150 seconds to make your decision.
asdf7023moveco has 120 seconds left.
Lola's Lopunnite is reacting to asdf7023moveco's Mega Bracelet!
Lola has Mega Evolved into Mega Lopunny!
Lola used High Jump Kick!
The opposing Gripper lost 80% of its health!
The opposing Gripper ate its Sitrus Berry!
The opposing Gripper restored HP using its Sitrus Berry!
The opposing Gripper used Will-O-Wisp!
Lola was burned!
Lola was hurt by its burn!
Turn 2
You have 150 seconds to make your decision.
Mailli has 120 seconds left.
Lola, come back!
Go! Kenmore (Rotom-Wash)!
The opposing Gripper used Shadow Sneak!
A critical hit! Kenmore lost 19.7% of its health!
Kenmore restored a little HP using its Leftovers!
Turn 3
You have 150 seconds to make your decision.
Mailli withdrew Gripper (Dusknoir)!
Mailli sent out Eon (Latias)!
Kenmore used Volt Switch!
It's not very effective... The opposing Eon lost 9% of its health!
You have 150 seconds to make your decision.
Kenmore went back to asdf7023moveco!
Go! Magma Gazer (Heatran)!
Turn 4
You have 150 seconds to make your decision.
Mailli has 120 seconds left.
Mailli withdrew Eon (Latias)!
Mailli sent out Plasma (Rotom-Wash)!
Magma Gazer used Stealth Rock!
Pointed stones float in the air around the opposing team!
Turn 5
You have 150 seconds to make your decision.
The opposing Plasma used Thunder Wave!
Magma Gazer is paralyzed! It may be unable to move!
Magma Gazer used Earth Power!
It doesn't affect the opposing Plasma...
Turn 6
You have 150 seconds to make your decision.
★Mailli: !data landorus-theiran
No Pokemon, item, move, ability or nature named 'landorus-theiran' was found. Showing the data of 'Landorus-Therian' instead.
OU
Landorus-Therian
Intimidate
HP
89
Atk
145
Def
90
SpA
105
SpD
80
Spe
91
BST
600
asdf7023moveco has 120 seconds left.
The opposing Plasma used Hydro Pump!
It's super effective! Magma Gazer lost 69.1% of its health!
Magma Gazer used Earth Power!
It doesn't affect the opposing Plasma...
Magma Gazer restored a little HP using its Leftovers!
Turn 7
You have 150 seconds to make your decision.
asdf7023moveco has 120 seconds left.
Magma Gazer, come back!
Go! Kenmore (Rotom-Wash)!
The opposing Plasma used Thunderbolt!
Kenmore lost 46.4% of its health!
Kenmore restored a little HP using its Leftovers!
Turn 8
You have 150 seconds to make your decision.
asdf7023moveco has 120 seconds left.
Kenmore used Pain Split!
The battlers shared their pain!
The opposing Plasma used Thunderbolt!
Kenmore lost 43.4% of its health!
Kenmore restored a little HP using its Leftovers!
Turn 9
You have 150 seconds to make your decision.
asdf7023moveco has 120 seconds left.
Kenmore, come back!
Go! Magma Gazer (Heatran)!
The opposing Plasma used Thunderbolt!
Magma Gazer lost 29.6% of its health!
Magma Gazer restored a little HP using its Leftovers!
Turn 10
You have 140 seconds to make your decision.
asdf7023moveco has 120 seconds left.
asdf7023moveco has 90 seconds left.
Magma Gazer, come back!
Go! Red Eye (Latios)!
The opposing Plasma used Thunderbolt!
It's not very effective... Red Eye lost 23.8% of its health!
Turn 11
You have 120 seconds to make your decision.
asdf7023moveco has 90 seconds left.
Mailli has 120 seconds left.
Red Eye used Draco Meteor!
The opposing Plasma lost 80% of its health!
Red Eye's Special Attack harshly fell!
Red Eye lost some of its HP!
The opposing Plasma fainted!
Mailli has 120 seconds left.
Mailli sent out Gripper (Dusknoir)!
Pointed stones dug into the opposing Gripper!
The opposing Gripper frisked Red Eye and found its Life Orb!
Turn 12
You have 130 seconds to make your decision.
Red Eye, come back!
Go! Kenmore (Rotom-Wash)!
The opposing Gripper used Shadow Sneak!
Kenmore lost 15.1% of its health!
Kenmore restored a little HP using its Leftovers!
Turn 13
You have 130 seconds to make your decision.
The opposing Gripper used Shadow Sneak!
Kenmore lost 14.8% of its health!
Kenmore used Hydro Pump!
The opposing Gripper lost 32% of its health!
The opposing Gripper fainted!
Kenmore restored a little HP using its Leftovers!
Mailli sent out Ogre Scorpion (Drapion)!
Pointed stones dug into the opposing Ogre Scorpion!
Turn 14
You have 140 seconds to make your decision.
asdf7023moveco has 120 seconds left.
Mailli has 120 seconds left.
The opposing Ogre Scorpion used Knock Off!
Kenmore lost 8.2% of its health!
The opposing Ogre Scorpion knocked off Kenmore's Leftovers!
Kenmore fainted!
You have 140 seconds to make your decision.
Go! Red Bullet (Scizor)!
Turn 15
You have 150 seconds to make your decision.
Mailli has 120 seconds left.
Mailli withdrew Ogre Scorpion (Drapion)!
Mailli sent out Armour (Aggron)!
Pointed stones dug into the opposing Armour!
The opposing Armour floats in the air with its Air Balloon!
Red Bullet used Superpower!
It's super effective! The opposing Armour lost 94% of its health!
The opposing Armour's Air Balloon popped!
Red Bullet's Attack fell!
Red Bullet's Defense fell!
The opposing Armour fainted!
Mailli sent out Young Fowl (Combusken)!
Pointed stones dug into the opposing Young Fowl!
Turn 16
You have 150 seconds to make your decision.
Red Bullet, come back!
Go! Red Eye (Latios)!
The opposing Young Fowl used Work Up!
The opposing Young Fowl's Attack rose!
The opposing Young Fowl's Special Attack rose!
The opposing Young Fowl's Speed Boost raised its Speed!
Turn 17
You have 150 seconds to make your decision.
Red Eye used Psyshock!
It's super effective! The opposing Young Fowl lost 88% of its health!
Red Eye lost some of its HP!
The opposing Young Fowl fainted!
Mailli sent out Ogre Scorpion (Drapion)!
Pointed stones dug into the opposing Ogre Scorpion!
Turn 18
You have 150 seconds to make your decision.
The opposing Ogre Scorpion used Knock Off!
It's super effective! Red Eye lost 56.3% of its health!
The opposing Ogre Scorpion knocked off Red Eye's Life Orb!
Red Eye fainted!
You have 150 seconds to make your decision.
Go! Lola (Lopunny-Mega)!
Turn 19
You have 150 seconds to make your decision.
Lola, come back!
Go! Skywalker (Landorus-Therian)!
Skywalker intimidates the opposing Ogre Scorpion!
The opposing Ogre Scorpion's Attack fell!
The opposing Ogre Scorpion used Knock Off!
Skywalker lost 31.7% of its health!
The opposing Ogre Scorpion knocked off Skywalker's Choice Scarf!
Turn 20
You have 150 seconds to make your decision.
Mailli withdrew Ogre Scorpion (Drapion)!
Mailli sent out Eon (Latias)!
Pointed stones dug into the opposing Eon!
Skywalker used U-turn!
It's super effective! The opposing Eon lost 68% of its health!
You have 150 seconds to make your decision.
Skywalker went back to asdf7023moveco!
Go! Red Bullet (Scizor)!
Turn 21
You have 150 seconds to make your decision.
Mailli has 120 seconds left.
The opposing Eon's Latiasite is reacting to Mailli's Mega Bracelet!
The opposing Eon has Mega Evolved into Mega Latias!
Red Bullet used Bullet Punch!
The opposing Eon lost 10% of its health!
The opposing Eon fainted!
Mailli sent out Ogre Scorpion (Drapion)!
Pointed stones dug into the opposing Ogre Scorpion!
Turn 22
You have 150 seconds to make your decision.
Mailli has 120 seconds left.
Red Bullet used Bullet Punch!
The opposing Ogre Scorpion lost 60% of its health!
The opposing Ogre Scorpion used Brick Break!
A critical hit! Red Bullet lost 47.5% of its health!
Turn 23
You have 150 seconds to make your decision.
★Mailli: gg
Red Bullet used Bullet Punch!
The opposing Ogre Scorpion lost 3% of its health!
The opposing Ogre Scorpion fainted!
asdf7023moveco won the battle!
Ladder updating...
★asdf7023moveco: gg
asdf7023moveco's rating: 1107 → 1134
(+27 for winning)
Mailli's rating: 1124 → 1098
(-26 for losing)
Mailli left.