|join|Bob the Bro
|join|aqbf
|player|p1|Bob the Bro|23
|player|p2|aqbf|138
|gametype|singles
|gen|6
|tier|UU
|rule|Sleep Clause Mod: Limit one foe put to sleep
|rule|Species Clause: Limit one of each Pokémon
|rule|OHKO Clause: OHKO moves are banned
|rule|Moody Clause: Moody is banned
|rule|Evasion Moves Clause: Evasion moves are banned
|rule|Endless Battle Clause: Forcing endless battles is banned
|rule|HP Percentage Mod: HP is shown in percentages
|clearpoke
|poke|p1|Suicune
|poke|p1|Forretress, M
|poke|p1|Crobat, F
|poke|p1|Diggersby, M
|poke|p1|Hydreigon, M
|poke|p1|Blissey, F
|poke|p2|Toxicroak, F
|poke|p2|Chandelure, M
|poke|p2|Aerodactyl, F, shiny
|poke|p2|Krookodile, M
|poke|p2|Swampert, M
|poke|p2|Whimsicott, F
|rule|Swagger Clause: Swagger is banned
|rule|Baton Pass Clause: Limit one Pokémon knowing Baton Pass
|teampreview
|join|Weavile>Greninja
|join|Shaneee
|join|Yellow Skarmory
|join|llplplplp
|join|needforweed
|join|Mr.squid
|c|★aqbf|I'm scared
|join|gbhg
|join|DatLatias
|join|0rbital
|c| gbhg|bob
|c|★Bob the Bro|same
|join|Mega Ridley
|c|★aqbf|diggersby man
|join|LessThanThreeMan
|join|Ebola Joints
|c| gbhg|u haxed me
|join|Tip Harris
|c| gbhg|thats why he won
|c| Ebola Joints|nope
|c| Ebola Joints|you suck
|
|start
|switch|p1a: Forretress|Forretress, M|354\/354
|switch|p2a: Kraid|Swampert, M|404\/404
|turn|1
|c|★aqbf|well hax is a part of the game
|c|★aqbf|deal
|c| Ebola Joints|you said it yourself
|c| Ebola Joints|sorry
|c| Weavile>Greninja|hax is part of the game bit deal
|c| gbhg|ik
|
|move|p2a: Kraid|Scald|p1a: Forretress
|-damage|p1a: Forretress|239\/354
|-status|p1a: Forretress|brn
|move|p1a: Forretress|Stealth Rock|p2a: Kraid
|-sidestart|p2: aqbf|move: Stealth Rock
|
|-heal|p1a: Forretress|261\/354 brn|[from] item: Leftovers
|-damage|p1a: Forretress|217\/354 brn|[from] brn
|turn|2
|c| gbhg|i do suck at uu
|c|★Bob the Bro|rip
|c|★aqbf|as you can see, hax is wonderful
|c|★aqbf|:]
|c| gbhg|um
|
|move|p2a: Kraid|Stealth Rock|p1a: Forretress
|-sidestart|p1: Bob the Bro|move: Stealth Rock
|move|p1a: Forretress|Toxic|p2a: Kraid
|-status|p2a: Kraid|tox
|
|-heal|p1a: Forretress|239\/354 brn|[from] item: Leftovers
|-damage|p2a: Kraid|379\/404 tox|[from] psn
|-damage|p1a: Forretress|195\/354 brn|[from] brn
|turn|3
|c| gbhg|its not
|c| Weavile>Greninja|it is sometimes
|join|Moniker
|c| gbhg|hax is a bitch
|c|★aqbf|it is when it works for me
|c| gbhg|always
|
|switch|p2a: Phantoon|Chandelure, M|289\/289
|-damage|p2a: Phantoon|217\/289|[from] Stealth Rock
|switch|p1a: Blissey|Blissey, F|714\/714
|-damage|p1a: Blissey|625\/714|[from] Stealth Rock
|
|-heal|p2a: Phantoon|235\/289|[from] item: Leftovers
|-heal|p1a: Blissey|669\/714|[from] item: Leftovers
|turn|4
|c| Weavile>Greninja|depends
|c| gbhg|i hate hax when i get it
|c|★aqbf|you're weird
|
|switch|p1a: Hydreigon|Hydreigon, M|325\/325
|-damage|p1a: Hydreigon|285\/325|[from] Stealth Rock
|move|p2a: Phantoon|Substitute|p2a: Phantoon
|-start|p2a: Phantoon|Substitute
|-damage|p2a: Phantoon|163\/289
|
|-heal|p2a: Phantoon|181\/289|[from] item: Leftovers
|turn|5
|c| gbhg|i hate hax when i recieve it
|c|★Bob the Bro|the hax giveth
|c|★Bob the Bro|the hax taketh
|c|★aqbf|play a more deterministic game than pokemon then
|c|★aqbf|:P
|
|switch|p2a: Whimsicott|Whimsicott, F|261\/261
|-damage|p2a: Whimsicott|229\/261|[from] Stealth Rock
|move|p1a: Hydreigon|Dark Pulse|p2a: Whimsicott
|-resisted|p2a: Whimsicott
|-damage|p2a: Whimsicott|135\/261
|
|turn|6
|c| gbhg|and i always recieve it
|c| Ebola Joints|play digimon 
|
|switch|p1a: Blissey|Blissey, F|669\/714
|-damage|p1a: Blissey|580\/714|[from] Stealth Rock
|move|p2a: Whimsicott|U-turn|p1a: Blissey
|-damage|p1a: Blissey|488\/714
|-damage|p2a: Whimsicott|109\/261|[from] item: Life Orb
|c| gbhg|um
|
|switch|p2a: Ridley|Aerodactyl, F, shiny|331\/331
|-damage|p2a: Ridley|249\/331|[from] Stealth Rock
|-ability|p2a: Ridley|Pressure
|
|-heal|p1a: Blissey|532\/714|[from] item: Leftovers
|turn|7
|c| gbhg|wtf is digimon
|join|namehtmas
|c| gbhg|prob a asian game
|c| Mega Ridley|omg it's me 
|
|switch|p1a: Suicune|Suicune|404\/404
|-damage|p1a: Suicune|354\/404|[from] Stealth Rock
|-ability|p1a: Suicune|Pressure
|detailschange|p2a: Ridley|Aerodactyl-Mega, F, shiny
|message|Aerodactyl has Mega Evolved into Mega Aerodactyl!
|move|p2a: Ridley|Defog|p1a: Suicune
|-unboost|p1a: Suicune|evasion|1
|-sideend|p1: Bob the Bro|Stealth Rock|[from] move: Defog|[of] p1a: Suicune
|-sideend|p2: aqbf|Stealth Rock|[from] move: Defog|[of] p2a: Ridley
|
|-heal|p1a: Suicune|379\/404|[from] item: Leftovers
|turn|8
|c|★aqbf|^good
|c| Ebola Joints|idk but i bet theres no hax so that you stop bitching
|c| gbhg|k
|c|★aqbf|I really hope this is crocune
|c| gbhg|im not playing some nerdy ass game that no one knows
|c|★Bob the Bro|play chess
|c|★Bob the Bro|no hax
|
|switch|p2a: Kraid|Swampert, M|379\/404 tox
|switch|p1a: Crobat|Crobat, F|325\/325
|
|-heal|p2a: Kraid|404\/404 tox|[from] item: Leftovers
|-damage|p2a: Kraid|379\/404 tox|[from] psn
|turn|9
|c| gbhg|nope
|c| gbhg|2 nerdy
|
|move|p1a: Crobat|U-turn|p2a: Kraid
|-damage|p2a: Kraid|332\/404 tox
|
|switch|p1a: Blissey|Blissey, F|532\/714
|move|p2a: Kraid|Scald|p1a: Blissey
|-damage|p1a: Blissey|465\/714
|
|-heal|p1a: Blissey|509\/714|[from] item: Leftovers
|-heal|p2a: Kraid|357\/404 tox|[from] item: Leftovers
|-damage|p2a: Kraid|307\/404 tox|[from] psn
|turn|10
|c| 0rbital|>playing pokemon
|
|move|p1a: Blissey|Heal Bell|p1a: Blissey
|-cureteam|p1a: Blissey|[from] move: HealBell
|move|p2a: Kraid|Stealth Rock|p1a: Blissey
|-sidestart|p1: Bob the Bro|move: Stealth Rock
|
|-heal|p1a: Blissey|553\/714|[from] item: Leftovers
|-heal|p2a: Kraid|332\/404 tox|[from] item: Leftovers
|-damage|p2a: Kraid|257\/404 tox|[from] psn
|turn|11
|c| gbhg|^^^^^^^^^^^^^^
|c| Tip Harris|>>>\/out\/
|
|move|p1a: Blissey|Wish|p1a: Blissey
|move|p2a: Kraid|Roar|p1a: Blissey
|drag|p1a: Forretress|Forretress, M|195\/354
|-damage|p1a: Forretress|151\/354|[from] Stealth Rock
|
|-heal|p2a: Kraid|282\/404 tox|[from] item: Leftovers
|-heal|p1a: Forretress|173\/354|[from] item: Leftovers
|-damage|p2a: Kraid|182\/404 tox|[from] psn
|turn|12
|c| gbhg|bored
|c|★Bob the Bro|nb
|c| Ebola Joints|yeah chess requires skill
|c| Ebola Joints|f
|c| Ebola Joints|d
|c| gbhg|um
|c| Ebola Joints|um
|c|★aqbf|fuck that shit
|c| gbhg|chess is for asians
|join|yan-too-ultimate
|
|switch|p2a: Phantoon|Chandelure, M|181\/289
|move|p1a: Forretress|Stealth Rock|p2a: Phantoon
|-sidestart|p2: aqbf|move: Stealth Rock
|
|-heal|p1a: Forretress|354\/354|[from] move: Wish|[wisher] Blissey
|-heal|p2a: Phantoon|199\/289|[from] item: Leftovers
|turn|13
|c| 0rbital|...
|c| Ebola Joints|chess is for smart people
|c| gbhg|aka
|c| gbhg|asians
|
|switch|p1a: Suicune|Suicune|379\/404
|-damage|p1a: Suicune|329\/404|[from] Stealth Rock
|-ability|p1a: Suicune|Pressure
|move|p2a: Phantoon|Flamethrower|p1a: Suicune
|-resisted|p1a: Suicune
|-damage|p1a: Suicune|254\/404
|
|-heal|p2a: Phantoon|217\/289|[from] item: Leftovers
|-heal|p1a: Suicune|279\/404|[from] item: Leftovers
|turn|14
|c| Ebola Joints|cod is for fat fucks like you
|c| gbhg|i dont play cod
|join|Specs Cranidos
|c| Tip Harris|Your mom plays cod
|
|move|p2a: Phantoon|Calm Mind|p2a: Phantoon
|-boost|p2a: Phantoon|spa|1
|-boost|p2a: Phantoon|spd|1
|move|p1a: Suicune|Ice Beam|p2a: Phantoon
|-resisted|p2a: Phantoon
|-damage|p2a: Phantoon|193\/289
|
|-heal|p2a: Phantoon|211\/289|[from] item: Leftovers
|-heal|p1a: Suicune|304\/404|[from] item: Leftovers
|turn|15
|c| gbhg|idk what cod is
|c|★Bob the Bro|o rip
|c| Ebola Joints|my mom eats cod
|c| Ebola Joints|the fish
|
|move|p2a: Phantoon|Shadow Ball|p1a: Suicune
|-damage|p1a: Suicune|105\/404
|move|p1a: Suicune|Scald|p2a: Phantoon
|-supereffective|p2a: Phantoon
|-damage|p2a: Phantoon|77\/289
|
|-heal|p2a: Phantoon|95\/289|[from] item: Leftovers
|-heal|p1a: Suicune|130\/404|[from] item: Leftovers
|turn|16
|c|★aqbf|don't have rest too, that would be sketchy
|
|switch|p1a: Hydreigon|Hydreigon, M|285\/325
|-damage|p1a: Hydreigon|245\/325|[from] Stealth Rock
|move|p2a: Phantoon|Substitute|p2a: Phantoon
|-start|p2a: Phantoon|Substitute
|-damage|p2a: Phantoon|23\/289
|
|-heal|p2a: Phantoon|41\/289|[from] item: Leftovers
|turn|17
|c| gbhg|ooooo
|c| gbhg|plays
|c| Ebola Joints|sweep him already
|
|move|p1a: Hydreigon|Dark Pulse|p2a: Phantoon
|-supereffective|p2a: Phantoon
|-end|p2a: Phantoon|Substitute
|move|p2a: Phantoon|Flamethrower|p1a: Hydreigon
|-resisted|p1a: Hydreigon
|-damage|p1a: Hydreigon|113\/325
|
|-heal|p2a: Phantoon|59\/289|[from] item: Leftovers
|turn|18
|c|★aqbf|tbh I expected diggersby
|
|move|p1a: Hydreigon|Dark Pulse|p2a: Phantoon
|-supereffective|p2a: Phantoon
|-damage|p2a: Phantoon|0 fnt
|faint|p2a: Phantoon
|
|join|thymetime
|
|switch|p2a: Toxicroak|Toxicroak, F|328\/328
|-damage|p2a: Toxicroak|308\/328|[from] Stealth Rock
|turn|19
|
|switch|p1a: Crobat|Crobat, F|325\/325
|-damage|p1a: Crobat|244\/325|[from] Stealth Rock
|move|p2a: Toxicroak|Swords Dance|p2a: Toxicroak
|-boost|p2a: Toxicroak|atk|2
|
|turn|20
|
|move|p2a: Toxicroak|Sucker Punch|p1a: Crobat
|-fail|p1a: Crobat
|move|p1a: Crobat|Roost|p1a: Crobat
|-heal|p1a: Crobat|325\/325
|
|turn|21
|c| Ebola Joints|ouch
|c| gbhg|lol
|c|★aqbf|ah good
|c| Ebola Joints|sweep
|c| gbhg|sucker again
|
|switch|p2a: Kraid|Swampert, M|182\/404 tox
|-damage|p2a: Kraid|157\/404 tox|[from] Stealth Rock
|move|p1a: Crobat|Brave Bird|p2a: Kraid
|-damage|p2a: Kraid|15\/404 tox
|-damage|p1a: Crobat|278\/325|[from] recoil|[of] p2a: Kraid
|
|-heal|p2a: Kraid|40\/404 tox|[from] item: Leftovers
|-damage|p2a: Kraid|15\/404 tox|[from] psn
|turn|22
|c| Ebola Joints|maybe
|c| Ebola Joints|nvm
|c| gbhg|dumbass
|c| 0rbital|all 8 times like a man
|
|move|p1a: Crobat|U-turn|p2a: Kraid
|-damage|p2a: Kraid|0 fnt
|faint|p2a: Kraid
|c| gbhg|couldve killed him with sucker
|
|switch|p1a: Forretress|Forretress, M|354\/354
|-damage|p1a: Forretress|310\/354|[from] Stealth Rock
|
|-heal|p1a: Forretress|332\/354|[from] item: Leftovers
|
|switch|p2a: Toxicroak|Toxicroak, F|308\/328
|-damage|p2a: Toxicroak|288\/328|[from] Stealth Rock
|turn|23
|join|StayPuft84
|c|★aqbf|nah
|c|★aqbf|it does 75%?
|
|move|p2a: Toxicroak|Swords Dance|p2a: Toxicroak
|-boost|p2a: Toxicroak|atk|2
|move|p1a: Forretress|Rapid Spin|p2a: Toxicroak
|-damage|p2a: Toxicroak|269\/328
|-sideend|p1: Bob the Bro|Stealth Rock|[from] move: Rapid Spin|[of] p1a: Forretress
|
|-heal|p1a: Forretress|354\/354|[from] item: Leftovers
|turn|24
|join|ANGER MANAGEMENT
|c| Ebola Joints|theres this guy in sophomore at my school and in the locker room today he showed his cock
|c| gbhg|um
|c|★aqbf|good for him
|c| StayPuft84|well then
|c| gbhg|u looked at it
|c| gbhg|gay
|c| Ebola Joints|no i didnt
|c| Mega Ridley|how big was it?
|leave|LessThanThreeMan
|c| Mega Ridley|;)
|c|★aqbf|ain't nothing wrong with appreciating nice cock
|
|move|p2a: Toxicroak|Swords Dance|p2a: Toxicroak
|-boost|p2a: Toxicroak|atk|2
|move|p1a: Forretress|Volt Switch|p2a: Toxicroak
|-damage|p2a: Toxicroak|221\/328
|c| Specs Cranidos|then how do u know he showed it
|c| gbhg|gtfo mega ridley
|c| Ebola Joints|dude he was next to the specal ed teacher
|c| gbhg|gay
|join|Teddeh
|c| Mega Ridley|kys poopyhead
|c| gbhg|ebola
|join|LessThanThreeMan
|c| Tip Harris|did you offer to suck him off?
|c| Teddeh|Bob, I heard how you got driver
|join|broly66573
|c|★Bob the Bro|o
|c|★Bob the Bro|its ogre
|c| Teddeh|lol
|c| Ebola Joints|i offered to give him ebola bitch
|c| gbhg|^^^
|c| Ebola Joints|shut the fuck up
|c| gbhg|ur straight
|c| StayPuft84|or weed?
|c| Tip Harris|So you're gay then?
|c| gbhg|unlike these fags
|c|★aqbf|straight is boring
|
|switch|p1a: Hydreigon|Hydreigon, M|113\/325
|
|turn|25
|c| Ebola Joints|ebola joints? yeah weed 
|c| gbhg|im straight
|join|DannyClaw
|c| Teddeh|dis pop tho
|leave|Specs Cranidos
|c|★aqbf|I'm not :P
|leave|DannyClaw
|
|switch|p1a: Crobat|Crobat, F|278\/325
|move|p2a: Toxicroak|Sucker Punch|p1a: Crobat
|-fail|p1a: Crobat
|
|turn|26
|c| gbhg|ofc ur not
|c| DatLatias|stall
|c| DatLatias|suckers
|join|newfren
|c| DatLatias|if real
|c|★aqbf|are we doing this?
|c|★aqbf|let's do this
|c| gbhg|sp 
|c| Ebola Joints|i handed this girl a weed cookie but it really had ebola in it
|c| Teddeh|he's clicking sucker 8 times
|
|switch|p1a: Forretress|Forretress, M|354\/354
|move|p2a: Toxicroak|Sucker Punch|p1a: Forretress
|-fail|p1a: Forretress
|
|turn|27
|c| Teddeh|we all know it
|c| gbhg|....
|c| Tip Harris|How old are you 13?
|c| gbhg|^^^
|join|Dagon Tests
|c| gbhg|hes 9
|c|★aqbf|nope, I'm a bit older
|c| StayPuft84|13 1\/2... get it right
|c| StayPuft84|lol
|c| Ebola Joints|^-^
|c| 0rbital|...
|c| gbhg|nope
|c| newfren|lol
|c| gbhg|hes 9 and 3\/4
|
|move|p2a: Toxicroak|Drain Punch|p1a: Forretress
|-damage|p1a: Forretress|49\/354
|-heal|p2a: Toxicroak|328\/328|[from] drain|[of] p1a: Forretress
|-damage|p2a: Toxicroak|296\/328|[from] item: Life Orb
|move|p1a: Forretress|Volt Switch|p2a: Toxicroak
|-damage|p2a: Toxicroak|246\/328
|
|switch|p1a: Crobat|Crobat, F|278\/325
|
|turn|28
|c|★aqbf|and by a bit, I mean a lot, why the hell am I playing a children's videogame
|c|★aqbf|:P
|
|move|p2a: Toxicroak|Sucker Punch|p1a: Crobat
|-fail|p1a: Crobat
|move|p1a: Crobat|Roost|p1a: Crobat
|-heal|p1a: Crobat|325\/325
|
|turn|29
|c| gbhg|wow
|c| DatLatias|epic
|c|★aqbf|bb here
|c| gbhg|bob wont attack
|c| Ebola Joints|lol nice fake age
|c| Yellow Skarmory|click gunk shot here
|c| Tip Harris|only 8 pp on it
|c| gbhg|nah
|c| Tip Harris|so you got this
|c| newfren|sd
|join|tomibello
|c| gbhg|ice punch
|
|switch|p1a: Forretress|Forretress, M|49\/354
|move|p2a: Toxicroak|Sucker Punch|p1a: Forretress
|-fail|p1a: Forretress
|
|-heal|p1a: Forretress|71\/354|[from] item: Leftovers
|turn|30
|c| 0rbital|bp
|c| gbhg|so bad
|c| Ebola Joints|ice beam
|c| DatLatias|reveal feint toxicroak
|
|move|p2a: Toxicroak|Drain Punch|p1a: Forretress
|-damage|p1a: Forretress|0 fnt
|-heal|p2a: Toxicroak|282\/328|[from] drain|[of] p1a: Forretress
|-damage|p2a: Toxicroak|250\/328|[from] item: Life Orb
|faint|p1a: Forretress
|
|c| DatLatias|pls
|c| DatLatias|feint
|c| DatLatias|feint
|c| DatLatias|feint
|c| DatLatias|feint
|c| 0rbital|reveal the nasty plot
|c| DatLatias|it learns feint
|c| DatLatias|feint
|c|★aqbf|reveal the hacked mach punch
|c| DatLatias|feint
|c| DatLatias|feint
|c| DatLatias|feint
|c| Dagon Tests|reveal scarf diggersby
|c| LessThanThreeMan|faint
|c| gbhg|nah
|c| LessThanThreeMan|faint
|c| LessThanThreeMan|faint
|c| LessThanThreeMan|faint
|c| DatLatias|feint
|c| DatLatias|feint
|c| DatLatias|feint
|c| Ebola Joints|ice beam croak no metaaaaaaaaa
|c| DatLatias|feint
|c| LessThanThreeMan|faint
|c| DatLatias|feint
|c| LessThanThreeMan|faint
|c| gbhg|reaveal scarf hydreigon
|c| LessThanThreeMan|faint
|c| broly66573|lol
|c|★aqbf|sadly I'm not
|
|switch|p1a: Crobat|Crobat, F|325\/325
|turn|31
|c| DatLatias|:(
|c| gbhg|pls
|c| LessThanThreeMan|faint
|c| gbhg|dont be dumb
|c| Yellow Skarmory|reveal hacked disable
|c|★aqbf|gonna bb here
|c|★aqbf|calling it
|
|switch|p1a: Hydreigon|Hydreigon, M|113\/325
|move|p2a: Toxicroak|Gunk Shot|p1a: Hydreigon|[miss]
|-miss|p2a: Toxicroak|p1a: Hydreigon
|
|turn|32
|c| LessThanThreeMan|reveal ice punch here
|c| Ebola Joints|BROLY stop looking at opponents teams bro
|c| gbhg|nope
|c| gbhg|LOL
|c|★aqbf|fuck you
|c| DatLatias|KEK
|c| newfren|2 ez
|c| Dagon Tests|the miss is real
|join|Colbrushie
|leave|broly66573
|
|switch|p1a: Suicune|Suicune|130\/404
|-ability|p1a: Suicune|Pressure
|move|p2a: Toxicroak|Sucker Punch|p1a: Suicune
|-fail|p1a: Suicune
|
|-heal|p1a: Suicune|155\/404|[from] item: Leftovers
|turn|33
|c| Ebola Joints|yeah fuck you that hax tho
|c| DatLatias|epic hax
|c| gbhg|ur so bad
|c| Colbrushie|we're sending in counters now
|c|★aqbf|goddam
|c| gbhg|gunk
|c| gbhg|here
|c| DatLatias|sucker
|c| Ebola Joints|gunk miss 
|c|★aqbf|no more punching dem suckers
|c| LessThanThreeMan|to that moon
|c| LessThanThreeMan|to that moon
|c| LessThanThreeMan|to that moon
|c| LessThanThreeMan|to that moon
|c| LessThanThreeMan|to that moon
|c| tomibello|gunk imo
|c| Mega Ridley|2 more.
|c| Ebola Joints|drain punch idiot you're faster
|c| Dagon Tests|4-0
|
|switch|p1a: Crobat|Crobat, F|325\/325
|move|p2a: Toxicroak|Drain Punch|p1a: Crobat
|-resisted|p1a: Crobat
|-damage|p1a: Crobat|166\/325
|-heal|p2a: Toxicroak|328\/328|[from] drain|[of] p1a: Crobat
|-damage|p2a: Toxicroak|296\/328|[from] item: Life Orb
|
|turn|34
|c| DatLatias|nice
|c| gbhg|ugh
|c| 0rbital|holy
|c| DatLatias|and
|c| Colbrushie|tfw
|c| DatLatias|half
|c| Colbrushie|not gunk
|c| gbhg|that
|c| gbhg|POWER
|c| tomibello|gunk woulda killed
|c| gbhg|now 
|c| Colbrushie|drain here
|c| Colbrushie|on roost
|c| LessThanThreeMan|to that moon
|c| gbhg|no
|c| gbhg|gunk
|c| tomibello|yes
|
|switch|p2a: Ridley|Aerodactyl-Mega, F, shiny|249\/331
|-damage|p2a: Ridley|167\/331|[from] Stealth Rock
|move|p1a: Crobat|Brave Bird|p2a: Ridley
|-resisted|p2a: Ridley
|-damage|p2a: Ridley|55\/331
|-damage|p1a: Crobat|129\/325|[from] recoil|[of] p2a: Ridley
|
|turn|35
|c| 0rbital|bp
|c| tomibello|it would 
|c| 0rbital|nuu
|c| gbhg|WHAT
|c|★Bob the Bro|not real
|c| LessThanThreeMan|plays
|c| Tip Harris|wow
|c| Ebola Joints|OH THE PREDICTS
|c| DatLatias|ran out of sucker
|c| gbhg|why not sp
|
|switch|p1a: Suicune|Suicune|155\/404
|-ability|p1a: Suicune|Pressure
|move|p2a: Ridley|Aerial Ace|p1a: Suicune
|-damage|p1a: Suicune|65\/404
|
|-heal|p1a: Suicune|90\/404|[from] item: Leftovers
|turn|36
|
|move|p2a: Ridley|Stone Edge|p1a: Suicune
|-damage|p1a: Suicune|0 fnt
|faint|p1a: Suicune
|
|c| gbhg|hold up
|
|switch|p1a: Hydreigon|Hydreigon, M|113\/325
|turn|37
|c| DatLatias|we dem boyz
|
|move|p1a: Hydreigon|Dark Pulse|p2a: Ridley
|-damage|p2a: Ridley|0 fnt
|faint|p2a: Ridley
|
|c| Ebola Joints|sweep new meta
|c| gbhg|hold up
|c| DatLatias|we dem boyz
|c| Ebola Joints|modest scarf
|
|switch|p2a: Toxicroak|Toxicroak, F|296\/328
|-damage|p2a: Toxicroak|276\/328|[from] Stealth Rock
|turn|38
|c| gbhg|we makin noise
|c| DatLatias|hold up
|c| gbhg|hold up
|
|switch|p1a: Crobat|Crobat, F|129\/325
|move|p2a: Toxicroak|Swords Dance|p2a: Toxicroak
|-boost|p2a: Toxicroak|atk|2
|
|turn|39
|c| gbhg|hold up
|c| DatLatias|we dem boyz
|c| gbhg|we dem boyz
|c|★aqbf|shit misclick
|c| DatLatias|smokin weed in my mercedez
|
|move|p2a: Toxicroak|Sucker Punch|p1a: Crobat
|-damage|p1a: Crobat|0 fnt
|-damage|p2a: Toxicroak|244\/328|[from] item: Life Orb
|faint|p1a: Crobat
|
|c| gbhg|hold up
|c| gbhg|we dem boyz
|c| 0rbital|oo
|c| DatLatias|KEKT
|c| Yellow Skarmory|lol
|
|switch|p1a: Hydreigon|Hydreigon, M|113\/325
|turn|40
|c|+ANGER MANAGEMENT|lol
|c|★Bob the Bro|rip
|c| Tip Harris|did this guys 
|c| Ebola Joints|all about that ass no trouble
|c| Yellow Skarmory|he had one still
|c| gbhg|me and aqbf
|c| Tip Harris|seriously not go back and count
|c| Tip Harris|jesus
|c| gbhg|r them boyz
|c| Tip Harris|wtf is wrong with you
|c| Yellow Skarmory|she*
|c|+ANGER MANAGEMENT|gotta say that was a nice bluff
|
|switch|p2a: Crocomire|Krookodile, M|332\/332
|-damage|p2a: Crocomire|312\/332|[from] Stealth Rock
|move|p1a: Hydreigon|Fire Blast|p2a: Crocomire
|-damage|p2a: Crocomire|127\/332
|
|turn|41
|c| LessThanThreeMan|you guys need to elarn to
|c| LessThanThreeMan|control f
|c| gbhg|we makin noise
|c|★aqbf|oh shit
|c| Ebola Joints|no
|c| Mega Ridley|he has 1 left iirc
|c|★aqbf|that did a LOT
|join|26DUDE26
|
|move|p1a: Hydreigon|Fire Blast|p2a: Crocomire
|-damage|p2a: Crocomire|0 fnt
|faint|p2a: Crocomire
|
|c|★aqbf|nvm
|c| newfren|things that are scarfed
|c|★aqbf|still screwed
|c|★aqbf|darn
|c|★Bob the Bro|land 2 more
|c| Ebola Joints|hes gonna win
|c| 0rbital|miss
|c|★Bob the Bro|ez
|c|★aqbf|gg
|
|switch|p2a: Whimsicott|Whimsicott, F|109\/261
|-damage|p2a: Whimsicott|77\/261|[from] Stealth Rock
|turn|42
|c| newfren|miss on the whim
|c| Ebola Joints|bob gonna lose
|c| gbhg|nope
|c| Ebola Joints|sorry
|c| newfren|right here
|c| newfren|ez as pie
|c| gbhg|reaveal
|
|move|p2a: Whimsicott|Tailwind|p2a: Whimsicott
|-sidestart|p2: aqbf|move: Tailwind
|move|p1a: Hydreigon|Fire Blast|p2a: Whimsicott
|-supereffective|p2a: Whimsicott
|-damage|p2a: Whimsicott|0 fnt
|faint|p2a: Whimsicott
|
|c| gbhg|stun spore
|c| gbhg|OOOOOO
|c|★aqbf|what
|c|★Bob the Bro|oh
|c|★aqbf|what
|c| newfren|tfw
|c|★aqbf|what
|c| Ebola Joints|OHHHHHH
|
|switch|p2a: Toxicroak|Toxicroak, F|244\/328
|-damage|p2a: Toxicroak|224\/328|[from] Stealth Rock
|turn|43
|c| Tip Harris|into blissey
|c|★Bob the Bro|rip
|c|★aqbf|not even scarfed?
|c| Tip Harris|double protect
|c| Ebola Joints|HERE WE GOOO
|c| Tip Harris|gg
|c|★aqbf|not even scarfed?
|c|★aqbf|goddamn
|c| Ebola Joints|HE WINS BITCH
|
|move|p2a: Toxicroak|Drain Punch|p1a: Hydreigon
|-supereffective|p1a: Hydreigon
|-damage|p1a: Hydreigon|0 fnt
|-heal|p2a: Toxicroak|281\/328|[from] drain|[of] p1a: Hydreigon
|-damage|p2a: Toxicroak|249\/328|[from] item: Life Orb
|faint|p1a: Hydreigon
|
|c| Ebola Joints|TOLD YOU SOOOO
|c| gbhg|poopped
|c| Ebola Joints|FUCKAAAASSSS
|c| gbhg|popped
|c| gbhg|popped
|c| gbhg|popped
|c|★aqbf|hypercrit on diggersby tho
|c| gbhg|popped
|c| tomibello|qiukattack adamnt band kills
|c| gbhg|popped
|c| gbhg|popped
|c| gbhg|popped
|c| gbhg|popped
|c| gbhg|popped
|c| gbhg|popped
|c|★aqbf|les do it
|c| gbhg|popped
|c| gbhg|popped
|c| Ebola Joints|popped
|c| gbhg|bob
|join|willwolf
|c|★Bob the Bro|oh lol i thought tailwind was 1.5x
|c| Ebola Joints|popped
|c| LessThanThreeMan|scarf dig inc
|c| Ebola Joints|popped
|c| gbhg|u were rekt
|c| Ebola Joints|popped
|c| LessThanThreeMan|scarf dig inc
|c| LessThanThreeMan|scarf dig inc
|c| Ebola Joints|popped
|c| gbhg|u were rekt
|c| Ebola Joints|popped
|c| Ebola Joints|popped
|c| gbhg|popped
|c| Ebola Joints|popped
|
|switch|p1a: Diggersbae|Diggersby, M|312\/312
|turn|44
|c| gbhg|bob
|c| gbhg|got
|c| gbhg|popped
|
|move|p2a: Toxicroak|Drain Punch|p1a: Diggersbae
|-crit|p1a: Diggersbae
|-supereffective|p1a: Diggersbae
|-damage|p1a: Diggersbae|0 fnt
|-heal|p2a: Toxicroak|328\/328|[from] drain|[of] p1a: Diggersbae
|-damage|p2a: Toxicroak|296\/328|[from] item: Life Orb
|faint|p1a: Diggersbae
|
|c| Tip Harris|idk why
|c|★Bob the Bro|rip
|c| LessThanThreeMan|ah damn
|c| LessThanThreeMan|:[
|c| Tip Harris|you did that
|c| Ebola Joints|AQBF I HAD FAITH IN YOU MY BOY
|
|switch|p1a: Blissey|Blissey, F|553\/714
|turn|45
|c| gbhg|toxicroak
|c| 0rbital|did that matter
|c| gbhg|2 much power
|c| Yellow Skarmory|ded
|c| Colbrushie|good thing
|c| LessThanThreeMan|min
|c| LessThanThreeMan|min
|c| LessThanThreeMan|min
|c| LessThanThreeMan|min
|c| Colbrushie|you have protect on blissey
|
|move|p2a: Toxicroak|Drain Punch|p1a: Blissey
|-supereffective|p1a: Blissey
|-damage|p1a: Blissey|0 fnt
|-heal|p2a: Toxicroak|328\/328|[from] drain|[of] p1a: Blissey
|-damage|p2a: Toxicroak|296\/328|[from] item: Life Orb
|faint|p1a: Blissey
|
|win|aqbf
|c|★aqbf|gg
|c| gbhg|bob
|c| Colbrushie|and not some silly move like counter!
|c| Ebola Joints|LETS GOOOOOOOOO
|leave|DatLatias
|c|★Bob the Bro|gg
|c| gbhg|gtfo
|leave|Yellow Skarmory
|leave|Bob the Bro
|player|p1
|c|+ANGER MANAGEMENT|crit mattered
|leave|Shaneee
|leave|Dagon Tests
|c|★aqbf|min roll still kos
|leave|StayPuft84
|leave|LessThanThreeMan
|leave|Colbrushie
|c| gbhg|yea
|leave|thymetime
|leave|0rbital
|leave|needforweed
|leave|Mega Ridley
|leave|tomibello
|leave|ANGER MANAGEMENT
|c| Tip Harris|lol crit matterd
|c| gbhg|aqbf
|leave|Tip Harris
|c| gbhg|u da man
|c| Ebola Joints|NO LOL
|leave|gbhg
|leave|llplplplp
|leave|aqbf
|player|p2
|leave|Mr.squid
|leave|newfren
|leave|Teddeh