imb000 joined.
asdf7006 joined.
Format:
OU
Rated battle
Swagger Clause: Swagger is banned
Baton Pass Clause: Limit one Pokémon knowing Baton Pass
Sleep Clause Mod: Limit one foe put to sleep
Species Clause: Limit one of each Pokémon
OHKO Clause: OHKO moves are banned
Moody Clause: Moody is banned
Evasion Moves Clause: Evasion moves are banned
Endless Battle Clause: Forcing endless battles is banned
HP Percentage Mod: HP is shown in percentages
asdf7006's team:
Lopunny / Rotom-Wash / Landorus-Therian / Scizor / Heatran / Latios
imb000's team:
Nidoking / Sableye / Jirachi / Heatran / Landorus-Therian / Latias
Battle timer is now ON: inactive players will automatically lose when time's up. (requested by asdf7006)
Battle between imb000 and asdf7006 started!
imb000 sent out Sableye!
Go! Lola (Lopunny)!
Turn 1
You have 150 seconds to make your decision.
Lola's Lopunnite is reacting to asdf7006's Mega Bracelet!
Lola has Mega Evolved into Mega Lopunny!
The opposing Sableye's Sablenite is reacting to imb000's Mega Bracelet!
The opposing Sableye has Mega Evolved into Mega Sableye!
Lola used High Jump Kick!
It's super effective! The opposing Sableye lost 95% of its health!
The opposing Sableye used Will-O-Wisp!
Lola avoided the attack!
Turn 2
You have 150 seconds to make your decision.
imb000 forfeited.
asdf7006 won the battle!
Ladder updating...
imb000 left.
imb000's rating: 1179 → 1156
(-23 for losing)
asdf7006's rating: 1203 → 1226
(+23 for winning)
★asdf7006: gg